<?xml version="1.0" encoding="UTF-8"?>
<robot generator="Robot 4.1.1 (Python 3.11.5 on win32)" generated="20240224 14:36:17.997" rpa="false" schemaversion="2">
<suite id="s1" name="Rpa Project" source="c:\Users\immor\Documents\UiPath\Invoice-Automation\rpa_project.robot">
<test id="s1-t1" name="Test DB Connection">
<kw name="Connect To Database" library="DatabaseLibrary">
<arg>${db_params}</arg>
<doc>Loads the DB API 2.0 module given `dbapiModuleName` then uses it to
connect to the database using `dbName`, `dbUsername`, and `dbPassword`.</doc>
<msg timestamp="20240224 14:36:18.080" level="FAIL">NoSectionError: No section: 'default'</msg>
<status status="FAIL" starttime="20240224 14:36:18.077" endtime="20240224 14:36:18.083"/>
</kw>
<kw name="Execute Sql String" library="DatabaseLibrary">
<var>${result}</var>
<arg>SELECT * FROM invoiceheader</arg>
<doc>Executes the sqlString as SQL commands. Useful to pass arguments to your sql. Set optional input `sansTran` to
True to run command without an explicit transaction commit or rollback.</doc>
<status status="NOT RUN" starttime="20240224 14:36:18.084" endtime="20240224 14:36:18.084"/>
</kw>
<kw name="Log" library="BuiltIn">
<arg>${result}</arg>
<doc>Logs the given message with the given level.</doc>
<status status="NOT RUN" starttime="20240224 14:36:18.084" endtime="20240224 14:36:18.084"/>
</kw>
<kw name="Disconnect From Database" library="DatabaseLibrary">
<doc>Disconnects from the database.</doc>
<status status="NOT RUN" starttime="20240224 14:36:18.085" endtime="20240224 14:36:18.085"/>
</kw>
<doc>Example test case to demonstrate database operations</doc>
<status status="FAIL" starttime="20240224 14:36:18.076" endtime="20240224 14:36:18.086">NoSectionError: No section: 'default'</status>
</test>
<status status="FAIL" starttime="20240224 14:36:18.005" endtime="20240224 14:36:18.087"/>
</suite>
<statistics>
<total>
<stat pass="0" fail="1" skip="0">All Tests</stat>
</total>
<tag>
</tag>
<suite>
<stat pass="0" fail="1" skip="0" id="s1" name="Rpa Project">Rpa Project</stat>
</suite>
</statistics>
<errors>
</errors>
</robot>
