<?xml version="1.0" encoding="UTF-8"?>
<robot generator="Robot 6.1.1 (Python 3.12.0 on win32)" generated="20240216 12:42:09.648" rpa="false" schemaversion="4">
<suite id="s1" name="Rpa Project3" source="c:\Users\ELSAMA\OneDrive\Desktop\Invoice-Automation\rpa_project3.robot">
<test id="s1-t1" name="Read CSV file to list" line="136">
<kw name="Get File" library="OperatingSystem">
<var>${outputHeader}</var>
<arg>InvoiceHeaderData.csv</arg>
<doc>Returns the contents of a specified file.</doc>
<msg timestamp="20240216 12:42:09.702" level="INFO" html="true">Getting file '&lt;a href="file://C:\Users\ELSAMA\OneDrive\Desktop\Invoice-Automation\InvoiceHeaderData.csv"&gt;C:\Users\ELSAMA\OneDrive\Desktop\Invoice-Automation\InvoiceHeaderData.csv&lt;/a&gt;'.</msg>
<msg timestamp="20240216 12:42:09.703" level="INFO">${outputHeader} = ﻿InvoiceNumber;CompanyName;ReferenceNumber;InvoiceDate;DueDate;CompanyCode;BankAccountNumber;AmountExclVAT;VATAmount;TotalAmount
143143;Service Provider Oy;1431432;15.12.2022;07.04.2021;1234567-8;FI12...</msg>
<status status="PASS" starttime="20240216 12:42:09.702" endtime="20240216 12:42:09.703"/>
</kw>
<kw name="Get File" library="OperatingSystem">
<var>${outputRows}</var>
<arg>InvoiceRowData.csv</arg>
<doc>Returns the contents of a specified file.</doc>
<msg timestamp="20240216 12:42:09.704" level="INFO" html="true">Getting file '&lt;a href="file://C:\Users\ELSAMA\OneDrive\Desktop\Invoice-Automation\InvoiceRowData.csv"&gt;C:\Users\ELSAMA\OneDrive\Desktop\Invoice-Automation\InvoiceRowData.csv&lt;/a&gt;'.</msg>
<msg timestamp="20240216 12:42:09.706" level="INFO">${outputRows} = ﻿Description;Quantity;Unit;UnitPrice;VATPercent;VAT;Total;InvoiceNumber;RowNumber
Installation Services;5;h;60;24;72;372;143143;1
Replacement Products;10;kpl;105;24;252;1302;143143;2
Keyboard Logitech...</msg>
<status status="PASS" starttime="20240216 12:42:09.704" endtime="20240216 12:42:09.706"/>
</kw>
<kw name="Log" library="BuiltIn">
<arg>${outputHeader}</arg>
<doc>Logs the given message with the given level.</doc>
<msg timestamp="20240216 12:42:09.707" level="INFO">﻿InvoiceNumber;CompanyName;ReferenceNumber;InvoiceDate;DueDate;CompanyCode;BankAccountNumber;AmountExclVAT;VATAmount;TotalAmount
143143;Service Provider Oy;1431432;15.12.2022;07.04.2021;1234567-8;FI12 3456 7890 1234 56;1350;324;1674
1543235;Component Oy;15432359;01.10.2022;15.10.2022;1234567-9;FI05 1234 5600 7891 01;465;111.6;576.6
153143;Service Provider Oy;1531439;15.12.2022;01.04.2021;1234567-8;FI12 3456 7890 1234 56;2700;648;3348
</msg>
<status status="PASS" starttime="20240216 12:42:09.706" endtime="20240216 12:42:09.707"/>
</kw>
<kw name="Log" library="BuiltIn">
<arg>${outputRows}</arg>
<doc>Logs the given message with the given level.</doc>
<msg timestamp="20240216 12:42:09.708" level="INFO">﻿Description;Quantity;Unit;UnitPrice;VATPercent;VAT;Total;InvoiceNumber;RowNumber
Installation Services;5;h;60;24;72;372;143143;1
Replacement Products;10;kpl;105;24;252;1302;143143;2
Keyboard Logitech;10;kpl;40;24;96;496;1543235;1
Brother printer;1;kpl;65;24;15.6;80.6;1543235;2
Installation Services;5;h;60;24;72;372;153143;1
Replacement Products;10;kpl;105;24;252;1302;153143;2
Cleaning Services;5;h;60;24;72;372;153143;3
Cleaning Wipes;10;kpl;105;24;252;1302;153143;4
</msg>
<status status="PASS" starttime="20240216 12:42:09.707" endtime="20240216 12:42:09.708"/>
</kw>
<kw name="Split String" library="String">
<var>@{headers}</var>
<arg>${outputHeader}</arg>
<arg>\n</arg>
<doc>Splits the ``string`` using ``separator`` as a delimiter string.</doc>
<msg timestamp="20240216 12:42:09.709" level="INFO">@{headers} = [ ﻿InvoiceNumber;CompanyName;ReferenceNumber;InvoiceDate;DueDate;CompanyCode;BankAccountNumber;AmountExclVAT;VATAmount;TotalAmount | 143143;Service Provider Oy;1431432;15.12.2022;07.04.2021;1234567-8;...</msg>
<status status="PASS" starttime="20240216 12:42:09.708" endtime="20240216 12:42:09.709"/>
</kw>
<kw name="Split String" library="String">
<var>@{rows}</var>
<arg>${outputRows}</arg>
<arg>\n</arg>
<doc>Splits the ``string`` using ``separator`` as a delimiter string.</doc>
<msg timestamp="20240216 12:42:09.710" level="INFO">@{rows} = [ ﻿Description;Quantity;Unit;UnitPrice;VATPercent;VAT;Total;InvoiceNumber;RowNumber | Installation Services;5;h;60;24;72;372;143143;1 | Replacement Products;10;kpl;105;24;252;1302;143143;2 | Keyboard ...</msg>
<status status="PASS" starttime="20240216 12:42:09.709" endtime="20240216 12:42:09.710"/>
</kw>
<kw name="Get Length" library="BuiltIn">
<var>${length}</var>
<arg>${headers}</arg>
<doc>Returns and logs the length of the given item as an integer.</doc>
<msg timestamp="20240216 12:42:09.711" level="INFO">Length is 5</msg>
<msg timestamp="20240216 12:42:09.711" level="INFO">${length} = 5</msg>
<status status="PASS" starttime="20240216 12:42:09.710" endtime="20240216 12:42:09.711"/>
</kw>
<kw name="Evaluate" library="BuiltIn">
<var>${length}</var>
<arg>${length}-1</arg>
<doc>Evaluates the given expression in Python and returns the result.</doc>
<msg timestamp="20240216 12:42:09.712" level="INFO">${length} = 4</msg>
<status status="PASS" starttime="20240216 12:42:09.711" endtime="20240216 12:42:09.712"/>
</kw>
<kw name="Convert To Integer" library="BuiltIn">
<var>${index}</var>
<arg>0</arg>
<doc>Converts the given item to an integer number.</doc>
<msg timestamp="20240216 12:42:09.713" level="INFO">${index} = 0</msg>
<status status="PASS" starttime="20240216 12:42:09.712" endtime="20240216 12:42:09.713"/>
</kw>
<kw name="Remove From List" library="Collections">
<arg>${headers}</arg>
<arg>${length}</arg>
<doc>Removes and returns the value specified with an ``index`` from ``list``.</doc>
<status status="PASS" starttime="20240216 12:42:09.714" endtime="20240216 12:42:09.714"/>
</kw>
<kw name="Remove From List" library="Collections">
<arg>${headers}</arg>
<arg>${index}</arg>
<doc>Removes and returns the value specified with an ``index`` from ``list``.</doc>
<status status="PASS" starttime="20240216 12:42:09.715" endtime="20240216 12:42:09.715"/>
</kw>
<kw name="Get Length" library="BuiltIn">
<var>${length}</var>
<arg>${rows}</arg>
<doc>Returns and logs the length of the given item as an integer.</doc>
<msg timestamp="20240216 12:42:09.717" level="INFO">Length is 10</msg>
<msg timestamp="20240216 12:42:09.717" level="INFO">${length} = 10</msg>
<status status="PASS" starttime="20240216 12:42:09.716" endtime="20240216 12:42:09.717"/>
</kw>
<kw name="Evaluate" library="BuiltIn">
<var>${length}</var>
<arg>${length}-1</arg>
<doc>Evaluates the given expression in Python and returns the result.</doc>
<msg timestamp="20240216 12:42:09.717" level="INFO">${length} = 9</msg>
<status status="PASS" starttime="20240216 12:42:09.717" endtime="20240216 12:42:09.717"/>
</kw>
<kw name="Remove From List" library="Collections">
<arg>${rows}</arg>
<arg>${length}</arg>
<doc>Removes and returns the value specified with an ``index`` from ``list``.</doc>
<status status="PASS" starttime="20240216 12:42:09.718" endtime="20240216 12:42:09.718"/>
</kw>
<kw name="Remove From List" library="Collections">
<arg>${rows}</arg>
<arg>${index}</arg>
<doc>Removes and returns the value specified with an ``index`` from ``list``.</doc>
<status status="PASS" starttime="20240216 12:42:09.719" endtime="20240216 12:42:09.719"/>
</kw>
<status status="PASS" starttime="20240216 12:42:09.700" endtime="20240216 12:42:09.720"/>
</test>
<status status="PASS" starttime="20240216 12:42:09.652" endtime="20240216 12:42:09.721"/>
</suite>
<statistics>
<total>
<stat pass="1" fail="0" skip="0">All Tests</stat>
</total>
<tag>
</tag>
<suite>
<stat pass="1" fail="0" skip="0" id="s1" name="Rpa Project3">Rpa Project3</stat>
</suite>
</statistics>
<errors>
<msg timestamp="20240216 12:42:09.689" level="ERROR">Error in file 'c:\Users\ELSAMA\OneDrive\Desktop\Invoice-Automation\rpa_project3.robot' on line 5: Importing library 'DatabaseLibrary' failed: ModuleNotFoundError: No module named 'DatabaseLibrary'
Traceback (most recent call last):
  None
PYTHONPATH:
  c:\Users\ELSAMA\.vscode\extensions\robocorp.robotframework-lsp-1.11.0\src\robotframework_debug_adapter
  C:\Users\ELSAMA\OneDrive\Desktop\Invoice-Automation
  c:\Users\ELSAMA\.vscode\extensions\robocorp.robotframework-lsp-1.11.0\src
  c:\Users\ELSAMA\.vscode\extensions\robocorp.robotframework-lsp-1.11.0\src\robotframework_ls\vendored
  C:\Users\ELSAMA\AppData\Local\Programs\Python\Python312\python312.zip
  C:\Users\ELSAMA\AppData\Local\Programs\Python\Python312\DLLs
  C:\Users\ELSAMA\AppData\Local\Programs\Python\Python312\Lib
  C:\Users\ELSAMA\AppData\Local\Programs\Python\Python312
  C:\Users\ELSAMA\AppData\Roaming\Python\Python312\site-packages
  C:\Users\ELSAMA\AppData\Roaming\Python\Python312\site-packages\win32
  C:\Users\ELSAMA\AppData\Roaming\Python\Python312\site-packages\win32\lib
  C:\Users\ELSAMA\AppData\Roaming\Python\Python312\site-packages\Pythonwin
  C:\Users\ELSAMA\AppData\Local\Programs\Python\Python312\Lib\site-packages</msg>
</errors>
</robot>
