<?xml version="1.0" encoding="UTF-8"?>
<robot generator="Robot 4.1.1 (Python 3.11.5 on win32)" generated="20240227 18:32:07.236" rpa="false" schemaversion="2">
<suite id="s1" name="Rpa Project Final" source="c:\Users\immor\Documents\UiPath\Invoice-Automation\Robot Validation\rpa_project_final.robot">
<test id="s1-t1" name="Process Invoice Data">
<kw name="Clear Existing Data">
<doc>Clear existing data from the database for testing purposes</doc>
<kw name="Make Connection">
<kw name="Connect To Database" library="DatabaseLibrary">
<arg>pymysql</arg>
<arg>${dbname}</arg>
<arg>${dbuser}</arg>
<arg>${dbpass}</arg>
<arg>${dbhost}</arg>
<arg>${dbport}</arg>
<doc>Loads the DB API 2.0 module given `dbapiModuleName` then uses it to
connect to the database using `dbName`, `dbUsername`, and `dbPassword`.</doc>
<msg timestamp="20240227 18:32:07.310" level="INFO">Connecting using : pymysql.connect(db=rpa_db, user=robocop, passwd=RPA.Password, host=localhost, port=3306, charset=None) </msg>
<status status="PASS" starttime="20240227 18:32:07.285" endtime="20240227 18:32:07.318"/>
</kw>
<status status="PASS" starttime="20240227 18:32:07.285" endtime="20240227 18:32:07.318"/>
</kw>
<kw name="Set Variable" library="BuiltIn">
<var>${deleteRowsQuery}</var>
<arg>DELETE FROM invoicerow</arg>
<doc>Returns the given values which can then be assigned to a variables.</doc>
<msg timestamp="20240227 18:32:07.318" level="INFO">${deleteRowsQuery} = DELETE FROM invoicerow</msg>
<status status="PASS" starttime="20240227 18:32:07.318" endtime="20240227 18:32:07.318"/>
</kw>
<kw name="Execute Sql String" library="DatabaseLibrary">
<arg>${deleteRowsQuery}</arg>
<doc>Executes the sqlString as SQL commands. Useful to pass arguments to your sql. Set optional input `sansTran` to
True to run command without an explicit transaction commit or rollback.</doc>
<msg timestamp="20240227 18:32:07.318" level="INFO">Executing : Execute SQL String  |  DELETE FROM invoicerow </msg>
<status status="PASS" starttime="20240227 18:32:07.318" endtime="20240227 18:32:07.318"/>
</kw>
<kw name="Set Variable" library="BuiltIn">
<var>${deleteHeadersQuery}</var>
<arg>DELETE FROM invoiceheader</arg>
<doc>Returns the given values which can then be assigned to a variables.</doc>
<msg timestamp="20240227 18:32:07.318" level="INFO">${deleteHeadersQuery} = DELETE FROM invoiceheader</msg>
<status status="PASS" starttime="20240227 18:32:07.318" endtime="20240227 18:32:07.318"/>
</kw>
<kw name="Execute Sql String" library="DatabaseLibrary">
<arg>${deleteHeadersQuery}</arg>
<doc>Executes the sqlString as SQL commands. Useful to pass arguments to your sql. Set optional input `sansTran` to
True to run command without an explicit transaction commit or rollback.</doc>
<msg timestamp="20240227 18:32:07.318" level="INFO">Executing : Execute SQL String  |  DELETE FROM invoiceheader </msg>
<status status="PASS" starttime="20240227 18:32:07.318" endtime="20240227 18:32:07.318"/>
</kw>
<status status="PASS" starttime="20240227 18:32:07.285" endtime="20240227 18:32:07.318"/>
</kw>
<kw name="Read CSV File">
<var>${headerLines}</var>
<arg>${HEADER_CSV}</arg>
<kw name="Get File" library="OperatingSystem">
<var>${file_path}</var>
<arg>${filename}</arg>
<doc>Returns the contents of a specified file.</doc>
<msg timestamp="20240227 18:32:07.324" level="INFO" html="true">Getting file '&lt;a href="file://C:\Users\immor\Documents\UiPath\Invoice-Automation\Robot Validation\InvoiceHeaderData.csv"&gt;C:\Users\immor\Documents\UiPath\Invoice-Automation\Robot Validation\InvoiceHeaderData.csv&lt;/a&gt;'.</msg>
<msg timestamp="20240227 18:32:07.324" level="INFO">${file_path} = ﻿InvoiceNumber;CompanyName;ReferenceNumber;InvoiceDate;DueDate;CompanyCode;BankAccountNumber;AmountExclVAT;VATAmount;TotalAmount
143143;Service Provider Oy;1431432;15.12.2022;07.04.2021;1234567-8;FI12...</msg>
<status status="PASS" starttime="20240227 18:32:07.324" endtime="20240227 18:32:07.324"/>
</kw>
<kw name="Split To Lines" library="String">
<var>@{lines}</var>
<arg>${file_path}</arg>
<doc>Splits the given string to lines.</doc>
<msg timestamp="20240227 18:32:07.324" level="INFO">4 lines returned</msg>
<msg timestamp="20240227 18:32:07.326" level="INFO">@{lines} = [ ﻿InvoiceNumber;CompanyName;ReferenceNumber;InvoiceDate;DueDate;CompanyCode;BankAccountNumber;AmountExclVAT;VATAmount;TotalAmount | 143143;Service Provider Oy;1431432;15.12.2022;07.04.2021;1234567-8;...</msg>
<status status="PASS" starttime="20240227 18:32:07.324" endtime="20240227 18:32:07.326"/>
</kw>
<msg timestamp="20240227 18:32:07.326" level="INFO">${headerLines} = ['\ufeffInvoiceNumber;CompanyName;ReferenceNumber;InvoiceDate;DueDate;CompanyCode;BankAccountNumber;AmountExclVAT;VATAmount;TotalAmount', '143143;Service Provider Oy;1431432;15.12.2022;07.04.2021;1234...</msg>
<status status="PASS" starttime="20240227 18:32:07.324" endtime="20240227 18:32:07.326"/>
</kw>
<kw name="Read CSV File">
<var>${rowLines}</var>
<arg>${ROW_CSV}</arg>
<kw name="Get File" library="OperatingSystem">
<var>${file_path}</var>
<arg>${filename}</arg>
<doc>Returns the contents of a specified file.</doc>
<msg timestamp="20240227 18:32:07.327" level="INFO" html="true">Getting file '&lt;a href="file://C:\Users\immor\Documents\UiPath\Invoice-Automation\Robot Validation\InvoiceRowData.csv"&gt;C:\Users\immor\Documents\UiPath\Invoice-Automation\Robot Validation\InvoiceRowData.csv&lt;/a&gt;'.</msg>
<msg timestamp="20240227 18:32:07.328" level="INFO">${file_path} = ﻿Description;Quantity;Unit;UnitPrice;VATPercent;VAT;Total;InvoiceNumber;RowNumber
Installation Services;5;h;60;24;72;372;143143;1
Replacement Products;10;kpl;105;24;252;1302;143143;2
Keyboard Logitech...</msg>
<status status="PASS" starttime="20240227 18:32:07.327" endtime="20240227 18:32:07.329"/>
</kw>
<kw name="Split To Lines" library="String">
<var>@{lines}</var>
<arg>${file_path}</arg>
<doc>Splits the given string to lines.</doc>
<msg timestamp="20240227 18:32:07.329" level="INFO">9 lines returned</msg>
<msg timestamp="20240227 18:32:07.329" level="INFO">@{lines} = [ ﻿Description;Quantity;Unit;UnitPrice;VATPercent;VAT;Total;InvoiceNumber;RowNumber | Installation Services;5;h;60;24;72;372;143143;1 | Replacement Products;10;kpl;105;24;252;1302;143143;2 | Keyboard ...</msg>
<status status="PASS" starttime="20240227 18:32:07.329" endtime="20240227 18:32:07.329"/>
</kw>
<msg timestamp="20240227 18:32:07.329" level="INFO">${rowLines} = ['\ufeffDescription;Quantity;Unit;UnitPrice;VATPercent;VAT;Total;InvoiceNumber;RowNumber', 'Installation Services;5;h;60;24;72;372;143143;1', 'Replacement Products;10;kpl;105;24;252;1302;143143;2', 'K...</msg>
<status status="PASS" starttime="20240227 18:32:07.327" endtime="20240227 18:32:07.329"/>
</kw>
<for flavor="IN">
<var>${header}</var>
<value>@{headerLines[1:]}</value>
<iter>
<var name="${header}">143143;Service Provider Oy;1431432;15.12.2022;07.04.2021;1234567-8;FI12 3456 7890 1234 56;1350;324;1674</var>
<kw name="Insert Invoice Header To DB">
<arg>${header}</arg>
<kw name="Make Connection">
<kw name="Connect To Database" library="DatabaseLibrary">
<arg>pymysql</arg>
<arg>${dbname}</arg>
<arg>${dbuser}</arg>
<arg>${dbpass}</arg>
<arg>${dbhost}</arg>
<arg>${dbport}</arg>
<doc>Loads the DB API 2.0 module given `dbapiModuleName` then uses it to
connect to the database using `dbName`, `dbUsername`, and `dbPassword`.</doc>
<msg timestamp="20240227 18:32:07.329" level="INFO">Connecting using : pymysql.connect(db=rpa_db, user=robocop, passwd=RPA.Password, host=localhost, port=3306, charset=None) </msg>
<status status="PASS" starttime="20240227 18:32:07.329" endtime="20240227 18:32:07.329"/>
</kw>
<status status="PASS" starttime="20240227 18:32:07.329" endtime="20240227 18:32:07.334"/>
</kw>
<kw name="Split String" library="String">
<var>@{headerDetails}</var>
<arg>${header}</arg>
<arg>;</arg>
<doc>Splits the ``string`` using ``separator`` as a delimiter string.</doc>
<msg timestamp="20240227 18:32:07.334" level="INFO">@{headerDetails} = [ 143143 | Service Provider Oy | 1431432 | 15.12.2022 | 07.04.2021 | 1234567-8 | FI12 3456 7890 1234 56 | 1350 | 324 | 1674 ]</msg>
<status status="PASS" starttime="20240227 18:32:07.334" endtime="20240227 18:32:07.334"/>
</kw>
<kw name="Is Reference Number Correct">
<var>${isRefCorrect}</var>
<arg>${headerDetails[2]}</arg>
<kw name="Evaluate" library="BuiltIn">
<var>${correct}</var>
<arg>len("${refNumber}") == 7 and "${refNumber}".isdigit()</arg>
<doc>Evaluates the given expression in Python and returns the result.</doc>
<msg timestamp="20240227 18:32:07.334" level="INFO">${correct} = True</msg>
<status status="PASS" starttime="20240227 18:32:07.334" endtime="20240227 18:32:07.334"/>
</kw>
<msg timestamp="20240227 18:32:07.334" level="INFO">${isRefCorrect} = True</msg>
<status status="PASS" starttime="20240227 18:32:07.334" endtime="20240227 18:32:07.334"/>
</kw>
<kw name="Is IBAN Correct">
<var>${ibanValid}</var>
<arg>${headerDetails[6]}</arg>
<kw name="Evaluate" library="BuiltIn">
<var>${correct}</var>
<arg>"${iban}"[:2].isalpha() and "${iban}"[:2].isupper() and len("${iban}") == 22</arg>
<doc>Evaluates the given expression in Python and returns the result.</doc>
<msg timestamp="20240227 18:32:07.334" level="INFO">${correct} = True</msg>
<status status="PASS" starttime="20240227 18:32:07.334" endtime="20240227 18:32:07.334"/>
</kw>
<msg timestamp="20240227 18:32:07.334" level="INFO">${ibanValid} = True</msg>
<status status="PASS" starttime="20240227 18:32:07.334" endtime="20240227 18:32:07.334"/>
</kw>
<kw name="Convert To Number" library="BuiltIn">
<var>${headerTotal}</var>
<arg>${headerDetails[9]}</arg>
<doc>Converts the given item to a floating point number.</doc>
<msg timestamp="20240227 18:32:07.337" level="INFO">${headerTotal} = 1674.0</msg>
<status status="PASS" starttime="20240227 18:32:07.337" endtime="20240227 18:32:07.338"/>
</kw>
<kw name="Calculate Total Amount From Rows">
<var>${calculatedTotal}</var>
<arg>${headerDetails[0]}</arg>
<kw name="Set Variable" library="BuiltIn">
<var>${totalAmount}</var>
<arg>${0}</arg>
<doc>Returns the given values which can then be assigned to a variables.</doc>
<msg timestamp="20240227 18:32:07.339" level="INFO">${totalAmount} = 0</msg>
<status status="PASS" starttime="20240227 18:32:07.339" endtime="20240227 18:32:07.339"/>
</kw>
<kw name="Read CSV File">
<var>@{rows}</var>
<arg>${ROW_CSV}</arg>
<kw name="Get File" library="OperatingSystem">
<var>${file_path}</var>
<arg>${filename}</arg>
<doc>Returns the contents of a specified file.</doc>
<msg timestamp="20240227 18:32:07.339" level="INFO" html="true">Getting file '&lt;a href="file://C:\Users\immor\Documents\UiPath\Invoice-Automation\Robot Validation\InvoiceRowData.csv"&gt;C:\Users\immor\Documents\UiPath\Invoice-Automation\Robot Validation\InvoiceRowData.csv&lt;/a&gt;'.</msg>
<msg timestamp="20240227 18:32:07.339" level="INFO">${file_path} = ﻿Description;Quantity;Unit;UnitPrice;VATPercent;VAT;Total;InvoiceNumber;RowNumber
Installation Services;5;h;60;24;72;372;143143;1
Replacement Products;10;kpl;105;24;252;1302;143143;2
Keyboard Logitech...</msg>
<status status="PASS" starttime="20240227 18:32:07.339" endtime="20240227 18:32:07.339"/>
</kw>
<kw name="Split To Lines" library="String">
<var>@{lines}</var>
<arg>${file_path}</arg>
<doc>Splits the given string to lines.</doc>
<msg timestamp="20240227 18:32:07.339" level="INFO">9 lines returned</msg>
<msg timestamp="20240227 18:32:07.339" level="INFO">@{lines} = [ ﻿Description;Quantity;Unit;UnitPrice;VATPercent;VAT;Total;InvoiceNumber;RowNumber | Installation Services;5;h;60;24;72;372;143143;1 | Replacement Products;10;kpl;105;24;252;1302;143143;2 | Keyboard ...</msg>
<status status="PASS" starttime="20240227 18:32:07.339" endtime="20240227 18:32:07.339"/>
</kw>
<msg timestamp="20240227 18:32:07.339" level="INFO">@{rows} = [ ﻿Description;Quantity;Unit;UnitPrice;VATPercent;VAT;Total;InvoiceNumber;RowNumber | Installation Services;5;h;60;24;72;372;143143;1 | Replacement Products;10;kpl;105;24;252;1302;143143;2 | Keyboard ...</msg>
<status status="PASS" starttime="20240227 18:32:07.339" endtime="20240227 18:32:07.339"/>
</kw>
<for flavor="IN">
<var>${row}</var>
<value>@{rows[1:]}</value>
<iter>
<var name="${row}">Installation Services;5;h;60;24;72;372;143143;1</var>
<kw name="Split String" library="String">
<var>@{rowDetails}</var>
<arg>${row}</arg>
<arg>;</arg>
<doc>Splits the ``string`` using ``separator`` as a delimiter string.</doc>
<msg timestamp="20240227 18:32:07.339" level="INFO">@{rowDetails} = [ Installation Services | 5 | h | 60 | 24 | 72 | 372 | 143143 | 1 ]</msg>
<status status="PASS" starttime="20240227 18:32:07.339" endtime="20240227 18:32:07.339"/>
</kw>
<kw name="Convert To Number" library="BuiltIn">
<var>${rowAmount}</var>
<arg>${rowDetails[6]}</arg>
<doc>Converts the given item to a floating point number.</doc>
<msg timestamp="20240227 18:32:07.339" level="INFO">${rowAmount} = 372.0</msg>
<status status="PASS" starttime="20240227 18:32:07.339" endtime="20240227 18:32:07.339"/>
</kw>
<kw name="Run Keyword If" library="BuiltIn">
<arg>'${rowDetails[7]}' == '${invoiceNumber}'</arg>
<arg>Evaluate</arg>
<arg>${totalAmount} + ${rowAmount}</arg>
<arg>ELSE</arg>
<arg>Set Variable</arg>
<arg>${totalAmount}</arg>
<doc>Runs the given keyword with the given arguments, if ``condition`` is true.</doc>
<kw name="Evaluate" library="BuiltIn">
<arg>${totalAmount} + ${rowAmount}</arg>
<doc>Evaluates the given expression in Python and returns the result.</doc>
<status status="PASS" starttime="20240227 18:32:07.344" endtime="20240227 18:32:07.344"/>
</kw>
<status status="PASS" starttime="20240227 18:32:07.344" endtime="20240227 18:32:07.344"/>
</kw>
<status status="PASS" starttime="20240227 18:32:07.339" endtime="20240227 18:32:07.344"/>
</iter>
<iter>
<var name="${row}">Replacement Products;10;kpl;105;24;252;1302;143143;2</var>
<kw name="Split String" library="String">
<var>@{rowDetails}</var>
<arg>${row}</arg>
<arg>;</arg>
<doc>Splits the ``string`` using ``separator`` as a delimiter string.</doc>
<msg timestamp="20240227 18:32:07.344" level="INFO">@{rowDetails} = [ Replacement Products | 10 | kpl | 105 | 24 | 252 | 1302 | 143143 | 2 ]</msg>
<status status="PASS" starttime="20240227 18:32:07.344" endtime="20240227 18:32:07.344"/>
</kw>
<kw name="Convert To Number" library="BuiltIn">
<var>${rowAmount}</var>
<arg>${rowDetails[6]}</arg>
<doc>Converts the given item to a floating point number.</doc>
<msg timestamp="20240227 18:32:07.344" level="INFO">${rowAmount} = 1302.0</msg>
<status status="PASS" starttime="20240227 18:32:07.344" endtime="20240227 18:32:07.344"/>
</kw>
<kw name="Run Keyword If" library="BuiltIn">
<arg>'${rowDetails[7]}' == '${invoiceNumber}'</arg>
<arg>Evaluate</arg>
<arg>${totalAmount} + ${rowAmount}</arg>
<arg>ELSE</arg>
<arg>Set Variable</arg>
<arg>${totalAmount}</arg>
<doc>Runs the given keyword with the given arguments, if ``condition`` is true.</doc>
<kw name="Evaluate" library="BuiltIn">
<arg>${totalAmount} + ${rowAmount}</arg>
<doc>Evaluates the given expression in Python and returns the result.</doc>
<status status="PASS" starttime="20240227 18:32:07.344" endtime="20240227 18:32:07.344"/>
</kw>
<status status="PASS" starttime="20240227 18:32:07.344" endtime="20240227 18:32:07.344"/>
</kw>
<status status="PASS" starttime="20240227 18:32:07.344" endtime="20240227 18:32:07.344"/>
</iter>
<iter>
<var name="${row}">Keyboard Logitech;10;kpl;40;24;96;496;1543235;1</var>
<kw name="Split String" library="String">
<var>@{rowDetails}</var>
<arg>${row}</arg>
<arg>;</arg>
<doc>Splits the ``string`` using ``separator`` as a delimiter string.</doc>
<msg timestamp="20240227 18:32:07.344" level="INFO">@{rowDetails} = [ Keyboard Logitech | 10 | kpl | 40 | 24 | 96 | 496 | 1543235 | 1 ]</msg>
<status status="PASS" starttime="20240227 18:32:07.344" endtime="20240227 18:32:07.344"/>
</kw>
<kw name="Convert To Number" library="BuiltIn">
<var>${rowAmount}</var>
<arg>${rowDetails[6]}</arg>
<doc>Converts the given item to a floating point number.</doc>
<msg timestamp="20240227 18:32:07.344" level="INFO">${rowAmount} = 496.0</msg>
<status status="PASS" starttime="20240227 18:32:07.344" endtime="20240227 18:32:07.344"/>
</kw>
<kw name="Run Keyword If" library="BuiltIn">
<arg>'${rowDetails[7]}' == '${invoiceNumber}'</arg>
<arg>Evaluate</arg>
<arg>${totalAmount} + ${rowAmount}</arg>
<arg>ELSE</arg>
<arg>Set Variable</arg>
<arg>${totalAmount}</arg>
<doc>Runs the given keyword with the given arguments, if ``condition`` is true.</doc>
<kw name="Set Variable" library="BuiltIn">
<arg>${totalAmount}</arg>
<doc>Returns the given values which can then be assigned to a variables.</doc>
<status status="PASS" starttime="20240227 18:32:07.349" endtime="20240227 18:32:07.349"/>
</kw>
<status status="PASS" starttime="20240227 18:32:07.344" endtime="20240227 18:32:07.349"/>
</kw>
<status status="PASS" starttime="20240227 18:32:07.344" endtime="20240227 18:32:07.349"/>
</iter>
<iter>
<var name="${row}">Brother printer;1;kpl;65;24;15.6;80.6;1543235;2</var>
<kw name="Split String" library="String">
<var>@{rowDetails}</var>
<arg>${row}</arg>
<arg>;</arg>
<doc>Splits the ``string`` using ``separator`` as a delimiter string.</doc>
<msg timestamp="20240227 18:32:07.349" level="INFO">@{rowDetails} = [ Brother printer | 1 | kpl | 65 | 24 | 15.6 | 80.6 | 1543235 | 2 ]</msg>
<status status="PASS" starttime="20240227 18:32:07.349" endtime="20240227 18:32:07.349"/>
</kw>
<kw name="Convert To Number" library="BuiltIn">
<var>${rowAmount}</var>
<arg>${rowDetails[6]}</arg>
<doc>Converts the given item to a floating point number.</doc>
<msg timestamp="20240227 18:32:07.350" level="INFO">${rowAmount} = 80.6</msg>
<status status="PASS" starttime="20240227 18:32:07.350" endtime="20240227 18:32:07.351"/>
</kw>
<kw name="Run Keyword If" library="BuiltIn">
<arg>'${rowDetails[7]}' == '${invoiceNumber}'</arg>
<arg>Evaluate</arg>
<arg>${totalAmount} + ${rowAmount}</arg>
<arg>ELSE</arg>
<arg>Set Variable</arg>
<arg>${totalAmount}</arg>
<doc>Runs the given keyword with the given arguments, if ``condition`` is true.</doc>
<kw name="Set Variable" library="BuiltIn">
<arg>${totalAmount}</arg>
<doc>Returns the given values which can then be assigned to a variables.</doc>
<status status="PASS" starttime="20240227 18:32:07.351" endtime="20240227 18:32:07.351"/>
</kw>
<status status="PASS" starttime="20240227 18:32:07.351" endtime="20240227 18:32:07.351"/>
</kw>
<status status="PASS" starttime="20240227 18:32:07.349" endtime="20240227 18:32:07.351"/>
</iter>
<iter>
<var name="${row}">Installation Services;5;h;60;24;72;372;153143;1</var>
<kw name="Split String" library="String">
<var>@{rowDetails}</var>
<arg>${row}</arg>
<arg>;</arg>
<doc>Splits the ``string`` using ``separator`` as a delimiter string.</doc>
<msg timestamp="20240227 18:32:07.352" level="INFO">@{rowDetails} = [ Installation Services | 5 | h | 60 | 24 | 72 | 372 | 153143 | 1 ]</msg>
<status status="PASS" starttime="20240227 18:32:07.352" endtime="20240227 18:32:07.352"/>
</kw>
<kw name="Convert To Number" library="BuiltIn">
<var>${rowAmount}</var>
<arg>${rowDetails[6]}</arg>
<doc>Converts the given item to a floating point number.</doc>
<msg timestamp="20240227 18:32:07.352" level="INFO">${rowAmount} = 372.0</msg>
<status status="PASS" starttime="20240227 18:32:07.352" endtime="20240227 18:32:07.352"/>
</kw>
<kw name="Run Keyword If" library="BuiltIn">
<arg>'${rowDetails[7]}' == '${invoiceNumber}'</arg>
<arg>Evaluate</arg>
<arg>${totalAmount} + ${rowAmount}</arg>
<arg>ELSE</arg>
<arg>Set Variable</arg>
<arg>${totalAmount}</arg>
<doc>Runs the given keyword with the given arguments, if ``condition`` is true.</doc>
<kw name="Set Variable" library="BuiltIn">
<arg>${totalAmount}</arg>
<doc>Returns the given values which can then be assigned to a variables.</doc>
<status status="PASS" starttime="20240227 18:32:07.353" endtime="20240227 18:32:07.353"/>
</kw>
<status status="PASS" starttime="20240227 18:32:07.352" endtime="20240227 18:32:07.353"/>
</kw>
<status status="PASS" starttime="20240227 18:32:07.351" endtime="20240227 18:32:07.353"/>
</iter>
<iter>
<var name="${row}">Replacement Products;10;kpl;105;24;252;1302;153143;2</var>
<kw name="Split String" library="String">
<var>@{rowDetails}</var>
<arg>${row}</arg>
<arg>;</arg>
<doc>Splits the ``string`` using ``separator`` as a delimiter string.</doc>
<msg timestamp="20240227 18:32:07.354" level="INFO">@{rowDetails} = [ Replacement Products | 10 | kpl | 105 | 24 | 252 | 1302 | 153143 | 2 ]</msg>
<status status="PASS" starttime="20240227 18:32:07.353" endtime="20240227 18:32:07.354"/>
</kw>
<kw name="Convert To Number" library="BuiltIn">
<var>${rowAmount}</var>
<arg>${rowDetails[6]}</arg>
<doc>Converts the given item to a floating point number.</doc>
<msg timestamp="20240227 18:32:07.354" level="INFO">${rowAmount} = 1302.0</msg>
<status status="PASS" starttime="20240227 18:32:07.354" endtime="20240227 18:32:07.354"/>
</kw>
<kw name="Run Keyword If" library="BuiltIn">
<arg>'${rowDetails[7]}' == '${invoiceNumber}'</arg>
<arg>Evaluate</arg>
<arg>${totalAmount} + ${rowAmount}</arg>
<arg>ELSE</arg>
<arg>Set Variable</arg>
<arg>${totalAmount}</arg>
<doc>Runs the given keyword with the given arguments, if ``condition`` is true.</doc>
<kw name="Set Variable" library="BuiltIn">
<arg>${totalAmount}</arg>
<doc>Returns the given values which can then be assigned to a variables.</doc>
<status status="PASS" starttime="20240227 18:32:07.355" endtime="20240227 18:32:07.355"/>
</kw>
<status status="PASS" starttime="20240227 18:32:07.354" endtime="20240227 18:32:07.355"/>
</kw>
<status status="PASS" starttime="20240227 18:32:07.353" endtime="20240227 18:32:07.355"/>
</iter>
<iter>
<var name="${row}">Cleaning Services;5;h;60;24;72;372;153143;3</var>
<kw name="Split String" library="String">
<var>@{rowDetails}</var>
<arg>${row}</arg>
<arg>;</arg>
<doc>Splits the ``string`` using ``separator`` as a delimiter string.</doc>
<msg timestamp="20240227 18:32:07.356" level="INFO">@{rowDetails} = [ Cleaning Services | 5 | h | 60 | 24 | 72 | 372 | 153143 | 3 ]</msg>
<status status="PASS" starttime="20240227 18:32:07.355" endtime="20240227 18:32:07.356"/>
</kw>
<kw name="Convert To Number" library="BuiltIn">
<var>${rowAmount}</var>
<arg>${rowDetails[6]}</arg>
<doc>Converts the given item to a floating point number.</doc>
<msg timestamp="20240227 18:32:07.356" level="INFO">${rowAmount} = 372.0</msg>
<status status="PASS" starttime="20240227 18:32:07.356" endtime="20240227 18:32:07.356"/>
</kw>
<kw name="Run Keyword If" library="BuiltIn">
<arg>'${rowDetails[7]}' == '${invoiceNumber}'</arg>
<arg>Evaluate</arg>
<arg>${totalAmount} + ${rowAmount}</arg>
<arg>ELSE</arg>
<arg>Set Variable</arg>
<arg>${totalAmount}</arg>
<doc>Runs the given keyword with the given arguments, if ``condition`` is true.</doc>
<kw name="Set Variable" library="BuiltIn">
<arg>${totalAmount}</arg>
<doc>Returns the given values which can then be assigned to a variables.</doc>
<status status="PASS" starttime="20240227 18:32:07.356" endtime="20240227 18:32:07.358"/>
</kw>
<status status="PASS" starttime="20240227 18:32:07.356" endtime="20240227 18:32:07.358"/>
</kw>
<status status="PASS" starttime="20240227 18:32:07.355" endtime="20240227 18:32:07.358"/>
</iter>
<iter>
<var name="${row}">Cleaning Wipes;10;kpl;105;24;252;1302;153143;4</var>
<kw name="Split String" library="String">
<var>@{rowDetails}</var>
<arg>${row}</arg>
<arg>;</arg>
<doc>Splits the ``string`` using ``separator`` as a delimiter string.</doc>
<msg timestamp="20240227 18:32:07.358" level="INFO">@{rowDetails} = [ Cleaning Wipes | 10 | kpl | 105 | 24 | 252 | 1302 | 153143 | 4 ]</msg>
<status status="PASS" starttime="20240227 18:32:07.358" endtime="20240227 18:32:07.358"/>
</kw>
<kw name="Convert To Number" library="BuiltIn">
<var>${rowAmount}</var>
<arg>${rowDetails[6]}</arg>
<doc>Converts the given item to a floating point number.</doc>
<msg timestamp="20240227 18:32:07.359" level="INFO">${rowAmount} = 1302.0</msg>
<status status="PASS" starttime="20240227 18:32:07.358" endtime="20240227 18:32:07.359"/>
</kw>
<kw name="Run Keyword If" library="BuiltIn">
<arg>'${rowDetails[7]}' == '${invoiceNumber}'</arg>
<arg>Evaluate</arg>
<arg>${totalAmount} + ${rowAmount}</arg>
<arg>ELSE</arg>
<arg>Set Variable</arg>
<arg>${totalAmount}</arg>
<doc>Runs the given keyword with the given arguments, if ``condition`` is true.</doc>
<kw name="Set Variable" library="BuiltIn">
<arg>${totalAmount}</arg>
<doc>Returns the given values which can then be assigned to a variables.</doc>
<status status="PASS" starttime="20240227 18:32:07.360" endtime="20240227 18:32:07.360"/>
</kw>
<status status="PASS" starttime="20240227 18:32:07.359" endtime="20240227 18:32:07.360"/>
</kw>
<status status="PASS" starttime="20240227 18:32:07.358" endtime="20240227 18:32:07.360"/>
</iter>
<status status="PASS" starttime="20240227 18:32:07.339" endtime="20240227 18:32:07.360"/>
</for>
<msg timestamp="20240227 18:32:07.361" level="INFO">${calculatedTotal} = 0</msg>
<status status="PASS" starttime="20240227 18:32:07.338" endtime="20240227 18:32:07.361"/>
</kw>
<kw name="Run Keyword If" library="BuiltIn">
<arg>${calculatedTotal} != ${headerTotal}</arg>
<arg>Log</arg>
<arg>Total amount mismatch for invoice ${headerDetails[0]}: Expected=${headerTotal}, Actual=${calculatedTotal}</arg>
<arg>ELSE</arg>
<arg>No Operation</arg>
<doc>Runs the given keyword with the given arguments, if ``condition`` is true.</doc>
<kw name="Log" library="BuiltIn">
<arg>Total amount mismatch for invoice ${headerDetails[0]}: Expected=${headerTotal}, Actual=${calculatedTotal}</arg>
<doc>Logs the given message with the given level.</doc>
<msg timestamp="20240227 18:32:07.362" level="INFO">Total amount mismatch for invoice 143143: Expected=1674.0, Actual=0</msg>
<status status="PASS" starttime="20240227 18:32:07.361" endtime="20240227 18:32:07.362"/>
</kw>
<status status="PASS" starttime="20240227 18:32:07.361" endtime="20240227 18:32:07.362"/>
</kw>
<kw name="Evaluate" library="BuiltIn">
<var>${amountMismatch}</var>
<arg>${calculatedTotal} != ${headerTotal}</arg>
<doc>Evaluates the given expression in Python and returns the result.</doc>
<msg timestamp="20240227 18:32:07.364" level="INFO">${amountMismatch} = True</msg>
<status status="PASS" starttime="20240227 18:32:07.362" endtime="20240227 18:32:07.364"/>
</kw>
<kw name="Evaluate" library="BuiltIn">
<var>${statusOfInvoice}</var>
<arg>0 if ${isRefCorrect} and ${ibanValid} and not ${amountMismatch} else 1 if not ${isRefCorrect} else 2 if not ${ibanValid} else 3</arg>
<doc>Evaluates the given expression in Python and returns the result.</doc>
<msg timestamp="20240227 18:32:07.364" level="INFO">${statusOfInvoice} = 3</msg>
<status status="PASS" starttime="20240227 18:32:07.364" endtime="20240227 18:32:07.365"/>
</kw>
<kw name="Set Variable If" library="BuiltIn">
<var>${commentOfInvoice}</var>
<arg>${statusOfInvoice}==0</arg>
<arg>All ok</arg>
<doc>Sets variable based on the given condition.</doc>
<msg timestamp="20240227 18:32:07.365" level="INFO">${commentOfInvoice} = None</msg>
<status status="PASS" starttime="20240227 18:32:07.365" endtime="20240227 18:32:07.365"/>
</kw>
<kw name="Set Variable If" library="BuiltIn">
<var>${commentOfInvoice}</var>
<arg>${statusOfInvoice}==1</arg>
<arg>Reference number error</arg>
<arg>${commentOfInvoice}</arg>
<doc>Sets variable based on the given condition.</doc>
<msg timestamp="20240227 18:32:07.365" level="INFO">${commentOfInvoice} = None</msg>
<status status="PASS" starttime="20240227 18:32:07.365" endtime="20240227 18:32:07.366"/>
</kw>
<kw name="Set Variable If" library="BuiltIn">
<var>${commentOfInvoice}</var>
<arg>${statusOfInvoice}==2</arg>
<arg>IBAN number error</arg>
<arg>${commentOfInvoice}</arg>
<doc>Sets variable based on the given condition.</doc>
<msg timestamp="20240227 18:32:07.366" level="INFO">${commentOfInvoice} = None</msg>
<status status="PASS" starttime="20240227 18:32:07.366" endtime="20240227 18:32:07.366"/>
</kw>
<kw name="Set Variable If" library="BuiltIn">
<var>${commentOfInvoice}</var>
<arg>${statusOfInvoice}==3</arg>
<arg>Total amount mismatch: Expected=${headerTotal}, Actual=${calculatedTotal}</arg>
<arg>${commentOfInvoice}</arg>
<doc>Sets variable based on the given condition.</doc>
<msg timestamp="20240227 18:32:07.366" level="INFO">${commentOfInvoice} = Total amount mismatch: Expected=1674.0, Actual=0</msg>
<status status="PASS" starttime="20240227 18:32:07.366" endtime="20240227 18:32:07.366"/>
</kw>
<kw name="Catenate" library="BuiltIn">
<var>${query}</var>
<arg>SEPARATOR=</arg>
<arg>INSERT INTO invoiceheader (invoicenumber, companyname, referencenumber, invoicedate, duedate, companycode, bankaccountnumber, amountexclvat, vat, totalamount, comment) VALUES ('${headerDetails[0]}', '${headerDetails[1]}', '${headerDetails[2]}', '${headerDetails[3]}', '${headerDetails[4]}', '${headerDetails[5]}', '${headerDetails[6]}', ${headerDetails[7]}, ${headerDetails[8]}, ${headerDetails[9]}, '${commentOfInvoice}')</arg>
<doc>Catenates the given items together and returns the resulted string.</doc>
<msg timestamp="20240227 18:32:07.368" level="INFO">${query} = INSERT INTO invoiceheader (invoicenumber, companyname, referencenumber, invoicedate, duedate, companycode, bankaccountnumber, amountexclvat, vat, totalamount, comment) VALUES ('143143', 'Service Provi...</msg>
<status status="PASS" starttime="20240227 18:32:07.367" endtime="20240227 18:32:07.368"/>
</kw>
<kw name="Execute Sql String" library="DatabaseLibrary">
<arg>${query}</arg>
<doc>Executes the sqlString as SQL commands. Useful to pass arguments to your sql. Set optional input `sansTran` to
True to run command without an explicit transaction commit or rollback.</doc>
<msg timestamp="20240227 18:32:07.368" level="INFO">Executing : Execute SQL String  |  INSERT INTO invoiceheader (invoicenumber, companyname, referencenumber, invoicedate, duedate, companycode, bankaccountnumber, amountexclvat, vat, totalamount, comment) VALUES ('143143', 'Service Provider Oy', '1431432', '15.12.2022', '07.04.2021', '1234567-8', 'FI12 3456 7890 1234 56', 1350, 324, 1674, 'Total amount mismatch: Expected=1674.0, Actual=0') </msg>
<status status="PASS" starttime="20240227 18:32:07.368" endtime="20240227 18:32:07.371"/>
</kw>
<status status="PASS" starttime="20240227 18:32:07.329" endtime="20240227 18:32:07.371"/>
</kw>
<status status="PASS" starttime="20240227 18:32:07.329" endtime="20240227 18:32:07.371"/>
</iter>
<iter>
<var name="${header}">1543235;Component Oy;15432359;01.10.2022;15.10.2022;1234567-9;FI05 1234 5600 7891 01;465;111.6;576.6</var>
<kw name="Insert Invoice Header To DB">
<arg>${header}</arg>
<kw name="Make Connection">
<kw name="Connect To Database" library="DatabaseLibrary">
<arg>pymysql</arg>
<arg>${dbname}</arg>
<arg>${dbuser}</arg>
<arg>${dbpass}</arg>
<arg>${dbhost}</arg>
<arg>${dbport}</arg>
<doc>Loads the DB API 2.0 module given `dbapiModuleName` then uses it to
connect to the database using `dbName`, `dbUsername`, and `dbPassword`.</doc>
<msg timestamp="20240227 18:32:07.373" level="INFO">Connecting using : pymysql.connect(db=rpa_db, user=robocop, passwd=RPA.Password, host=localhost, port=3306, charset=None) </msg>
<status status="PASS" starttime="20240227 18:32:07.371" endtime="20240227 18:32:07.386"/>
</kw>
<status status="PASS" starttime="20240227 18:32:07.371" endtime="20240227 18:32:07.386"/>
</kw>
<kw name="Split String" library="String">
<var>@{headerDetails}</var>
<arg>${header}</arg>
<arg>;</arg>
<doc>Splits the ``string`` using ``separator`` as a delimiter string.</doc>
<msg timestamp="20240227 18:32:07.386" level="INFO">@{headerDetails} = [ 1543235 | Component Oy | 15432359 | 01.10.2022 | 15.10.2022 | 1234567-9 | FI05 1234 5600 7891 01 | 465 | 111.6 | 576.6 ]</msg>
<status status="PASS" starttime="20240227 18:32:07.386" endtime="20240227 18:32:07.386"/>
</kw>
<kw name="Is Reference Number Correct">
<var>${isRefCorrect}</var>
<arg>${headerDetails[2]}</arg>
<kw name="Evaluate" library="BuiltIn">
<var>${correct}</var>
<arg>len("${refNumber}") == 7 and "${refNumber}".isdigit()</arg>
<doc>Evaluates the given expression in Python and returns the result.</doc>
<msg timestamp="20240227 18:32:07.386" level="INFO">${correct} = False</msg>
<status status="PASS" starttime="20240227 18:32:07.386" endtime="20240227 18:32:07.386"/>
</kw>
<msg timestamp="20240227 18:32:07.386" level="INFO">${isRefCorrect} = False</msg>
<status status="PASS" starttime="20240227 18:32:07.386" endtime="20240227 18:32:07.386"/>
</kw>
<kw name="Is IBAN Correct">
<var>${ibanValid}</var>
<arg>${headerDetails[6]}</arg>
<kw name="Evaluate" library="BuiltIn">
<var>${correct}</var>
<arg>"${iban}"[:2].isalpha() and "${iban}"[:2].isupper() and len("${iban}") == 22</arg>
<doc>Evaluates the given expression in Python and returns the result.</doc>
<msg timestamp="20240227 18:32:07.386" level="INFO">${correct} = True</msg>
<status status="PASS" starttime="20240227 18:32:07.386" endtime="20240227 18:32:07.386"/>
</kw>
<msg timestamp="20240227 18:32:07.386" level="INFO">${ibanValid} = True</msg>
<status status="PASS" starttime="20240227 18:32:07.386" endtime="20240227 18:32:07.386"/>
</kw>
<kw name="Convert To Number" library="BuiltIn">
<var>${headerTotal}</var>
<arg>${headerDetails[9]}</arg>
<doc>Converts the given item to a floating point number.</doc>
<msg timestamp="20240227 18:32:07.386" level="INFO">${headerTotal} = 576.6</msg>
<status status="PASS" starttime="20240227 18:32:07.386" endtime="20240227 18:32:07.386"/>
</kw>
<kw name="Calculate Total Amount From Rows">
<var>${calculatedTotal}</var>
<arg>${headerDetails[0]}</arg>
<kw name="Set Variable" library="BuiltIn">
<var>${totalAmount}</var>
<arg>${0}</arg>
<doc>Returns the given values which can then be assigned to a variables.</doc>
<msg timestamp="20240227 18:32:07.386" level="INFO">${totalAmount} = 0</msg>
<status status="PASS" starttime="20240227 18:32:07.386" endtime="20240227 18:32:07.386"/>
</kw>
<kw name="Read CSV File">
<var>@{rows}</var>
<arg>${ROW_CSV}</arg>
<kw name="Get File" library="OperatingSystem">
<var>${file_path}</var>
<arg>${filename}</arg>
<doc>Returns the contents of a specified file.</doc>
<msg timestamp="20240227 18:32:07.393" level="INFO" html="true">Getting file '&lt;a href="file://C:\Users\immor\Documents\UiPath\Invoice-Automation\Robot Validation\InvoiceRowData.csv"&gt;C:\Users\immor\Documents\UiPath\Invoice-Automation\Robot Validation\InvoiceRowData.csv&lt;/a&gt;'.</msg>
<msg timestamp="20240227 18:32:07.393" level="INFO">${file_path} = ﻿Description;Quantity;Unit;UnitPrice;VATPercent;VAT;Total;InvoiceNumber;RowNumber
Installation Services;5;h;60;24;72;372;143143;1
Replacement Products;10;kpl;105;24;252;1302;143143;2
Keyboard Logitech...</msg>
<status status="PASS" starttime="20240227 18:32:07.393" endtime="20240227 18:32:07.393"/>
</kw>
<kw name="Split To Lines" library="String">
<var>@{lines}</var>
<arg>${file_path}</arg>
<doc>Splits the given string to lines.</doc>
<msg timestamp="20240227 18:32:07.394" level="INFO">9 lines returned</msg>
<msg timestamp="20240227 18:32:07.394" level="INFO">@{lines} = [ ﻿Description;Quantity;Unit;UnitPrice;VATPercent;VAT;Total;InvoiceNumber;RowNumber | Installation Services;5;h;60;24;72;372;143143;1 | Replacement Products;10;kpl;105;24;252;1302;143143;2 | Keyboard ...</msg>
<status status="PASS" starttime="20240227 18:32:07.393" endtime="20240227 18:32:07.394"/>
</kw>
<msg timestamp="20240227 18:32:07.394" level="INFO">@{rows} = [ ﻿Description;Quantity;Unit;UnitPrice;VATPercent;VAT;Total;InvoiceNumber;RowNumber | Installation Services;5;h;60;24;72;372;143143;1 | Replacement Products;10;kpl;105;24;252;1302;143143;2 | Keyboard ...</msg>
<status status="PASS" starttime="20240227 18:32:07.386" endtime="20240227 18:32:07.394"/>
</kw>
<for flavor="IN">
<var>${row}</var>
<value>@{rows[1:]}</value>
<iter>
<var name="${row}">Installation Services;5;h;60;24;72;372;143143;1</var>
<kw name="Split String" library="String">
<var>@{rowDetails}</var>
<arg>${row}</arg>
<arg>;</arg>
<doc>Splits the ``string`` using ``separator`` as a delimiter string.</doc>
<msg timestamp="20240227 18:32:07.395" level="INFO">@{rowDetails} = [ Installation Services | 5 | h | 60 | 24 | 72 | 372 | 143143 | 1 ]</msg>
<status status="PASS" starttime="20240227 18:32:07.395" endtime="20240227 18:32:07.395"/>
</kw>
<kw name="Convert To Number" library="BuiltIn">
<var>${rowAmount}</var>
<arg>${rowDetails[6]}</arg>
<doc>Converts the given item to a floating point number.</doc>
<msg timestamp="20240227 18:32:07.396" level="INFO">${rowAmount} = 372.0</msg>
<status status="PASS" starttime="20240227 18:32:07.395" endtime="20240227 18:32:07.396"/>
</kw>
<kw name="Run Keyword If" library="BuiltIn">
<arg>'${rowDetails[7]}' == '${invoiceNumber}'</arg>
<arg>Evaluate</arg>
<arg>${totalAmount} + ${rowAmount}</arg>
<arg>ELSE</arg>
<arg>Set Variable</arg>
<arg>${totalAmount}</arg>
<doc>Runs the given keyword with the given arguments, if ``condition`` is true.</doc>
<kw name="Set Variable" library="BuiltIn">
<arg>${totalAmount}</arg>
<doc>Returns the given values which can then be assigned to a variables.</doc>
<status status="PASS" starttime="20240227 18:32:07.397" endtime="20240227 18:32:07.397"/>
</kw>
<status status="PASS" starttime="20240227 18:32:07.396" endtime="20240227 18:32:07.397"/>
</kw>
<status status="PASS" starttime="20240227 18:32:07.395" endtime="20240227 18:32:07.397"/>
</iter>
<iter>
<var name="${row}">Replacement Products;10;kpl;105;24;252;1302;143143;2</var>
<kw name="Split String" library="String">
<var>@{rowDetails}</var>
<arg>${row}</arg>
<arg>;</arg>
<doc>Splits the ``string`` using ``separator`` as a delimiter string.</doc>
<msg timestamp="20240227 18:32:07.398" level="INFO">@{rowDetails} = [ Replacement Products | 10 | kpl | 105 | 24 | 252 | 1302 | 143143 | 2 ]</msg>
<status status="PASS" starttime="20240227 18:32:07.397" endtime="20240227 18:32:07.398"/>
</kw>
<kw name="Convert To Number" library="BuiltIn">
<var>${rowAmount}</var>
<arg>${rowDetails[6]}</arg>
<doc>Converts the given item to a floating point number.</doc>
<msg timestamp="20240227 18:32:07.398" level="INFO">${rowAmount} = 1302.0</msg>
<status status="PASS" starttime="20240227 18:32:07.398" endtime="20240227 18:32:07.398"/>
</kw>
<kw name="Run Keyword If" library="BuiltIn">
<arg>'${rowDetails[7]}' == '${invoiceNumber}'</arg>
<arg>Evaluate</arg>
<arg>${totalAmount} + ${rowAmount}</arg>
<arg>ELSE</arg>
<arg>Set Variable</arg>
<arg>${totalAmount}</arg>
<doc>Runs the given keyword with the given arguments, if ``condition`` is true.</doc>
<kw name="Set Variable" library="BuiltIn">
<arg>${totalAmount}</arg>
<doc>Returns the given values which can then be assigned to a variables.</doc>
<status status="PASS" starttime="20240227 18:32:07.399" endtime="20240227 18:32:07.400"/>
</kw>
<status status="PASS" starttime="20240227 18:32:07.399" endtime="20240227 18:32:07.400"/>
</kw>
<status status="PASS" starttime="20240227 18:32:07.397" endtime="20240227 18:32:07.400"/>
</iter>
<iter>
<var name="${row}">Keyboard Logitech;10;kpl;40;24;96;496;1543235;1</var>
<kw name="Split String" library="String">
<var>@{rowDetails}</var>
<arg>${row}</arg>
<arg>;</arg>
<doc>Splits the ``string`` using ``separator`` as a delimiter string.</doc>
<msg timestamp="20240227 18:32:07.400" level="INFO">@{rowDetails} = [ Keyboard Logitech | 10 | kpl | 40 | 24 | 96 | 496 | 1543235 | 1 ]</msg>
<status status="PASS" starttime="20240227 18:32:07.400" endtime="20240227 18:32:07.400"/>
</kw>
<kw name="Convert To Number" library="BuiltIn">
<var>${rowAmount}</var>
<arg>${rowDetails[6]}</arg>
<doc>Converts the given item to a floating point number.</doc>
<msg timestamp="20240227 18:32:07.401" level="INFO">${rowAmount} = 496.0</msg>
<status status="PASS" starttime="20240227 18:32:07.401" endtime="20240227 18:32:07.401"/>
</kw>
<kw name="Run Keyword If" library="BuiltIn">
<arg>'${rowDetails[7]}' == '${invoiceNumber}'</arg>
<arg>Evaluate</arg>
<arg>${totalAmount} + ${rowAmount}</arg>
<arg>ELSE</arg>
<arg>Set Variable</arg>
<arg>${totalAmount}</arg>
<doc>Runs the given keyword with the given arguments, if ``condition`` is true.</doc>
<kw name="Evaluate" library="BuiltIn">
<arg>${totalAmount} + ${rowAmount}</arg>
<doc>Evaluates the given expression in Python and returns the result.</doc>
<status status="PASS" starttime="20240227 18:32:07.402" endtime="20240227 18:32:07.402"/>
</kw>
<status status="PASS" starttime="20240227 18:32:07.401" endtime="20240227 18:32:07.402"/>
</kw>
<status status="PASS" starttime="20240227 18:32:07.400" endtime="20240227 18:32:07.402"/>
</iter>
<iter>
<var name="${row}">Brother printer;1;kpl;65;24;15.6;80.6;1543235;2</var>
<kw name="Split String" library="String">
<var>@{rowDetails}</var>
<arg>${row}</arg>
<arg>;</arg>
<doc>Splits the ``string`` using ``separator`` as a delimiter string.</doc>
<msg timestamp="20240227 18:32:07.402" level="INFO">@{rowDetails} = [ Brother printer | 1 | kpl | 65 | 24 | 15.6 | 80.6 | 1543235 | 2 ]</msg>
<status status="PASS" starttime="20240227 18:32:07.402" endtime="20240227 18:32:07.408"/>
</kw>
<kw name="Convert To Number" library="BuiltIn">
<var>${rowAmount}</var>
<arg>${rowDetails[6]}</arg>
<doc>Converts the given item to a floating point number.</doc>
<msg timestamp="20240227 18:32:07.409" level="INFO">${rowAmount} = 80.6</msg>
<status status="PASS" starttime="20240227 18:32:07.409" endtime="20240227 18:32:07.409"/>
</kw>
<kw name="Run Keyword If" library="BuiltIn">
<arg>'${rowDetails[7]}' == '${invoiceNumber}'</arg>
<arg>Evaluate</arg>
<arg>${totalAmount} + ${rowAmount}</arg>
<arg>ELSE</arg>
<arg>Set Variable</arg>
<arg>${totalAmount}</arg>
<doc>Runs the given keyword with the given arguments, if ``condition`` is true.</doc>
<kw name="Evaluate" library="BuiltIn">
<arg>${totalAmount} + ${rowAmount}</arg>
<doc>Evaluates the given expression in Python and returns the result.</doc>
<status status="PASS" starttime="20240227 18:32:07.410" endtime="20240227 18:32:07.411"/>
</kw>
<status status="PASS" starttime="20240227 18:32:07.410" endtime="20240227 18:32:07.411"/>
</kw>
<status status="PASS" starttime="20240227 18:32:07.402" endtime="20240227 18:32:07.411"/>
</iter>
<iter>
<var name="${row}">Installation Services;5;h;60;24;72;372;153143;1</var>
<kw name="Split String" library="String">
<var>@{rowDetails}</var>
<arg>${row}</arg>
<arg>;</arg>
<doc>Splits the ``string`` using ``separator`` as a delimiter string.</doc>
<msg timestamp="20240227 18:32:07.412" level="INFO">@{rowDetails} = [ Installation Services | 5 | h | 60 | 24 | 72 | 372 | 153143 | 1 ]</msg>
<status status="PASS" starttime="20240227 18:32:07.411" endtime="20240227 18:32:07.412"/>
</kw>
<kw name="Convert To Number" library="BuiltIn">
<var>${rowAmount}</var>
<arg>${rowDetails[6]}</arg>
<doc>Converts the given item to a floating point number.</doc>
<msg timestamp="20240227 18:32:07.412" level="INFO">${rowAmount} = 372.0</msg>
<status status="PASS" starttime="20240227 18:32:07.412" endtime="20240227 18:32:07.412"/>
</kw>
<kw name="Run Keyword If" library="BuiltIn">
<arg>'${rowDetails[7]}' == '${invoiceNumber}'</arg>
<arg>Evaluate</arg>
<arg>${totalAmount} + ${rowAmount}</arg>
<arg>ELSE</arg>
<arg>Set Variable</arg>
<arg>${totalAmount}</arg>
<doc>Runs the given keyword with the given arguments, if ``condition`` is true.</doc>
<kw name="Set Variable" library="BuiltIn">
<arg>${totalAmount}</arg>
<doc>Returns the given values which can then be assigned to a variables.</doc>
<status status="PASS" starttime="20240227 18:32:07.414" endtime="20240227 18:32:07.414"/>
</kw>
<status status="PASS" starttime="20240227 18:32:07.412" endtime="20240227 18:32:07.414"/>
</kw>
<status status="PASS" starttime="20240227 18:32:07.411" endtime="20240227 18:32:07.414"/>
</iter>
<iter>
<var name="${row}">Replacement Products;10;kpl;105;24;252;1302;153143;2</var>
<kw name="Split String" library="String">
<var>@{rowDetails}</var>
<arg>${row}</arg>
<arg>;</arg>
<doc>Splits the ``string`` using ``separator`` as a delimiter string.</doc>
<msg timestamp="20240227 18:32:07.415" level="INFO">@{rowDetails} = [ Replacement Products | 10 | kpl | 105 | 24 | 252 | 1302 | 153143 | 2 ]</msg>
<status status="PASS" starttime="20240227 18:32:07.414" endtime="20240227 18:32:07.415"/>
</kw>
<kw name="Convert To Number" library="BuiltIn">
<var>${rowAmount}</var>
<arg>${rowDetails[6]}</arg>
<doc>Converts the given item to a floating point number.</doc>
<msg timestamp="20240227 18:32:07.416" level="INFO">${rowAmount} = 1302.0</msg>
<status status="PASS" starttime="20240227 18:32:07.415" endtime="20240227 18:32:07.416"/>
</kw>
<kw name="Run Keyword If" library="BuiltIn">
<arg>'${rowDetails[7]}' == '${invoiceNumber}'</arg>
<arg>Evaluate</arg>
<arg>${totalAmount} + ${rowAmount}</arg>
<arg>ELSE</arg>
<arg>Set Variable</arg>
<arg>${totalAmount}</arg>
<doc>Runs the given keyword with the given arguments, if ``condition`` is true.</doc>
<kw name="Set Variable" library="BuiltIn">
<arg>${totalAmount}</arg>
<doc>Returns the given values which can then be assigned to a variables.</doc>
<status status="PASS" starttime="20240227 18:32:07.417" endtime="20240227 18:32:07.417"/>
</kw>
<status status="PASS" starttime="20240227 18:32:07.416" endtime="20240227 18:32:07.417"/>
</kw>
<status status="PASS" starttime="20240227 18:32:07.414" endtime="20240227 18:32:07.417"/>
</iter>
<iter>
<var name="${row}">Cleaning Services;5;h;60;24;72;372;153143;3</var>
<kw name="Split String" library="String">
<var>@{rowDetails}</var>
<arg>${row}</arg>
<arg>;</arg>
<doc>Splits the ``string`` using ``separator`` as a delimiter string.</doc>
<msg timestamp="20240227 18:32:07.418" level="INFO">@{rowDetails} = [ Cleaning Services | 5 | h | 60 | 24 | 72 | 372 | 153143 | 3 ]</msg>
<status status="PASS" starttime="20240227 18:32:07.417" endtime="20240227 18:32:07.418"/>
</kw>
<kw name="Convert To Number" library="BuiltIn">
<var>${rowAmount}</var>
<arg>${rowDetails[6]}</arg>
<doc>Converts the given item to a floating point number.</doc>
<msg timestamp="20240227 18:32:07.419" level="INFO">${rowAmount} = 372.0</msg>
<status status="PASS" starttime="20240227 18:32:07.418" endtime="20240227 18:32:07.419"/>
</kw>
<kw name="Run Keyword If" library="BuiltIn">
<arg>'${rowDetails[7]}' == '${invoiceNumber}'</arg>
<arg>Evaluate</arg>
<arg>${totalAmount} + ${rowAmount}</arg>
<arg>ELSE</arg>
<arg>Set Variable</arg>
<arg>${totalAmount}</arg>
<doc>Runs the given keyword with the given arguments, if ``condition`` is true.</doc>
<kw name="Set Variable" library="BuiltIn">
<arg>${totalAmount}</arg>
<doc>Returns the given values which can then be assigned to a variables.</doc>
<status status="PASS" starttime="20240227 18:32:07.420" endtime="20240227 18:32:07.420"/>
</kw>
<status status="PASS" starttime="20240227 18:32:07.419" endtime="20240227 18:32:07.420"/>
</kw>
<status status="PASS" starttime="20240227 18:32:07.417" endtime="20240227 18:32:07.420"/>
</iter>
<iter>
<var name="${row}">Cleaning Wipes;10;kpl;105;24;252;1302;153143;4</var>
<kw name="Split String" library="String">
<var>@{rowDetails}</var>
<arg>${row}</arg>
<arg>;</arg>
<doc>Splits the ``string`` using ``separator`` as a delimiter string.</doc>
<msg timestamp="20240227 18:32:07.421" level="INFO">@{rowDetails} = [ Cleaning Wipes | 10 | kpl | 105 | 24 | 252 | 1302 | 153143 | 4 ]</msg>
<status status="PASS" starttime="20240227 18:32:07.421" endtime="20240227 18:32:07.421"/>
</kw>
<kw name="Convert To Number" library="BuiltIn">
<var>${rowAmount}</var>
<arg>${rowDetails[6]}</arg>
<doc>Converts the given item to a floating point number.</doc>
<msg timestamp="20240227 18:32:07.422" level="INFO">${rowAmount} = 1302.0</msg>
<status status="PASS" starttime="20240227 18:32:07.421" endtime="20240227 18:32:07.422"/>
</kw>
<kw name="Run Keyword If" library="BuiltIn">
<arg>'${rowDetails[7]}' == '${invoiceNumber}'</arg>
<arg>Evaluate</arg>
<arg>${totalAmount} + ${rowAmount}</arg>
<arg>ELSE</arg>
<arg>Set Variable</arg>
<arg>${totalAmount}</arg>
<doc>Runs the given keyword with the given arguments, if ``condition`` is true.</doc>
<kw name="Set Variable" library="BuiltIn">
<arg>${totalAmount}</arg>
<doc>Returns the given values which can then be assigned to a variables.</doc>
<status status="PASS" starttime="20240227 18:32:07.424" endtime="20240227 18:32:07.424"/>
</kw>
<status status="PASS" starttime="20240227 18:32:07.422" endtime="20240227 18:32:07.424"/>
</kw>
<status status="PASS" starttime="20240227 18:32:07.420" endtime="20240227 18:32:07.424"/>
</iter>
<status status="PASS" starttime="20240227 18:32:07.394" endtime="20240227 18:32:07.426"/>
</for>
<msg timestamp="20240227 18:32:07.426" level="INFO">${calculatedTotal} = 0</msg>
<status status="PASS" starttime="20240227 18:32:07.386" endtime="20240227 18:32:07.426"/>
</kw>
<kw name="Run Keyword If" library="BuiltIn">
<arg>${calculatedTotal} != ${headerTotal}</arg>
<arg>Log</arg>
<arg>Total amount mismatch for invoice ${headerDetails[0]}: Expected=${headerTotal}, Actual=${calculatedTotal}</arg>
<arg>ELSE</arg>
<arg>No Operation</arg>
<doc>Runs the given keyword with the given arguments, if ``condition`` is true.</doc>
<kw name="Log" library="BuiltIn">
<arg>Total amount mismatch for invoice ${headerDetails[0]}: Expected=${headerTotal}, Actual=${calculatedTotal}</arg>
<doc>Logs the given message with the given level.</doc>
<msg timestamp="20240227 18:32:07.428" level="INFO">Total amount mismatch for invoice 1543235: Expected=576.6, Actual=0</msg>
<status status="PASS" starttime="20240227 18:32:07.426" endtime="20240227 18:32:07.428"/>
</kw>
<status status="PASS" starttime="20240227 18:32:07.426" endtime="20240227 18:32:07.428"/>
</kw>
<kw name="Evaluate" library="BuiltIn">
<var>${amountMismatch}</var>
<arg>${calculatedTotal} != ${headerTotal}</arg>
<doc>Evaluates the given expression in Python and returns the result.</doc>
<msg timestamp="20240227 18:32:07.428" level="INFO">${amountMismatch} = True</msg>
<status status="PASS" starttime="20240227 18:32:07.428" endtime="20240227 18:32:07.428"/>
</kw>
<kw name="Evaluate" library="BuiltIn">
<var>${statusOfInvoice}</var>
<arg>0 if ${isRefCorrect} and ${ibanValid} and not ${amountMismatch} else 1 if not ${isRefCorrect} else 2 if not ${ibanValid} else 3</arg>
<doc>Evaluates the given expression in Python and returns the result.</doc>
<msg timestamp="20240227 18:32:07.429" level="INFO">${statusOfInvoice} = 1</msg>
<status status="PASS" starttime="20240227 18:32:07.429" endtime="20240227 18:32:07.429"/>
</kw>
<kw name="Set Variable If" library="BuiltIn">
<var>${commentOfInvoice}</var>
<arg>${statusOfInvoice}==0</arg>
<arg>All ok</arg>
<doc>Sets variable based on the given condition.</doc>
<msg timestamp="20240227 18:32:07.430" level="INFO">${commentOfInvoice} = None</msg>
<status status="PASS" starttime="20240227 18:32:07.429" endtime="20240227 18:32:07.430"/>
</kw>
<kw name="Set Variable If" library="BuiltIn">
<var>${commentOfInvoice}</var>
<arg>${statusOfInvoice}==1</arg>
<arg>Reference number error</arg>
<arg>${commentOfInvoice}</arg>
<doc>Sets variable based on the given condition.</doc>
<msg timestamp="20240227 18:32:07.430" level="INFO">${commentOfInvoice} = Reference number error</msg>
<status status="PASS" starttime="20240227 18:32:07.430" endtime="20240227 18:32:07.430"/>
</kw>
<kw name="Set Variable If" library="BuiltIn">
<var>${commentOfInvoice}</var>
<arg>${statusOfInvoice}==2</arg>
<arg>IBAN number error</arg>
<arg>${commentOfInvoice}</arg>
<doc>Sets variable based on the given condition.</doc>
<msg timestamp="20240227 18:32:07.431" level="INFO">${commentOfInvoice} = Reference number error</msg>
<status status="PASS" starttime="20240227 18:32:07.431" endtime="20240227 18:32:07.431"/>
</kw>
<kw name="Set Variable If" library="BuiltIn">
<var>${commentOfInvoice}</var>
<arg>${statusOfInvoice}==3</arg>
<arg>Total amount mismatch: Expected=${headerTotal}, Actual=${calculatedTotal}</arg>
<arg>${commentOfInvoice}</arg>
<doc>Sets variable based on the given condition.</doc>
<msg timestamp="20240227 18:32:07.432" level="INFO">${commentOfInvoice} = Reference number error</msg>
<status status="PASS" starttime="20240227 18:32:07.431" endtime="20240227 18:32:07.432"/>
</kw>
<kw name="Catenate" library="BuiltIn">
<var>${query}</var>
<arg>SEPARATOR=</arg>
<arg>INSERT INTO invoiceheader (invoicenumber, companyname, referencenumber, invoicedate, duedate, companycode, bankaccountnumber, amountexclvat, vat, totalamount, comment) VALUES ('${headerDetails[0]}', '${headerDetails[1]}', '${headerDetails[2]}', '${headerDetails[3]}', '${headerDetails[4]}', '${headerDetails[5]}', '${headerDetails[6]}', ${headerDetails[7]}, ${headerDetails[8]}, ${headerDetails[9]}, '${commentOfInvoice}')</arg>
<doc>Catenates the given items together and returns the resulted string.</doc>
<msg timestamp="20240227 18:32:07.437" level="INFO">${query} = INSERT INTO invoiceheader (invoicenumber, companyname, referencenumber, invoicedate, duedate, companycode, bankaccountnumber, amountexclvat, vat, totalamount, comment) VALUES ('1543235', 'Component Oy...</msg>
<status status="PASS" starttime="20240227 18:32:07.432" endtime="20240227 18:32:07.437"/>
</kw>
<kw name="Execute Sql String" library="DatabaseLibrary">
<arg>${query}</arg>
<doc>Executes the sqlString as SQL commands. Useful to pass arguments to your sql. Set optional input `sansTran` to
True to run command without an explicit transaction commit or rollback.</doc>
<msg timestamp="20240227 18:32:07.437" level="INFO">Executing : Execute SQL String  |  INSERT INTO invoiceheader (invoicenumber, companyname, referencenumber, invoicedate, duedate, companycode, bankaccountnumber, amountexclvat, vat, totalamount, comment) VALUES ('1543235', 'Component Oy', '15432359', '01.10.2022', '15.10.2022', '1234567-9', 'FI05 1234 5600 7891 01', 465, 111.6, 576.6, 'Reference number error') </msg>
<status status="PASS" starttime="20240227 18:32:07.437" endtime="20240227 18:32:07.439"/>
</kw>
<status status="PASS" starttime="20240227 18:32:07.371" endtime="20240227 18:32:07.439"/>
</kw>
<status status="PASS" starttime="20240227 18:32:07.371" endtime="20240227 18:32:07.439"/>
</iter>
<iter>
<var name="${header}">153143;Service Provider Oy;1531439;15.12.2022;01.04.2021;1234567-8;FI12 3456 7890 1234 56;2700;648;3348</var>
<kw name="Insert Invoice Header To DB">
<arg>${header}</arg>
<kw name="Make Connection">
<kw name="Connect To Database" library="DatabaseLibrary">
<arg>pymysql</arg>
<arg>${dbname}</arg>
<arg>${dbuser}</arg>
<arg>${dbpass}</arg>
<arg>${dbhost}</arg>
<arg>${dbport}</arg>
<doc>Loads the DB API 2.0 module given `dbapiModuleName` then uses it to
connect to the database using `dbName`, `dbUsername`, and `dbPassword`.</doc>
<msg timestamp="20240227 18:32:07.441" level="INFO">Connecting using : pymysql.connect(db=rpa_db, user=robocop, passwd=RPA.Password, host=localhost, port=3306, charset=None) </msg>
<status status="PASS" starttime="20240227 18:32:07.440" endtime="20240227 18:32:07.442"/>
</kw>
<status status="PASS" starttime="20240227 18:32:07.440" endtime="20240227 18:32:07.442"/>
</kw>
<kw name="Split String" library="String">
<var>@{headerDetails}</var>
<arg>${header}</arg>
<arg>;</arg>
<doc>Splits the ``string`` using ``separator`` as a delimiter string.</doc>
<msg timestamp="20240227 18:32:07.442" level="INFO">@{headerDetails} = [ 153143 | Service Provider Oy | 1531439 | 15.12.2022 | 01.04.2021 | 1234567-8 | FI12 3456 7890 1234 56 | 2700 | 648 | 3348 ]</msg>
<status status="PASS" starttime="20240227 18:32:07.442" endtime="20240227 18:32:07.442"/>
</kw>
<kw name="Is Reference Number Correct">
<var>${isRefCorrect}</var>
<arg>${headerDetails[2]}</arg>
<kw name="Evaluate" library="BuiltIn">
<var>${correct}</var>
<arg>len("${refNumber}") == 7 and "${refNumber}".isdigit()</arg>
<doc>Evaluates the given expression in Python and returns the result.</doc>
<msg timestamp="20240227 18:32:07.444" level="INFO">${correct} = True</msg>
<status status="PASS" starttime="20240227 18:32:07.443" endtime="20240227 18:32:07.444"/>
</kw>
<msg timestamp="20240227 18:32:07.444" level="INFO">${isRefCorrect} = True</msg>
<status status="PASS" starttime="20240227 18:32:07.443" endtime="20240227 18:32:07.444"/>
</kw>
<kw name="Is IBAN Correct">
<var>${ibanValid}</var>
<arg>${headerDetails[6]}</arg>
<kw name="Evaluate" library="BuiltIn">
<var>${correct}</var>
<arg>"${iban}"[:2].isalpha() and "${iban}"[:2].isupper() and len("${iban}") == 22</arg>
<doc>Evaluates the given expression in Python and returns the result.</doc>
<msg timestamp="20240227 18:32:07.446" level="INFO">${correct} = True</msg>
<status status="PASS" starttime="20240227 18:32:07.445" endtime="20240227 18:32:07.446"/>
</kw>
<msg timestamp="20240227 18:32:07.446" level="INFO">${ibanValid} = True</msg>
<status status="PASS" starttime="20240227 18:32:07.444" endtime="20240227 18:32:07.446"/>
</kw>
<kw name="Convert To Number" library="BuiltIn">
<var>${headerTotal}</var>
<arg>${headerDetails[9]}</arg>
<doc>Converts the given item to a floating point number.</doc>
<msg timestamp="20240227 18:32:07.447" level="INFO">${headerTotal} = 3348.0</msg>
<status status="PASS" starttime="20240227 18:32:07.446" endtime="20240227 18:32:07.447"/>
</kw>
<kw name="Calculate Total Amount From Rows">
<var>${calculatedTotal}</var>
<arg>${headerDetails[0]}</arg>
<kw name="Set Variable" library="BuiltIn">
<var>${totalAmount}</var>
<arg>${0}</arg>
<doc>Returns the given values which can then be assigned to a variables.</doc>
<msg timestamp="20240227 18:32:07.449" level="INFO">${totalAmount} = 0</msg>
<status status="PASS" starttime="20240227 18:32:07.448" endtime="20240227 18:32:07.449"/>
</kw>
<kw name="Read CSV File">
<var>@{rows}</var>
<arg>${ROW_CSV}</arg>
<kw name="Get File" library="OperatingSystem">
<var>${file_path}</var>
<arg>${filename}</arg>
<doc>Returns the contents of a specified file.</doc>
<msg timestamp="20240227 18:32:07.449" level="INFO" html="true">Getting file '&lt;a href="file://C:\Users\immor\Documents\UiPath\Invoice-Automation\Robot Validation\InvoiceRowData.csv"&gt;C:\Users\immor\Documents\UiPath\Invoice-Automation\Robot Validation\InvoiceRowData.csv&lt;/a&gt;'.</msg>
<msg timestamp="20240227 18:32:07.450" level="INFO">${file_path} = ﻿Description;Quantity;Unit;UnitPrice;VATPercent;VAT;Total;InvoiceNumber;RowNumber
Installation Services;5;h;60;24;72;372;143143;1
Replacement Products;10;kpl;105;24;252;1302;143143;2
Keyboard Logitech...</msg>
<status status="PASS" starttime="20240227 18:32:07.449" endtime="20240227 18:32:07.450"/>
</kw>
<kw name="Split To Lines" library="String">
<var>@{lines}</var>
<arg>${file_path}</arg>
<doc>Splits the given string to lines.</doc>
<msg timestamp="20240227 18:32:07.451" level="INFO">9 lines returned</msg>
<msg timestamp="20240227 18:32:07.451" level="INFO">@{lines} = [ ﻿Description;Quantity;Unit;UnitPrice;VATPercent;VAT;Total;InvoiceNumber;RowNumber | Installation Services;5;h;60;24;72;372;143143;1 | Replacement Products;10;kpl;105;24;252;1302;143143;2 | Keyboard ...</msg>
<status status="PASS" starttime="20240227 18:32:07.450" endtime="20240227 18:32:07.451"/>
</kw>
<msg timestamp="20240227 18:32:07.451" level="INFO">@{rows} = [ ﻿Description;Quantity;Unit;UnitPrice;VATPercent;VAT;Total;InvoiceNumber;RowNumber | Installation Services;5;h;60;24;72;372;143143;1 | Replacement Products;10;kpl;105;24;252;1302;143143;2 | Keyboard ...</msg>
<status status="PASS" starttime="20240227 18:32:07.449" endtime="20240227 18:32:07.451"/>
</kw>
<for flavor="IN">
<var>${row}</var>
<value>@{rows[1:]}</value>
<iter>
<var name="${row}">Installation Services;5;h;60;24;72;372;143143;1</var>
<kw name="Split String" library="String">
<var>@{rowDetails}</var>
<arg>${row}</arg>
<arg>;</arg>
<doc>Splits the ``string`` using ``separator`` as a delimiter string.</doc>
<msg timestamp="20240227 18:32:07.452" level="INFO">@{rowDetails} = [ Installation Services | 5 | h | 60 | 24 | 72 | 372 | 143143 | 1 ]</msg>
<status status="PASS" starttime="20240227 18:32:07.452" endtime="20240227 18:32:07.453"/>
</kw>
<kw name="Convert To Number" library="BuiltIn">
<var>${rowAmount}</var>
<arg>${rowDetails[6]}</arg>
<doc>Converts the given item to a floating point number.</doc>
<msg timestamp="20240227 18:32:07.454" level="INFO">${rowAmount} = 372.0</msg>
<status status="PASS" starttime="20240227 18:32:07.453" endtime="20240227 18:32:07.454"/>
</kw>
<kw name="Run Keyword If" library="BuiltIn">
<arg>'${rowDetails[7]}' == '${invoiceNumber}'</arg>
<arg>Evaluate</arg>
<arg>${totalAmount} + ${rowAmount}</arg>
<arg>ELSE</arg>
<arg>Set Variable</arg>
<arg>${totalAmount}</arg>
<doc>Runs the given keyword with the given arguments, if ``condition`` is true.</doc>
<kw name="Set Variable" library="BuiltIn">
<arg>${totalAmount}</arg>
<doc>Returns the given values which can then be assigned to a variables.</doc>
<status status="PASS" starttime="20240227 18:32:07.455" endtime="20240227 18:32:07.455"/>
</kw>
<status status="PASS" starttime="20240227 18:32:07.454" endtime="20240227 18:32:07.455"/>
</kw>
<status status="PASS" starttime="20240227 18:32:07.452" endtime="20240227 18:32:07.456"/>
</iter>
<iter>
<var name="${row}">Replacement Products;10;kpl;105;24;252;1302;143143;2</var>
<kw name="Split String" library="String">
<var>@{rowDetails}</var>
<arg>${row}</arg>
<arg>;</arg>
<doc>Splits the ``string`` using ``separator`` as a delimiter string.</doc>
<msg timestamp="20240227 18:32:07.456" level="INFO">@{rowDetails} = [ Replacement Products | 10 | kpl | 105 | 24 | 252 | 1302 | 143143 | 2 ]</msg>
<status status="PASS" starttime="20240227 18:32:07.456" endtime="20240227 18:32:07.456"/>
</kw>
<kw name="Convert To Number" library="BuiltIn">
<var>${rowAmount}</var>
<arg>${rowDetails[6]}</arg>
<doc>Converts the given item to a floating point number.</doc>
<msg timestamp="20240227 18:32:07.457" level="INFO">${rowAmount} = 1302.0</msg>
<status status="PASS" starttime="20240227 18:32:07.457" endtime="20240227 18:32:07.457"/>
</kw>
<kw name="Run Keyword If" library="BuiltIn">
<arg>'${rowDetails[7]}' == '${invoiceNumber}'</arg>
<arg>Evaluate</arg>
<arg>${totalAmount} + ${rowAmount}</arg>
<arg>ELSE</arg>
<arg>Set Variable</arg>
<arg>${totalAmount}</arg>
<doc>Runs the given keyword with the given arguments, if ``condition`` is true.</doc>
<kw name="Set Variable" library="BuiltIn">
<arg>${totalAmount}</arg>
<doc>Returns the given values which can then be assigned to a variables.</doc>
<status status="PASS" starttime="20240227 18:32:07.458" endtime="20240227 18:32:07.459"/>
</kw>
<status status="PASS" starttime="20240227 18:32:07.458" endtime="20240227 18:32:07.459"/>
</kw>
<status status="PASS" starttime="20240227 18:32:07.456" endtime="20240227 18:32:07.459"/>
</iter>
<iter>
<var name="${row}">Keyboard Logitech;10;kpl;40;24;96;496;1543235;1</var>
<kw name="Split String" library="String">
<var>@{rowDetails}</var>
<arg>${row}</arg>
<arg>;</arg>
<doc>Splits the ``string`` using ``separator`` as a delimiter string.</doc>
<msg timestamp="20240227 18:32:07.459" level="INFO">@{rowDetails} = [ Keyboard Logitech | 10 | kpl | 40 | 24 | 96 | 496 | 1543235 | 1 ]</msg>
<status status="PASS" starttime="20240227 18:32:07.459" endtime="20240227 18:32:07.459"/>
</kw>
<kw name="Convert To Number" library="BuiltIn">
<var>${rowAmount}</var>
<arg>${rowDetails[6]}</arg>
<doc>Converts the given item to a floating point number.</doc>
<msg timestamp="20240227 18:32:07.459" level="INFO">${rowAmount} = 496.0</msg>
<status status="PASS" starttime="20240227 18:32:07.459" endtime="20240227 18:32:07.459"/>
</kw>
<kw name="Run Keyword If" library="BuiltIn">
<arg>'${rowDetails[7]}' == '${invoiceNumber}'</arg>
<arg>Evaluate</arg>
<arg>${totalAmount} + ${rowAmount}</arg>
<arg>ELSE</arg>
<arg>Set Variable</arg>
<arg>${totalAmount}</arg>
<doc>Runs the given keyword with the given arguments, if ``condition`` is true.</doc>
<kw name="Set Variable" library="BuiltIn">
<arg>${totalAmount}</arg>
<doc>Returns the given values which can then be assigned to a variables.</doc>
<status status="PASS" starttime="20240227 18:32:07.459" endtime="20240227 18:32:07.459"/>
</kw>
<status status="PASS" starttime="20240227 18:32:07.459" endtime="20240227 18:32:07.459"/>
</kw>
<status status="PASS" starttime="20240227 18:32:07.459" endtime="20240227 18:32:07.459"/>
</iter>
<iter>
<var name="${row}">Brother printer;1;kpl;65;24;15.6;80.6;1543235;2</var>
<kw name="Split String" library="String">
<var>@{rowDetails}</var>
<arg>${row}</arg>
<arg>;</arg>
<doc>Splits the ``string`` using ``separator`` as a delimiter string.</doc>
<msg timestamp="20240227 18:32:07.463" level="INFO">@{rowDetails} = [ Brother printer | 1 | kpl | 65 | 24 | 15.6 | 80.6 | 1543235 | 2 ]</msg>
<status status="PASS" starttime="20240227 18:32:07.459" endtime="20240227 18:32:07.463"/>
</kw>
<kw name="Convert To Number" library="BuiltIn">
<var>${rowAmount}</var>
<arg>${rowDetails[6]}</arg>
<doc>Converts the given item to a floating point number.</doc>
<msg timestamp="20240227 18:32:07.463" level="INFO">${rowAmount} = 80.6</msg>
<status status="PASS" starttime="20240227 18:32:07.463" endtime="20240227 18:32:07.463"/>
</kw>
<kw name="Run Keyword If" library="BuiltIn">
<arg>'${rowDetails[7]}' == '${invoiceNumber}'</arg>
<arg>Evaluate</arg>
<arg>${totalAmount} + ${rowAmount}</arg>
<arg>ELSE</arg>
<arg>Set Variable</arg>
<arg>${totalAmount}</arg>
<doc>Runs the given keyword with the given arguments, if ``condition`` is true.</doc>
<kw name="Set Variable" library="BuiltIn">
<arg>${totalAmount}</arg>
<doc>Returns the given values which can then be assigned to a variables.</doc>
<status status="PASS" starttime="20240227 18:32:07.463" endtime="20240227 18:32:07.463"/>
</kw>
<status status="PASS" starttime="20240227 18:32:07.463" endtime="20240227 18:32:07.463"/>
</kw>
<status status="PASS" starttime="20240227 18:32:07.459" endtime="20240227 18:32:07.463"/>
</iter>
<iter>
<var name="${row}">Installation Services;5;h;60;24;72;372;153143;1</var>
<kw name="Split String" library="String">
<var>@{rowDetails}</var>
<arg>${row}</arg>
<arg>;</arg>
<doc>Splits the ``string`` using ``separator`` as a delimiter string.</doc>
<msg timestamp="20240227 18:32:07.463" level="INFO">@{rowDetails} = [ Installation Services | 5 | h | 60 | 24 | 72 | 372 | 153143 | 1 ]</msg>
<status status="PASS" starttime="20240227 18:32:07.463" endtime="20240227 18:32:07.463"/>
</kw>
<kw name="Convert To Number" library="BuiltIn">
<var>${rowAmount}</var>
<arg>${rowDetails[6]}</arg>
<doc>Converts the given item to a floating point number.</doc>
<msg timestamp="20240227 18:32:07.463" level="INFO">${rowAmount} = 372.0</msg>
<status status="PASS" starttime="20240227 18:32:07.463" endtime="20240227 18:32:07.463"/>
</kw>
<kw name="Run Keyword If" library="BuiltIn">
<arg>'${rowDetails[7]}' == '${invoiceNumber}'</arg>
<arg>Evaluate</arg>
<arg>${totalAmount} + ${rowAmount}</arg>
<arg>ELSE</arg>
<arg>Set Variable</arg>
<arg>${totalAmount}</arg>
<doc>Runs the given keyword with the given arguments, if ``condition`` is true.</doc>
<kw name="Evaluate" library="BuiltIn">
<arg>${totalAmount} + ${rowAmount}</arg>
<doc>Evaluates the given expression in Python and returns the result.</doc>
<status status="PASS" starttime="20240227 18:32:07.463" endtime="20240227 18:32:07.463"/>
</kw>
<status status="PASS" starttime="20240227 18:32:07.463" endtime="20240227 18:32:07.463"/>
</kw>
<status status="PASS" starttime="20240227 18:32:07.463" endtime="20240227 18:32:07.463"/>
</iter>
<iter>
<var name="${row}">Replacement Products;10;kpl;105;24;252;1302;153143;2</var>
<kw name="Split String" library="String">
<var>@{rowDetails}</var>
<arg>${row}</arg>
<arg>;</arg>
<doc>Splits the ``string`` using ``separator`` as a delimiter string.</doc>
<msg timestamp="20240227 18:32:07.463" level="INFO">@{rowDetails} = [ Replacement Products | 10 | kpl | 105 | 24 | 252 | 1302 | 153143 | 2 ]</msg>
<status status="PASS" starttime="20240227 18:32:07.463" endtime="20240227 18:32:07.463"/>
</kw>
<kw name="Convert To Number" library="BuiltIn">
<var>${rowAmount}</var>
<arg>${rowDetails[6]}</arg>
<doc>Converts the given item to a floating point number.</doc>
<msg timestamp="20240227 18:32:07.463" level="INFO">${rowAmount} = 1302.0</msg>
<status status="PASS" starttime="20240227 18:32:07.463" endtime="20240227 18:32:07.463"/>
</kw>
<kw name="Run Keyword If" library="BuiltIn">
<arg>'${rowDetails[7]}' == '${invoiceNumber}'</arg>
<arg>Evaluate</arg>
<arg>${totalAmount} + ${rowAmount}</arg>
<arg>ELSE</arg>
<arg>Set Variable</arg>
<arg>${totalAmount}</arg>
<doc>Runs the given keyword with the given arguments, if ``condition`` is true.</doc>
<kw name="Evaluate" library="BuiltIn">
<arg>${totalAmount} + ${rowAmount}</arg>
<doc>Evaluates the given expression in Python and returns the result.</doc>
<status status="PASS" starttime="20240227 18:32:07.463" endtime="20240227 18:32:07.463"/>
</kw>
<status status="PASS" starttime="20240227 18:32:07.463" endtime="20240227 18:32:07.463"/>
</kw>
<status status="PASS" starttime="20240227 18:32:07.463" endtime="20240227 18:32:07.463"/>
</iter>
<iter>
<var name="${row}">Cleaning Services;5;h;60;24;72;372;153143;3</var>
<kw name="Split String" library="String">
<var>@{rowDetails}</var>
<arg>${row}</arg>
<arg>;</arg>
<doc>Splits the ``string`` using ``separator`` as a delimiter string.</doc>
<msg timestamp="20240227 18:32:07.463" level="INFO">@{rowDetails} = [ Cleaning Services | 5 | h | 60 | 24 | 72 | 372 | 153143 | 3 ]</msg>
<status status="PASS" starttime="20240227 18:32:07.463" endtime="20240227 18:32:07.474"/>
</kw>
<kw name="Convert To Number" library="BuiltIn">
<var>${rowAmount}</var>
<arg>${rowDetails[6]}</arg>
<doc>Converts the given item to a floating point number.</doc>
<msg timestamp="20240227 18:32:07.474" level="INFO">${rowAmount} = 372.0</msg>
<status status="PASS" starttime="20240227 18:32:07.474" endtime="20240227 18:32:07.474"/>
</kw>
<kw name="Run Keyword If" library="BuiltIn">
<arg>'${rowDetails[7]}' == '${invoiceNumber}'</arg>
<arg>Evaluate</arg>
<arg>${totalAmount} + ${rowAmount}</arg>
<arg>ELSE</arg>
<arg>Set Variable</arg>
<arg>${totalAmount}</arg>
<doc>Runs the given keyword with the given arguments, if ``condition`` is true.</doc>
<kw name="Evaluate" library="BuiltIn">
<arg>${totalAmount} + ${rowAmount}</arg>
<doc>Evaluates the given expression in Python and returns the result.</doc>
<status status="PASS" starttime="20240227 18:32:07.475" endtime="20240227 18:32:07.475"/>
</kw>
<status status="PASS" starttime="20240227 18:32:07.475" endtime="20240227 18:32:07.475"/>
</kw>
<status status="PASS" starttime="20240227 18:32:07.463" endtime="20240227 18:32:07.475"/>
</iter>
<iter>
<var name="${row}">Cleaning Wipes;10;kpl;105;24;252;1302;153143;4</var>
<kw name="Split String" library="String">
<var>@{rowDetails}</var>
<arg>${row}</arg>
<arg>;</arg>
<doc>Splits the ``string`` using ``separator`` as a delimiter string.</doc>
<msg timestamp="20240227 18:32:07.475" level="INFO">@{rowDetails} = [ Cleaning Wipes | 10 | kpl | 105 | 24 | 252 | 1302 | 153143 | 4 ]</msg>
<status status="PASS" starttime="20240227 18:32:07.475" endtime="20240227 18:32:07.475"/>
</kw>
<kw name="Convert To Number" library="BuiltIn">
<var>${rowAmount}</var>
<arg>${rowDetails[6]}</arg>
<doc>Converts the given item to a floating point number.</doc>
<msg timestamp="20240227 18:32:07.475" level="INFO">${rowAmount} = 1302.0</msg>
<status status="PASS" starttime="20240227 18:32:07.475" endtime="20240227 18:32:07.475"/>
</kw>
<kw name="Run Keyword If" library="BuiltIn">
<arg>'${rowDetails[7]}' == '${invoiceNumber}'</arg>
<arg>Evaluate</arg>
<arg>${totalAmount} + ${rowAmount}</arg>
<arg>ELSE</arg>
<arg>Set Variable</arg>
<arg>${totalAmount}</arg>
<doc>Runs the given keyword with the given arguments, if ``condition`` is true.</doc>
<kw name="Evaluate" library="BuiltIn">
<arg>${totalAmount} + ${rowAmount}</arg>
<doc>Evaluates the given expression in Python and returns the result.</doc>
<status status="PASS" starttime="20240227 18:32:07.479" endtime="20240227 18:32:07.480"/>
</kw>
<status status="PASS" starttime="20240227 18:32:07.475" endtime="20240227 18:32:07.480"/>
</kw>
<status status="PASS" starttime="20240227 18:32:07.475" endtime="20240227 18:32:07.480"/>
</iter>
<status status="PASS" starttime="20240227 18:32:07.451" endtime="20240227 18:32:07.480"/>
</for>
<msg timestamp="20240227 18:32:07.480" level="INFO">${calculatedTotal} = 0</msg>
<status status="PASS" starttime="20240227 18:32:07.447" endtime="20240227 18:32:07.481"/>
</kw>
<kw name="Run Keyword If" library="BuiltIn">
<arg>${calculatedTotal} != ${headerTotal}</arg>
<arg>Log</arg>
<arg>Total amount mismatch for invoice ${headerDetails[0]}: Expected=${headerTotal}, Actual=${calculatedTotal}</arg>
<arg>ELSE</arg>
<arg>No Operation</arg>
<doc>Runs the given keyword with the given arguments, if ``condition`` is true.</doc>
<kw name="Log" library="BuiltIn">
<arg>Total amount mismatch for invoice ${headerDetails[0]}: Expected=${headerTotal}, Actual=${calculatedTotal}</arg>
<doc>Logs the given message with the given level.</doc>
<msg timestamp="20240227 18:32:07.483" level="INFO">Total amount mismatch for invoice 153143: Expected=3348.0, Actual=0</msg>
<status status="PASS" starttime="20240227 18:32:07.482" endtime="20240227 18:32:07.483"/>
</kw>
<status status="PASS" starttime="20240227 18:32:07.481" endtime="20240227 18:32:07.483"/>
</kw>
<kw name="Evaluate" library="BuiltIn">
<var>${amountMismatch}</var>
<arg>${calculatedTotal} != ${headerTotal}</arg>
<doc>Evaluates the given expression in Python and returns the result.</doc>
<msg timestamp="20240227 18:32:07.483" level="INFO">${amountMismatch} = True</msg>
<status status="PASS" starttime="20240227 18:32:07.483" endtime="20240227 18:32:07.483"/>
</kw>
<kw name="Evaluate" library="BuiltIn">
<var>${statusOfInvoice}</var>
<arg>0 if ${isRefCorrect} and ${ibanValid} and not ${amountMismatch} else 1 if not ${isRefCorrect} else 2 if not ${ibanValid} else 3</arg>
<doc>Evaluates the given expression in Python and returns the result.</doc>
<msg timestamp="20240227 18:32:07.484" level="INFO">${statusOfInvoice} = 3</msg>
<status status="PASS" starttime="20240227 18:32:07.484" endtime="20240227 18:32:07.484"/>
</kw>
<kw name="Set Variable If" library="BuiltIn">
<var>${commentOfInvoice}</var>
<arg>${statusOfInvoice}==0</arg>
<arg>All ok</arg>
<doc>Sets variable based on the given condition.</doc>
<msg timestamp="20240227 18:32:07.484" level="INFO">${commentOfInvoice} = None</msg>
<status status="PASS" starttime="20240227 18:32:07.484" endtime="20240227 18:32:07.484"/>
</kw>
<kw name="Set Variable If" library="BuiltIn">
<var>${commentOfInvoice}</var>
<arg>${statusOfInvoice}==1</arg>
<arg>Reference number error</arg>
<arg>${commentOfInvoice}</arg>
<doc>Sets variable based on the given condition.</doc>
<msg timestamp="20240227 18:32:07.485" level="INFO">${commentOfInvoice} = None</msg>
<status status="PASS" starttime="20240227 18:32:07.485" endtime="20240227 18:32:07.485"/>
</kw>
<kw name="Set Variable If" library="BuiltIn">
<var>${commentOfInvoice}</var>
<arg>${statusOfInvoice}==2</arg>
<arg>IBAN number error</arg>
<arg>${commentOfInvoice}</arg>
<doc>Sets variable based on the given condition.</doc>
<msg timestamp="20240227 18:32:07.486" level="INFO">${commentOfInvoice} = None</msg>
<status status="PASS" starttime="20240227 18:32:07.486" endtime="20240227 18:32:07.486"/>
</kw>
<kw name="Set Variable If" library="BuiltIn">
<var>${commentOfInvoice}</var>
<arg>${statusOfInvoice}==3</arg>
<arg>Total amount mismatch: Expected=${headerTotal}, Actual=${calculatedTotal}</arg>
<arg>${commentOfInvoice}</arg>
<doc>Sets variable based on the given condition.</doc>
<msg timestamp="20240227 18:32:07.486" level="INFO">${commentOfInvoice} = Total amount mismatch: Expected=3348.0, Actual=0</msg>
<status status="PASS" starttime="20240227 18:32:07.486" endtime="20240227 18:32:07.486"/>
</kw>
<kw name="Catenate" library="BuiltIn">
<var>${query}</var>
<arg>SEPARATOR=</arg>
<arg>INSERT INTO invoiceheader (invoicenumber, companyname, referencenumber, invoicedate, duedate, companycode, bankaccountnumber, amountexclvat, vat, totalamount, comment) VALUES ('${headerDetails[0]}', '${headerDetails[1]}', '${headerDetails[2]}', '${headerDetails[3]}', '${headerDetails[4]}', '${headerDetails[5]}', '${headerDetails[6]}', ${headerDetails[7]}, ${headerDetails[8]}, ${headerDetails[9]}, '${commentOfInvoice}')</arg>
<doc>Catenates the given items together and returns the resulted string.</doc>
<msg timestamp="20240227 18:32:07.508" level="INFO">${query} = INSERT INTO invoiceheader (invoicenumber, companyname, referencenumber, invoicedate, duedate, companycode, bankaccountnumber, amountexclvat, vat, totalamount, comment) VALUES ('153143', 'Service Provi...</msg>
<status status="PASS" starttime="20240227 18:32:07.486" endtime="20240227 18:32:07.508"/>
</kw>
<kw name="Execute Sql String" library="DatabaseLibrary">
<arg>${query}</arg>
<doc>Executes the sqlString as SQL commands. Useful to pass arguments to your sql. Set optional input `sansTran` to
True to run command without an explicit transaction commit or rollback.</doc>
<msg timestamp="20240227 18:32:07.508" level="INFO">Executing : Execute SQL String  |  INSERT INTO invoiceheader (invoicenumber, companyname, referencenumber, invoicedate, duedate, companycode, bankaccountnumber, amountexclvat, vat, totalamount, comment) VALUES ('153143', 'Service Provider Oy', '1531439', '15.12.2022', '01.04.2021', '1234567-8', 'FI12 3456 7890 1234 56', 2700, 648, 3348, 'Total amount mismatch: Expected=3348.0, Actual=0') </msg>
<status status="PASS" starttime="20240227 18:32:07.508" endtime="20240227 18:32:07.513"/>
</kw>
<status status="PASS" starttime="20240227 18:32:07.439" endtime="20240227 18:32:07.513"/>
</kw>
<status status="PASS" starttime="20240227 18:32:07.439" endtime="20240227 18:32:07.513"/>
</iter>
<status status="PASS" starttime="20240227 18:32:07.329" endtime="20240227 18:32:07.513"/>
</for>
<kw name="Insert Invoice Rows To DB">
<arg>@{rowLines[1:]}</arg>
<kw name="Make Connection">
<kw name="Connect To Database" library="DatabaseLibrary">
<arg>pymysql</arg>
<arg>${dbname}</arg>
<arg>${dbuser}</arg>
<arg>${dbpass}</arg>
<arg>${dbhost}</arg>
<arg>${dbport}</arg>
<doc>Loads the DB API 2.0 module given `dbapiModuleName` then uses it to
connect to the database using `dbName`, `dbUsername`, and `dbPassword`.</doc>
<msg timestamp="20240227 18:32:07.513" level="INFO">Connecting using : pymysql.connect(db=rpa_db, user=robocop, passwd=RPA.Password, host=localhost, port=3306, charset=None) </msg>
<status status="PASS" starttime="20240227 18:32:07.513" endtime="20240227 18:32:07.531"/>
</kw>
<status status="PASS" starttime="20240227 18:32:07.513" endtime="20240227 18:32:07.531"/>
</kw>
<for flavor="IN">
<var>${row}</var>
<value>@{rows}</value>
<iter>
<var name="${row}">Installation Services;5;h;60;24;72;372;143143;1</var>
<kw name="Split String" library="String">
<var>@{rowDetails}</var>
<arg>${row}</arg>
<arg>;</arg>
<doc>Splits the ``string`` using ``separator`` as a delimiter string.</doc>
<msg timestamp="20240227 18:32:07.532" level="INFO">@{rowDetails} = [ Installation Services | 5 | h | 60 | 24 | 72 | 372 | 143143 | 1 ]</msg>
<status status="PASS" starttime="20240227 18:32:07.532" endtime="20240227 18:32:07.532"/>
</kw>
<kw name="Catenate" library="BuiltIn">
<var>${query}</var>
<arg>SEPARATOR=</arg>
<arg>INSERT INTO invoicerow (invoicenumber, rownumber, description, quantity, unit, unitprice, vatpercent, vat, total) VALUES ('${rowDetails[7]}', '${rowDetails[8]}', '${rowDetails[0]}', ${rowDetails[1]}, '${rowDetails[2]}', ${rowDetails[3]}, ${rowDetails[4]}, ${rowDetails[5]}, ${rowDetails[6]})</arg>
<doc>Catenates the given items together and returns the resulted string.</doc>
<msg timestamp="20240227 18:32:07.537" level="INFO">${query} = INSERT INTO invoicerow (invoicenumber, rownumber, description, quantity, unit, unitprice, vatpercent, vat, total) VALUES ('143143', '1', 'Installation Services', 5, 'h', 60, 24, 72, 372)</msg>
<status status="PASS" starttime="20240227 18:32:07.533" endtime="20240227 18:32:07.537"/>
</kw>
<kw name="Execute Sql String" library="DatabaseLibrary">
<arg>${query}</arg>
<doc>Executes the sqlString as SQL commands. Useful to pass arguments to your sql. Set optional input `sansTran` to
True to run command without an explicit transaction commit or rollback.</doc>
<msg timestamp="20240227 18:32:07.537" level="INFO">Executing : Execute SQL String  |  INSERT INTO invoicerow (invoicenumber, rownumber, description, quantity, unit, unitprice, vatpercent, vat, total) VALUES ('143143', '1', 'Installation Services', 5, 'h', 60, 24, 72, 372) </msg>
<status status="PASS" starttime="20240227 18:32:07.537" endtime="20240227 18:32:07.538"/>
</kw>
<status status="PASS" starttime="20240227 18:32:07.532" endtime="20240227 18:32:07.538"/>
</iter>
<iter>
<var name="${row}">Replacement Products;10;kpl;105;24;252;1302;143143;2</var>
<kw name="Split String" library="String">
<var>@{rowDetails}</var>
<arg>${row}</arg>
<arg>;</arg>
<doc>Splits the ``string`` using ``separator`` as a delimiter string.</doc>
<msg timestamp="20240227 18:32:07.540" level="INFO">@{rowDetails} = [ Replacement Products | 10 | kpl | 105 | 24 | 252 | 1302 | 143143 | 2 ]</msg>
<status status="PASS" starttime="20240227 18:32:07.540" endtime="20240227 18:32:07.540"/>
</kw>
<kw name="Catenate" library="BuiltIn">
<var>${query}</var>
<arg>SEPARATOR=</arg>
<arg>INSERT INTO invoicerow (invoicenumber, rownumber, description, quantity, unit, unitprice, vatpercent, vat, total) VALUES ('${rowDetails[7]}', '${rowDetails[8]}', '${rowDetails[0]}', ${rowDetails[1]}, '${rowDetails[2]}', ${rowDetails[3]}, ${rowDetails[4]}, ${rowDetails[5]}, ${rowDetails[6]})</arg>
<doc>Catenates the given items together and returns the resulted string.</doc>
<msg timestamp="20240227 18:32:07.544" level="INFO">${query} = INSERT INTO invoicerow (invoicenumber, rownumber, description, quantity, unit, unitprice, vatpercent, vat, total) VALUES ('143143', '2', 'Replacement Products', 10, 'kpl', 105, 24, 252, 1302)</msg>
<status status="PASS" starttime="20240227 18:32:07.540" endtime="20240227 18:32:07.544"/>
</kw>
<kw name="Execute Sql String" library="DatabaseLibrary">
<arg>${query}</arg>
<doc>Executes the sqlString as SQL commands. Useful to pass arguments to your sql. Set optional input `sansTran` to
True to run command without an explicit transaction commit or rollback.</doc>
<msg timestamp="20240227 18:32:07.544" level="INFO">Executing : Execute SQL String  |  INSERT INTO invoicerow (invoicenumber, rownumber, description, quantity, unit, unitprice, vatpercent, vat, total) VALUES ('143143', '2', 'Replacement Products', 10, 'kpl', 105, 24, 252, 1302) </msg>
<status status="PASS" starttime="20240227 18:32:07.544" endtime="20240227 18:32:07.545"/>
</kw>
<status status="PASS" starttime="20240227 18:32:07.538" endtime="20240227 18:32:07.545"/>
</iter>
<iter>
<var name="${row}">Keyboard Logitech;10;kpl;40;24;96;496;1543235;1</var>
<kw name="Split String" library="String">
<var>@{rowDetails}</var>
<arg>${row}</arg>
<arg>;</arg>
<doc>Splits the ``string`` using ``separator`` as a delimiter string.</doc>
<msg timestamp="20240227 18:32:07.546" level="INFO">@{rowDetails} = [ Keyboard Logitech | 10 | kpl | 40 | 24 | 96 | 496 | 1543235 | 1 ]</msg>
<status status="PASS" starttime="20240227 18:32:07.546" endtime="20240227 18:32:07.546"/>
</kw>
<kw name="Catenate" library="BuiltIn">
<var>${query}</var>
<arg>SEPARATOR=</arg>
<arg>INSERT INTO invoicerow (invoicenumber, rownumber, description, quantity, unit, unitprice, vatpercent, vat, total) VALUES ('${rowDetails[7]}', '${rowDetails[8]}', '${rowDetails[0]}', ${rowDetails[1]}, '${rowDetails[2]}', ${rowDetails[3]}, ${rowDetails[4]}, ${rowDetails[5]}, ${rowDetails[6]})</arg>
<doc>Catenates the given items together and returns the resulted string.</doc>
<msg timestamp="20240227 18:32:07.549" level="INFO">${query} = INSERT INTO invoicerow (invoicenumber, rownumber, description, quantity, unit, unitprice, vatpercent, vat, total) VALUES ('1543235', '1', 'Keyboard Logitech', 10, 'kpl', 40, 24, 96, 496)</msg>
<status status="PASS" starttime="20240227 18:32:07.546" endtime="20240227 18:32:07.549"/>
</kw>
<kw name="Execute Sql String" library="DatabaseLibrary">
<arg>${query}</arg>
<doc>Executes the sqlString as SQL commands. Useful to pass arguments to your sql. Set optional input `sansTran` to
True to run command without an explicit transaction commit or rollback.</doc>
<msg timestamp="20240227 18:32:07.549" level="INFO">Executing : Execute SQL String  |  INSERT INTO invoicerow (invoicenumber, rownumber, description, quantity, unit, unitprice, vatpercent, vat, total) VALUES ('1543235', '1', 'Keyboard Logitech', 10, 'kpl', 40, 24, 96, 496) </msg>
<status status="PASS" starttime="20240227 18:32:07.549" endtime="20240227 18:32:07.551"/>
</kw>
<status status="PASS" starttime="20240227 18:32:07.545" endtime="20240227 18:32:07.551"/>
</iter>
<iter>
<var name="${row}">Brother printer;1;kpl;65;24;15.6;80.6;1543235;2</var>
<kw name="Split String" library="String">
<var>@{rowDetails}</var>
<arg>${row}</arg>
<arg>;</arg>
<doc>Splits the ``string`` using ``separator`` as a delimiter string.</doc>
<msg timestamp="20240227 18:32:07.552" level="INFO">@{rowDetails} = [ Brother printer | 1 | kpl | 65 | 24 | 15.6 | 80.6 | 1543235 | 2 ]</msg>
<status status="PASS" starttime="20240227 18:32:07.551" endtime="20240227 18:32:07.552"/>
</kw>
<kw name="Catenate" library="BuiltIn">
<var>${query}</var>
<arg>SEPARATOR=</arg>
<arg>INSERT INTO invoicerow (invoicenumber, rownumber, description, quantity, unit, unitprice, vatpercent, vat, total) VALUES ('${rowDetails[7]}', '${rowDetails[8]}', '${rowDetails[0]}', ${rowDetails[1]}, '${rowDetails[2]}', ${rowDetails[3]}, ${rowDetails[4]}, ${rowDetails[5]}, ${rowDetails[6]})</arg>
<doc>Catenates the given items together and returns the resulted string.</doc>
<msg timestamp="20240227 18:32:07.557" level="INFO">${query} = INSERT INTO invoicerow (invoicenumber, rownumber, description, quantity, unit, unitprice, vatpercent, vat, total) VALUES ('1543235', '2', 'Brother printer', 1, 'kpl', 65, 24, 15.6, 80.6)</msg>
<status status="PASS" starttime="20240227 18:32:07.552" endtime="20240227 18:32:07.557"/>
</kw>
<kw name="Execute Sql String" library="DatabaseLibrary">
<arg>${query}</arg>
<doc>Executes the sqlString as SQL commands. Useful to pass arguments to your sql. Set optional input `sansTran` to
True to run command without an explicit transaction commit or rollback.</doc>
<msg timestamp="20240227 18:32:07.557" level="INFO">Executing : Execute SQL String  |  INSERT INTO invoicerow (invoicenumber, rownumber, description, quantity, unit, unitprice, vatpercent, vat, total) VALUES ('1543235', '2', 'Brother printer', 1, 'kpl', 65, 24, 15.6, 80.6) </msg>
<status status="PASS" starttime="20240227 18:32:07.557" endtime="20240227 18:32:07.558"/>
</kw>
<status status="PASS" starttime="20240227 18:32:07.551" endtime="20240227 18:32:07.558"/>
</iter>
<iter>
<var name="${row}">Installation Services;5;h;60;24;72;372;153143;1</var>
<kw name="Split String" library="String">
<var>@{rowDetails}</var>
<arg>${row}</arg>
<arg>;</arg>
<doc>Splits the ``string`` using ``separator`` as a delimiter string.</doc>
<msg timestamp="20240227 18:32:07.559" level="INFO">@{rowDetails} = [ Installation Services | 5 | h | 60 | 24 | 72 | 372 | 153143 | 1 ]</msg>
<status status="PASS" starttime="20240227 18:32:07.558" endtime="20240227 18:32:07.560"/>
</kw>
<kw name="Catenate" library="BuiltIn">
<var>${query}</var>
<arg>SEPARATOR=</arg>
<arg>INSERT INTO invoicerow (invoicenumber, rownumber, description, quantity, unit, unitprice, vatpercent, vat, total) VALUES ('${rowDetails[7]}', '${rowDetails[8]}', '${rowDetails[0]}', ${rowDetails[1]}, '${rowDetails[2]}', ${rowDetails[3]}, ${rowDetails[4]}, ${rowDetails[5]}, ${rowDetails[6]})</arg>
<doc>Catenates the given items together and returns the resulted string.</doc>
<msg timestamp="20240227 18:32:07.560" level="INFO">${query} = INSERT INTO invoicerow (invoicenumber, rownumber, description, quantity, unit, unitprice, vatpercent, vat, total) VALUES ('153143', '1', 'Installation Services', 5, 'h', 60, 24, 72, 372)</msg>
<status status="PASS" starttime="20240227 18:32:07.560" endtime="20240227 18:32:07.560"/>
</kw>
<kw name="Execute Sql String" library="DatabaseLibrary">
<arg>${query}</arg>
<doc>Executes the sqlString as SQL commands. Useful to pass arguments to your sql. Set optional input `sansTran` to
True to run command without an explicit transaction commit or rollback.</doc>
<msg timestamp="20240227 18:32:07.563" level="INFO">Executing : Execute SQL String  |  INSERT INTO invoicerow (invoicenumber, rownumber, description, quantity, unit, unitprice, vatpercent, vat, total) VALUES ('153143', '1', 'Installation Services', 5, 'h', 60, 24, 72, 372) </msg>
<status status="PASS" starttime="20240227 18:32:07.560" endtime="20240227 18:32:07.563"/>
</kw>
<status status="PASS" starttime="20240227 18:32:07.558" endtime="20240227 18:32:07.563"/>
</iter>
<iter>
<var name="${row}">Replacement Products;10;kpl;105;24;252;1302;153143;2</var>
<kw name="Split String" library="String">
<var>@{rowDetails}</var>
<arg>${row}</arg>
<arg>;</arg>
<doc>Splits the ``string`` using ``separator`` as a delimiter string.</doc>
<msg timestamp="20240227 18:32:07.563" level="INFO">@{rowDetails} = [ Replacement Products | 10 | kpl | 105 | 24 | 252 | 1302 | 153143 | 2 ]</msg>
<status status="PASS" starttime="20240227 18:32:07.563" endtime="20240227 18:32:07.563"/>
</kw>
<kw name="Catenate" library="BuiltIn">
<var>${query}</var>
<arg>SEPARATOR=</arg>
<arg>INSERT INTO invoicerow (invoicenumber, rownumber, description, quantity, unit, unitprice, vatpercent, vat, total) VALUES ('${rowDetails[7]}', '${rowDetails[8]}', '${rowDetails[0]}', ${rowDetails[1]}, '${rowDetails[2]}', ${rowDetails[3]}, ${rowDetails[4]}, ${rowDetails[5]}, ${rowDetails[6]})</arg>
<doc>Catenates the given items together and returns the resulted string.</doc>
<msg timestamp="20240227 18:32:07.563" level="INFO">${query} = INSERT INTO invoicerow (invoicenumber, rownumber, description, quantity, unit, unitprice, vatpercent, vat, total) VALUES ('153143', '2', 'Replacement Products', 10, 'kpl', 105, 24, 252, 1302)</msg>
<status status="PASS" starttime="20240227 18:32:07.563" endtime="20240227 18:32:07.563"/>
</kw>
<kw name="Execute Sql String" library="DatabaseLibrary">
<arg>${query}</arg>
<doc>Executes the sqlString as SQL commands. Useful to pass arguments to your sql. Set optional input `sansTran` to
True to run command without an explicit transaction commit or rollback.</doc>
<msg timestamp="20240227 18:32:07.563" level="INFO">Executing : Execute SQL String  |  INSERT INTO invoicerow (invoicenumber, rownumber, description, quantity, unit, unitprice, vatpercent, vat, total) VALUES ('153143', '2', 'Replacement Products', 10, 'kpl', 105, 24, 252, 1302) </msg>
<status status="PASS" starttime="20240227 18:32:07.563" endtime="20240227 18:32:07.571"/>
</kw>
<status status="PASS" starttime="20240227 18:32:07.563" endtime="20240227 18:32:07.571"/>
</iter>
<iter>
<var name="${row}">Cleaning Services;5;h;60;24;72;372;153143;3</var>
<kw name="Split String" library="String">
<var>@{rowDetails}</var>
<arg>${row}</arg>
<arg>;</arg>
<doc>Splits the ``string`` using ``separator`` as a delimiter string.</doc>
<msg timestamp="20240227 18:32:07.572" level="INFO">@{rowDetails} = [ Cleaning Services | 5 | h | 60 | 24 | 72 | 372 | 153143 | 3 ]</msg>
<status status="PASS" starttime="20240227 18:32:07.572" endtime="20240227 18:32:07.572"/>
</kw>
<kw name="Catenate" library="BuiltIn">
<var>${query}</var>
<arg>SEPARATOR=</arg>
<arg>INSERT INTO invoicerow (invoicenumber, rownumber, description, quantity, unit, unitprice, vatpercent, vat, total) VALUES ('${rowDetails[7]}', '${rowDetails[8]}', '${rowDetails[0]}', ${rowDetails[1]}, '${rowDetails[2]}', ${rowDetails[3]}, ${rowDetails[4]}, ${rowDetails[5]}, ${rowDetails[6]})</arg>
<doc>Catenates the given items together and returns the resulted string.</doc>
<msg timestamp="20240227 18:32:07.576" level="INFO">${query} = INSERT INTO invoicerow (invoicenumber, rownumber, description, quantity, unit, unitprice, vatpercent, vat, total) VALUES ('153143', '3', 'Cleaning Services', 5, 'h', 60, 24, 72, 372)</msg>
<status status="PASS" starttime="20240227 18:32:07.572" endtime="20240227 18:32:07.576"/>
</kw>
<kw name="Execute Sql String" library="DatabaseLibrary">
<arg>${query}</arg>
<doc>Executes the sqlString as SQL commands. Useful to pass arguments to your sql. Set optional input `sansTran` to
True to run command without an explicit transaction commit or rollback.</doc>
<msg timestamp="20240227 18:32:07.576" level="INFO">Executing : Execute SQL String  |  INSERT INTO invoicerow (invoicenumber, rownumber, description, quantity, unit, unitprice, vatpercent, vat, total) VALUES ('153143', '3', 'Cleaning Services', 5, 'h', 60, 24, 72, 372) </msg>
<status status="PASS" starttime="20240227 18:32:07.576" endtime="20240227 18:32:07.578"/>
</kw>
<status status="PASS" starttime="20240227 18:32:07.571" endtime="20240227 18:32:07.578"/>
</iter>
<iter>
<var name="${row}">Cleaning Wipes;10;kpl;105;24;252;1302;153143;4</var>
<kw name="Split String" library="String">
<var>@{rowDetails}</var>
<arg>${row}</arg>
<arg>;</arg>
<doc>Splits the ``string`` using ``separator`` as a delimiter string.</doc>
<msg timestamp="20240227 18:32:07.578" level="INFO">@{rowDetails} = [ Cleaning Wipes | 10 | kpl | 105 | 24 | 252 | 1302 | 153143 | 4 ]</msg>
<status status="PASS" starttime="20240227 18:32:07.578" endtime="20240227 18:32:07.578"/>
</kw>
<kw name="Catenate" library="BuiltIn">
<var>${query}</var>
<arg>SEPARATOR=</arg>
<arg>INSERT INTO invoicerow (invoicenumber, rownumber, description, quantity, unit, unitprice, vatpercent, vat, total) VALUES ('${rowDetails[7]}', '${rowDetails[8]}', '${rowDetails[0]}', ${rowDetails[1]}, '${rowDetails[2]}', ${rowDetails[3]}, ${rowDetails[4]}, ${rowDetails[5]}, ${rowDetails[6]})</arg>
<doc>Catenates the given items together and returns the resulted string.</doc>
<msg timestamp="20240227 18:32:07.582" level="INFO">${query} = INSERT INTO invoicerow (invoicenumber, rownumber, description, quantity, unit, unitprice, vatpercent, vat, total) VALUES ('153143', '4', 'Cleaning Wipes', 10, 'kpl', 105, 24, 252, 1302)</msg>
<status status="PASS" starttime="20240227 18:32:07.579" endtime="20240227 18:32:07.582"/>
</kw>
<kw name="Execute Sql String" library="DatabaseLibrary">
<arg>${query}</arg>
<doc>Executes the sqlString as SQL commands. Useful to pass arguments to your sql. Set optional input `sansTran` to
True to run command without an explicit transaction commit or rollback.</doc>
<msg timestamp="20240227 18:32:07.583" level="INFO">Executing : Execute SQL String  |  INSERT INTO invoicerow (invoicenumber, rownumber, description, quantity, unit, unitprice, vatpercent, vat, total) VALUES ('153143', '4', 'Cleaning Wipes', 10, 'kpl', 105, 24, 252, 1302) </msg>
<status status="PASS" starttime="20240227 18:32:07.582" endtime="20240227 18:32:07.584"/>
</kw>
<status status="PASS" starttime="20240227 18:32:07.578" endtime="20240227 18:32:07.584"/>
</iter>
<status status="PASS" starttime="20240227 18:32:07.531" endtime="20240227 18:32:07.584"/>
</for>
<status status="PASS" starttime="20240227 18:32:07.513" endtime="20240227 18:32:07.584"/>
</kw>
<status status="PASS" starttime="20240227 18:32:07.284" endtime="20240227 18:32:07.585"/>
</test>
<status status="PASS" starttime="20240227 18:32:07.240" endtime="20240227 18:32:07.586"/>
</suite>
<statistics>
<total>
<stat pass="1" fail="0" skip="0">All Tests</stat>
</total>
<tag>
</tag>
<suite>
<stat pass="1" fail="0" skip="0" id="s1" name="Rpa Project Final">Rpa Project Final</stat>
</suite>
</statistics>
<errors>
</errors>
</robot>
