<?xml version="1.0" encoding="UTF-8"?>
<robot generator="Robot 6.1.1 (Python 3.12.0 on win32)" generated="20240228 15:57:53.372" rpa="false" schemaversion="4">
<suite id="s1" name="Rpa" source="c:\Users\ELSAMA\OneDrive\Desktop\Invoice-Automation\Robot Validation\rpa.robot">
<test id="s1-t1" name="Process Invoice Data" line="104">
<kw name="Clear Existing Data">
<doc>Clear existing data from the database for testing purposes</doc>
<kw name="Make Connection">
<kw name="Connect To Database" library="DatabaseLibrary">
<arg>pymysql</arg>
<arg>${dbname}</arg>
<arg>${dbuser}</arg>
<arg>${dbpass}</arg>
<arg>${dbhost}</arg>
<arg>${dbport}</arg>
<doc>Loads the DB API 2.0 module given ``dbapiModuleName`` then uses it to
connect to the database using provided parameters such as ``dbName``, ``dbUsername``, and ``dbPassword``.</doc>
<msg timestamp="20240228 15:57:53.470" level="INFO">Connecting using : pymysql.connect(db=rpa_db, user=robocop, passwd=***, host=localhost, port=3306, charset=None)</msg>
<status status="PASS" starttime="20240228 15:57:53.426" endtime="20240228 15:57:53.479"/>
</kw>
<status status="PASS" starttime="20240228 15:57:53.425" endtime="20240228 15:57:53.480"/>
</kw>
<kw name="Set Variable" library="BuiltIn">
<var>${delete_rows_query}</var>
<arg>DELETE FROM invoicerow</arg>
<doc>Returns the given values which can then be assigned to a variables.</doc>
<msg timestamp="20240228 15:57:53.481" level="INFO">${delete_rows_query} = DELETE FROM invoicerow</msg>
<status status="PASS" starttime="20240228 15:57:53.480" endtime="20240228 15:57:53.481"/>
</kw>
<kw name="Execute Sql String" library="DatabaseLibrary">
<arg>${delete_rows_query}</arg>
<doc>Executes the ``sqlString`` as a single SQL command.</doc>
<msg timestamp="20240228 15:57:53.481" level="INFO">Executing : Execute SQL String  |  DELETE FROM invoicerow</msg>
<status status="PASS" starttime="20240228 15:57:53.481" endtime="20240228 15:57:53.495"/>
</kw>
<kw name="Set Variable" library="BuiltIn">
<var>${delete_headers_query}</var>
<arg>DELETE FROM invoiceheader</arg>
<doc>Returns the given values which can then be assigned to a variables.</doc>
<msg timestamp="20240228 15:57:53.496" level="INFO">${delete_headers_query} = DELETE FROM invoiceheader</msg>
<status status="PASS" starttime="20240228 15:57:53.495" endtime="20240228 15:57:53.496"/>
</kw>
<kw name="Execute Sql String" library="DatabaseLibrary">
<arg>${delete_headers_query}</arg>
<doc>Executes the ``sqlString`` as a single SQL command.</doc>
<msg timestamp="20240228 15:57:53.496" level="INFO">Executing : Execute SQL String  |  DELETE FROM invoiceheader</msg>
<status status="PASS" starttime="20240228 15:57:53.496" endtime="20240228 15:57:53.500"/>
</kw>
<kw name="Close Connection">
<kw name="Disconnect From Database" library="DatabaseLibrary">
<doc>Disconnects from the database.</doc>
<msg timestamp="20240228 15:57:53.500" level="INFO">Executing : Disconnect From Database</msg>
<status status="PASS" starttime="20240228 15:57:53.500" endtime="20240228 15:57:53.501"/>
</kw>
<status status="PASS" starttime="20240228 15:57:53.500" endtime="20240228 15:57:53.501"/>
</kw>
<status status="PASS" starttime="20240228 15:57:53.425" endtime="20240228 15:57:53.501"/>
</kw>
<kw name="Read CSV File">
<var>${headerLines}</var>
<arg>${header_csv}</arg>
<kw name="Get File" library="OperatingSystem">
<var>${file_path}</var>
<arg>${filename}</arg>
<doc>Returns the contents of a specified file.</doc>
<msg timestamp="20240228 15:57:53.502" level="INFO" html="true">Getting file '&lt;a href="file://C:\Users\ELSAMA\OneDrive\Desktop\Invoice-Automation\Robot Validation\InvoiceHeaderData.csv"&gt;C:\Users\ELSAMA\OneDrive\Desktop\Invoice-Automation\Robot Validation\InvoiceHeaderData.csv&lt;/a&gt;'.</msg>
<msg timestamp="20240228 15:57:53.503" level="INFO">${file_path} = ﻿InvoiceNumber;CompanyName;ReferenceNumber;InvoiceDate;DueDate;CompanyCode;BankAccountNumber;AmountExclVAT;VATAmount;TotalAmount
143143;Service Provider Oy;1431432;15.12.2022;07.04.2021;1234567-8;FI12...</msg>
<status status="PASS" starttime="20240228 15:57:53.502" endtime="20240228 15:57:53.503"/>
</kw>
<kw name="Split To Lines" library="String">
<var>@{lines}</var>
<arg>${file_path}</arg>
<doc>Splits the given string to lines.</doc>
<msg timestamp="20240228 15:57:53.503" level="INFO">4 lines returned</msg>
<msg timestamp="20240228 15:57:53.503" level="INFO">@{lines} = [ ﻿InvoiceNumber;CompanyName;ReferenceNumber;InvoiceDate;DueDate;CompanyCode;BankAccountNumber;AmountExclVAT;VATAmount;TotalAmount | 143143;Service Provider Oy;1431432;15.12.2022;07.04.2021;1234567-8;...</msg>
<status status="PASS" starttime="20240228 15:57:53.503" endtime="20240228 15:57:53.503"/>
</kw>
<msg timestamp="20240228 15:57:53.504" level="INFO">${headerLines} = ['\ufeffInvoiceNumber;CompanyName;ReferenceNumber;InvoiceDate;DueDate;CompanyCode;BankAccountNumber;AmountExclVAT;VATAmount;TotalAmount', '143143;Service Provider Oy;1431432;15.12.2022;07.04.2021;1234...</msg>
<status status="PASS" starttime="20240228 15:57:53.501" endtime="20240228 15:57:53.504"/>
</kw>
<kw name="Read CSV File">
<var>${rows}</var>
<arg>${row_csv}</arg>
<kw name="Get File" library="OperatingSystem">
<var>${file_path}</var>
<arg>${filename}</arg>
<doc>Returns the contents of a specified file.</doc>
<msg timestamp="20240228 15:57:53.504" level="INFO" html="true">Getting file '&lt;a href="file://C:\Users\ELSAMA\OneDrive\Desktop\Invoice-Automation\Robot Validation\InvoiceRowData.csv"&gt;C:\Users\ELSAMA\OneDrive\Desktop\Invoice-Automation\Robot Validation\InvoiceRowData.csv&lt;/a&gt;'.</msg>
<msg timestamp="20240228 15:57:53.505" level="INFO">${file_path} = ﻿Description;Quantity;Unit;UnitPrice;VATPercent;VAT;Total;InvoiceNumber;RowNumber
Installation Services;5;h;60;24;72;372;143143;1
Replacement Products;10;kpl;105;24;252;1302;143143;2
Keyboard Logitech...</msg>
<status status="PASS" starttime="20240228 15:57:53.504" endtime="20240228 15:57:53.505"/>
</kw>
<kw name="Split To Lines" library="String">
<var>@{lines}</var>
<arg>${file_path}</arg>
<doc>Splits the given string to lines.</doc>
<msg timestamp="20240228 15:57:53.505" level="INFO">9 lines returned</msg>
<msg timestamp="20240228 15:57:53.505" level="INFO">@{lines} = [ ﻿Description;Quantity;Unit;UnitPrice;VATPercent;VAT;Total;InvoiceNumber;RowNumber | Installation Services;5;h;60;24;72;372;143143;1 | Replacement Products;10;kpl;105;24;252;1302;143143;2 | Keyboard ...</msg>
<status status="PASS" starttime="20240228 15:57:53.505" endtime="20240228 15:57:53.505"/>
</kw>
<msg timestamp="20240228 15:57:53.505" level="INFO">${rows} = ['\ufeffDescription;Quantity;Unit;UnitPrice;VATPercent;VAT;Total;InvoiceNumber;RowNumber', 'Installation Services;5;h;60;24;72;372;143143;1', 'Replacement Products;10;kpl;105;24;252;1302;143143;2', 'K...</msg>
<status status="PASS" starttime="20240228 15:57:53.504" endtime="20240228 15:57:53.505"/>
</kw>
<for flavor="IN">
<var>${header}</var>
<value>@{headerLines}[1:]</value>
<iter>
<var name="${header}">143143;Service Provider Oy;1431432;15.12.2022;07.04.2021;1234567-8;FI12 3456 7890 1234 56;1350;324;1674</var>
<kw name="Calculate Total Amount From Rows">
<var>${calculatedTotal}</var>
<arg>${header[0]}</arg>
<kw name="Set Variable" library="BuiltIn">
<var>${totalAmount}</var>
<arg>${0}</arg>
<doc>Returns the given values which can then be assigned to a variables.</doc>
<msg timestamp="20240228 15:57:53.507" level="INFO">${totalAmount} = 0</msg>
<status status="PASS" starttime="20240228 15:57:53.507" endtime="20240228 15:57:53.507"/>
</kw>
<kw name="Read CSV File">
<var>@{rows}</var>
<arg>${row_csv}</arg>
<kw name="Get File" library="OperatingSystem">
<var>${file_path}</var>
<arg>${filename}</arg>
<doc>Returns the contents of a specified file.</doc>
<msg timestamp="20240228 15:57:53.508" level="INFO" html="true">Getting file '&lt;a href="file://C:\Users\ELSAMA\OneDrive\Desktop\Invoice-Automation\Robot Validation\InvoiceRowData.csv"&gt;C:\Users\ELSAMA\OneDrive\Desktop\Invoice-Automation\Robot Validation\InvoiceRowData.csv&lt;/a&gt;'.</msg>
<msg timestamp="20240228 15:57:53.509" level="INFO">${file_path} = ﻿Description;Quantity;Unit;UnitPrice;VATPercent;VAT;Total;InvoiceNumber;RowNumber
Installation Services;5;h;60;24;72;372;143143;1
Replacement Products;10;kpl;105;24;252;1302;143143;2
Keyboard Logitech...</msg>
<status status="PASS" starttime="20240228 15:57:53.508" endtime="20240228 15:57:53.509"/>
</kw>
<kw name="Split To Lines" library="String">
<var>@{lines}</var>
<arg>${file_path}</arg>
<doc>Splits the given string to lines.</doc>
<msg timestamp="20240228 15:57:53.509" level="INFO">9 lines returned</msg>
<msg timestamp="20240228 15:57:53.509" level="INFO">@{lines} = [ ﻿Description;Quantity;Unit;UnitPrice;VATPercent;VAT;Total;InvoiceNumber;RowNumber | Installation Services;5;h;60;24;72;372;143143;1 | Replacement Products;10;kpl;105;24;252;1302;143143;2 | Keyboard ...</msg>
<status status="PASS" starttime="20240228 15:57:53.509" endtime="20240228 15:57:53.509"/>
</kw>
<msg timestamp="20240228 15:57:53.509" level="INFO">@{rows} = [ ﻿Description;Quantity;Unit;UnitPrice;VATPercent;VAT;Total;InvoiceNumber;RowNumber | Installation Services;5;h;60;24;72;372;143143;1 | Replacement Products;10;kpl;105;24;252;1302;143143;2 | Keyboard ...</msg>
<status status="PASS" starttime="20240228 15:57:53.507" endtime="20240228 15:57:53.509"/>
</kw>
<for flavor="IN">
<var>${row}</var>
<value>@{rows}[1:]</value>
<iter>
<var name="${row}">Installation Services;5;h;60;24;72;372;143143;1</var>
<kw name="Split String" library="String">
<var>@{rowDetails}</var>
<arg>${row}</arg>
<arg>;</arg>
<doc>Splits the ``string`` using ``separator`` as a delimiter string.</doc>
<msg timestamp="20240228 15:57:53.511" level="INFO">@{rowDetails} = [ Installation Services | 5 | h | 60 | 24 | 72 | 372 | 143143 | 1 ]</msg>
<status status="PASS" starttime="20240228 15:57:53.511" endtime="20240228 15:57:53.511"/>
</kw>
<kw name="Run Keyword If" library="BuiltIn">
<var>${rowAmount}</var>
<arg>'${rowDetails[7]}' == '${invoiceNumber}'</arg>
<arg>Convert To Number</arg>
<arg>${rowDetails[6]}</arg>
<arg>ELSE</arg>
<arg>Set Variable</arg>
<arg>0</arg>
<doc>Runs the given keyword with the given arguments, if ``condition`` is true.</doc>
<kw name="Set Variable" library="BuiltIn">
<arg>0</arg>
<doc>Returns the given values which can then be assigned to a variables.</doc>
<status status="PASS" starttime="20240228 15:57:53.512" endtime="20240228 15:57:53.512"/>
</kw>
<msg timestamp="20240228 15:57:53.512" level="INFO">${rowAmount} = 0</msg>
<status status="PASS" starttime="20240228 15:57:53.511" endtime="20240228 15:57:53.513"/>
</kw>
<kw name="Evaluate" library="BuiltIn">
<var>${totalAmount}</var>
<arg>${totalAmount} + ${rowAmount}</arg>
<doc>Evaluates the given expression in Python and returns the result.</doc>
<msg timestamp="20240228 15:57:53.513" level="INFO">${totalAmount} = 0</msg>
<status status="PASS" starttime="20240228 15:57:53.513" endtime="20240228 15:57:53.513"/>
</kw>
<status status="PASS" starttime="20240228 15:57:53.509" endtime="20240228 15:57:53.513"/>
</iter>
<iter>
<var name="${row}">Replacement Products;10;kpl;105;24;252;1302;143143;2</var>
<kw name="Split String" library="String">
<var>@{rowDetails}</var>
<arg>${row}</arg>
<arg>;</arg>
<doc>Splits the ``string`` using ``separator`` as a delimiter string.</doc>
<msg timestamp="20240228 15:57:53.513" level="INFO">@{rowDetails} = [ Replacement Products | 10 | kpl | 105 | 24 | 252 | 1302 | 143143 | 2 ]</msg>
<status status="PASS" starttime="20240228 15:57:53.513" endtime="20240228 15:57:53.514"/>
</kw>
<kw name="Run Keyword If" library="BuiltIn">
<var>${rowAmount}</var>
<arg>'${rowDetails[7]}' == '${invoiceNumber}'</arg>
<arg>Convert To Number</arg>
<arg>${rowDetails[6]}</arg>
<arg>ELSE</arg>
<arg>Set Variable</arg>
<arg>0</arg>
<doc>Runs the given keyword with the given arguments, if ``condition`` is true.</doc>
<kw name="Set Variable" library="BuiltIn">
<arg>0</arg>
<doc>Returns the given values which can then be assigned to a variables.</doc>
<status status="PASS" starttime="20240228 15:57:53.514" endtime="20240228 15:57:53.514"/>
</kw>
<msg timestamp="20240228 15:57:53.514" level="INFO">${rowAmount} = 0</msg>
<status status="PASS" starttime="20240228 15:57:53.514" endtime="20240228 15:57:53.515"/>
</kw>
<kw name="Evaluate" library="BuiltIn">
<var>${totalAmount}</var>
<arg>${totalAmount} + ${rowAmount}</arg>
<doc>Evaluates the given expression in Python and returns the result.</doc>
<msg timestamp="20240228 15:57:53.515" level="INFO">${totalAmount} = 0</msg>
<status status="PASS" starttime="20240228 15:57:53.515" endtime="20240228 15:57:53.515"/>
</kw>
<status status="PASS" starttime="20240228 15:57:53.513" endtime="20240228 15:57:53.515"/>
</iter>
<iter>
<var name="${row}">Keyboard Logitech;10;kpl;40;24;96;496;1543235;1</var>
<kw name="Split String" library="String">
<var>@{rowDetails}</var>
<arg>${row}</arg>
<arg>;</arg>
<doc>Splits the ``string`` using ``separator`` as a delimiter string.</doc>
<msg timestamp="20240228 15:57:53.515" level="INFO">@{rowDetails} = [ Keyboard Logitech | 10 | kpl | 40 | 24 | 96 | 496 | 1543235 | 1 ]</msg>
<status status="PASS" starttime="20240228 15:57:53.515" endtime="20240228 15:57:53.515"/>
</kw>
<kw name="Run Keyword If" library="BuiltIn">
<var>${rowAmount}</var>
<arg>'${rowDetails[7]}' == '${invoiceNumber}'</arg>
<arg>Convert To Number</arg>
<arg>${rowDetails[6]}</arg>
<arg>ELSE</arg>
<arg>Set Variable</arg>
<arg>0</arg>
<doc>Runs the given keyword with the given arguments, if ``condition`` is true.</doc>
<kw name="Set Variable" library="BuiltIn">
<arg>0</arg>
<doc>Returns the given values which can then be assigned to a variables.</doc>
<status status="PASS" starttime="20240228 15:57:53.516" endtime="20240228 15:57:53.516"/>
</kw>
<msg timestamp="20240228 15:57:53.516" level="INFO">${rowAmount} = 0</msg>
<status status="PASS" starttime="20240228 15:57:53.515" endtime="20240228 15:57:53.516"/>
</kw>
<kw name="Evaluate" library="BuiltIn">
<var>${totalAmount}</var>
<arg>${totalAmount} + ${rowAmount}</arg>
<doc>Evaluates the given expression in Python and returns the result.</doc>
<msg timestamp="20240228 15:57:53.517" level="INFO">${totalAmount} = 0</msg>
<status status="PASS" starttime="20240228 15:57:53.517" endtime="20240228 15:57:53.517"/>
</kw>
<status status="PASS" starttime="20240228 15:57:53.515" endtime="20240228 15:57:53.517"/>
</iter>
<iter>
<var name="${row}">Brother printer;1;kpl;65;24;15.6;80.6;1543235;2</var>
<kw name="Split String" library="String">
<var>@{rowDetails}</var>
<arg>${row}</arg>
<arg>;</arg>
<doc>Splits the ``string`` using ``separator`` as a delimiter string.</doc>
<msg timestamp="20240228 15:57:53.518" level="INFO">@{rowDetails} = [ Brother printer | 1 | kpl | 65 | 24 | 15.6 | 80.6 | 1543235 | 2 ]</msg>
<status status="PASS" starttime="20240228 15:57:53.518" endtime="20240228 15:57:53.518"/>
</kw>
<kw name="Run Keyword If" library="BuiltIn">
<var>${rowAmount}</var>
<arg>'${rowDetails[7]}' == '${invoiceNumber}'</arg>
<arg>Convert To Number</arg>
<arg>${rowDetails[6]}</arg>
<arg>ELSE</arg>
<arg>Set Variable</arg>
<arg>0</arg>
<doc>Runs the given keyword with the given arguments, if ``condition`` is true.</doc>
<kw name="Set Variable" library="BuiltIn">
<arg>0</arg>
<doc>Returns the given values which can then be assigned to a variables.</doc>
<status status="PASS" starttime="20240228 15:57:53.519" endtime="20240228 15:57:53.519"/>
</kw>
<msg timestamp="20240228 15:57:53.519" level="INFO">${rowAmount} = 0</msg>
<status status="PASS" starttime="20240228 15:57:53.518" endtime="20240228 15:57:53.519"/>
</kw>
<kw name="Evaluate" library="BuiltIn">
<var>${totalAmount}</var>
<arg>${totalAmount} + ${rowAmount}</arg>
<doc>Evaluates the given expression in Python and returns the result.</doc>
<msg timestamp="20240228 15:57:53.519" level="INFO">${totalAmount} = 0</msg>
<status status="PASS" starttime="20240228 15:57:53.519" endtime="20240228 15:57:53.520"/>
</kw>
<status status="PASS" starttime="20240228 15:57:53.518" endtime="20240228 15:57:53.520"/>
</iter>
<iter>
<var name="${row}">Installation Services;5;h;60;24;72;372;153143;1</var>
<kw name="Split String" library="String">
<var>@{rowDetails}</var>
<arg>${row}</arg>
<arg>;</arg>
<doc>Splits the ``string`` using ``separator`` as a delimiter string.</doc>
<msg timestamp="20240228 15:57:53.520" level="INFO">@{rowDetails} = [ Installation Services | 5 | h | 60 | 24 | 72 | 372 | 153143 | 1 ]</msg>
<status status="PASS" starttime="20240228 15:57:53.520" endtime="20240228 15:57:53.520"/>
</kw>
<kw name="Run Keyword If" library="BuiltIn">
<var>${rowAmount}</var>
<arg>'${rowDetails[7]}' == '${invoiceNumber}'</arg>
<arg>Convert To Number</arg>
<arg>${rowDetails[6]}</arg>
<arg>ELSE</arg>
<arg>Set Variable</arg>
<arg>0</arg>
<doc>Runs the given keyword with the given arguments, if ``condition`` is true.</doc>
<kw name="Set Variable" library="BuiltIn">
<arg>0</arg>
<doc>Returns the given values which can then be assigned to a variables.</doc>
<status status="PASS" starttime="20240228 15:57:53.521" endtime="20240228 15:57:53.521"/>
</kw>
<msg timestamp="20240228 15:57:53.521" level="INFO">${rowAmount} = 0</msg>
<status status="PASS" starttime="20240228 15:57:53.520" endtime="20240228 15:57:53.521"/>
</kw>
<kw name="Evaluate" library="BuiltIn">
<var>${totalAmount}</var>
<arg>${totalAmount} + ${rowAmount}</arg>
<doc>Evaluates the given expression in Python and returns the result.</doc>
<msg timestamp="20240228 15:57:53.521" level="INFO">${totalAmount} = 0</msg>
<status status="PASS" starttime="20240228 15:57:53.521" endtime="20240228 15:57:53.521"/>
</kw>
<status status="PASS" starttime="20240228 15:57:53.520" endtime="20240228 15:57:53.521"/>
</iter>
<iter>
<var name="${row}">Replacement Products;10;kpl;105;24;252;1302;153143;2</var>
<kw name="Split String" library="String">
<var>@{rowDetails}</var>
<arg>${row}</arg>
<arg>;</arg>
<doc>Splits the ``string`` using ``separator`` as a delimiter string.</doc>
<msg timestamp="20240228 15:57:53.522" level="INFO">@{rowDetails} = [ Replacement Products | 10 | kpl | 105 | 24 | 252 | 1302 | 153143 | 2 ]</msg>
<status status="PASS" starttime="20240228 15:57:53.522" endtime="20240228 15:57:53.522"/>
</kw>
<kw name="Run Keyword If" library="BuiltIn">
<var>${rowAmount}</var>
<arg>'${rowDetails[7]}' == '${invoiceNumber}'</arg>
<arg>Convert To Number</arg>
<arg>${rowDetails[6]}</arg>
<arg>ELSE</arg>
<arg>Set Variable</arg>
<arg>0</arg>
<doc>Runs the given keyword with the given arguments, if ``condition`` is true.</doc>
<kw name="Set Variable" library="BuiltIn">
<arg>0</arg>
<doc>Returns the given values which can then be assigned to a variables.</doc>
<status status="PASS" starttime="20240228 15:57:53.523" endtime="20240228 15:57:53.523"/>
</kw>
<msg timestamp="20240228 15:57:53.523" level="INFO">${rowAmount} = 0</msg>
<status status="PASS" starttime="20240228 15:57:53.522" endtime="20240228 15:57:53.523"/>
</kw>
<kw name="Evaluate" library="BuiltIn">
<var>${totalAmount}</var>
<arg>${totalAmount} + ${rowAmount}</arg>
<doc>Evaluates the given expression in Python and returns the result.</doc>
<msg timestamp="20240228 15:57:53.523" level="INFO">${totalAmount} = 0</msg>
<status status="PASS" starttime="20240228 15:57:53.523" endtime="20240228 15:57:53.523"/>
</kw>
<status status="PASS" starttime="20240228 15:57:53.522" endtime="20240228 15:57:53.523"/>
</iter>
<iter>
<var name="${row}">Cleaning Services;5;h;60;24;72;372;153143;3</var>
<kw name="Split String" library="String">
<var>@{rowDetails}</var>
<arg>${row}</arg>
<arg>;</arg>
<doc>Splits the ``string`` using ``separator`` as a delimiter string.</doc>
<msg timestamp="20240228 15:57:53.524" level="INFO">@{rowDetails} = [ Cleaning Services | 5 | h | 60 | 24 | 72 | 372 | 153143 | 3 ]</msg>
<status status="PASS" starttime="20240228 15:57:53.524" endtime="20240228 15:57:53.524"/>
</kw>
<kw name="Run Keyword If" library="BuiltIn">
<var>${rowAmount}</var>
<arg>'${rowDetails[7]}' == '${invoiceNumber}'</arg>
<arg>Convert To Number</arg>
<arg>${rowDetails[6]}</arg>
<arg>ELSE</arg>
<arg>Set Variable</arg>
<arg>0</arg>
<doc>Runs the given keyword with the given arguments, if ``condition`` is true.</doc>
<kw name="Set Variable" library="BuiltIn">
<arg>0</arg>
<doc>Returns the given values which can then be assigned to a variables.</doc>
<status status="PASS" starttime="20240228 15:57:53.525" endtime="20240228 15:57:53.525"/>
</kw>
<msg timestamp="20240228 15:57:53.525" level="INFO">${rowAmount} = 0</msg>
<status status="PASS" starttime="20240228 15:57:53.525" endtime="20240228 15:57:53.525"/>
</kw>
<kw name="Evaluate" library="BuiltIn">
<var>${totalAmount}</var>
<arg>${totalAmount} + ${rowAmount}</arg>
<doc>Evaluates the given expression in Python and returns the result.</doc>
<msg timestamp="20240228 15:57:53.526" level="INFO">${totalAmount} = 0</msg>
<status status="PASS" starttime="20240228 15:57:53.525" endtime="20240228 15:57:53.526"/>
</kw>
<status status="PASS" starttime="20240228 15:57:53.524" endtime="20240228 15:57:53.526"/>
</iter>
<iter>
<var name="${row}">Cleaning Wipes;10;kpl;105;24;252;1302;153143;4</var>
<kw name="Split String" library="String">
<var>@{rowDetails}</var>
<arg>${row}</arg>
<arg>;</arg>
<doc>Splits the ``string`` using ``separator`` as a delimiter string.</doc>
<msg timestamp="20240228 15:57:53.526" level="INFO">@{rowDetails} = [ Cleaning Wipes | 10 | kpl | 105 | 24 | 252 | 1302 | 153143 | 4 ]</msg>
<status status="PASS" starttime="20240228 15:57:53.526" endtime="20240228 15:57:53.527"/>
</kw>
<kw name="Run Keyword If" library="BuiltIn">
<var>${rowAmount}</var>
<arg>'${rowDetails[7]}' == '${invoiceNumber}'</arg>
<arg>Convert To Number</arg>
<arg>${rowDetails[6]}</arg>
<arg>ELSE</arg>
<arg>Set Variable</arg>
<arg>0</arg>
<doc>Runs the given keyword with the given arguments, if ``condition`` is true.</doc>
<kw name="Set Variable" library="BuiltIn">
<arg>0</arg>
<doc>Returns the given values which can then be assigned to a variables.</doc>
<status status="PASS" starttime="20240228 15:57:53.527" endtime="20240228 15:57:53.527"/>
</kw>
<msg timestamp="20240228 15:57:53.527" level="INFO">${rowAmount} = 0</msg>
<status status="PASS" starttime="20240228 15:57:53.527" endtime="20240228 15:57:53.528"/>
</kw>
<kw name="Evaluate" library="BuiltIn">
<var>${totalAmount}</var>
<arg>${totalAmount} + ${rowAmount}</arg>
<doc>Evaluates the given expression in Python and returns the result.</doc>
<msg timestamp="20240228 15:57:53.528" level="INFO">${totalAmount} = 0</msg>
<status status="PASS" starttime="20240228 15:57:53.528" endtime="20240228 15:57:53.528"/>
</kw>
<status status="PASS" starttime="20240228 15:57:53.526" endtime="20240228 15:57:53.528"/>
</iter>
<status status="PASS" starttime="20240228 15:57:53.509" endtime="20240228 15:57:53.528"/>
</for>
<msg timestamp="20240228 15:57:53.528" level="INFO">${calculatedTotal} = 0</msg>
<status status="PASS" starttime="20240228 15:57:53.506" endtime="20240228 15:57:53.528"/>
</kw>
<kw name="Insert Invoice Header To DB">
<arg>${header}</arg>
<arg>${calculatedTotal}</arg>
<kw name="Make Connection">
<kw name="Connect To Database" library="DatabaseLibrary">
<arg>pymysql</arg>
<arg>${dbname}</arg>
<arg>${dbuser}</arg>
<arg>${dbpass}</arg>
<arg>${dbhost}</arg>
<arg>${dbport}</arg>
<doc>Loads the DB API 2.0 module given ``dbapiModuleName`` then uses it to
connect to the database using provided parameters such as ``dbName``, ``dbUsername``, and ``dbPassword``.</doc>
<msg timestamp="20240228 15:57:53.530" level="INFO">Connecting using : pymysql.connect(db=rpa_db, user=robocop, passwd=***, host=localhost, port=3306, charset=None)</msg>
<status status="PASS" starttime="20240228 15:57:53.529" endtime="20240228 15:57:53.532"/>
</kw>
<status status="PASS" starttime="20240228 15:57:53.529" endtime="20240228 15:57:53.532"/>
</kw>
<kw name="Split String" library="String">
<var>@{headerDetails}</var>
<arg>${header}</arg>
<arg>;</arg>
<doc>Splits the ``string`` using ``separator`` as a delimiter string.</doc>
<msg timestamp="20240228 15:57:53.533" level="INFO">@{headerDetails} = [ 143143 | Service Provider Oy | 1431432 | 15.12.2022 | 07.04.2021 | 1234567-8 | FI12 3456 7890 1234 56 | 1350 | 324 | 1674 ]</msg>
<status status="PASS" starttime="20240228 15:57:53.533" endtime="20240228 15:57:53.533"/>
</kw>
<kw name="Is Reference Number Correct">
<var>${refResult}</var>
<arg>${headerDetails[2]}</arg>
<kw name="Evaluate" library="BuiltIn">
<var>${correct}</var>
<arg>len("${refNumber}") == 7 and "${refNumber}".isdigit()</arg>
<doc>Evaluates the given expression in Python and returns the result.</doc>
<msg timestamp="20240228 15:57:53.534" level="INFO">${correct} = True</msg>
<status status="PASS" starttime="20240228 15:57:53.534" endtime="20240228 15:57:53.534"/>
</kw>
<msg timestamp="20240228 15:57:53.534" level="INFO">${refResult} = True</msg>
<status status="PASS" starttime="20240228 15:57:53.533" endtime="20240228 15:57:53.534"/>
</kw>
<kw name="Check IBAN">
<var>${ibanResult}</var>
<arg>${headerDetails[6]}</arg>
<kw name="Evaluate" library="BuiltIn">
<var>${correct}</var>
<arg>"${iban}"[:2].isalpha() and "${iban}"[:2].isupper() and len("${iban}") == 22</arg>
<doc>Evaluates the given expression in Python and returns the result.</doc>
<msg timestamp="20240228 15:57:53.535" level="INFO">${correct} = True</msg>
<status status="PASS" starttime="20240228 15:57:53.535" endtime="20240228 15:57:53.535"/>
</kw>
<msg timestamp="20240228 15:57:53.535" level="INFO">${ibanResult} = True</msg>
<status status="PASS" starttime="20240228 15:57:53.534" endtime="20240228 15:57:53.535"/>
</kw>
<kw name="Is Total Amount Valid">
<var>${amountValid}</var>
<arg>${headerDetails[0]}</arg>
<arg>${headerDetails[9]}</arg>
<kw name="Calculate Total Amount From Rows">
<var>${calculatedTotal}</var>
<arg>${invoiceNumber}</arg>
<kw name="Set Variable" library="BuiltIn">
<var>${totalAmount}</var>
<arg>${0}</arg>
<doc>Returns the given values which can then be assigned to a variables.</doc>
<msg timestamp="20240228 15:57:53.537" level="INFO">${totalAmount} = 0</msg>
<status status="PASS" starttime="20240228 15:57:53.536" endtime="20240228 15:57:53.537"/>
</kw>
<kw name="Read CSV File">
<var>@{rows}</var>
<arg>${row_csv}</arg>
<kw name="Get File" library="OperatingSystem">
<var>${file_path}</var>
<arg>${filename}</arg>
<doc>Returns the contents of a specified file.</doc>
<msg timestamp="20240228 15:57:53.537" level="INFO" html="true">Getting file '&lt;a href="file://C:\Users\ELSAMA\OneDrive\Desktop\Invoice-Automation\Robot Validation\InvoiceRowData.csv"&gt;C:\Users\ELSAMA\OneDrive\Desktop\Invoice-Automation\Robot Validation\InvoiceRowData.csv&lt;/a&gt;'.</msg>
<msg timestamp="20240228 15:57:53.538" level="INFO">${file_path} = ﻿Description;Quantity;Unit;UnitPrice;VATPercent;VAT;Total;InvoiceNumber;RowNumber
Installation Services;5;h;60;24;72;372;143143;1
Replacement Products;10;kpl;105;24;252;1302;143143;2
Keyboard Logitech...</msg>
<status status="PASS" starttime="20240228 15:57:53.537" endtime="20240228 15:57:53.538"/>
</kw>
<kw name="Split To Lines" library="String">
<var>@{lines}</var>
<arg>${file_path}</arg>
<doc>Splits the given string to lines.</doc>
<msg timestamp="20240228 15:57:53.538" level="INFO">9 lines returned</msg>
<msg timestamp="20240228 15:57:53.538" level="INFO">@{lines} = [ ﻿Description;Quantity;Unit;UnitPrice;VATPercent;VAT;Total;InvoiceNumber;RowNumber | Installation Services;5;h;60;24;72;372;143143;1 | Replacement Products;10;kpl;105;24;252;1302;143143;2 | Keyboard ...</msg>
<status status="PASS" starttime="20240228 15:57:53.538" endtime="20240228 15:57:53.538"/>
</kw>
<msg timestamp="20240228 15:57:53.539" level="INFO">@{rows} = [ ﻿Description;Quantity;Unit;UnitPrice;VATPercent;VAT;Total;InvoiceNumber;RowNumber | Installation Services;5;h;60;24;72;372;143143;1 | Replacement Products;10;kpl;105;24;252;1302;143143;2 | Keyboard ...</msg>
<status status="PASS" starttime="20240228 15:57:53.537" endtime="20240228 15:57:53.539"/>
</kw>
<for flavor="IN">
<var>${row}</var>
<value>@{rows}[1:]</value>
<iter>
<var name="${row}">Installation Services;5;h;60;24;72;372;143143;1</var>
<kw name="Split String" library="String">
<var>@{rowDetails}</var>
<arg>${row}</arg>
<arg>;</arg>
<doc>Splits the ``string`` using ``separator`` as a delimiter string.</doc>
<msg timestamp="20240228 15:57:53.539" level="INFO">@{rowDetails} = [ Installation Services | 5 | h | 60 | 24 | 72 | 372 | 143143 | 1 ]</msg>
<status status="PASS" starttime="20240228 15:57:53.539" endtime="20240228 15:57:53.539"/>
</kw>
<kw name="Run Keyword If" library="BuiltIn">
<var>${rowAmount}</var>
<arg>'${rowDetails[7]}' == '${invoiceNumber}'</arg>
<arg>Convert To Number</arg>
<arg>${rowDetails[6]}</arg>
<arg>ELSE</arg>
<arg>Set Variable</arg>
<arg>0</arg>
<doc>Runs the given keyword with the given arguments, if ``condition`` is true.</doc>
<kw name="Convert To Number" library="BuiltIn">
<arg>${rowDetails[6]}</arg>
<doc>Converts the given item to a floating point number.</doc>
<status status="PASS" starttime="20240228 15:57:53.541" endtime="20240228 15:57:53.542"/>
</kw>
<msg timestamp="20240228 15:57:53.542" level="INFO">${rowAmount} = 372.0</msg>
<status status="PASS" starttime="20240228 15:57:53.539" endtime="20240228 15:57:53.542"/>
</kw>
<kw name="Evaluate" library="BuiltIn">
<var>${totalAmount}</var>
<arg>${totalAmount} + ${rowAmount}</arg>
<doc>Evaluates the given expression in Python and returns the result.</doc>
<msg timestamp="20240228 15:57:53.543" level="INFO">${totalAmount} = 372.0</msg>
<status status="PASS" starttime="20240228 15:57:53.542" endtime="20240228 15:57:53.543"/>
</kw>
<status status="PASS" starttime="20240228 15:57:53.539" endtime="20240228 15:57:53.543"/>
</iter>
<iter>
<var name="${row}">Replacement Products;10;kpl;105;24;252;1302;143143;2</var>
<kw name="Split String" library="String">
<var>@{rowDetails}</var>
<arg>${row}</arg>
<arg>;</arg>
<doc>Splits the ``string`` using ``separator`` as a delimiter string.</doc>
<msg timestamp="20240228 15:57:53.543" level="INFO">@{rowDetails} = [ Replacement Products | 10 | kpl | 105 | 24 | 252 | 1302 | 143143 | 2 ]</msg>
<status status="PASS" starttime="20240228 15:57:53.543" endtime="20240228 15:57:53.543"/>
</kw>
<kw name="Run Keyword If" library="BuiltIn">
<var>${rowAmount}</var>
<arg>'${rowDetails[7]}' == '${invoiceNumber}'</arg>
<arg>Convert To Number</arg>
<arg>${rowDetails[6]}</arg>
<arg>ELSE</arg>
<arg>Set Variable</arg>
<arg>0</arg>
<doc>Runs the given keyword with the given arguments, if ``condition`` is true.</doc>
<kw name="Convert To Number" library="BuiltIn">
<arg>${rowDetails[6]}</arg>
<doc>Converts the given item to a floating point number.</doc>
<status status="PASS" starttime="20240228 15:57:53.544" endtime="20240228 15:57:53.545"/>
</kw>
<msg timestamp="20240228 15:57:53.545" level="INFO">${rowAmount} = 1302.0</msg>
<status status="PASS" starttime="20240228 15:57:53.543" endtime="20240228 15:57:53.545"/>
</kw>
<kw name="Evaluate" library="BuiltIn">
<var>${totalAmount}</var>
<arg>${totalAmount} + ${rowAmount}</arg>
<doc>Evaluates the given expression in Python and returns the result.</doc>
<msg timestamp="20240228 15:57:53.546" level="INFO">${totalAmount} = 1674.0</msg>
<status status="PASS" starttime="20240228 15:57:53.545" endtime="20240228 15:57:53.546"/>
</kw>
<status status="PASS" starttime="20240228 15:57:53.543" endtime="20240228 15:57:53.546"/>
</iter>
<iter>
<var name="${row}">Keyboard Logitech;10;kpl;40;24;96;496;1543235;1</var>
<kw name="Split String" library="String">
<var>@{rowDetails}</var>
<arg>${row}</arg>
<arg>;</arg>
<doc>Splits the ``string`` using ``separator`` as a delimiter string.</doc>
<msg timestamp="20240228 15:57:53.546" level="INFO">@{rowDetails} = [ Keyboard Logitech | 10 | kpl | 40 | 24 | 96 | 496 | 1543235 | 1 ]</msg>
<status status="PASS" starttime="20240228 15:57:53.546" endtime="20240228 15:57:53.547"/>
</kw>
<kw name="Run Keyword If" library="BuiltIn">
<var>${rowAmount}</var>
<arg>'${rowDetails[7]}' == '${invoiceNumber}'</arg>
<arg>Convert To Number</arg>
<arg>${rowDetails[6]}</arg>
<arg>ELSE</arg>
<arg>Set Variable</arg>
<arg>0</arg>
<doc>Runs the given keyword with the given arguments, if ``condition`` is true.</doc>
<kw name="Set Variable" library="BuiltIn">
<arg>0</arg>
<doc>Returns the given values which can then be assigned to a variables.</doc>
<status status="PASS" starttime="20240228 15:57:53.548" endtime="20240228 15:57:53.548"/>
</kw>
<msg timestamp="20240228 15:57:53.549" level="INFO">${rowAmount} = 0</msg>
<status status="PASS" starttime="20240228 15:57:53.547" endtime="20240228 15:57:53.549"/>
</kw>
<kw name="Evaluate" library="BuiltIn">
<var>${totalAmount}</var>
<arg>${totalAmount} + ${rowAmount}</arg>
<doc>Evaluates the given expression in Python and returns the result.</doc>
<msg timestamp="20240228 15:57:53.549" level="INFO">${totalAmount} = 1674.0</msg>
<status status="PASS" starttime="20240228 15:57:53.549" endtime="20240228 15:57:53.549"/>
</kw>
<status status="PASS" starttime="20240228 15:57:53.546" endtime="20240228 15:57:53.549"/>
</iter>
<iter>
<var name="${row}">Brother printer;1;kpl;65;24;15.6;80.6;1543235;2</var>
<kw name="Split String" library="String">
<var>@{rowDetails}</var>
<arg>${row}</arg>
<arg>;</arg>
<doc>Splits the ``string`` using ``separator`` as a delimiter string.</doc>
<msg timestamp="20240228 15:57:53.549" level="INFO">@{rowDetails} = [ Brother printer | 1 | kpl | 65 | 24 | 15.6 | 80.6 | 1543235 | 2 ]</msg>
<status status="PASS" starttime="20240228 15:57:53.549" endtime="20240228 15:57:53.551"/>
</kw>
<kw name="Run Keyword If" library="BuiltIn">
<var>${rowAmount}</var>
<arg>'${rowDetails[7]}' == '${invoiceNumber}'</arg>
<arg>Convert To Number</arg>
<arg>${rowDetails[6]}</arg>
<arg>ELSE</arg>
<arg>Set Variable</arg>
<arg>0</arg>
<doc>Runs the given keyword with the given arguments, if ``condition`` is true.</doc>
<kw name="Set Variable" library="BuiltIn">
<arg>0</arg>
<doc>Returns the given values which can then be assigned to a variables.</doc>
<status status="PASS" starttime="20240228 15:57:53.552" endtime="20240228 15:57:53.552"/>
</kw>
<msg timestamp="20240228 15:57:53.552" level="INFO">${rowAmount} = 0</msg>
<status status="PASS" starttime="20240228 15:57:53.551" endtime="20240228 15:57:53.552"/>
</kw>
<kw name="Evaluate" library="BuiltIn">
<var>${totalAmount}</var>
<arg>${totalAmount} + ${rowAmount}</arg>
<doc>Evaluates the given expression in Python and returns the result.</doc>
<msg timestamp="20240228 15:57:53.552" level="INFO">${totalAmount} = 1674.0</msg>
<status status="PASS" starttime="20240228 15:57:53.552" endtime="20240228 15:57:53.552"/>
</kw>
<status status="PASS" starttime="20240228 15:57:53.549" endtime="20240228 15:57:53.553"/>
</iter>
<iter>
<var name="${row}">Installation Services;5;h;60;24;72;372;153143;1</var>
<kw name="Split String" library="String">
<var>@{rowDetails}</var>
<arg>${row}</arg>
<arg>;</arg>
<doc>Splits the ``string`` using ``separator`` as a delimiter string.</doc>
<msg timestamp="20240228 15:57:53.553" level="INFO">@{rowDetails} = [ Installation Services | 5 | h | 60 | 24 | 72 | 372 | 153143 | 1 ]</msg>
<status status="PASS" starttime="20240228 15:57:53.553" endtime="20240228 15:57:53.553"/>
</kw>
<kw name="Run Keyword If" library="BuiltIn">
<var>${rowAmount}</var>
<arg>'${rowDetails[7]}' == '${invoiceNumber}'</arg>
<arg>Convert To Number</arg>
<arg>${rowDetails[6]}</arg>
<arg>ELSE</arg>
<arg>Set Variable</arg>
<arg>0</arg>
<doc>Runs the given keyword with the given arguments, if ``condition`` is true.</doc>
<kw name="Set Variable" library="BuiltIn">
<arg>0</arg>
<doc>Returns the given values which can then be assigned to a variables.</doc>
<status status="PASS" starttime="20240228 15:57:53.554" endtime="20240228 15:57:53.554"/>
</kw>
<msg timestamp="20240228 15:57:53.554" level="INFO">${rowAmount} = 0</msg>
<status status="PASS" starttime="20240228 15:57:53.553" endtime="20240228 15:57:53.554"/>
</kw>
<kw name="Evaluate" library="BuiltIn">
<var>${totalAmount}</var>
<arg>${totalAmount} + ${rowAmount}</arg>
<doc>Evaluates the given expression in Python and returns the result.</doc>
<msg timestamp="20240228 15:57:53.555" level="INFO">${totalAmount} = 1674.0</msg>
<status status="PASS" starttime="20240228 15:57:53.554" endtime="20240228 15:57:53.555"/>
</kw>
<status status="PASS" starttime="20240228 15:57:53.553" endtime="20240228 15:57:53.555"/>
</iter>
<iter>
<var name="${row}">Replacement Products;10;kpl;105;24;252;1302;153143;2</var>
<kw name="Split String" library="String">
<var>@{rowDetails}</var>
<arg>${row}</arg>
<arg>;</arg>
<doc>Splits the ``string`` using ``separator`` as a delimiter string.</doc>
<msg timestamp="20240228 15:57:53.555" level="INFO">@{rowDetails} = [ Replacement Products | 10 | kpl | 105 | 24 | 252 | 1302 | 153143 | 2 ]</msg>
<status status="PASS" starttime="20240228 15:57:53.555" endtime="20240228 15:57:53.556"/>
</kw>
<kw name="Run Keyword If" library="BuiltIn">
<var>${rowAmount}</var>
<arg>'${rowDetails[7]}' == '${invoiceNumber}'</arg>
<arg>Convert To Number</arg>
<arg>${rowDetails[6]}</arg>
<arg>ELSE</arg>
<arg>Set Variable</arg>
<arg>0</arg>
<doc>Runs the given keyword with the given arguments, if ``condition`` is true.</doc>
<kw name="Set Variable" library="BuiltIn">
<arg>0</arg>
<doc>Returns the given values which can then be assigned to a variables.</doc>
<status status="PASS" starttime="20240228 15:57:53.556" endtime="20240228 15:57:53.557"/>
</kw>
<msg timestamp="20240228 15:57:53.557" level="INFO">${rowAmount} = 0</msg>
<status status="PASS" starttime="20240228 15:57:53.556" endtime="20240228 15:57:53.557"/>
</kw>
<kw name="Evaluate" library="BuiltIn">
<var>${totalAmount}</var>
<arg>${totalAmount} + ${rowAmount}</arg>
<doc>Evaluates the given expression in Python and returns the result.</doc>
<msg timestamp="20240228 15:57:53.557" level="INFO">${totalAmount} = 1674.0</msg>
<status status="PASS" starttime="20240228 15:57:53.557" endtime="20240228 15:57:53.557"/>
</kw>
<status status="PASS" starttime="20240228 15:57:53.555" endtime="20240228 15:57:53.557"/>
</iter>
<iter>
<var name="${row}">Cleaning Services;5;h;60;24;72;372;153143;3</var>
<kw name="Split String" library="String">
<var>@{rowDetails}</var>
<arg>${row}</arg>
<arg>;</arg>
<doc>Splits the ``string`` using ``separator`` as a delimiter string.</doc>
<msg timestamp="20240228 15:57:53.558" level="INFO">@{rowDetails} = [ Cleaning Services | 5 | h | 60 | 24 | 72 | 372 | 153143 | 3 ]</msg>
<status status="PASS" starttime="20240228 15:57:53.558" endtime="20240228 15:57:53.558"/>
</kw>
<kw name="Run Keyword If" library="BuiltIn">
<var>${rowAmount}</var>
<arg>'${rowDetails[7]}' == '${invoiceNumber}'</arg>
<arg>Convert To Number</arg>
<arg>${rowDetails[6]}</arg>
<arg>ELSE</arg>
<arg>Set Variable</arg>
<arg>0</arg>
<doc>Runs the given keyword with the given arguments, if ``condition`` is true.</doc>
<kw name="Set Variable" library="BuiltIn">
<arg>0</arg>
<doc>Returns the given values which can then be assigned to a variables.</doc>
<status status="PASS" starttime="20240228 15:57:53.559" endtime="20240228 15:57:53.559"/>
</kw>
<msg timestamp="20240228 15:57:53.559" level="INFO">${rowAmount} = 0</msg>
<status status="PASS" starttime="20240228 15:57:53.558" endtime="20240228 15:57:53.559"/>
</kw>
<kw name="Evaluate" library="BuiltIn">
<var>${totalAmount}</var>
<arg>${totalAmount} + ${rowAmount}</arg>
<doc>Evaluates the given expression in Python and returns the result.</doc>
<msg timestamp="20240228 15:57:53.559" level="INFO">${totalAmount} = 1674.0</msg>
<status status="PASS" starttime="20240228 15:57:53.559" endtime="20240228 15:57:53.559"/>
</kw>
<status status="PASS" starttime="20240228 15:57:53.558" endtime="20240228 15:57:53.559"/>
</iter>
<iter>
<var name="${row}">Cleaning Wipes;10;kpl;105;24;252;1302;153143;4</var>
<kw name="Split String" library="String">
<var>@{rowDetails}</var>
<arg>${row}</arg>
<arg>;</arg>
<doc>Splits the ``string`` using ``separator`` as a delimiter string.</doc>
<msg timestamp="20240228 15:57:53.561" level="INFO">@{rowDetails} = [ Cleaning Wipes | 10 | kpl | 105 | 24 | 252 | 1302 | 153143 | 4 ]</msg>
<status status="PASS" starttime="20240228 15:57:53.561" endtime="20240228 15:57:53.562"/>
</kw>
<kw name="Run Keyword If" library="BuiltIn">
<var>${rowAmount}</var>
<arg>'${rowDetails[7]}' == '${invoiceNumber}'</arg>
<arg>Convert To Number</arg>
<arg>${rowDetails[6]}</arg>
<arg>ELSE</arg>
<arg>Set Variable</arg>
<arg>0</arg>
<doc>Runs the given keyword with the given arguments, if ``condition`` is true.</doc>
<kw name="Set Variable" library="BuiltIn">
<arg>0</arg>
<doc>Returns the given values which can then be assigned to a variables.</doc>
<status status="PASS" starttime="20240228 15:57:53.562" endtime="20240228 15:57:53.562"/>
</kw>
<msg timestamp="20240228 15:57:53.562" level="INFO">${rowAmount} = 0</msg>
<status status="PASS" starttime="20240228 15:57:53.562" endtime="20240228 15:57:53.562"/>
</kw>
<kw name="Evaluate" library="BuiltIn">
<var>${totalAmount}</var>
<arg>${totalAmount} + ${rowAmount}</arg>
<doc>Evaluates the given expression in Python and returns the result.</doc>
<msg timestamp="20240228 15:57:53.563" level="INFO">${totalAmount} = 1674.0</msg>
<status status="PASS" starttime="20240228 15:57:53.562" endtime="20240228 15:57:53.563"/>
</kw>
<status status="PASS" starttime="20240228 15:57:53.561" endtime="20240228 15:57:53.563"/>
</iter>
<status status="PASS" starttime="20240228 15:57:53.539" endtime="20240228 15:57:53.563"/>
</for>
<msg timestamp="20240228 15:57:53.564" level="INFO">${calculatedTotal} = 1674.0</msg>
<status status="PASS" starttime="20240228 15:57:53.536" endtime="20240228 15:57:53.564"/>
</kw>
<kw name="Evaluate" library="BuiltIn">
<var>${isValid}</var>
<arg>${calculatedTotal} == ${headerTotal}</arg>
<doc>Evaluates the given expression in Python and returns the result.</doc>
<msg timestamp="20240228 15:57:53.564" level="INFO">${isValid} = True</msg>
<status status="PASS" starttime="20240228 15:57:53.564" endtime="20240228 15:57:53.564"/>
</kw>
<msg timestamp="20240228 15:57:53.564" level="INFO">${amountValid} = True</msg>
<status status="PASS" starttime="20240228 15:57:53.535" endtime="20240228 15:57:53.564"/>
</kw>
<kw name="Set Variable If" library="BuiltIn">
<var>${statusOfInvoice}</var>
<arg>not ${refResult}</arg>
<arg>1</arg>
<arg>0</arg>
<doc>Sets variable based on the given condition.</doc>
<msg timestamp="20240228 15:57:53.565" level="INFO">${statusOfInvoice} = 0</msg>
<status status="PASS" starttime="20240228 15:57:53.565" endtime="20240228 15:57:53.565"/>
</kw>
<kw name="Set Variable If" library="BuiltIn">
<var>${statusOfInvoice}</var>
<arg>not ${ibanResult}</arg>
<arg>2</arg>
<arg>${statusOfInvoice}</arg>
<doc>Sets variable based on the given condition.</doc>
<msg timestamp="20240228 15:57:53.565" level="INFO">${statusOfInvoice} = 0</msg>
<status status="PASS" starttime="20240228 15:57:53.565" endtime="20240228 15:57:53.565"/>
</kw>
<kw name="Set Variable If" library="BuiltIn">
<var>${statusOfInvoice}</var>
<arg>not ${amountValid}</arg>
<arg>3</arg>
<arg>${statusOfInvoice}</arg>
<doc>Sets variable based on the given condition.</doc>
<msg timestamp="20240228 15:57:53.566" level="INFO">${statusOfInvoice} = 0</msg>
<status status="PASS" starttime="20240228 15:57:53.565" endtime="20240228 15:57:53.566"/>
</kw>
<kw name="Set Variable If" library="BuiltIn">
<var>${comment}</var>
<arg>${statusOfInvoice}==0</arg>
<arg>All ok</arg>
<doc>Sets variable based on the given condition.</doc>
<msg timestamp="20240228 15:57:53.566" level="INFO">${comment} = All ok</msg>
<status status="PASS" starttime="20240228 15:57:53.566" endtime="20240228 15:57:53.566"/>
</kw>
<kw name="Set Variable If" library="BuiltIn">
<var>${comment}</var>
<arg>${statusOfInvoice}==1</arg>
<arg>Reference number error</arg>
<arg>${comment}</arg>
<doc>Sets variable based on the given condition.</doc>
<msg timestamp="20240228 15:57:53.566" level="INFO">${comment} = All ok</msg>
<status status="PASS" starttime="20240228 15:57:53.566" endtime="20240228 15:57:53.567"/>
</kw>
<kw name="Set Variable If" library="BuiltIn">
<var>${comment}</var>
<arg>${statusOfInvoice}==2</arg>
<arg>${comment}, + IBAN number error</arg>
<arg>${comment}</arg>
<doc>Sets variable based on the given condition.</doc>
<msg timestamp="20240228 15:57:53.567" level="INFO">${comment} = All ok</msg>
<status status="PASS" starttime="20240228 15:57:53.567" endtime="20240228 15:57:53.567"/>
</kw>
<kw name="Set Variable If" library="BuiltIn">
<var>${comment}</var>
<arg>${statusOfInvoice}==3</arg>
<arg>${comment}, + Total amount mismatch: Expected=${headerDetails[9]}, Calculated=${calculatedTotal}</arg>
<arg>${comment}</arg>
<doc>Sets variable based on the given condition.</doc>
<msg timestamp="20240228 15:57:53.567" level="INFO">${comment} = All ok</msg>
<status status="PASS" starttime="20240228 15:57:53.567" endtime="20240228 15:57:53.567"/>
</kw>
<kw name="Catenate" library="BuiltIn">
<var>${query}</var>
<arg>SEPARATOR=</arg>
<arg>INSERT INTO invoiceheader (invoicenumber, companyname, referencenumber, invoicedate, duedate, companycode, bankaccountnumber, amountexclvat, vat, totalamount, comment) VALUES ('${headerDetails[0]}', '${headerDetails[1]}', '${headerDetails[2]}', '${headerDetails[3]}', '${headerDetails[4]}', '${headerDetails[5]}', '${headerDetails[6]}', ${headerDetails[7]}, ${headerDetails[8]}, ${headerDetails[9]}, '${comment}')</arg>
<doc>Catenates the given items together and returns the resulted string.</doc>
<msg timestamp="20240228 15:57:53.570" level="INFO">${query} = INSERT INTO invoiceheader (invoicenumber, companyname, referencenumber, invoicedate, duedate, companycode, bankaccountnumber, amountexclvat, vat, totalamount, comment) VALUES ('143143', 'Service Provi...</msg>
<status status="PASS" starttime="20240228 15:57:53.567" endtime="20240228 15:57:53.570"/>
</kw>
<kw name="Execute Sql String" library="DatabaseLibrary">
<arg>${query}</arg>
<doc>Executes the ``sqlString`` as a single SQL command.</doc>
<msg timestamp="20240228 15:57:53.571" level="INFO">Executing : Execute SQL String  |  INSERT INTO invoiceheader (invoicenumber, companyname, referencenumber, invoicedate, duedate, companycode, bankaccountnumber, amountexclvat, vat, totalamount, comment) VALUES ('143143', 'Service Provider Oy', '1431432', '15.12.2022', '07.04.2021', '1234567-8', 'FI12 3456 7890 1234 56', 1350, 324, 1674, 'All ok')</msg>
<status status="PASS" starttime="20240228 15:57:53.570" endtime="20240228 15:57:53.576"/>
</kw>
<kw name="Close Connection">
<kw name="Disconnect From Database" library="DatabaseLibrary">
<doc>Disconnects from the database.</doc>
<msg timestamp="20240228 15:57:53.577" level="INFO">Executing : Disconnect From Database</msg>
<status status="PASS" starttime="20240228 15:57:53.577" endtime="20240228 15:57:53.578"/>
</kw>
<status status="PASS" starttime="20240228 15:57:53.577" endtime="20240228 15:57:53.578"/>
</kw>
<status status="PASS" starttime="20240228 15:57:53.529" endtime="20240228 15:57:53.578"/>
</kw>
<status status="PASS" starttime="20240228 15:57:53.506" endtime="20240228 15:57:53.578"/>
</iter>
<iter>
<var name="${header}">1543235;Component Oy;15432359;01.10.2022;15.10.2022;1234567-9;FI05 1234 5600 7891 01;465;111.6;576.6</var>
<kw name="Calculate Total Amount From Rows">
<var>${calculatedTotal}</var>
<arg>${header[0]}</arg>
<kw name="Set Variable" library="BuiltIn">
<var>${totalAmount}</var>
<arg>${0}</arg>
<doc>Returns the given values which can then be assigned to a variables.</doc>
<msg timestamp="20240228 15:57:53.580" level="INFO">${totalAmount} = 0</msg>
<status status="PASS" starttime="20240228 15:57:53.580" endtime="20240228 15:57:53.580"/>
</kw>
<kw name="Read CSV File">
<var>@{rows}</var>
<arg>${row_csv}</arg>
<kw name="Get File" library="OperatingSystem">
<var>${file_path}</var>
<arg>${filename}</arg>
<doc>Returns the contents of a specified file.</doc>
<msg timestamp="20240228 15:57:53.582" level="INFO" html="true">Getting file '&lt;a href="file://C:\Users\ELSAMA\OneDrive\Desktop\Invoice-Automation\Robot Validation\InvoiceRowData.csv"&gt;C:\Users\ELSAMA\OneDrive\Desktop\Invoice-Automation\Robot Validation\InvoiceRowData.csv&lt;/a&gt;'.</msg>
<msg timestamp="20240228 15:57:53.582" level="INFO">${file_path} = ﻿Description;Quantity;Unit;UnitPrice;VATPercent;VAT;Total;InvoiceNumber;RowNumber
Installation Services;5;h;60;24;72;372;143143;1
Replacement Products;10;kpl;105;24;252;1302;143143;2
Keyboard Logitech...</msg>
<status status="PASS" starttime="20240228 15:57:53.582" endtime="20240228 15:57:53.582"/>
</kw>
<kw name="Split To Lines" library="String">
<var>@{lines}</var>
<arg>${file_path}</arg>
<doc>Splits the given string to lines.</doc>
<msg timestamp="20240228 15:57:53.583" level="INFO">9 lines returned</msg>
<msg timestamp="20240228 15:57:53.583" level="INFO">@{lines} = [ ﻿Description;Quantity;Unit;UnitPrice;VATPercent;VAT;Total;InvoiceNumber;RowNumber | Installation Services;5;h;60;24;72;372;143143;1 | Replacement Products;10;kpl;105;24;252;1302;143143;2 | Keyboard ...</msg>
<status status="PASS" starttime="20240228 15:57:53.583" endtime="20240228 15:57:53.583"/>
</kw>
<msg timestamp="20240228 15:57:53.583" level="INFO">@{rows} = [ ﻿Description;Quantity;Unit;UnitPrice;VATPercent;VAT;Total;InvoiceNumber;RowNumber | Installation Services;5;h;60;24;72;372;143143;1 | Replacement Products;10;kpl;105;24;252;1302;143143;2 | Keyboard ...</msg>
<status status="PASS" starttime="20240228 15:57:53.581" endtime="20240228 15:57:53.583"/>
</kw>
<for flavor="IN">
<var>${row}</var>
<value>@{rows}[1:]</value>
<iter>
<var name="${row}">Installation Services;5;h;60;24;72;372;143143;1</var>
<kw name="Split String" library="String">
<var>@{rowDetails}</var>
<arg>${row}</arg>
<arg>;</arg>
<doc>Splits the ``string`` using ``separator`` as a delimiter string.</doc>
<msg timestamp="20240228 15:57:53.584" level="INFO">@{rowDetails} = [ Installation Services | 5 | h | 60 | 24 | 72 | 372 | 143143 | 1 ]</msg>
<status status="PASS" starttime="20240228 15:57:53.584" endtime="20240228 15:57:53.584"/>
</kw>
<kw name="Run Keyword If" library="BuiltIn">
<var>${rowAmount}</var>
<arg>'${rowDetails[7]}' == '${invoiceNumber}'</arg>
<arg>Convert To Number</arg>
<arg>${rowDetails[6]}</arg>
<arg>ELSE</arg>
<arg>Set Variable</arg>
<arg>0</arg>
<doc>Runs the given keyword with the given arguments, if ``condition`` is true.</doc>
<kw name="Set Variable" library="BuiltIn">
<arg>0</arg>
<doc>Returns the given values which can then be assigned to a variables.</doc>
<status status="PASS" starttime="20240228 15:57:53.586" endtime="20240228 15:57:53.586"/>
</kw>
<msg timestamp="20240228 15:57:53.586" level="INFO">${rowAmount} = 0</msg>
<status status="PASS" starttime="20240228 15:57:53.584" endtime="20240228 15:57:53.586"/>
</kw>
<kw name="Evaluate" library="BuiltIn">
<var>${totalAmount}</var>
<arg>${totalAmount} + ${rowAmount}</arg>
<doc>Evaluates the given expression in Python and returns the result.</doc>
<msg timestamp="20240228 15:57:53.587" level="INFO">${totalAmount} = 0</msg>
<status status="PASS" starttime="20240228 15:57:53.587" endtime="20240228 15:57:53.587"/>
</kw>
<status status="PASS" starttime="20240228 15:57:53.584" endtime="20240228 15:57:53.587"/>
</iter>
<iter>
<var name="${row}">Replacement Products;10;kpl;105;24;252;1302;143143;2</var>
<kw name="Split String" library="String">
<var>@{rowDetails}</var>
<arg>${row}</arg>
<arg>;</arg>
<doc>Splits the ``string`` using ``separator`` as a delimiter string.</doc>
<msg timestamp="20240228 15:57:53.587" level="INFO">@{rowDetails} = [ Replacement Products | 10 | kpl | 105 | 24 | 252 | 1302 | 143143 | 2 ]</msg>
<status status="PASS" starttime="20240228 15:57:53.587" endtime="20240228 15:57:53.587"/>
</kw>
<kw name="Run Keyword If" library="BuiltIn">
<var>${rowAmount}</var>
<arg>'${rowDetails[7]}' == '${invoiceNumber}'</arg>
<arg>Convert To Number</arg>
<arg>${rowDetails[6]}</arg>
<arg>ELSE</arg>
<arg>Set Variable</arg>
<arg>0</arg>
<doc>Runs the given keyword with the given arguments, if ``condition`` is true.</doc>
<kw name="Set Variable" library="BuiltIn">
<arg>0</arg>
<doc>Returns the given values which can then be assigned to a variables.</doc>
<status status="PASS" starttime="20240228 15:57:53.588" endtime="20240228 15:57:53.588"/>
</kw>
<msg timestamp="20240228 15:57:53.588" level="INFO">${rowAmount} = 0</msg>
<status status="PASS" starttime="20240228 15:57:53.588" endtime="20240228 15:57:53.588"/>
</kw>
<kw name="Evaluate" library="BuiltIn">
<var>${totalAmount}</var>
<arg>${totalAmount} + ${rowAmount}</arg>
<doc>Evaluates the given expression in Python and returns the result.</doc>
<msg timestamp="20240228 15:57:53.589" level="INFO">${totalAmount} = 0</msg>
<status status="PASS" starttime="20240228 15:57:53.589" endtime="20240228 15:57:53.589"/>
</kw>
<status status="PASS" starttime="20240228 15:57:53.587" endtime="20240228 15:57:53.589"/>
</iter>
<iter>
<var name="${row}">Keyboard Logitech;10;kpl;40;24;96;496;1543235;1</var>
<kw name="Split String" library="String">
<var>@{rowDetails}</var>
<arg>${row}</arg>
<arg>;</arg>
<doc>Splits the ``string`` using ``separator`` as a delimiter string.</doc>
<msg timestamp="20240228 15:57:53.590" level="INFO">@{rowDetails} = [ Keyboard Logitech | 10 | kpl | 40 | 24 | 96 | 496 | 1543235 | 1 ]</msg>
<status status="PASS" starttime="20240228 15:57:53.589" endtime="20240228 15:57:53.590"/>
</kw>
<kw name="Run Keyword If" library="BuiltIn">
<var>${rowAmount}</var>
<arg>'${rowDetails[7]}' == '${invoiceNumber}'</arg>
<arg>Convert To Number</arg>
<arg>${rowDetails[6]}</arg>
<arg>ELSE</arg>
<arg>Set Variable</arg>
<arg>0</arg>
<doc>Runs the given keyword with the given arguments, if ``condition`` is true.</doc>
<kw name="Set Variable" library="BuiltIn">
<arg>0</arg>
<doc>Returns the given values which can then be assigned to a variables.</doc>
<status status="PASS" starttime="20240228 15:57:53.591" endtime="20240228 15:57:53.591"/>
</kw>
<msg timestamp="20240228 15:57:53.591" level="INFO">${rowAmount} = 0</msg>
<status status="PASS" starttime="20240228 15:57:53.590" endtime="20240228 15:57:53.591"/>
</kw>
<kw name="Evaluate" library="BuiltIn">
<var>${totalAmount}</var>
<arg>${totalAmount} + ${rowAmount}</arg>
<doc>Evaluates the given expression in Python and returns the result.</doc>
<msg timestamp="20240228 15:57:53.591" level="INFO">${totalAmount} = 0</msg>
<status status="PASS" starttime="20240228 15:57:53.591" endtime="20240228 15:57:53.591"/>
</kw>
<status status="PASS" starttime="20240228 15:57:53.589" endtime="20240228 15:57:53.592"/>
</iter>
<iter>
<var name="${row}">Brother printer;1;kpl;65;24;15.6;80.6;1543235;2</var>
<kw name="Split String" library="String">
<var>@{rowDetails}</var>
<arg>${row}</arg>
<arg>;</arg>
<doc>Splits the ``string`` using ``separator`` as a delimiter string.</doc>
<msg timestamp="20240228 15:57:53.592" level="INFO">@{rowDetails} = [ Brother printer | 1 | kpl | 65 | 24 | 15.6 | 80.6 | 1543235 | 2 ]</msg>
<status status="PASS" starttime="20240228 15:57:53.592" endtime="20240228 15:57:53.593"/>
</kw>
<kw name="Run Keyword If" library="BuiltIn">
<var>${rowAmount}</var>
<arg>'${rowDetails[7]}' == '${invoiceNumber}'</arg>
<arg>Convert To Number</arg>
<arg>${rowDetails[6]}</arg>
<arg>ELSE</arg>
<arg>Set Variable</arg>
<arg>0</arg>
<doc>Runs the given keyword with the given arguments, if ``condition`` is true.</doc>
<kw name="Set Variable" library="BuiltIn">
<arg>0</arg>
<doc>Returns the given values which can then be assigned to a variables.</doc>
<status status="PASS" starttime="20240228 15:57:53.593" endtime="20240228 15:57:53.594"/>
</kw>
<msg timestamp="20240228 15:57:53.594" level="INFO">${rowAmount} = 0</msg>
<status status="PASS" starttime="20240228 15:57:53.593" endtime="20240228 15:57:53.594"/>
</kw>
<kw name="Evaluate" library="BuiltIn">
<var>${totalAmount}</var>
<arg>${totalAmount} + ${rowAmount}</arg>
<doc>Evaluates the given expression in Python and returns the result.</doc>
<msg timestamp="20240228 15:57:53.595" level="INFO">${totalAmount} = 0</msg>
<status status="PASS" starttime="20240228 15:57:53.595" endtime="20240228 15:57:53.595"/>
</kw>
<status status="PASS" starttime="20240228 15:57:53.592" endtime="20240228 15:57:53.595"/>
</iter>
<iter>
<var name="${row}">Installation Services;5;h;60;24;72;372;153143;1</var>
<kw name="Split String" library="String">
<var>@{rowDetails}</var>
<arg>${row}</arg>
<arg>;</arg>
<doc>Splits the ``string`` using ``separator`` as a delimiter string.</doc>
<msg timestamp="20240228 15:57:53.596" level="INFO">@{rowDetails} = [ Installation Services | 5 | h | 60 | 24 | 72 | 372 | 153143 | 1 ]</msg>
<status status="PASS" starttime="20240228 15:57:53.595" endtime="20240228 15:57:53.596"/>
</kw>
<kw name="Run Keyword If" library="BuiltIn">
<var>${rowAmount}</var>
<arg>'${rowDetails[7]}' == '${invoiceNumber}'</arg>
<arg>Convert To Number</arg>
<arg>${rowDetails[6]}</arg>
<arg>ELSE</arg>
<arg>Set Variable</arg>
<arg>0</arg>
<doc>Runs the given keyword with the given arguments, if ``condition`` is true.</doc>
<kw name="Set Variable" library="BuiltIn">
<arg>0</arg>
<doc>Returns the given values which can then be assigned to a variables.</doc>
<status status="PASS" starttime="20240228 15:57:53.596" endtime="20240228 15:57:53.597"/>
</kw>
<msg timestamp="20240228 15:57:53.597" level="INFO">${rowAmount} = 0</msg>
<status status="PASS" starttime="20240228 15:57:53.596" endtime="20240228 15:57:53.597"/>
</kw>
<kw name="Evaluate" library="BuiltIn">
<var>${totalAmount}</var>
<arg>${totalAmount} + ${rowAmount}</arg>
<doc>Evaluates the given expression in Python and returns the result.</doc>
<msg timestamp="20240228 15:57:53.597" level="INFO">${totalAmount} = 0</msg>
<status status="PASS" starttime="20240228 15:57:53.597" endtime="20240228 15:57:53.597"/>
</kw>
<status status="PASS" starttime="20240228 15:57:53.595" endtime="20240228 15:57:53.597"/>
</iter>
<iter>
<var name="${row}">Replacement Products;10;kpl;105;24;252;1302;153143;2</var>
<kw name="Split String" library="String">
<var>@{rowDetails}</var>
<arg>${row}</arg>
<arg>;</arg>
<doc>Splits the ``string`` using ``separator`` as a delimiter string.</doc>
<msg timestamp="20240228 15:57:53.598" level="INFO">@{rowDetails} = [ Replacement Products | 10 | kpl | 105 | 24 | 252 | 1302 | 153143 | 2 ]</msg>
<status status="PASS" starttime="20240228 15:57:53.597" endtime="20240228 15:57:53.598"/>
</kw>
<kw name="Run Keyword If" library="BuiltIn">
<var>${rowAmount}</var>
<arg>'${rowDetails[7]}' == '${invoiceNumber}'</arg>
<arg>Convert To Number</arg>
<arg>${rowDetails[6]}</arg>
<arg>ELSE</arg>
<arg>Set Variable</arg>
<arg>0</arg>
<doc>Runs the given keyword with the given arguments, if ``condition`` is true.</doc>
<kw name="Set Variable" library="BuiltIn">
<arg>0</arg>
<doc>Returns the given values which can then be assigned to a variables.</doc>
<status status="PASS" starttime="20240228 15:57:53.598" endtime="20240228 15:57:53.599"/>
</kw>
<msg timestamp="20240228 15:57:53.599" level="INFO">${rowAmount} = 0</msg>
<status status="PASS" starttime="20240228 15:57:53.598" endtime="20240228 15:57:53.599"/>
</kw>
<kw name="Evaluate" library="BuiltIn">
<var>${totalAmount}</var>
<arg>${totalAmount} + ${rowAmount}</arg>
<doc>Evaluates the given expression in Python and returns the result.</doc>
<msg timestamp="20240228 15:57:53.599" level="INFO">${totalAmount} = 0</msg>
<status status="PASS" starttime="20240228 15:57:53.599" endtime="20240228 15:57:53.599"/>
</kw>
<status status="PASS" starttime="20240228 15:57:53.597" endtime="20240228 15:57:53.599"/>
</iter>
<iter>
<var name="${row}">Cleaning Services;5;h;60;24;72;372;153143;3</var>
<kw name="Split String" library="String">
<var>@{rowDetails}</var>
<arg>${row}</arg>
<arg>;</arg>
<doc>Splits the ``string`` using ``separator`` as a delimiter string.</doc>
<msg timestamp="20240228 15:57:53.600" level="INFO">@{rowDetails} = [ Cleaning Services | 5 | h | 60 | 24 | 72 | 372 | 153143 | 3 ]</msg>
<status status="PASS" starttime="20240228 15:57:53.599" endtime="20240228 15:57:53.600"/>
</kw>
<kw name="Run Keyword If" library="BuiltIn">
<var>${rowAmount}</var>
<arg>'${rowDetails[7]}' == '${invoiceNumber}'</arg>
<arg>Convert To Number</arg>
<arg>${rowDetails[6]}</arg>
<arg>ELSE</arg>
<arg>Set Variable</arg>
<arg>0</arg>
<doc>Runs the given keyword with the given arguments, if ``condition`` is true.</doc>
<kw name="Set Variable" library="BuiltIn">
<arg>0</arg>
<doc>Returns the given values which can then be assigned to a variables.</doc>
<status status="PASS" starttime="20240228 15:57:53.600" endtime="20240228 15:57:53.600"/>
</kw>
<msg timestamp="20240228 15:57:53.601" level="INFO">${rowAmount} = 0</msg>
<status status="PASS" starttime="20240228 15:57:53.600" endtime="20240228 15:57:53.601"/>
</kw>
<kw name="Evaluate" library="BuiltIn">
<var>${totalAmount}</var>
<arg>${totalAmount} + ${rowAmount}</arg>
<doc>Evaluates the given expression in Python and returns the result.</doc>
<msg timestamp="20240228 15:57:53.601" level="INFO">${totalAmount} = 0</msg>
<status status="PASS" starttime="20240228 15:57:53.601" endtime="20240228 15:57:53.602"/>
</kw>
<status status="PASS" starttime="20240228 15:57:53.599" endtime="20240228 15:57:53.602"/>
</iter>
<iter>
<var name="${row}">Cleaning Wipes;10;kpl;105;24;252;1302;153143;4</var>
<kw name="Split String" library="String">
<var>@{rowDetails}</var>
<arg>${row}</arg>
<arg>;</arg>
<doc>Splits the ``string`` using ``separator`` as a delimiter string.</doc>
<msg timestamp="20240228 15:57:53.602" level="INFO">@{rowDetails} = [ Cleaning Wipes | 10 | kpl | 105 | 24 | 252 | 1302 | 153143 | 4 ]</msg>
<status status="PASS" starttime="20240228 15:57:53.602" endtime="20240228 15:57:53.602"/>
</kw>
<kw name="Run Keyword If" library="BuiltIn">
<var>${rowAmount}</var>
<arg>'${rowDetails[7]}' == '${invoiceNumber}'</arg>
<arg>Convert To Number</arg>
<arg>${rowDetails[6]}</arg>
<arg>ELSE</arg>
<arg>Set Variable</arg>
<arg>0</arg>
<doc>Runs the given keyword with the given arguments, if ``condition`` is true.</doc>
<kw name="Set Variable" library="BuiltIn">
<arg>0</arg>
<doc>Returns the given values which can then be assigned to a variables.</doc>
<status status="PASS" starttime="20240228 15:57:53.603" endtime="20240228 15:57:53.603"/>
</kw>
<msg timestamp="20240228 15:57:53.603" level="INFO">${rowAmount} = 0</msg>
<status status="PASS" starttime="20240228 15:57:53.602" endtime="20240228 15:57:53.603"/>
</kw>
<kw name="Evaluate" library="BuiltIn">
<var>${totalAmount}</var>
<arg>${totalAmount} + ${rowAmount}</arg>
<doc>Evaluates the given expression in Python and returns the result.</doc>
<msg timestamp="20240228 15:57:53.604" level="INFO">${totalAmount} = 0</msg>
<status status="PASS" starttime="20240228 15:57:53.603" endtime="20240228 15:57:53.604"/>
</kw>
<status status="PASS" starttime="20240228 15:57:53.602" endtime="20240228 15:57:53.604"/>
</iter>
<status status="PASS" starttime="20240228 15:57:53.583" endtime="20240228 15:57:53.604"/>
</for>
<msg timestamp="20240228 15:57:53.604" level="INFO">${calculatedTotal} = 0</msg>
<status status="PASS" starttime="20240228 15:57:53.579" endtime="20240228 15:57:53.604"/>
</kw>
<kw name="Insert Invoice Header To DB">
<arg>${header}</arg>
<arg>${calculatedTotal}</arg>
<kw name="Make Connection">
<kw name="Connect To Database" library="DatabaseLibrary">
<arg>pymysql</arg>
<arg>${dbname}</arg>
<arg>${dbuser}</arg>
<arg>${dbpass}</arg>
<arg>${dbhost}</arg>
<arg>${dbport}</arg>
<doc>Loads the DB API 2.0 module given ``dbapiModuleName`` then uses it to
connect to the database using provided parameters such as ``dbName``, ``dbUsername``, and ``dbPassword``.</doc>
<msg timestamp="20240228 15:57:53.606" level="INFO">Connecting using : pymysql.connect(db=rpa_db, user=robocop, passwd=***, host=localhost, port=3306, charset=None)</msg>
<status status="PASS" starttime="20240228 15:57:53.604" endtime="20240228 15:57:53.609"/>
</kw>
<status status="PASS" starttime="20240228 15:57:53.604" endtime="20240228 15:57:53.610"/>
</kw>
<kw name="Split String" library="String">
<var>@{headerDetails}</var>
<arg>${header}</arg>
<arg>;</arg>
<doc>Splits the ``string`` using ``separator`` as a delimiter string.</doc>
<msg timestamp="20240228 15:57:53.610" level="INFO">@{headerDetails} = [ 1543235 | Component Oy | 15432359 | 01.10.2022 | 15.10.2022 | 1234567-9 | FI05 1234 5600 7891 01 | 465 | 111.6 | 576.6 ]</msg>
<status status="PASS" starttime="20240228 15:57:53.610" endtime="20240228 15:57:53.610"/>
</kw>
<kw name="Is Reference Number Correct">
<var>${refResult}</var>
<arg>${headerDetails[2]}</arg>
<kw name="Evaluate" library="BuiltIn">
<var>${correct}</var>
<arg>len("${refNumber}") == 7 and "${refNumber}".isdigit()</arg>
<doc>Evaluates the given expression in Python and returns the result.</doc>
<msg timestamp="20240228 15:57:53.611" level="INFO">${correct} = False</msg>
<status status="PASS" starttime="20240228 15:57:53.611" endtime="20240228 15:57:53.611"/>
</kw>
<msg timestamp="20240228 15:57:53.612" level="INFO">${refResult} = False</msg>
<status status="PASS" starttime="20240228 15:57:53.610" endtime="20240228 15:57:53.612"/>
</kw>
<kw name="Check IBAN">
<var>${ibanResult}</var>
<arg>${headerDetails[6]}</arg>
<kw name="Evaluate" library="BuiltIn">
<var>${correct}</var>
<arg>"${iban}"[:2].isalpha() and "${iban}"[:2].isupper() and len("${iban}") == 22</arg>
<doc>Evaluates the given expression in Python and returns the result.</doc>
<msg timestamp="20240228 15:57:53.613" level="INFO">${correct} = True</msg>
<status status="PASS" starttime="20240228 15:57:53.612" endtime="20240228 15:57:53.613"/>
</kw>
<msg timestamp="20240228 15:57:53.613" level="INFO">${ibanResult} = True</msg>
<status status="PASS" starttime="20240228 15:57:53.612" endtime="20240228 15:57:53.613"/>
</kw>
<kw name="Is Total Amount Valid">
<var>${amountValid}</var>
<arg>${headerDetails[0]}</arg>
<arg>${headerDetails[9]}</arg>
<kw name="Calculate Total Amount From Rows">
<var>${calculatedTotal}</var>
<arg>${invoiceNumber}</arg>
<kw name="Set Variable" library="BuiltIn">
<var>${totalAmount}</var>
<arg>${0}</arg>
<doc>Returns the given values which can then be assigned to a variables.</doc>
<msg timestamp="20240228 15:57:53.615" level="INFO">${totalAmount} = 0</msg>
<status status="PASS" starttime="20240228 15:57:53.614" endtime="20240228 15:57:53.615"/>
</kw>
<kw name="Read CSV File">
<var>@{rows}</var>
<arg>${row_csv}</arg>
<kw name="Get File" library="OperatingSystem">
<var>${file_path}</var>
<arg>${filename}</arg>
<doc>Returns the contents of a specified file.</doc>
<msg timestamp="20240228 15:57:53.615" level="INFO" html="true">Getting file '&lt;a href="file://C:\Users\ELSAMA\OneDrive\Desktop\Invoice-Automation\Robot Validation\InvoiceRowData.csv"&gt;C:\Users\ELSAMA\OneDrive\Desktop\Invoice-Automation\Robot Validation\InvoiceRowData.csv&lt;/a&gt;'.</msg>
<msg timestamp="20240228 15:57:53.616" level="INFO">${file_path} = ﻿Description;Quantity;Unit;UnitPrice;VATPercent;VAT;Total;InvoiceNumber;RowNumber
Installation Services;5;h;60;24;72;372;143143;1
Replacement Products;10;kpl;105;24;252;1302;143143;2
Keyboard Logitech...</msg>
<status status="PASS" starttime="20240228 15:57:53.615" endtime="20240228 15:57:53.616"/>
</kw>
<kw name="Split To Lines" library="String">
<var>@{lines}</var>
<arg>${file_path}</arg>
<doc>Splits the given string to lines.</doc>
<msg timestamp="20240228 15:57:53.616" level="INFO">9 lines returned</msg>
<msg timestamp="20240228 15:57:53.617" level="INFO">@{lines} = [ ﻿Description;Quantity;Unit;UnitPrice;VATPercent;VAT;Total;InvoiceNumber;RowNumber | Installation Services;5;h;60;24;72;372;143143;1 | Replacement Products;10;kpl;105;24;252;1302;143143;2 | Keyboard ...</msg>
<status status="PASS" starttime="20240228 15:57:53.616" endtime="20240228 15:57:53.617"/>
</kw>
<msg timestamp="20240228 15:57:53.617" level="INFO">@{rows} = [ ﻿Description;Quantity;Unit;UnitPrice;VATPercent;VAT;Total;InvoiceNumber;RowNumber | Installation Services;5;h;60;24;72;372;143143;1 | Replacement Products;10;kpl;105;24;252;1302;143143;2 | Keyboard ...</msg>
<status status="PASS" starttime="20240228 15:57:53.615" endtime="20240228 15:57:53.617"/>
</kw>
<for flavor="IN">
<var>${row}</var>
<value>@{rows}[1:]</value>
<iter>
<var name="${row}">Installation Services;5;h;60;24;72;372;143143;1</var>
<kw name="Split String" library="String">
<var>@{rowDetails}</var>
<arg>${row}</arg>
<arg>;</arg>
<doc>Splits the ``string`` using ``separator`` as a delimiter string.</doc>
<msg timestamp="20240228 15:57:53.617" level="INFO">@{rowDetails} = [ Installation Services | 5 | h | 60 | 24 | 72 | 372 | 143143 | 1 ]</msg>
<status status="PASS" starttime="20240228 15:57:53.617" endtime="20240228 15:57:53.617"/>
</kw>
<kw name="Run Keyword If" library="BuiltIn">
<var>${rowAmount}</var>
<arg>'${rowDetails[7]}' == '${invoiceNumber}'</arg>
<arg>Convert To Number</arg>
<arg>${rowDetails[6]}</arg>
<arg>ELSE</arg>
<arg>Set Variable</arg>
<arg>0</arg>
<doc>Runs the given keyword with the given arguments, if ``condition`` is true.</doc>
<kw name="Set Variable" library="BuiltIn">
<arg>0</arg>
<doc>Returns the given values which can then be assigned to a variables.</doc>
<status status="PASS" starttime="20240228 15:57:53.618" endtime="20240228 15:57:53.618"/>
</kw>
<msg timestamp="20240228 15:57:53.618" level="INFO">${rowAmount} = 0</msg>
<status status="PASS" starttime="20240228 15:57:53.618" endtime="20240228 15:57:53.618"/>
</kw>
<kw name="Evaluate" library="BuiltIn">
<var>${totalAmount}</var>
<arg>${totalAmount} + ${rowAmount}</arg>
<doc>Evaluates the given expression in Python and returns the result.</doc>
<msg timestamp="20240228 15:57:53.619" level="INFO">${totalAmount} = 0</msg>
<status status="PASS" starttime="20240228 15:57:53.619" endtime="20240228 15:57:53.619"/>
</kw>
<status status="PASS" starttime="20240228 15:57:53.617" endtime="20240228 15:57:53.619"/>
</iter>
<iter>
<var name="${row}">Replacement Products;10;kpl;105;24;252;1302;143143;2</var>
<kw name="Split String" library="String">
<var>@{rowDetails}</var>
<arg>${row}</arg>
<arg>;</arg>
<doc>Splits the ``string`` using ``separator`` as a delimiter string.</doc>
<msg timestamp="20240228 15:57:53.619" level="INFO">@{rowDetails} = [ Replacement Products | 10 | kpl | 105 | 24 | 252 | 1302 | 143143 | 2 ]</msg>
<status status="PASS" starttime="20240228 15:57:53.619" endtime="20240228 15:57:53.619"/>
</kw>
<kw name="Run Keyword If" library="BuiltIn">
<var>${rowAmount}</var>
<arg>'${rowDetails[7]}' == '${invoiceNumber}'</arg>
<arg>Convert To Number</arg>
<arg>${rowDetails[6]}</arg>
<arg>ELSE</arg>
<arg>Set Variable</arg>
<arg>0</arg>
<doc>Runs the given keyword with the given arguments, if ``condition`` is true.</doc>
<kw name="Set Variable" library="BuiltIn">
<arg>0</arg>
<doc>Returns the given values which can then be assigned to a variables.</doc>
<status status="PASS" starttime="20240228 15:57:53.621" endtime="20240228 15:57:53.621"/>
</kw>
<msg timestamp="20240228 15:57:53.621" level="INFO">${rowAmount} = 0</msg>
<status status="PASS" starttime="20240228 15:57:53.619" endtime="20240228 15:57:53.621"/>
</kw>
<kw name="Evaluate" library="BuiltIn">
<var>${totalAmount}</var>
<arg>${totalAmount} + ${rowAmount}</arg>
<doc>Evaluates the given expression in Python and returns the result.</doc>
<msg timestamp="20240228 15:57:53.621" level="INFO">${totalAmount} = 0</msg>
<status status="PASS" starttime="20240228 15:57:53.621" endtime="20240228 15:57:53.621"/>
</kw>
<status status="PASS" starttime="20240228 15:57:53.619" endtime="20240228 15:57:53.621"/>
</iter>
<iter>
<var name="${row}">Keyboard Logitech;10;kpl;40;24;96;496;1543235;1</var>
<kw name="Split String" library="String">
<var>@{rowDetails}</var>
<arg>${row}</arg>
<arg>;</arg>
<doc>Splits the ``string`` using ``separator`` as a delimiter string.</doc>
<msg timestamp="20240228 15:57:53.622" level="INFO">@{rowDetails} = [ Keyboard Logitech | 10 | kpl | 40 | 24 | 96 | 496 | 1543235 | 1 ]</msg>
<status status="PASS" starttime="20240228 15:57:53.622" endtime="20240228 15:57:53.622"/>
</kw>
<kw name="Run Keyword If" library="BuiltIn">
<var>${rowAmount}</var>
<arg>'${rowDetails[7]}' == '${invoiceNumber}'</arg>
<arg>Convert To Number</arg>
<arg>${rowDetails[6]}</arg>
<arg>ELSE</arg>
<arg>Set Variable</arg>
<arg>0</arg>
<doc>Runs the given keyword with the given arguments, if ``condition`` is true.</doc>
<kw name="Convert To Number" library="BuiltIn">
<arg>${rowDetails[6]}</arg>
<doc>Converts the given item to a floating point number.</doc>
<status status="PASS" starttime="20240228 15:57:53.623" endtime="20240228 15:57:53.623"/>
</kw>
<msg timestamp="20240228 15:57:53.623" level="INFO">${rowAmount} = 496.0</msg>
<status status="PASS" starttime="20240228 15:57:53.622" endtime="20240228 15:57:53.623"/>
</kw>
<kw name="Evaluate" library="BuiltIn">
<var>${totalAmount}</var>
<arg>${totalAmount} + ${rowAmount}</arg>
<doc>Evaluates the given expression in Python and returns the result.</doc>
<msg timestamp="20240228 15:57:53.624" level="INFO">${totalAmount} = 496.0</msg>
<status status="PASS" starttime="20240228 15:57:53.624" endtime="20240228 15:57:53.624"/>
</kw>
<status status="PASS" starttime="20240228 15:57:53.622" endtime="20240228 15:57:53.624"/>
</iter>
<iter>
<var name="${row}">Brother printer;1;kpl;65;24;15.6;80.6;1543235;2</var>
<kw name="Split String" library="String">
<var>@{rowDetails}</var>
<arg>${row}</arg>
<arg>;</arg>
<doc>Splits the ``string`` using ``separator`` as a delimiter string.</doc>
<msg timestamp="20240228 15:57:53.624" level="INFO">@{rowDetails} = [ Brother printer | 1 | kpl | 65 | 24 | 15.6 | 80.6 | 1543235 | 2 ]</msg>
<status status="PASS" starttime="20240228 15:57:53.624" endtime="20240228 15:57:53.624"/>
</kw>
<kw name="Run Keyword If" library="BuiltIn">
<var>${rowAmount}</var>
<arg>'${rowDetails[7]}' == '${invoiceNumber}'</arg>
<arg>Convert To Number</arg>
<arg>${rowDetails[6]}</arg>
<arg>ELSE</arg>
<arg>Set Variable</arg>
<arg>0</arg>
<doc>Runs the given keyword with the given arguments, if ``condition`` is true.</doc>
<kw name="Convert To Number" library="BuiltIn">
<arg>${rowDetails[6]}</arg>
<doc>Converts the given item to a floating point number.</doc>
<status status="PASS" starttime="20240228 15:57:53.625" endtime="20240228 15:57:53.625"/>
</kw>
<msg timestamp="20240228 15:57:53.625" level="INFO">${rowAmount} = 80.6</msg>
<status status="PASS" starttime="20240228 15:57:53.624" endtime="20240228 15:57:53.627"/>
</kw>
<kw name="Evaluate" library="BuiltIn">
<var>${totalAmount}</var>
<arg>${totalAmount} + ${rowAmount}</arg>
<doc>Evaluates the given expression in Python and returns the result.</doc>
<msg timestamp="20240228 15:57:53.627" level="INFO">${totalAmount} = 576.6</msg>
<status status="PASS" starttime="20240228 15:57:53.627" endtime="20240228 15:57:53.627"/>
</kw>
<status status="PASS" starttime="20240228 15:57:53.624" endtime="20240228 15:57:53.627"/>
</iter>
<iter>
<var name="${row}">Installation Services;5;h;60;24;72;372;153143;1</var>
<kw name="Split String" library="String">
<var>@{rowDetails}</var>
<arg>${row}</arg>
<arg>;</arg>
<doc>Splits the ``string`` using ``separator`` as a delimiter string.</doc>
<msg timestamp="20240228 15:57:53.627" level="INFO">@{rowDetails} = [ Installation Services | 5 | h | 60 | 24 | 72 | 372 | 153143 | 1 ]</msg>
<status status="PASS" starttime="20240228 15:57:53.627" endtime="20240228 15:57:53.628"/>
</kw>
<kw name="Run Keyword If" library="BuiltIn">
<var>${rowAmount}</var>
<arg>'${rowDetails[7]}' == '${invoiceNumber}'</arg>
<arg>Convert To Number</arg>
<arg>${rowDetails[6]}</arg>
<arg>ELSE</arg>
<arg>Set Variable</arg>
<arg>0</arg>
<doc>Runs the given keyword with the given arguments, if ``condition`` is true.</doc>
<kw name="Set Variable" library="BuiltIn">
<arg>0</arg>
<doc>Returns the given values which can then be assigned to a variables.</doc>
<status status="PASS" starttime="20240228 15:57:53.628" endtime="20240228 15:57:53.628"/>
</kw>
<msg timestamp="20240228 15:57:53.628" level="INFO">${rowAmount} = 0</msg>
<status status="PASS" starttime="20240228 15:57:53.628" endtime="20240228 15:57:53.628"/>
</kw>
<kw name="Evaluate" library="BuiltIn">
<var>${totalAmount}</var>
<arg>${totalAmount} + ${rowAmount}</arg>
<doc>Evaluates the given expression in Python and returns the result.</doc>
<msg timestamp="20240228 15:57:53.629" level="INFO">${totalAmount} = 576.6</msg>
<status status="PASS" starttime="20240228 15:57:53.629" endtime="20240228 15:57:53.629"/>
</kw>
<status status="PASS" starttime="20240228 15:57:53.627" endtime="20240228 15:57:53.629"/>
</iter>
<iter>
<var name="${row}">Replacement Products;10;kpl;105;24;252;1302;153143;2</var>
<kw name="Split String" library="String">
<var>@{rowDetails}</var>
<arg>${row}</arg>
<arg>;</arg>
<doc>Splits the ``string`` using ``separator`` as a delimiter string.</doc>
<msg timestamp="20240228 15:57:53.629" level="INFO">@{rowDetails} = [ Replacement Products | 10 | kpl | 105 | 24 | 252 | 1302 | 153143 | 2 ]</msg>
<status status="PASS" starttime="20240228 15:57:53.629" endtime="20240228 15:57:53.629"/>
</kw>
<kw name="Run Keyword If" library="BuiltIn">
<var>${rowAmount}</var>
<arg>'${rowDetails[7]}' == '${invoiceNumber}'</arg>
<arg>Convert To Number</arg>
<arg>${rowDetails[6]}</arg>
<arg>ELSE</arg>
<arg>Set Variable</arg>
<arg>0</arg>
<doc>Runs the given keyword with the given arguments, if ``condition`` is true.</doc>
<kw name="Set Variable" library="BuiltIn">
<arg>0</arg>
<doc>Returns the given values which can then be assigned to a variables.</doc>
<status status="PASS" starttime="20240228 15:57:53.630" endtime="20240228 15:57:53.630"/>
</kw>
<msg timestamp="20240228 15:57:53.630" level="INFO">${rowAmount} = 0</msg>
<status status="PASS" starttime="20240228 15:57:53.630" endtime="20240228 15:57:53.630"/>
</kw>
<kw name="Evaluate" library="BuiltIn">
<var>${totalAmount}</var>
<arg>${totalAmount} + ${rowAmount}</arg>
<doc>Evaluates the given expression in Python and returns the result.</doc>
<msg timestamp="20240228 15:57:53.631" level="INFO">${totalAmount} = 576.6</msg>
<status status="PASS" starttime="20240228 15:57:53.630" endtime="20240228 15:57:53.631"/>
</kw>
<status status="PASS" starttime="20240228 15:57:53.629" endtime="20240228 15:57:53.631"/>
</iter>
<iter>
<var name="${row}">Cleaning Services;5;h;60;24;72;372;153143;3</var>
<kw name="Split String" library="String">
<var>@{rowDetails}</var>
<arg>${row}</arg>
<arg>;</arg>
<doc>Splits the ``string`` using ``separator`` as a delimiter string.</doc>
<msg timestamp="20240228 15:57:53.631" level="INFO">@{rowDetails} = [ Cleaning Services | 5 | h | 60 | 24 | 72 | 372 | 153143 | 3 ]</msg>
<status status="PASS" starttime="20240228 15:57:53.631" endtime="20240228 15:57:53.631"/>
</kw>
<kw name="Run Keyword If" library="BuiltIn">
<var>${rowAmount}</var>
<arg>'${rowDetails[7]}' == '${invoiceNumber}'</arg>
<arg>Convert To Number</arg>
<arg>${rowDetails[6]}</arg>
<arg>ELSE</arg>
<arg>Set Variable</arg>
<arg>0</arg>
<doc>Runs the given keyword with the given arguments, if ``condition`` is true.</doc>
<kw name="Set Variable" library="BuiltIn">
<arg>0</arg>
<doc>Returns the given values which can then be assigned to a variables.</doc>
<status status="PASS" starttime="20240228 15:57:53.631" endtime="20240228 15:57:53.632"/>
</kw>
<msg timestamp="20240228 15:57:53.632" level="INFO">${rowAmount} = 0</msg>
<status status="PASS" starttime="20240228 15:57:53.631" endtime="20240228 15:57:53.632"/>
</kw>
<kw name="Evaluate" library="BuiltIn">
<var>${totalAmount}</var>
<arg>${totalAmount} + ${rowAmount}</arg>
<doc>Evaluates the given expression in Python and returns the result.</doc>
<msg timestamp="20240228 15:57:53.632" level="INFO">${totalAmount} = 576.6</msg>
<status status="PASS" starttime="20240228 15:57:53.632" endtime="20240228 15:57:53.632"/>
</kw>
[...]
<arg>${comment}</arg>
<doc>Sets variable based on the given condition.</doc>
<msg timestamp="20240228 15:57:53.699" level="INFO">${comment} = All ok</msg>
<status status="PASS" starttime="20240228 15:57:53.698" endtime="20240228 15:57:53.699"/>
</kw>
<kw name="Catenate" library="BuiltIn">
<var>${query}</var>
<arg>SEPARATOR=</arg>
<arg>INSERT INTO invoiceheader (invoicenumber, companyname, referencenumber, invoicedate, duedate, companycode, bankaccountnumber, amountexclvat, vat, totalamount, comment) VALUES ('${headerDetails[0]}', '${headerDetails[1]}', '${headerDetails[2]}', '${headerDetails[3]}', '${headerDetails[4]}', '${headerDetails[5]}', '${headerDetails[6]}', ${headerDetails[7]}, ${headerDetails[8]}, ${headerDetails[9]}, '${comment}')</arg>
<doc>Catenates the given items together and returns the resulted string.</doc>
<msg timestamp="20240228 15:57:53.701" level="INFO">${query} = INSERT INTO invoiceheader (invoicenumber, companyname, referencenumber, invoicedate, duedate, companycode, bankaccountnumber, amountexclvat, vat, totalamount, comment) VALUES ('153143', 'Service Provi...</msg>
<status status="PASS" starttime="20240228 15:57:53.699" endtime="20240228 15:57:53.701"/>
</kw>
<kw name="Execute Sql String" library="DatabaseLibrary">
<arg>${query}</arg>
<doc>Executes the ``sqlString`` as a single SQL command.</doc>
<msg timestamp="20240228 15:57:53.701" level="INFO">Executing : Execute SQL String  |  INSERT INTO invoiceheader (invoicenumber, companyname, referencenumber, invoicedate, duedate, companycode, bankaccountnumber, amountexclvat, vat, totalamount, comment) VALUES ('153143', 'Service Provider Oy', '1531439', '15.12.2022', '01.04.2021', '1234567-8', 'FI12 3456 7890 1234 56', 2700, 648, 3348, 'All ok')</msg>
<status status="PASS" starttime="20240228 15:57:53.701" endtime="20240228 15:57:53.704"/>
</kw>
<kw name="Close Connection">
<kw name="Disconnect From Database" library="DatabaseLibrary">
<doc>Disconnects from the database.</doc>
<msg timestamp="20240228 15:57:53.705" level="INFO">Executing : Disconnect From Database</msg>
<status status="PASS" starttime="20240228 15:57:53.705" endtime="20240228 15:57:53.705"/>
</kw>
<status status="PASS" starttime="20240228 15:57:53.705" endtime="20240228 15:57:53.706"/>
</kw>
<status status="PASS" starttime="20240228 15:57:53.666" endtime="20240228 15:57:53.706"/>
</kw>
<status status="PASS" starttime="20240228 15:57:53.646" endtime="20240228 15:57:53.706"/>
</iter>
<status status="PASS" starttime="20240228 15:57:53.505" endtime="20240228 15:57:53.706"/>
</for>
<kw name="Insert Invoice Rows To DB">
<arg>@{rows[1:]}</arg>
<kw name="Make Connection">
<kw name="Connect To Database" library="DatabaseLibrary">
<arg>pymysql</arg>
<arg>${dbname}</arg>
<arg>${dbuser}</arg>
<arg>${dbpass}</arg>
<arg>${dbhost}</arg>
<arg>${dbport}</arg>
<doc>Loads the DB API 2.0 module given ``dbapiModuleName`` then uses it to
connect to the database using provided parameters such as ``dbName``, ``dbUsername``, and ``dbPassword``.</doc>
<msg timestamp="20240228 15:57:53.708" level="INFO">Connecting using : pymysql.connect(db=rpa_db, user=robocop, passwd=***, host=localhost, port=3306, charset=None)</msg>
<status status="PASS" starttime="20240228 15:57:53.707" endtime="20240228 15:57:53.711"/>
</kw>
<status status="PASS" starttime="20240228 15:57:53.707" endtime="20240228 15:57:53.712"/>
</kw>
<for flavor="IN">
<var>${row}</var>
<value>@{rows}</value>
<iter>
<var name="${row}">Installation Services;5;h;60;24;72;372;143143;1</var>
<kw name="Split String" library="String">
<var>@{rowDetails}</var>
<arg>${row}</arg>
<arg>;</arg>
<doc>Splits the ``string`` using ``separator`` as a delimiter string.</doc>
<msg timestamp="20240228 15:57:53.712" level="INFO">@{rowDetails} = [ Installation Services | 5 | h | 60 | 24 | 72 | 372 | 143143 | 1 ]</msg>
<status status="PASS" starttime="20240228 15:57:53.712" endtime="20240228 15:57:53.713"/>
</kw>
<kw name="Catenate" library="BuiltIn">
<var>${query}</var>
<arg>SEPARATOR=</arg>
<arg>INSERT INTO invoicerow (invoicenumber, rownumber, description, quantity, unit, unitprice, vatpercent, vat, total) VALUES ('${rowDetails[7]}', '${rowDetails[8]}', '${rowDetails[0]}', ${rowDetails[1]}, '${rowDetails[2]}', ${rowDetails[3]}, ${rowDetails[4]}, ${rowDetails[5]}, ${rowDetails[6]})</arg>
<doc>Catenates the given items together and returns the resulted string.</doc>
<msg timestamp="20240228 15:57:53.714" level="INFO">${query} = INSERT INTO invoicerow (invoicenumber, rownumber, description, quantity, unit, unitprice, vatpercent, vat, total) VALUES ('143143', '1', 'Installation Services', 5, 'h', 60, 24, 72, 372)</msg>
<status status="PASS" starttime="20240228 15:57:53.713" endtime="20240228 15:57:53.714"/>
</kw>
<kw name="Execute Sql String" library="DatabaseLibrary">
<arg>${query}</arg>
<doc>Executes the ``sqlString`` as a single SQL command.</doc>
<msg timestamp="20240228 15:57:53.715" level="INFO">Executing : Execute SQL String  |  INSERT INTO invoicerow (invoicenumber, rownumber, description, quantity, unit, unitprice, vatpercent, vat, total) VALUES ('143143', '1', 'Installation Services', 5, 'h', 60, 24, 72, 372)</msg>
<status status="PASS" starttime="20240228 15:57:53.714" endtime="20240228 15:57:53.718"/>
</kw>
<status status="PASS" starttime="20240228 15:57:53.712" endtime="20240228 15:57:53.718"/>
</iter>
<iter>
<var name="${row}">Replacement Products;10;kpl;105;24;252;1302;143143;2</var>
<kw name="Split String" library="String">
<var>@{rowDetails}</var>
<arg>${row}</arg>
<arg>;</arg>
<doc>Splits the ``string`` using ``separator`` as a delimiter string.</doc>
<msg timestamp="20240228 15:57:53.719" level="INFO">@{rowDetails} = [ Replacement Products | 10 | kpl | 105 | 24 | 252 | 1302 | 143143 | 2 ]</msg>
<status status="PASS" starttime="20240228 15:57:53.719" endtime="20240228 15:57:53.719"/>
</kw>
<kw name="Catenate" library="BuiltIn">
<var>${query}</var>
<arg>SEPARATOR=</arg>
<arg>INSERT INTO invoicerow (invoicenumber, rownumber, description, quantity, unit, unitprice, vatpercent, vat, total) VALUES ('${rowDetails[7]}', '${rowDetails[8]}', '${rowDetails[0]}', ${rowDetails[1]}, '${rowDetails[2]}', ${rowDetails[3]}, ${rowDetails[4]}, ${rowDetails[5]}, ${rowDetails[6]})</arg>
<doc>Catenates the given items together and returns the resulted string.</doc>
<msg timestamp="20240228 15:57:53.722" level="INFO">${query} = INSERT INTO invoicerow (invoicenumber, rownumber, description, quantity, unit, unitprice, vatpercent, vat, total) VALUES ('143143', '2', 'Replacement Products', 10, 'kpl', 105, 24, 252, 1302)</msg>
<status status="PASS" starttime="20240228 15:57:53.719" endtime="20240228 15:57:53.722"/>
</kw>
<kw name="Execute Sql String" library="DatabaseLibrary">
<arg>${query}</arg>
<doc>Executes the ``sqlString`` as a single SQL command.</doc>
<msg timestamp="20240228 15:57:53.722" level="INFO">Executing : Execute SQL String  |  INSERT INTO invoicerow (invoicenumber, rownumber, description, quantity, unit, unitprice, vatpercent, vat, total) VALUES ('143143', '2', 'Replacement Products', 10, 'kpl', 105, 24, 252, 1302)</msg>
<status status="PASS" starttime="20240228 15:57:53.722" endtime="20240228 15:57:53.725"/>
</kw>
<status status="PASS" starttime="20240228 15:57:53.719" endtime="20240228 15:57:53.725"/>
</iter>
<iter>
<var name="${row}">Keyboard Logitech;10;kpl;40;24;96;496;1543235;1</var>
<kw name="Split String" library="String">
<var>@{rowDetails}</var>
<arg>${row}</arg>
<arg>;</arg>
<doc>Splits the ``string`` using ``separator`` as a delimiter string.</doc>
<msg timestamp="20240228 15:57:53.726" level="INFO">@{rowDetails} = [ Keyboard Logitech | 10 | kpl | 40 | 24 | 96 | 496 | 1543235 | 1 ]</msg>
<status status="PASS" starttime="20240228 15:57:53.725" endtime="20240228 15:57:53.726"/>
</kw>
<kw name="Catenate" library="BuiltIn">
<var>${query}</var>
<arg>SEPARATOR=</arg>
<arg>INSERT INTO invoicerow (invoicenumber, rownumber, description, quantity, unit, unitprice, vatpercent, vat, total) VALUES ('${rowDetails[7]}', '${rowDetails[8]}', '${rowDetails[0]}', ${rowDetails[1]}, '${rowDetails[2]}', ${rowDetails[3]}, ${rowDetails[4]}, ${rowDetails[5]}, ${rowDetails[6]})</arg>
<doc>Catenates the given items together and returns the resulted string.</doc>
<msg timestamp="20240228 15:57:53.729" level="INFO">${query} = INSERT INTO invoicerow (invoicenumber, rownumber, description, quantity, unit, unitprice, vatpercent, vat, total) VALUES ('1543235', '1', 'Keyboard Logitech', 10, 'kpl', 40, 24, 96, 496)</msg>
<status status="PASS" starttime="20240228 15:57:53.726" endtime="20240228 15:57:53.729"/>
</kw>
<kw name="Execute Sql String" library="DatabaseLibrary">
<arg>${query}</arg>
<doc>Executes the ``sqlString`` as a single SQL command.</doc>
<msg timestamp="20240228 15:57:53.729" level="INFO">Executing : Execute SQL String  |  INSERT INTO invoicerow (invoicenumber, rownumber, description, quantity, unit, unitprice, vatpercent, vat, total) VALUES ('1543235', '1', 'Keyboard Logitech', 10, 'kpl', 40, 24, 96, 496)</msg>
<status status="PASS" starttime="20240228 15:57:53.729" endtime="20240228 15:57:53.732"/>
</kw>
<status status="PASS" starttime="20240228 15:57:53.725" endtime="20240228 15:57:53.733"/>
</iter>
<iter>
<var name="${row}">Brother printer;1;kpl;65;24;15.6;80.6;1543235;2</var>
<kw name="Split String" library="String">
<var>@{rowDetails}</var>
<arg>${row}</arg>
<arg>;</arg>
<doc>Splits the ``string`` using ``separator`` as a delimiter string.</doc>
<msg timestamp="20240228 15:57:53.733" level="INFO">@{rowDetails} = [ Brother printer | 1 | kpl | 65 | 24 | 15.6 | 80.6 | 1543235 | 2 ]</msg>
<status status="PASS" starttime="20240228 15:57:53.733" endtime="20240228 15:57:53.733"/>
</kw>
<kw name="Catenate" library="BuiltIn">
<var>${query}</var>
<arg>SEPARATOR=</arg>
<arg>INSERT INTO invoicerow (invoicenumber, rownumber, description, quantity, unit, unitprice, vatpercent, vat, total) VALUES ('${rowDetails[7]}', '${rowDetails[8]}', '${rowDetails[0]}', ${rowDetails[1]}, '${rowDetails[2]}', ${rowDetails[3]}, ${rowDetails[4]}, ${rowDetails[5]}, ${rowDetails[6]})</arg>
<doc>Catenates the given items together and returns the resulted string.</doc>
<msg timestamp="20240228 15:57:53.735" level="INFO">${query} = INSERT INTO invoicerow (invoicenumber, rownumber, description, quantity, unit, unitprice, vatpercent, vat, total) VALUES ('1543235', '2', 'Brother printer', 1, 'kpl', 65, 24, 15.6, 80.6)</msg>
<status status="PASS" starttime="20240228 15:57:53.733" endtime="20240228 15:57:53.736"/>
</kw>
<kw name="Execute Sql String" library="DatabaseLibrary">
<arg>${query}</arg>
<doc>Executes the ``sqlString`` as a single SQL command.</doc>
<msg timestamp="20240228 15:57:53.736" level="INFO">Executing : Execute SQL String  |  INSERT INTO invoicerow (invoicenumber, rownumber, description, quantity, unit, unitprice, vatpercent, vat, total) VALUES ('1543235', '2', 'Brother printer', 1, 'kpl', 65, 24, 15.6, 80.6)</msg>
<status status="PASS" starttime="20240228 15:57:53.736" endtime="20240228 15:57:53.739"/>
</kw>
<status status="PASS" starttime="20240228 15:57:53.733" endtime="20240228 15:57:53.739"/>
</iter>
<iter>
<var name="${row}">Installation Services;5;h;60;24;72;372;153143;1</var>
<kw name="Split String" library="String">
<var>@{rowDetails}</var>
<arg>${row}</arg>
<arg>;</arg>
<doc>Splits the ``string`` using ``separator`` as a delimiter string.</doc>
<msg timestamp="20240228 15:57:53.740" level="INFO">@{rowDetails} = [ Installation Services | 5 | h | 60 | 24 | 72 | 372 | 153143 | 1 ]</msg>
<status status="PASS" starttime="20240228 15:57:53.740" endtime="20240228 15:57:53.740"/>
</kw>
<kw name="Catenate" library="BuiltIn">
<var>${query}</var>
<arg>SEPARATOR=</arg>
<arg>INSERT INTO invoicerow (invoicenumber, rownumber, description, quantity, unit, unitprice, vatpercent, vat, total) VALUES ('${rowDetails[7]}', '${rowDetails[8]}', '${rowDetails[0]}', ${rowDetails[1]}, '${rowDetails[2]}', ${rowDetails[3]}, ${rowDetails[4]}, ${rowDetails[5]}, ${rowDetails[6]})</arg>
<doc>Catenates the given items together and returns the resulted string.</doc>
<msg timestamp="20240228 15:57:53.743" level="INFO">${query} = INSERT INTO invoicerow (invoicenumber, rownumber, description, quantity, unit, unitprice, vatpercent, vat, total) VALUES ('153143', '1', 'Installation Services', 5, 'h', 60, 24, 72, 372)</msg>
<status status="PASS" starttime="20240228 15:57:53.740" endtime="20240228 15:57:53.743"/>
</kw>
<kw name="Execute Sql String" library="DatabaseLibrary">
<arg>${query}</arg>
<doc>Executes the ``sqlString`` as a single SQL command.</doc>
<msg timestamp="20240228 15:57:53.743" level="INFO">Executing : Execute SQL String  |  INSERT INTO invoicerow (invoicenumber, rownumber, description, quantity, unit, unitprice, vatpercent, vat, total) VALUES ('153143', '1', 'Installation Services', 5, 'h', 60, 24, 72, 372)</msg>
<status status="PASS" starttime="20240228 15:57:53.743" endtime="20240228 15:57:53.746"/>
</kw>
<status status="PASS" starttime="20240228 15:57:53.739" endtime="20240228 15:57:53.746"/>
</iter>
<iter>
<var name="${row}">Replacement Products;10;kpl;105;24;252;1302;153143;2</var>
<kw name="Split String" library="String">
<var>@{rowDetails}</var>
<arg>${row}</arg>
<arg>;</arg>
<doc>Splits the ``string`` using ``separator`` as a delimiter string.</doc>
<msg timestamp="20240228 15:57:53.747" level="INFO">@{rowDetails} = [ Replacement Products | 10 | kpl | 105 | 24 | 252 | 1302 | 153143 | 2 ]</msg>
<status status="PASS" starttime="20240228 15:57:53.747" endtime="20240228 15:57:53.747"/>
</kw>
<kw name="Catenate" library="BuiltIn">
<var>${query}</var>
<arg>SEPARATOR=</arg>
<arg>INSERT INTO invoicerow (invoicenumber, rownumber, description, quantity, unit, unitprice, vatpercent, vat, total) VALUES ('${rowDetails[7]}', '${rowDetails[8]}', '${rowDetails[0]}', ${rowDetails[1]}, '${rowDetails[2]}', ${rowDetails[3]}, ${rowDetails[4]}, ${rowDetails[5]}, ${rowDetails[6]})</arg>
<doc>Catenates the given items together and returns the resulted string.</doc>
<msg timestamp="20240228 15:57:53.750" level="INFO">${query} = INSERT INTO invoicerow (invoicenumber, rownumber, description, quantity, unit, unitprice, vatpercent, vat, total) VALUES ('153143', '2', 'Replacement Products', 10, 'kpl', 105, 24, 252, 1302)</msg>
<status status="PASS" starttime="20240228 15:57:53.747" endtime="20240228 15:57:53.750"/>
</kw>
<kw name="Execute Sql String" library="DatabaseLibrary">
<arg>${query}</arg>
<doc>Executes the ``sqlString`` as a single SQL command.</doc>
<msg timestamp="20240228 15:57:53.750" level="INFO">Executing : Execute SQL String  |  INSERT INTO invoicerow (invoicenumber, rownumber, description, quantity, unit, unitprice, vatpercent, vat, total) VALUES ('153143', '2', 'Replacement Products', 10, 'kpl', 105, 24, 252, 1302)</msg>
<status status="PASS" starttime="20240228 15:57:53.750" endtime="20240228 15:57:53.754"/>
</kw>
<status status="PASS" starttime="20240228 15:57:53.747" endtime="20240228 15:57:53.755"/>
</iter>
<iter>
<var name="${row}">Cleaning Services;5;h;60;24;72;372;153143;3</var>
<kw name="Split String" library="String">
<var>@{rowDetails}</var>
<arg>${row}</arg>
<arg>;</arg>
<doc>Splits the ``string`` using ``separator`` as a delimiter string.</doc>
<msg timestamp="20240228 15:57:53.755" level="INFO">@{rowDetails} = [ Cleaning Services | 5 | h | 60 | 24 | 72 | 372 | 153143 | 3 ]</msg>
<status status="PASS" starttime="20240228 15:57:53.755" endtime="20240228 15:57:53.755"/>
</kw>
<kw name="Catenate" library="BuiltIn">
<var>${query}</var>
<arg>SEPARATOR=</arg>
<arg>INSERT INTO invoicerow (invoicenumber, rownumber, description, quantity, unit, unitprice, vatpercent, vat, total) VALUES ('${rowDetails[7]}', '${rowDetails[8]}', '${rowDetails[0]}', ${rowDetails[1]}, '${rowDetails[2]}', ${rowDetails[3]}, ${rowDetails[4]}, ${rowDetails[5]}, ${rowDetails[6]})</arg>
<doc>Catenates the given items together and returns the resulted string.</doc>
<msg timestamp="20240228 15:57:53.757" level="INFO">${query} = INSERT INTO invoicerow (invoicenumber, rownumber, description, quantity, unit, unitprice, vatpercent, vat, total) VALUES ('153143', '3', 'Cleaning Services', 5, 'h', 60, 24, 72, 372)</msg>
<status status="PASS" starttime="20240228 15:57:53.755" endtime="20240228 15:57:53.758"/>
</kw>
<kw name="Execute Sql String" library="DatabaseLibrary">
<arg>${query}</arg>
<doc>Executes the ``sqlString`` as a single SQL command.</doc>
<msg timestamp="20240228 15:57:53.758" level="INFO">Executing : Execute SQL String  |  INSERT INTO invoicerow (invoicenumber, rownumber, description, quantity, unit, unitprice, vatpercent, vat, total) VALUES ('153143', '3', 'Cleaning Services', 5, 'h', 60, 24, 72, 372)</msg>
<status status="PASS" starttime="20240228 15:57:53.758" endtime="20240228 15:57:53.762"/>
</kw>
<status status="PASS" starttime="20240228 15:57:53.755" endtime="20240228 15:57:53.762"/>
</iter>
<iter>
<var name="${row}">Cleaning Wipes;10;kpl;105;24;252;1302;153143;4</var>
<kw name="Split String" library="String">
<var>@{rowDetails}</var>
<arg>${row}</arg>
<arg>;</arg>
<doc>Splits the ``string`` using ``separator`` as a delimiter string.</doc>
<msg timestamp="20240228 15:57:53.762" level="INFO">@{rowDetails} = [ Cleaning Wipes | 10 | kpl | 105 | 24 | 252 | 1302 | 153143 | 4 ]</msg>
<status status="PASS" starttime="20240228 15:57:53.762" endtime="20240228 15:57:53.764"/>
</kw>
<kw name="Catenate" library="BuiltIn">
<var>${query}</var>
<arg>SEPARATOR=</arg>
<arg>INSERT INTO invoicerow (invoicenumber, rownumber, description, quantity, unit, unitprice, vatpercent, vat, total) VALUES ('${rowDetails[7]}', '${rowDetails[8]}', '${rowDetails[0]}', ${rowDetails[1]}, '${rowDetails[2]}', ${rowDetails[3]}, ${rowDetails[4]}, ${rowDetails[5]}, ${rowDetails[6]})</arg>
<doc>Catenates the given items together and returns the resulted string.</doc>
<msg timestamp="20240228 15:57:53.766" level="INFO">${query} = INSERT INTO invoicerow (invoicenumber, rownumber, description, quantity, unit, unitprice, vatpercent, vat, total) VALUES ('153143', '4', 'Cleaning Wipes', 10, 'kpl', 105, 24, 252, 1302)</msg>
<status status="PASS" starttime="20240228 15:57:53.764" endtime="20240228 15:57:53.766"/>
</kw>
<kw name="Execute Sql String" library="DatabaseLibrary">
<arg>${query}</arg>
<doc>Executes the ``sqlString`` as a single SQL command.</doc>
<msg timestamp="20240228 15:57:53.766" level="INFO">Executing : Execute SQL String  |  INSERT INTO invoicerow (invoicenumber, rownumber, description, quantity, unit, unitprice, vatpercent, vat, total) VALUES ('153143', '4', 'Cleaning Wipes', 10, 'kpl', 105, 24, 252, 1302)</msg>
<status status="PASS" starttime="20240228 15:57:53.766" endtime="20240228 15:57:53.770"/>
</kw>
<status status="PASS" starttime="20240228 15:57:53.762" endtime="20240228 15:57:53.770"/>
</iter>
<status status="PASS" starttime="20240228 15:57:53.712" endtime="20240228 15:57:53.770"/>
</for>
<kw name="Close Connection">
<kw name="Disconnect From Database" library="DatabaseLibrary">
<doc>Disconnects from the database.</doc>
<msg timestamp="20240228 15:57:53.770" level="INFO">Executing : Disconnect From Database</msg>
<status status="PASS" starttime="20240228 15:57:53.770" endtime="20240228 15:57:53.771"/>
</kw>
<status status="PASS" starttime="20240228 15:57:53.770" endtime="20240228 15:57:53.771"/>
</kw>
<status status="PASS" starttime="20240228 15:57:53.706" endtime="20240228 15:57:53.771"/>
</kw>
<doc>Process invoice data by inserting header and row information into the database</doc>
<status status="PASS" starttime="20240228 15:57:53.424" endtime="20240228 15:57:53.771"/>
</test>
<status status="PASS" starttime="20240228 15:57:53.376" endtime="20240228 15:57:53.772"/>
</suite>
<statistics>
<total>
<stat pass="1" fail="0" skip="0">All Tests</stat>
</total>
<tag>
</tag>
<suite>
<stat pass="1" fail="0" skip="0" id="s1" name="Rpa">Rpa</stat>
</suite>
</statistics>
<errors>
</errors>
</robot>
