<?xml version="1.0" encoding="UTF-8"?>
<robot generator="Robot 4.1.1 (Python 3.11.5 on win32)" generated="20240229 11:03:00.257" rpa="false" schemaversion="2">
<suite id="s1" name="Rpa" source="c:\Users\immor\Documents\UiPath\Invoice-Automation\Robot Validation\rpa.robot">
<test id="s1-t1" name="Test Database Connection Close and Clean">
<kw name="Make Connection">
<kw name="Connect To Database" library="DatabaseLibrary">
<arg>pymysql</arg>
<arg>${dbname}</arg>
<arg>${dbuser}</arg>
<arg>${dbpass}</arg>
<arg>${dbhost}</arg>
<arg>${dbport}</arg>
<doc>Loads the DB API 2.0 module given `dbapiModuleName` then uses it to
connect to the database using `dbName`, `dbUsername`, and `dbPassword`.</doc>
<msg timestamp="20240229 11:03:00.348" level="INFO">Connecting using : pymysql.connect(db=rpa_db, user=robocop, passwd=RPA.Password, host=localhost, port=3306, charset=None) </msg>
<status status="PASS" starttime="20240229 11:03:00.325" endtime="20240229 11:03:00.358"/>
</kw>
<status status="PASS" starttime="20240229 11:03:00.325" endtime="20240229 11:03:00.358"/>
</kw>
<kw name="Clear Existing Data">
<doc>Clear existing data from the database for testing purposes</doc>
<kw name="Make Connection">
<kw name="Connect To Database" library="DatabaseLibrary">
<arg>pymysql</arg>
<arg>${dbname}</arg>
<arg>${dbuser}</arg>
<arg>${dbpass}</arg>
<arg>${dbhost}</arg>
<arg>${dbport}</arg>
<doc>Loads the DB API 2.0 module given `dbapiModuleName` then uses it to
connect to the database using `dbName`, `dbUsername`, and `dbPassword`.</doc>
<msg timestamp="20240229 11:03:00.360" level="INFO">Connecting using : pymysql.connect(db=rpa_db, user=robocop, passwd=RPA.Password, host=localhost, port=3306, charset=None) </msg>
<status status="PASS" starttime="20240229 11:03:00.359" endtime="20240229 11:03:00.360"/>
</kw>
<status status="PASS" starttime="20240229 11:03:00.359" endtime="20240229 11:03:00.361"/>
</kw>
<kw name="Set Variable" library="BuiltIn">
<var>${delete_rows_query}</var>
<arg>DELETE FROM invoicerow</arg>
<doc>Returns the given values which can then be assigned to a variables.</doc>
<msg timestamp="20240229 11:03:00.361" level="INFO">${delete_rows_query} = DELETE FROM invoicerow</msg>
<status status="PASS" starttime="20240229 11:03:00.361" endtime="20240229 11:03:00.362"/>
</kw>
<kw name="Execute Sql String" library="DatabaseLibrary">
<arg>${delete_rows_query}</arg>
<doc>Executes the sqlString as SQL commands. Useful to pass arguments to your sql. Set optional input `sansTran` to
True to run command without an explicit transaction commit or rollback.</doc>
<msg timestamp="20240229 11:03:00.362" level="INFO">Executing : Execute SQL String  |  DELETE FROM invoicerow </msg>
<status status="PASS" starttime="20240229 11:03:00.362" endtime="20240229 11:03:00.372"/>
</kw>
<kw name="Set Variable" library="BuiltIn">
<var>${delete_headers_query}</var>
<arg>DELETE FROM invoiceheader</arg>
<doc>Returns the given values which can then be assigned to a variables.</doc>
<msg timestamp="20240229 11:03:00.372" level="INFO">${delete_headers_query} = DELETE FROM invoiceheader</msg>
<status status="PASS" starttime="20240229 11:03:00.372" endtime="20240229 11:03:00.373"/>
</kw>
<kw name="Execute Sql String" library="DatabaseLibrary">
<arg>${delete_headers_query}</arg>
<doc>Executes the sqlString as SQL commands. Useful to pass arguments to your sql. Set optional input `sansTran` to
True to run command without an explicit transaction commit or rollback.</doc>
<msg timestamp="20240229 11:03:00.373" level="INFO">Executing : Execute SQL String  |  DELETE FROM invoiceheader </msg>
<status status="PASS" starttime="20240229 11:03:00.373" endtime="20240229 11:03:00.378"/>
</kw>
<kw name="Close Connection">
<kw name="Disconnect From Database" library="DatabaseLibrary">
<doc>Disconnects from the database.</doc>
<msg timestamp="20240229 11:03:00.378" level="INFO">Executing : Disconnect From Database</msg>
<status status="PASS" starttime="20240229 11:03:00.378" endtime="20240229 11:03:00.379"/>
</kw>
<status status="PASS" starttime="20240229 11:03:00.378" endtime="20240229 11:03:00.379"/>
</kw>
<status status="PASS" starttime="20240229 11:03:00.358" endtime="20240229 11:03:00.379"/>
</kw>
<doc>Tests if the database connection can be closed and the data cleaned effectively.</doc>
<status status="PASS" starttime="20240229 11:03:00.324" endtime="20240229 11:03:00.380"/>
</test>
<test id="s1-t2" name="Process Invoice Data">
<kw name="Read CSV File">
<var>${headerLines}</var>
<arg>${header_csv}</arg>
<kw name="Get File" library="OperatingSystem">
<var>${file_path}</var>
<arg>${filename}</arg>
<doc>Returns the contents of a specified file.</doc>
<msg timestamp="20240229 11:03:00.381" level="INFO" html="true">Getting file '&lt;a href="file://C:\Users\immor\Documents\UiPath\Invoice-Automation\Robot Validation\InvoiceHeaderData.csv"&gt;C:\Users\immor\Documents\UiPath\Invoice-Automation\Robot Validation\InvoiceHeaderData.csv&lt;/a&gt;'.</msg>
<msg timestamp="20240229 11:03:00.382" level="INFO">${file_path} = ﻿InvoiceNumber;CompanyName;ReferenceNumber;InvoiceDate;DueDate;CompanyCode;BankAccountNumber;AmountExclVAT;VATAmount;TotalAmount
143143;Service Provider Oy;1431432;15.12.2022;07.04.2021;1234567-8;FI12...</msg>
<status status="PASS" starttime="20240229 11:03:00.381" endtime="20240229 11:03:00.382"/>
</kw>
<kw name="Split To Lines" library="String">
<var>@{lines}</var>
<arg>${file_path}</arg>
<doc>Splits the given string to lines.</doc>
<msg timestamp="20240229 11:03:00.383" level="INFO">4 lines returned</msg>
<msg timestamp="20240229 11:03:00.383" level="INFO">@{lines} = [ ﻿InvoiceNumber;CompanyName;ReferenceNumber;InvoiceDate;DueDate;CompanyCode;BankAccountNumber;AmountExclVAT;VATAmount;TotalAmount | 143143;Service Provider Oy;1431432;15.12.2022;07.04.2021;1234567-8;...</msg>
<status status="PASS" starttime="20240229 11:03:00.382" endtime="20240229 11:03:00.383"/>
</kw>
<msg timestamp="20240229 11:03:00.383" level="INFO">${headerLines} = ['\ufeffInvoiceNumber;CompanyName;ReferenceNumber;InvoiceDate;DueDate;CompanyCode;BankAccountNumber;AmountExclVAT;VATAmount;TotalAmount', '143143;Service Provider Oy;1431432;15.12.2022;07.04.2021;1234...</msg>
<status status="PASS" starttime="20240229 11:03:00.381" endtime="20240229 11:03:00.383"/>
</kw>
<kw name="Read CSV File">
<var>${rows}</var>
<arg>${row_csv}</arg>
<kw name="Get File" library="OperatingSystem">
<var>${file_path}</var>
<arg>${filename}</arg>
<doc>Returns the contents of a specified file.</doc>
<msg timestamp="20240229 11:03:00.384" level="INFO" html="true">Getting file '&lt;a href="file://C:\Users\immor\Documents\UiPath\Invoice-Automation\Robot Validation\InvoiceRowData.csv"&gt;C:\Users\immor\Documents\UiPath\Invoice-Automation\Robot Validation\InvoiceRowData.csv&lt;/a&gt;'.</msg>
<msg timestamp="20240229 11:03:00.385" level="INFO">${file_path} = ﻿Description;Quantity;Unit;UnitPrice;VATPercent;VAT;Total;InvoiceNumber;RowNumber
Installation Services;5;h;60;24;72;372;143143;1
Replacement Products;10;kpl;105;24;252;1302;143143;2
Keyboard Logitech...</msg>
<status status="PASS" starttime="20240229 11:03:00.384" endtime="20240229 11:03:00.385"/>
</kw>
<kw name="Split To Lines" library="String">
<var>@{lines}</var>
<arg>${file_path}</arg>
<doc>Splits the given string to lines.</doc>
<msg timestamp="20240229 11:03:00.386" level="INFO">9 lines returned</msg>
<msg timestamp="20240229 11:03:00.386" level="INFO">@{lines} = [ ﻿Description;Quantity;Unit;UnitPrice;VATPercent;VAT;Total;InvoiceNumber;RowNumber | Installation Services;5;h;60;24;72;372;143143;1 | Replacement Products;10;kpl;105;24;252;1302;143143;2 | Keyboard ...</msg>
<status status="PASS" starttime="20240229 11:03:00.385" endtime="20240229 11:03:00.386"/>
</kw>
<msg timestamp="20240229 11:03:00.386" level="INFO">${rows} = ['\ufeffDescription;Quantity;Unit;UnitPrice;VATPercent;VAT;Total;InvoiceNumber;RowNumber', 'Installation Services;5;h;60;24;72;372;143143;1', 'Replacement Products;10;kpl;105;24;252;1302;143143;2', 'K...</msg>
<status status="PASS" starttime="20240229 11:03:00.384" endtime="20240229 11:03:00.386"/>
</kw>
<for flavor="IN">
<var>${header}</var>
<value>@{headerLines}[1:]</value>
<iter>
<var name="${header}">143143;Service Provider Oy;1431432;15.12.2022;07.04.2021;1234567-8;FI12 3456 7890 1234 56;1350;324;1674</var>
<kw name="Calculate Total Amount From Rows">
<var>${calculatedTotal}</var>
<arg>${header[0]}</arg>
<kw name="Set Variable" library="BuiltIn">
<var>${totalAmount}</var>
<arg>${0}</arg>
<doc>Returns the given values which can then be assigned to a variables.</doc>
<msg timestamp="20240229 11:03:00.389" level="INFO">${totalAmount} = 0</msg>
<status status="PASS" starttime="20240229 11:03:00.388" endtime="20240229 11:03:00.389"/>
</kw>
<kw name="Read CSV File">
<var>@{rows}</var>
<arg>${row_csv}</arg>
<kw name="Get File" library="OperatingSystem">
<var>${file_path}</var>
<arg>${filename}</arg>
<doc>Returns the contents of a specified file.</doc>
<msg timestamp="20240229 11:03:00.390" level="INFO" html="true">Getting file '&lt;a href="file://C:\Users\immor\Documents\UiPath\Invoice-Automation\Robot Validation\InvoiceRowData.csv"&gt;C:\Users\immor\Documents\UiPath\Invoice-Automation\Robot Validation\InvoiceRowData.csv&lt;/a&gt;'.</msg>
<msg timestamp="20240229 11:03:00.390" level="INFO">${file_path} = ﻿Description;Quantity;Unit;UnitPrice;VATPercent;VAT;Total;InvoiceNumber;RowNumber
Installation Services;5;h;60;24;72;372;143143;1
Replacement Products;10;kpl;105;24;252;1302;143143;2
Keyboard Logitech...</msg>
<status status="PASS" starttime="20240229 11:03:00.390" endtime="20240229 11:03:00.391"/>
</kw>
<kw name="Split To Lines" library="String">
<var>@{lines}</var>
<arg>${file_path}</arg>
<doc>Splits the given string to lines.</doc>
<msg timestamp="20240229 11:03:00.391" level="INFO">9 lines returned</msg>
<msg timestamp="20240229 11:03:00.391" level="INFO">@{lines} = [ ﻿Description;Quantity;Unit;UnitPrice;VATPercent;VAT;Total;InvoiceNumber;RowNumber | Installation Services;5;h;60;24;72;372;143143;1 | Replacement Products;10;kpl;105;24;252;1302;143143;2 | Keyboard ...</msg>
<status status="PASS" starttime="20240229 11:03:00.391" endtime="20240229 11:03:00.391"/>
</kw>
<msg timestamp="20240229 11:03:00.391" level="INFO">@{rows} = [ ﻿Description;Quantity;Unit;UnitPrice;VATPercent;VAT;Total;InvoiceNumber;RowNumber | Installation Services;5;h;60;24;72;372;143143;1 | Replacement Products;10;kpl;105;24;252;1302;143143;2 | Keyboard ...</msg>
<status status="PASS" starttime="20240229 11:03:00.389" endtime="20240229 11:03:00.392"/>
</kw>
<for flavor="IN">
<var>${row}</var>
<value>@{rows}[1:]</value>
<iter>
<var name="${row}">Installation Services;5;h;60;24;72;372;143143;1</var>
<kw name="Split String" library="String">
<var>@{rowDetails}</var>
<arg>${row}</arg>
<arg>;</arg>
<doc>Splits the ``string`` using ``separator`` as a delimiter string.</doc>
<msg timestamp="20240229 11:03:00.392" level="INFO">@{rowDetails} = [ Installation Services | 5 | h | 60 | 24 | 72 | 372 | 143143 | 1 ]</msg>
<status status="PASS" starttime="20240229 11:03:00.392" endtime="20240229 11:03:00.392"/>
</kw>
<kw name="Run Keyword If" library="BuiltIn">
<var>${rowAmount}</var>
<arg>'${rowDetails[7]}' == '${invoiceNumber}'</arg>
<arg>Convert To Number</arg>
<arg>${rowDetails[6]}</arg>
<arg>ELSE</arg>
<arg>Set Variable</arg>
<arg>0</arg>
<doc>Runs the given keyword with the given arguments, if ``condition`` is true.</doc>
<kw name="Set Variable" library="BuiltIn">
<arg>0</arg>
<doc>Returns the given values which can then be assigned to a variables.</doc>
<status status="PASS" starttime="20240229 11:03:00.393" endtime="20240229 11:03:00.394"/>
</kw>
<msg timestamp="20240229 11:03:00.394" level="INFO">${rowAmount} = 0</msg>
<status status="PASS" starttime="20240229 11:03:00.393" endtime="20240229 11:03:00.394"/>
</kw>
<kw name="Evaluate" library="BuiltIn">
<var>${totalAmount}</var>
<arg>${totalAmount} + ${rowAmount}</arg>
<doc>Evaluates the given expression in Python and returns the result.</doc>
<msg timestamp="20240229 11:03:00.394" level="INFO">${totalAmount} = 0</msg>
<status status="PASS" starttime="20240229 11:03:00.394" endtime="20240229 11:03:00.394"/>
</kw>
<status status="PASS" starttime="20240229 11:03:00.392" endtime="20240229 11:03:00.394"/>
</iter>
<iter>
<var name="${row}">Replacement Products;10;kpl;105;24;252;1302;143143;2</var>
<kw name="Split String" library="String">
<var>@{rowDetails}</var>
<arg>${row}</arg>
<arg>;</arg>
<doc>Splits the ``string`` using ``separator`` as a delimiter string.</doc>
<msg timestamp="20240229 11:03:00.395" level="INFO">@{rowDetails} = [ Replacement Products | 10 | kpl | 105 | 24 | 252 | 1302 | 143143 | 2 ]</msg>
<status status="PASS" starttime="20240229 11:03:00.395" endtime="20240229 11:03:00.395"/>
</kw>
<kw name="Run Keyword If" library="BuiltIn">
<var>${rowAmount}</var>
<arg>'${rowDetails[7]}' == '${invoiceNumber}'</arg>
<arg>Convert To Number</arg>
<arg>${rowDetails[6]}</arg>
<arg>ELSE</arg>
<arg>Set Variable</arg>
<arg>0</arg>
<doc>Runs the given keyword with the given arguments, if ``condition`` is true.</doc>
<kw name="Set Variable" library="BuiltIn">
<arg>0</arg>
<doc>Returns the given values which can then be assigned to a variables.</doc>
<status status="PASS" starttime="20240229 11:03:00.396" endtime="20240229 11:03:00.396"/>
</kw>
<msg timestamp="20240229 11:03:00.396" level="INFO">${rowAmount} = 0</msg>
<status status="PASS" starttime="20240229 11:03:00.395" endtime="20240229 11:03:00.397"/>
</kw>
<kw name="Evaluate" library="BuiltIn">
<var>${totalAmount}</var>
<arg>${totalAmount} + ${rowAmount}</arg>
<doc>Evaluates the given expression in Python and returns the result.</doc>
<msg timestamp="20240229 11:03:00.397" level="INFO">${totalAmount} = 0</msg>
<status status="PASS" starttime="20240229 11:03:00.397" endtime="20240229 11:03:00.397"/>
</kw>
<status status="PASS" starttime="20240229 11:03:00.394" endtime="20240229 11:03:00.397"/>
</iter>
<iter>
<var name="${row}">Keyboard Logitech;10;kpl;40;24;96;496;1543235;1</var>
<kw name="Split String" library="String">
<var>@{rowDetails}</var>
<arg>${row}</arg>
<arg>;</arg>
<doc>Splits the ``string`` using ``separator`` as a delimiter string.</doc>
<msg timestamp="20240229 11:03:00.398" level="INFO">@{rowDetails} = [ Keyboard Logitech | 10 | kpl | 40 | 24 | 96 | 496 | 1543235 | 1 ]</msg>
<status status="PASS" starttime="20240229 11:03:00.398" endtime="20240229 11:03:00.398"/>
</kw>
<kw name="Run Keyword If" library="BuiltIn">
<var>${rowAmount}</var>
<arg>'${rowDetails[7]}' == '${invoiceNumber}'</arg>
<arg>Convert To Number</arg>
<arg>${rowDetails[6]}</arg>
<arg>ELSE</arg>
<arg>Set Variable</arg>
<arg>0</arg>
<doc>Runs the given keyword with the given arguments, if ``condition`` is true.</doc>
<kw name="Set Variable" library="BuiltIn">
<arg>0</arg>
<doc>Returns the given values which can then be assigned to a variables.</doc>
<status status="PASS" starttime="20240229 11:03:00.399" endtime="20240229 11:03:00.399"/>
</kw>
<msg timestamp="20240229 11:03:00.399" level="INFO">${rowAmount} = 0</msg>
<status status="PASS" starttime="20240229 11:03:00.398" endtime="20240229 11:03:00.399"/>
</kw>
<kw name="Evaluate" library="BuiltIn">
<var>${totalAmount}</var>
<arg>${totalAmount} + ${rowAmount}</arg>
<doc>Evaluates the given expression in Python and returns the result.</doc>
<msg timestamp="20240229 11:03:00.400" level="INFO">${totalAmount} = 0</msg>
<status status="PASS" starttime="20240229 11:03:00.400" endtime="20240229 11:03:00.400"/>
</kw>
<status status="PASS" starttime="20240229 11:03:00.397" endtime="20240229 11:03:00.400"/>
</iter>
<iter>
<var name="${row}">Brother printer;1;kpl;65;24;15.6;80.6;1543235;2</var>
<kw name="Split String" library="String">
<var>@{rowDetails}</var>
<arg>${row}</arg>
<arg>;</arg>
<doc>Splits the ``string`` using ``separator`` as a delimiter string.</doc>
<msg timestamp="20240229 11:03:00.401" level="INFO">@{rowDetails} = [ Brother printer | 1 | kpl | 65 | 24 | 15.6 | 80.6 | 1543235 | 2 ]</msg>
<status status="PASS" starttime="20240229 11:03:00.400" endtime="20240229 11:03:00.401"/>
</kw>
<kw name="Run Keyword If" library="BuiltIn">
<var>${rowAmount}</var>
<arg>'${rowDetails[7]}' == '${invoiceNumber}'</arg>
<arg>Convert To Number</arg>
<arg>${rowDetails[6]}</arg>
<arg>ELSE</arg>
<arg>Set Variable</arg>
<arg>0</arg>
<doc>Runs the given keyword with the given arguments, if ``condition`` is true.</doc>
<kw name="Set Variable" library="BuiltIn">
<arg>0</arg>
<doc>Returns the given values which can then be assigned to a variables.</doc>
<status status="PASS" starttime="20240229 11:03:00.402" endtime="20240229 11:03:00.402"/>
</kw>
<msg timestamp="20240229 11:03:00.403" level="INFO">${rowAmount} = 0</msg>
<status status="PASS" starttime="20240229 11:03:00.401" endtime="20240229 11:03:00.403"/>
</kw>
<kw name="Evaluate" library="BuiltIn">
<var>${totalAmount}</var>
<arg>${totalAmount} + ${rowAmount}</arg>
<doc>Evaluates the given expression in Python and returns the result.</doc>
<msg timestamp="20240229 11:03:00.403" level="INFO">${totalAmount} = 0</msg>
<status status="PASS" starttime="20240229 11:03:00.403" endtime="20240229 11:03:00.403"/>
</kw>
<status status="PASS" starttime="20240229 11:03:00.400" endtime="20240229 11:03:00.403"/>
</iter>
<iter>
<var name="${row}">Installation Services;5;h;60;24;72;372;153143;1</var>
<kw name="Split String" library="String">
<var>@{rowDetails}</var>
<arg>${row}</arg>
<arg>;</arg>
<doc>Splits the ``string`` using ``separator`` as a delimiter string.</doc>
<msg timestamp="20240229 11:03:00.404" level="INFO">@{rowDetails} = [ Installation Services | 5 | h | 60 | 24 | 72 | 372 | 153143 | 1 ]</msg>
<status status="PASS" starttime="20240229 11:03:00.404" endtime="20240229 11:03:00.404"/>
</kw>
<kw name="Run Keyword If" library="BuiltIn">
<var>${rowAmount}</var>
<arg>'${rowDetails[7]}' == '${invoiceNumber}'</arg>
<arg>Convert To Number</arg>
<arg>${rowDetails[6]}</arg>
<arg>ELSE</arg>
<arg>Set Variable</arg>
<arg>0</arg>
<doc>Runs the given keyword with the given arguments, if ``condition`` is true.</doc>
<kw name="Set Variable" library="BuiltIn">
<arg>0</arg>
<doc>Returns the given values which can then be assigned to a variables.</doc>
<status status="PASS" starttime="20240229 11:03:00.405" endtime="20240229 11:03:00.405"/>
</kw>
<msg timestamp="20240229 11:03:00.405" level="INFO">${rowAmount} = 0</msg>
<status status="PASS" starttime="20240229 11:03:00.404" endtime="20240229 11:03:00.406"/>
</kw>
<kw name="Evaluate" library="BuiltIn">
<var>${totalAmount}</var>
<arg>${totalAmount} + ${rowAmount}</arg>
<doc>Evaluates the given expression in Python and returns the result.</doc>
<msg timestamp="20240229 11:03:00.406" level="INFO">${totalAmount} = 0</msg>
<status status="PASS" starttime="20240229 11:03:00.406" endtime="20240229 11:03:00.406"/>
</kw>
<status status="PASS" starttime="20240229 11:03:00.404" endtime="20240229 11:03:00.406"/>
</iter>
<iter>
<var name="${row}">Replacement Products;10;kpl;105;24;252;1302;153143;2</var>
<kw name="Split String" library="String">
<var>@{rowDetails}</var>
<arg>${row}</arg>
<arg>;</arg>
<doc>Splits the ``string`` using ``separator`` as a delimiter string.</doc>
<msg timestamp="20240229 11:03:00.407" level="INFO">@{rowDetails} = [ Replacement Products | 10 | kpl | 105 | 24 | 252 | 1302 | 153143 | 2 ]</msg>
<status status="PASS" starttime="20240229 11:03:00.406" endtime="20240229 11:03:00.407"/>
</kw>
<kw name="Run Keyword If" library="BuiltIn">
<var>${rowAmount}</var>
<arg>'${rowDetails[7]}' == '${invoiceNumber}'</arg>
<arg>Convert To Number</arg>
<arg>${rowDetails[6]}</arg>
<arg>ELSE</arg>
<arg>Set Variable</arg>
<arg>0</arg>
<doc>Runs the given keyword with the given arguments, if ``condition`` is true.</doc>
<kw name="Set Variable" library="BuiltIn">
<arg>0</arg>
<doc>Returns the given values which can then be assigned to a variables.</doc>
<status status="PASS" starttime="20240229 11:03:00.407" endtime="20240229 11:03:00.408"/>
</kw>
<msg timestamp="20240229 11:03:00.408" level="INFO">${rowAmount} = 0</msg>
<status status="PASS" starttime="20240229 11:03:00.407" endtime="20240229 11:03:00.408"/>
</kw>
<kw name="Evaluate" library="BuiltIn">
<var>${totalAmount}</var>
<arg>${totalAmount} + ${rowAmount}</arg>
<doc>Evaluates the given expression in Python and returns the result.</doc>
<msg timestamp="20240229 11:03:00.408" level="INFO">${totalAmount} = 0</msg>
<status status="PASS" starttime="20240229 11:03:00.408" endtime="20240229 11:03:00.408"/>
</kw>
<status status="PASS" starttime="20240229 11:03:00.406" endtime="20240229 11:03:00.408"/>
</iter>
<iter>
<var name="${row}">Cleaning Services;5;h;60;24;72;372;153143;3</var>
<kw name="Split String" library="String">
<var>@{rowDetails}</var>
<arg>${row}</arg>
<arg>;</arg>
<doc>Splits the ``string`` using ``separator`` as a delimiter string.</doc>
<msg timestamp="20240229 11:03:00.409" level="INFO">@{rowDetails} = [ Cleaning Services | 5 | h | 60 | 24 | 72 | 372 | 153143 | 3 ]</msg>
<status status="PASS" starttime="20240229 11:03:00.408" endtime="20240229 11:03:00.409"/>
</kw>
<kw name="Run Keyword If" library="BuiltIn">
<var>${rowAmount}</var>
<arg>'${rowDetails[7]}' == '${invoiceNumber}'</arg>
<arg>Convert To Number</arg>
<arg>${rowDetails[6]}</arg>
<arg>ELSE</arg>
<arg>Set Variable</arg>
<arg>0</arg>
<doc>Runs the given keyword with the given arguments, if ``condition`` is true.</doc>
<kw name="Set Variable" library="BuiltIn">
<arg>0</arg>
<doc>Returns the given values which can then be assigned to a variables.</doc>
<status status="PASS" starttime="20240229 11:03:00.409" endtime="20240229 11:03:00.410"/>
</kw>
<msg timestamp="20240229 11:03:00.410" level="INFO">${rowAmount} = 0</msg>
<status status="PASS" starttime="20240229 11:03:00.409" endtime="20240229 11:03:00.410"/>
</kw>
<kw name="Evaluate" library="BuiltIn">
<var>${totalAmount}</var>
<arg>${totalAmount} + ${rowAmount}</arg>
<doc>Evaluates the given expression in Python and returns the result.</doc>
<msg timestamp="20240229 11:03:00.410" level="INFO">${totalAmount} = 0</msg>
<status status="PASS" starttime="20240229 11:03:00.410" endtime="20240229 11:03:00.410"/>
</kw>
<status status="PASS" starttime="20240229 11:03:00.408" endtime="20240229 11:03:00.410"/>
</iter>
<iter>
<var name="${row}">Cleaning Wipes;10;kpl;105;24;252;1302;153143;4</var>
<kw name="Split String" library="String">
<var>@{rowDetails}</var>
<arg>${row}</arg>
<arg>;</arg>
<doc>Splits the ``string`` using ``separator`` as a delimiter string.</doc>
<msg timestamp="20240229 11:03:00.411" level="INFO">@{rowDetails} = [ Cleaning Wipes | 10 | kpl | 105 | 24 | 252 | 1302 | 153143 | 4 ]</msg>
<status status="PASS" starttime="20240229 11:03:00.410" endtime="20240229 11:03:00.411"/>
</kw>
<kw name="Run Keyword If" library="BuiltIn">
<var>${rowAmount}</var>
<arg>'${rowDetails[7]}' == '${invoiceNumber}'</arg>
<arg>Convert To Number</arg>
<arg>${rowDetails[6]}</arg>
<arg>ELSE</arg>
<arg>Set Variable</arg>
<arg>0</arg>
<doc>Runs the given keyword with the given arguments, if ``condition`` is true.</doc>
<kw name="Set Variable" library="BuiltIn">
<arg>0</arg>
<doc>Returns the given values which can then be assigned to a variables.</doc>
<status status="PASS" starttime="20240229 11:03:00.411" endtime="20240229 11:03:00.411"/>
</kw>
<msg timestamp="20240229 11:03:00.411" level="INFO">${rowAmount} = 0</msg>
<status status="PASS" starttime="20240229 11:03:00.411" endtime="20240229 11:03:00.411"/>
</kw>
<kw name="Evaluate" library="BuiltIn">
<var>${totalAmount}</var>
<arg>${totalAmount} + ${rowAmount}</arg>
<doc>Evaluates the given expression in Python and returns the result.</doc>
<msg timestamp="20240229 11:03:00.412" level="INFO">${totalAmount} = 0</msg>
<status status="PASS" starttime="20240229 11:03:00.412" endtime="20240229 11:03:00.412"/>
</kw>
<status status="PASS" starttime="20240229 11:03:00.410" endtime="20240229 11:03:00.412"/>
</iter>
<status status="PASS" starttime="20240229 11:03:00.392" endtime="20240229 11:03:00.412"/>
</for>
<msg timestamp="20240229 11:03:00.413" level="INFO">${calculatedTotal} = 0</msg>
<status status="PASS" starttime="20240229 11:03:00.387" endtime="20240229 11:03:00.413"/>
</kw>
<kw name="Insert Invoice Header To DB">
<arg>${header}</arg>
<arg>${calculatedTotal}</arg>
<kw name="Make Connection">
<kw name="Connect To Database" library="DatabaseLibrary">
<arg>pymysql</arg>
<arg>${dbname}</arg>
<arg>${dbuser}</arg>
<arg>${dbpass}</arg>
<arg>${dbhost}</arg>
<arg>${dbport}</arg>
<doc>Loads the DB API 2.0 module given `dbapiModuleName` then uses it to
connect to the database using `dbName`, `dbUsername`, and `dbPassword`.</doc>
<msg timestamp="20240229 11:03:00.414" level="INFO">Connecting using : pymysql.connect(db=rpa_db, user=robocop, passwd=RPA.Password, host=localhost, port=3306, charset=None) </msg>
<status status="PASS" starttime="20240229 11:03:00.414" endtime="20240229 11:03:00.416"/>
</kw>
<status status="PASS" starttime="20240229 11:03:00.413" endtime="20240229 11:03:00.416"/>
</kw>
<kw name="Split String" library="String">
<var>@{headerDetails}</var>
<arg>${header}</arg>
<arg>;</arg>
<doc>Splits the ``string`` using ``separator`` as a delimiter string.</doc>
<msg timestamp="20240229 11:03:00.417" level="INFO">@{headerDetails} = [ 143143 | Service Provider Oy | 1431432 | 15.12.2022 | 07.04.2021 | 1234567-8 | FI12 3456 7890 1234 56 | 1350 | 324 | 1674 ]</msg>
<status status="PASS" starttime="20240229 11:03:00.416" endtime="20240229 11:03:00.417"/>
</kw>
<kw name="Is Reference Number Correct">
<var>${refResult}</var>
<arg>${headerDetails[2]}</arg>
<kw name="Evaluate" library="BuiltIn">
<var>${correct}</var>
<arg>len("${refNumber}") == 7 and "${refNumber}".isdigit()</arg>
<doc>Evaluates the given expression in Python and returns the result.</doc>
<msg timestamp="20240229 11:03:00.418" level="INFO">${correct} = True</msg>
<status status="PASS" starttime="20240229 11:03:00.418" endtime="20240229 11:03:00.418"/>
</kw>
<msg timestamp="20240229 11:03:00.418" level="INFO">${refResult} = True</msg>
<status status="PASS" starttime="20240229 11:03:00.417" endtime="20240229 11:03:00.419"/>
</kw>
<kw name="Check IBAN">
<var>${ibanResult}</var>
<arg>${headerDetails[6]}</arg>
<kw name="Evaluate" library="BuiltIn">
<var>${correct}</var>
<arg>"${iban}"[:2].isalpha() and "${iban}"[:2].isupper() and len("${iban}") == 22</arg>
<doc>Evaluates the given expression in Python and returns the result.</doc>
<msg timestamp="20240229 11:03:00.421" level="INFO">${correct} = True</msg>
<status status="PASS" starttime="20240229 11:03:00.419" endtime="20240229 11:03:00.421"/>
</kw>
<msg timestamp="20240229 11:03:00.421" level="INFO">${ibanResult} = True</msg>
<status status="PASS" starttime="20240229 11:03:00.419" endtime="20240229 11:03:00.421"/>
</kw>
<kw name="Is Total Amount Valid">
<var>${amountValid}</var>
<arg>${headerDetails[0]}</arg>
<arg>${headerDetails[9]}</arg>
<kw name="Calculate Total Amount From Rows">
<var>${calculatedTotal}</var>
<arg>${invoiceNumber}</arg>
<kw name="Set Variable" library="BuiltIn">
<var>${totalAmount}</var>
<arg>${0}</arg>
<doc>Returns the given values which can then be assigned to a variables.</doc>
<msg timestamp="20240229 11:03:00.423" level="INFO">${totalAmount} = 0</msg>
<status status="PASS" starttime="20240229 11:03:00.423" endtime="20240229 11:03:00.423"/>
</kw>
<kw name="Read CSV File">
<var>@{rows}</var>
<arg>${row_csv}</arg>
<kw name="Get File" library="OperatingSystem">
<var>${file_path}</var>
<arg>${filename}</arg>
<doc>Returns the contents of a specified file.</doc>
<msg timestamp="20240229 11:03:00.424" level="INFO" html="true">Getting file '&lt;a href="file://C:\Users\immor\Documents\UiPath\Invoice-Automation\Robot Validation\InvoiceRowData.csv"&gt;C:\Users\immor\Documents\UiPath\Invoice-Automation\Robot Validation\InvoiceRowData.csv&lt;/a&gt;'.</msg>
<msg timestamp="20240229 11:03:00.424" level="INFO">${file_path} = ﻿Description;Quantity;Unit;UnitPrice;VATPercent;VAT;Total;InvoiceNumber;RowNumber
Installation Services;5;h;60;24;72;372;143143;1
Replacement Products;10;kpl;105;24;252;1302;143143;2
Keyboard Logitech...</msg>
<status status="PASS" starttime="20240229 11:03:00.424" endtime="20240229 11:03:00.424"/>
</kw>
<kw name="Split To Lines" library="String">
<var>@{lines}</var>
<arg>${file_path}</arg>
<doc>Splits the given string to lines.</doc>
<msg timestamp="20240229 11:03:00.425" level="INFO">9 lines returned</msg>
<msg timestamp="20240229 11:03:00.425" level="INFO">@{lines} = [ ﻿Description;Quantity;Unit;UnitPrice;VATPercent;VAT;Total;InvoiceNumber;RowNumber | Installation Services;5;h;60;24;72;372;143143;1 | Replacement Products;10;kpl;105;24;252;1302;143143;2 | Keyboard ...</msg>
<status status="PASS" starttime="20240229 11:03:00.425" endtime="20240229 11:03:00.425"/>
</kw>
<msg timestamp="20240229 11:03:00.425" level="INFO">@{rows} = [ ﻿Description;Quantity;Unit;UnitPrice;VATPercent;VAT;Total;InvoiceNumber;RowNumber | Installation Services;5;h;60;24;72;372;143143;1 | Replacement Products;10;kpl;105;24;252;1302;143143;2 | Keyboard ...</msg>
<status status="PASS" starttime="20240229 11:03:00.423" endtime="20240229 11:03:00.425"/>
</kw>
<for flavor="IN">
<var>${row}</var>
<value>@{rows}[1:]</value>
<iter>
<var name="${row}">Installation Services;5;h;60;24;72;372;143143;1</var>
<kw name="Split String" library="String">
<var>@{rowDetails}</var>
<arg>${row}</arg>
<arg>;</arg>
<doc>Splits the ``string`` using ``separator`` as a delimiter string.</doc>
<msg timestamp="20240229 11:03:00.426" level="INFO">@{rowDetails} = [ Installation Services | 5 | h | 60 | 24 | 72 | 372 | 143143 | 1 ]</msg>
<status status="PASS" starttime="20240229 11:03:00.426" endtime="20240229 11:03:00.426"/>
</kw>
<kw name="Run Keyword If" library="BuiltIn">
<var>${rowAmount}</var>
<arg>'${rowDetails[7]}' == '${invoiceNumber}'</arg>
<arg>Convert To Number</arg>
<arg>${rowDetails[6]}</arg>
<arg>ELSE</arg>
<arg>Set Variable</arg>
<arg>0</arg>
<doc>Runs the given keyword with the given arguments, if ``condition`` is true.</doc>
<kw name="Convert To Number" library="BuiltIn">
<arg>${rowDetails[6]}</arg>
<doc>Converts the given item to a floating point number.</doc>
<status status="PASS" starttime="20240229 11:03:00.427" endtime="20240229 11:03:00.428"/>
</kw>
<msg timestamp="20240229 11:03:00.428" level="INFO">${rowAmount} = 372.0</msg>
<status status="PASS" starttime="20240229 11:03:00.427" endtime="20240229 11:03:00.428"/>
</kw>
<kw name="Evaluate" library="BuiltIn">
<var>${totalAmount}</var>
<arg>${totalAmount} + ${rowAmount}</arg>
<doc>Evaluates the given expression in Python and returns the result.</doc>
<msg timestamp="20240229 11:03:00.428" level="INFO">${totalAmount} = 372.0</msg>
<status status="PASS" starttime="20240229 11:03:00.428" endtime="20240229 11:03:00.429"/>
</kw>
<status status="PASS" starttime="20240229 11:03:00.426" endtime="20240229 11:03:00.429"/>
</iter>
<iter>
<var name="${row}">Replacement Products;10;kpl;105;24;252;1302;143143;2</var>
<kw name="Split String" library="String">
<var>@{rowDetails}</var>
<arg>${row}</arg>
<arg>;</arg>
<doc>Splits the ``string`` using ``separator`` as a delimiter string.</doc>
<msg timestamp="20240229 11:03:00.429" level="INFO">@{rowDetails} = [ Replacement Products | 10 | kpl | 105 | 24 | 252 | 1302 | 143143 | 2 ]</msg>
<status status="PASS" starttime="20240229 11:03:00.429" endtime="20240229 11:03:00.429"/>
</kw>
<kw name="Run Keyword If" library="BuiltIn">
<var>${rowAmount}</var>
<arg>'${rowDetails[7]}' == '${invoiceNumber}'</arg>
<arg>Convert To Number</arg>
<arg>${rowDetails[6]}</arg>
<arg>ELSE</arg>
<arg>Set Variable</arg>
<arg>0</arg>
<doc>Runs the given keyword with the given arguments, if ``condition`` is true.</doc>
<kw name="Convert To Number" library="BuiltIn">
<arg>${rowDetails[6]}</arg>
<doc>Converts the given item to a floating point number.</doc>
<status status="PASS" starttime="20240229 11:03:00.430" endtime="20240229 11:03:00.431"/>
</kw>
<msg timestamp="20240229 11:03:00.431" level="INFO">${rowAmount} = 1302.0</msg>
<status status="PASS" starttime="20240229 11:03:00.429" endtime="20240229 11:03:00.431"/>
</kw>
<kw name="Evaluate" library="BuiltIn">
<var>${totalAmount}</var>
<arg>${totalAmount} + ${rowAmount}</arg>
<doc>Evaluates the given expression in Python and returns the result.</doc>
<msg timestamp="20240229 11:03:00.431" level="INFO">${totalAmount} = 1674.0</msg>
<status status="PASS" starttime="20240229 11:03:00.431" endtime="20240229 11:03:00.431"/>
</kw>
<status status="PASS" starttime="20240229 11:03:00.429" endtime="20240229 11:03:00.431"/>
</iter>
<iter>
<var name="${row}">Keyboard Logitech;10;kpl;40;24;96;496;1543235;1</var>
<kw name="Split String" library="String">
<var>@{rowDetails}</var>
<arg>${row}</arg>
<arg>;</arg>
<doc>Splits the ``string`` using ``separator`` as a delimiter string.</doc>
<msg timestamp="20240229 11:03:00.432" level="INFO">@{rowDetails} = [ Keyboard Logitech | 10 | kpl | 40 | 24 | 96 | 496 | 1543235 | 1 ]</msg>
<status status="PASS" starttime="20240229 11:03:00.431" endtime="20240229 11:03:00.432"/>
</kw>
<kw name="Run Keyword If" library="BuiltIn">
<var>${rowAmount}</var>
<arg>'${rowDetails[7]}' == '${invoiceNumber}'</arg>
<arg>Convert To Number</arg>
<arg>${rowDetails[6]}</arg>
<arg>ELSE</arg>
<arg>Set Variable</arg>
<arg>0</arg>
<doc>Runs the given keyword with the given arguments, if ``condition`` is true.</doc>
<kw name="Set Variable" library="BuiltIn">
<arg>0</arg>
<doc>Returns the given values which can then be assigned to a variables.</doc>
<status status="PASS" starttime="20240229 11:03:00.433" endtime="20240229 11:03:00.433"/>
</kw>
<msg timestamp="20240229 11:03:00.433" level="INFO">${rowAmount} = 0</msg>
<status status="PASS" starttime="20240229 11:03:00.432" endtime="20240229 11:03:00.433"/>
</kw>
<kw name="Evaluate" library="BuiltIn">
<var>${totalAmount}</var>
<arg>${totalAmount} + ${rowAmount}</arg>
<doc>Evaluates the given expression in Python and returns the result.</doc>
<msg timestamp="20240229 11:03:00.434" level="INFO">${totalAmount} = 1674.0</msg>
<status status="PASS" starttime="20240229 11:03:00.433" endtime="20240229 11:03:00.435"/>
</kw>
<status status="PASS" starttime="20240229 11:03:00.431" endtime="20240229 11:03:00.435"/>
</iter>
<iter>
<var name="${row}">Brother printer;1;kpl;65;24;15.6;80.6;1543235;2</var>
<kw name="Split String" library="String">
<var>@{rowDetails}</var>
<arg>${row}</arg>
<arg>;</arg>
<doc>Splits the ``string`` using ``separator`` as a delimiter string.</doc>
<msg timestamp="20240229 11:03:00.436" level="INFO">@{rowDetails} = [ Brother printer | 1 | kpl | 65 | 24 | 15.6 | 80.6 | 1543235 | 2 ]</msg>
<status status="PASS" starttime="20240229 11:03:00.435" endtime="20240229 11:03:00.436"/>
</kw>
<kw name="Run Keyword If" library="BuiltIn">
<var>${rowAmount}</var>
<arg>'${rowDetails[7]}' == '${invoiceNumber}'</arg>
<arg>Convert To Number</arg>
<arg>${rowDetails[6]}</arg>
<arg>ELSE</arg>
<arg>Set Variable</arg>
<arg>0</arg>
<doc>Runs the given keyword with the given arguments, if ``condition`` is true.</doc>
<kw name="Set Variable" library="BuiltIn">
<arg>0</arg>
<doc>Returns the given values which can then be assigned to a variables.</doc>
<status status="PASS" starttime="20240229 11:03:00.437" endtime="20240229 11:03:00.438"/>
</kw>
<msg timestamp="20240229 11:03:00.438" level="INFO">${rowAmount} = 0</msg>
<status status="PASS" starttime="20240229 11:03:00.436" endtime="20240229 11:03:00.438"/>
</kw>
<kw name="Evaluate" library="BuiltIn">
<var>${totalAmount}</var>
<arg>${totalAmount} + ${rowAmount}</arg>
<doc>Evaluates the given expression in Python and returns the result.</doc>
<msg timestamp="20240229 11:03:00.438" level="INFO">${totalAmount} = 1674.0</msg>
<status status="PASS" starttime="20240229 11:03:00.438" endtime="20240229 11:03:00.438"/>
</kw>
<status status="PASS" starttime="20240229 11:03:00.435" endtime="20240229 11:03:00.438"/>
</iter>
<iter>
<var name="${row}">Installation Services;5;h;60;24;72;372;153143;1</var>
<kw name="Split String" library="String">
<var>@{rowDetails}</var>
<arg>${row}</arg>
<arg>;</arg>
<doc>Splits the ``string`` using ``separator`` as a delimiter string.</doc>
<msg timestamp="20240229 11:03:00.440" level="INFO">@{rowDetails} = [ Installation Services | 5 | h | 60 | 24 | 72 | 372 | 153143 | 1 ]</msg>
<status status="PASS" starttime="20240229 11:03:00.439" endtime="20240229 11:03:00.440"/>
</kw>
<kw name="Run Keyword If" library="BuiltIn">
<var>${rowAmount}</var>
<arg>'${rowDetails[7]}' == '${invoiceNumber}'</arg>
<arg>Convert To Number</arg>
<arg>${rowDetails[6]}</arg>
<arg>ELSE</arg>
<arg>Set Variable</arg>
<arg>0</arg>
<doc>Runs the given keyword with the given arguments, if ``condition`` is true.</doc>
<kw name="Set Variable" library="BuiltIn">
<arg>0</arg>
<doc>Returns the given values which can then be assigned to a variables.</doc>
<status status="PASS" starttime="20240229 11:03:00.452" endtime="20240229 11:03:00.452"/>
</kw>
<msg timestamp="20240229 11:03:00.452" level="INFO">${rowAmount} = 0</msg>
<status status="PASS" starttime="20240229 11:03:00.440" endtime="20240229 11:03:00.453"/>
</kw>
<kw name="Evaluate" library="BuiltIn">
<var>${totalAmount}</var>
<arg>${totalAmount} + ${rowAmount}</arg>
<doc>Evaluates the given expression in Python and returns the result.</doc>
<msg timestamp="20240229 11:03:00.453" level="INFO">${totalAmount} = 1674.0</msg>
<status status="PASS" starttime="20240229 11:03:00.453" endtime="20240229 11:03:00.453"/>
</kw>
<status status="PASS" starttime="20240229 11:03:00.439" endtime="20240229 11:03:00.453"/>
</iter>
<iter>
<var name="${row}">Replacement Products;10;kpl;105;24;252;1302;153143;2</var>
<kw name="Split String" library="String">
<var>@{rowDetails}</var>
<arg>${row}</arg>
<arg>;</arg>
<doc>Splits the ``string`` using ``separator`` as a delimiter string.</doc>
<msg timestamp="20240229 11:03:00.454" level="INFO">@{rowDetails} = [ Replacement Products | 10 | kpl | 105 | 24 | 252 | 1302 | 153143 | 2 ]</msg>
<status status="PASS" starttime="20240229 11:03:00.454" endtime="20240229 11:03:00.454"/>
</kw>
<kw name="Run Keyword If" library="BuiltIn">
<var>${rowAmount}</var>
<arg>'${rowDetails[7]}' == '${invoiceNumber}'</arg>
<arg>Convert To Number</arg>
<arg>${rowDetails[6]}</arg>
<arg>ELSE</arg>
<arg>Set Variable</arg>
<arg>0</arg>
<doc>Runs the given keyword with the given arguments, if ``condition`` is true.</doc>
<kw name="Set Variable" library="BuiltIn">
<arg>0</arg>
<doc>Returns the given values which can then be assigned to a variables.</doc>
<status status="PASS" starttime="20240229 11:03:00.455" endtime="20240229 11:03:00.455"/>
</kw>
<msg timestamp="20240229 11:03:00.455" level="INFO">${rowAmount} = 0</msg>
<status status="PASS" starttime="20240229 11:03:00.454" endtime="20240229 11:03:00.456"/>
</kw>
<kw name="Evaluate" library="BuiltIn">
<var>${totalAmount}</var>
<arg>${totalAmount} + ${rowAmount}</arg>
<doc>Evaluates the given expression in Python and returns the result.</doc>
<msg timestamp="20240229 11:03:00.456" level="INFO">${totalAmount} = 1674.0</msg>
<status status="PASS" starttime="20240229 11:03:00.456" endtime="20240229 11:03:00.456"/>
</kw>
<status status="PASS" starttime="20240229 11:03:00.453" endtime="20240229 11:03:00.457"/>
</iter>
<iter>
<var name="${row}">Cleaning Services;5;h;60;24;72;372;153143;3</var>
<kw name="Split String" library="String">
<var>@{rowDetails}</var>
<arg>${row}</arg>
<arg>;</arg>
<doc>Splits the ``string`` using ``separator`` as a delimiter string.</doc>
<msg timestamp="20240229 11:03:00.457" level="INFO">@{rowDetails} = [ Cleaning Services | 5 | h | 60 | 24 | 72 | 372 | 153143 | 3 ]</msg>
<status status="PASS" starttime="20240229 11:03:00.457" endtime="20240229 11:03:00.458"/>
</kw>
<kw name="Run Keyword If" library="BuiltIn">
<var>${rowAmount}</var>
<arg>'${rowDetails[7]}' == '${invoiceNumber}'</arg>
<arg>Convert To Number</arg>
<arg>${rowDetails[6]}</arg>
<arg>ELSE</arg>
<arg>Set Variable</arg>
<arg>0</arg>
<doc>Runs the given keyword with the given arguments, if ``condition`` is true.</doc>
<kw name="Set Variable" library="BuiltIn">
<arg>0</arg>
<doc>Returns the given values which can then be assigned to a variables.</doc>
<status status="PASS" starttime="20240229 11:03:00.458" endtime="20240229 11:03:00.459"/>
</kw>
<msg timestamp="20240229 11:03:00.459" level="INFO">${rowAmount} = 0</msg>
<status status="PASS" starttime="20240229 11:03:00.458" endtime="20240229 11:03:00.459"/>
</kw>
<kw name="Evaluate" library="BuiltIn">
<var>${totalAmount}</var>
<arg>${totalAmount} + ${rowAmount}</arg>
<doc>Evaluates the given expression in Python and returns the result.</doc>
<msg timestamp="20240229 11:03:00.459" level="INFO">${totalAmount} = 1674.0</msg>
<status status="PASS" starttime="20240229 11:03:00.459" endtime="20240229 11:03:00.459"/>
</kw>
<status status="PASS" starttime="20240229 11:03:00.457" endtime="20240229 11:03:00.459"/>
</iter>
<iter>
<var name="${row}">Cleaning Wipes;10;kpl;105;24;252;1302;153143;4</var>
<kw name="Split String" library="String">
<var>@{rowDetails}</var>
<arg>${row}</arg>
<arg>;</arg>
<doc>Splits the ``string`` using ``separator`` as a delimiter string.</doc>
<msg timestamp="20240229 11:03:00.461" level="INFO">@{rowDetails} = [ Cleaning Wipes | 10 | kpl | 105 | 24 | 252 | 1302 | 153143 | 4 ]</msg>
<status status="PASS" starttime="20240229 11:03:00.459" endtime="20240229 11:03:00.461"/>
</kw>
<kw name="Run Keyword If" library="BuiltIn">
<var>${rowAmount}</var>
<arg>'${rowDetails[7]}' == '${invoiceNumber}'</arg>
<arg>Convert To Number</arg>
<arg>${rowDetails[6]}</arg>
<arg>ELSE</arg>
<arg>Set Variable</arg>
<arg>0</arg>
<doc>Runs the given keyword with the given arguments, if ``condition`` is true.</doc>
<kw name="Set Variable" library="BuiltIn">
<arg>0</arg>
<doc>Returns the given values which can then be assigned to a variables.</doc>
<status status="PASS" starttime="20240229 11:03:00.461" endtime="20240229 11:03:00.461"/>
</kw>
<msg timestamp="20240229 11:03:00.462" level="INFO">${rowAmount} = 0</msg>
<status status="PASS" starttime="20240229 11:03:00.461" endtime="20240229 11:03:00.462"/>
</kw>
<kw name="Evaluate" library="BuiltIn">
<var>${totalAmount}</var>
<arg>${totalAmount} + ${rowAmount}</arg>
<doc>Evaluates the given expression in Python and returns the result.</doc>
<msg timestamp="20240229 11:03:00.462" level="INFO">${totalAmount} = 1674.0</msg>
<status status="PASS" starttime="20240229 11:03:00.462" endtime="20240229 11:03:00.462"/>
</kw>
<status status="PASS" starttime="20240229 11:03:00.459" endtime="20240229 11:03:00.462"/>
</iter>
<status status="PASS" starttime="20240229 11:03:00.426" endtime="20240229 11:03:00.462"/>
</for>
<msg timestamp="20240229 11:03:00.463" level="INFO">${calculatedTotal} = 1674.0</msg>
<status status="PASS" starttime="20240229 11:03:00.422" endtime="20240229 11:03:00.463"/>
</kw>
<kw name="Evaluate" library="BuiltIn">
<var>${isValid}</var>
<arg>${calculatedTotal} == ${headerTotal}</arg>
<doc>Evaluates the given expression in Python and returns the result.</doc>
<msg timestamp="20240229 11:03:00.464" level="INFO">${isValid} = True</msg>
<status status="PASS" starttime="20240229 11:03:00.463" endtime="20240229 11:03:00.464"/>
</kw>
<msg timestamp="20240229 11:03:00.464" level="INFO">${amountValid} = True</msg>
<status status="PASS" starttime="20240229 11:03:00.421" endtime="20240229 11:03:00.464"/>
</kw>
<kw name="Set Variable If" library="BuiltIn">
<var>${statusOfInvoice}</var>
<arg>not ${refResult}</arg>
<arg>1</arg>
<arg>0</arg>
<doc>Sets variable based on the given condition.</doc>
<msg timestamp="20240229 11:03:00.465" level="INFO">${statusOfInvoice} = 0</msg>
<status status="PASS" starttime="20240229 11:03:00.464" endtime="20240229 11:03:00.465"/>
</kw>
<kw name="Set Variable If" library="BuiltIn">
<var>${statusOfInvoice}</var>
<arg>not ${ibanResult}</arg>
<arg>2</arg>
<arg>${statusOfInvoice}</arg>
<doc>Sets variable based on the given condition.</doc>
<msg timestamp="20240229 11:03:00.466" level="INFO">${statusOfInvoice} = 0</msg>
<status status="PASS" starttime="20240229 11:03:00.465" endtime="20240229 11:03:00.466"/>
</kw>
<kw name="Set Variable If" library="BuiltIn">
<var>${statusOfInvoice}</var>
<arg>not ${amountValid}</arg>
<arg>3</arg>
<arg>${statusOfInvoice}</arg>
<doc>Sets variable based on the given condition.</doc>
<msg timestamp="20240229 11:03:00.466" level="INFO">${statusOfInvoice} = 0</msg>
<status status="PASS" starttime="20240229 11:03:00.466" endtime="20240229 11:03:00.466"/>
</kw>
<kw name="Set Variable If" library="BuiltIn">
<var>${comment}</var>
<arg>${statusOfInvoice}==0</arg>
<arg>All ok</arg>
<doc>Sets variable based on the given condition.</doc>
<msg timestamp="20240229 11:03:00.467" level="INFO">${comment} = All ok</msg>
<status status="PASS" starttime="20240229 11:03:00.467" endtime="20240229 11:03:00.467"/>
</kw>
<kw name="Set Variable If" library="BuiltIn">
<var>${comment}</var>
<arg>${statusOfInvoice}==1</arg>
<arg>Reference number error</arg>
<arg>${comment}</arg>
<doc>Sets variable based on the given condition.</doc>
<msg timestamp="20240229 11:03:00.468" level="INFO">${comment} = All ok</msg>
<status status="PASS" starttime="20240229 11:03:00.467" endtime="20240229 11:03:00.468"/>
</kw>
<kw name="Set Variable If" library="BuiltIn">
<var>${comment}</var>
<arg>${statusOfInvoice}==2</arg>
<arg>${comment}, + IBAN number error</arg>
<arg>${comment}</arg>
<doc>Sets variable based on the given condition.</doc>
<msg timestamp="20240229 11:03:00.469" level="INFO">${comment} = All ok</msg>
<status status="PASS" starttime="20240229 11:03:00.468" endtime="20240229 11:03:00.469"/>
</kw>
<kw name="Set Variable If" library="BuiltIn">
<var>${comment}</var>
<arg>${statusOfInvoice}==3</arg>
<arg>${comment}, + Total amount mismatch: Expected=${headerDetails[9]}, Calculated=${calculatedTotal}</arg>
<arg>${comment}</arg>
<doc>Sets variable based on the given condition.</doc>
<msg timestamp="20240229 11:03:00.469" level="INFO">${comment} = All ok</msg>
<status status="PASS" starttime="20240229 11:03:00.469" endtime="20240229 11:03:00.469"/>
</kw>
<kw name="Catenate" library="BuiltIn">
<var>${query}</var>
<arg>SEPARATOR=</arg>
<arg>INSERT INTO invoiceheader (invoicenumber, companyname, referencenumber, invoicedate, duedate, companycode, bankaccountnumber, amountexclvat, vat, totalamount, comment, InvoiceStatus_id) VALUES ('${headerDetails[0]}', '${headerDetails[1]}', '${headerDetails[2]}', '${headerDetails[3]}', '${headerDetails[4]}', '${headerDetails[5]}', '${headerDetails[6]}', ${headerDetails[7]}, ${headerDetails[8]}, ${headerDetails[9]}, '${comment}', '${statusOfInvoice}')</arg>
<doc>Catenates the given items together and returns the resulted string.</doc>
<msg timestamp="20240229 11:03:00.474" level="INFO">${query} = INSERT INTO invoiceheader (invoicenumber, companyname, referencenumber, invoicedate, duedate, companycode, bankaccountnumber, amountexclvat, vat, totalamount, comment, InvoiceStatus_id) VALUES ('14314...</msg>
<status status="PASS" starttime="20240229 11:03:00.471" endtime="20240229 11:03:00.474"/>
</kw>
<kw name="Execute Sql String" library="DatabaseLibrary">
<arg>${query}</arg>
<doc>Executes the sqlString as SQL commands. Useful to pass arguments to your sql. Set optional input `sansTran` to
True to run command without an explicit transaction commit or rollback.</doc>
<msg timestamp="20240229 11:03:00.474" level="INFO">Executing : Execute SQL String  |  INSERT INTO invoiceheader (invoicenumber, companyname, referencenumber, invoicedate, duedate, companycode, bankaccountnumber, amountexclvat, vat, totalamount, comment, InvoiceStatus_id) VALUES ('143143', 'Service Provider Oy', '1431432', '15.12.2022', '07.04.2021', '1234567-8', 'FI12 3456 7890 1234 56', 1350, 324, 1674, 'All ok', '0') </msg>
<status status="PASS" starttime="20240229 11:03:00.474" endtime="20240229 11:03:00.479"/>
</kw>
<kw name="Close Connection">
<kw name="Disconnect From Database" library="DatabaseLibrary">
<doc>Disconnects from the database.</doc>
<msg timestamp="20240229 11:03:00.480" level="INFO">Executing : Disconnect From Database</msg>
<status status="PASS" starttime="20240229 11:03:00.480" endtime="20240229 11:03:00.480"/>
</kw>
<status status="PASS" starttime="20240229 11:03:00.479" endtime="20240229 11:03:00.480"/>
</kw>
<status status="PASS" starttime="20240229 11:03:00.413" endtime="20240229 11:03:00.480"/>
</kw>
<status status="PASS" starttime="20240229 11:03:00.387" endtime="20240229 11:03:00.480"/>
</iter>
<iter>
<var name="${header}">1543235;Component Oy;15432359;01.10.2022;15.10.2022;1234567-9;FI05 1234 5600 7891 01;465;111.6;576.6</var>
<kw name="Calculate Total Amount From Rows">
<var>${calculatedTotal}</var>
<arg>${header[0]}</arg>
<kw name="Set Variable" library="BuiltIn">
<var>${totalAmount}</var>
<arg>${0}</arg>
<doc>Returns the given values which can then be assigned to a variables.</doc>
<msg timestamp="20240229 11:03:00.481" level="INFO">${totalAmount} = 0</msg>
<status status="PASS" starttime="20240229 11:03:00.481" endtime="20240229 11:03:00.481"/>
</kw>
<kw name="Read CSV File">
<var>@{rows}</var>
<arg>${row_csv}</arg>
<kw name="Get File" library="OperatingSystem">
<var>${file_path}</var>
<arg>${filename}</arg>
<doc>Returns the contents of a specified file.</doc>
<msg timestamp="20240229 11:03:00.482" level="INFO" html="true">Getting file '&lt;a href="file://C:\Users\immor\Documents\UiPath\Invoice-Automation\Robot Validation\InvoiceRowData.csv"&gt;C:\Users\immor\Documents\UiPath\Invoice-Automation\Robot Validation\InvoiceRowData.csv&lt;/a&gt;'.</msg>
<msg timestamp="20240229 11:03:00.482" level="INFO">${file_path} = ﻿Description;Quantity;Unit;UnitPrice;VATPercent;VAT;Total;InvoiceNumber;RowNumber
Installation Services;5;h;60;24;72;372;143143;1
Replacement Products;10;kpl;105;24;252;1302;143143;2
Keyboard Logitech...</msg>
<status status="PASS" starttime="20240229 11:03:00.482" endtime="20240229 11:03:00.483"/>
</kw>
<kw name="Split To Lines" library="String">
<var>@{lines}</var>
<arg>${file_path}</arg>
<doc>Splits the given string to lines.</doc>
<msg timestamp="20240229 11:03:00.483" level="INFO">9 lines returned</msg>
<msg timestamp="20240229 11:03:00.483" level="INFO">@{lines} = [ ﻿Description;Quantity;Unit;UnitPrice;VATPercent;VAT;Total;InvoiceNumber;RowNumber | Installation Services;5;h;60;24;72;372;143143;1 | Replacement Products;10;kpl;105;24;252;1302;143143;2 | Keyboard ...</msg>
<status status="PASS" starttime="20240229 11:03:00.483" endtime="20240229 11:03:00.483"/>
</kw>
<msg timestamp="20240229 11:03:00.483" level="INFO">@{rows} = [ ﻿Description;Quantity;Unit;UnitPrice;VATPercent;VAT;Total;InvoiceNumber;RowNumber | Installation Services;5;h;60;24;72;372;143143;1 | Replacement Products;10;kpl;105;24;252;1302;143143;2 | Keyboard ...</msg>
<status status="PASS" starttime="20240229 11:03:00.482" endtime="20240229 11:03:00.483"/>
</kw>
<for flavor="IN">
<var>${row}</var>
<value>@{rows}[1:]</value>
<iter>
<var name="${row}">Installation Services;5;h;60;24;72;372;143143;1</var>
<kw name="Split String" library="String">
<var>@{rowDetails}</var>
<arg>${row}</arg>
<arg>;</arg>
<doc>Splits the ``string`` using ``separator`` as a delimiter string.</doc>
<msg timestamp="20240229 11:03:00.484" level="INFO">@{rowDetails} = [ Installation Services | 5 | h | 60 | 24 | 72 | 372 | 143143 | 1 ]</msg>
<status status="PASS" starttime="20240229 11:03:00.484" endtime="20240229 11:03:00.484"/>
</kw>
<kw name="Run Keyword If" library="BuiltIn">
<var>${rowAmount}</var>
<arg>'${rowDetails[7]}' == '${invoiceNumber}'</arg>
<arg>Convert To Number</arg>
<arg>${rowDetails[6]}</arg>
<arg>ELSE</arg>
<arg>Set Variable</arg>
<arg>0</arg>
<doc>Runs the given keyword with the given arguments, if ``condition`` is true.</doc>
<kw name="Set Variable" library="BuiltIn">
<arg>0</arg>
<doc>Returns the given values which can then be assigned to a variables.</doc>
<status status="PASS" starttime="20240229 11:03:00.484" endtime="20240229 11:03:00.484"/>
</kw>
<msg timestamp="20240229 11:03:00.485" level="INFO">${rowAmount} = 0</msg>
<status status="PASS" starttime="20240229 11:03:00.484" endtime="20240229 11:03:00.485"/>
</kw>
<kw name="Evaluate" library="BuiltIn">
<var>${totalAmount}</var>
<arg>${totalAmount} + ${rowAmount}</arg>
<doc>Evaluates the given expression in Python and returns the result.</doc>
<msg timestamp="20240229 11:03:00.485" level="INFO">${totalAmount} = 0</msg>
<status status="PASS" starttime="20240229 11:03:00.485" endtime="20240229 11:03:00.485"/>
</kw>
<status status="PASS" starttime="20240229 11:03:00.483" endtime="20240229 11:03:00.485"/>
</iter>
<iter>
<var name="${row}">Replacement Products;10;kpl;105;24;252;1302;143143;2</var>
<kw name="Split String" library="String">
<var>@{rowDetails}</var>
<arg>${row}</arg>
<arg>;</arg>
<doc>Splits the ``string`` using ``separator`` as a delimiter string.</doc>
<msg timestamp="20240229 11:03:00.485" level="INFO">@{rowDetails} = [ Replacement Products | 10 | kpl | 105 | 24 | 252 | 1302 | 143143 | 2 ]</msg>
<status status="PASS" starttime="20240229 11:03:00.485" endtime="20240229 11:03:00.485"/>
</kw>
<kw name="Run Keyword If" library="BuiltIn">
<var>${rowAmount}</var>
<arg>'${rowDetails[7]}' == '${invoiceNumber}'</arg>
<arg>Convert To Number</arg>
<arg>${rowDetails[6]}</arg>
<arg>ELSE</arg>
<arg>Set Variable</arg>
<arg>0</arg>
<doc>Runs the given keyword with the given arguments, if ``condition`` is true.</doc>
<kw name="Set Variable" library="BuiltIn">
<arg>0</arg>
<doc>Returns the given values which can then be assigned to a variables.</doc>
<status status="PASS" starttime="20240229 11:03:00.486" endtime="20240229 11:03:00.486"/>
</kw>
<msg timestamp="20240229 11:03:00.486" level="INFO">${rowAmount} = 0</msg>
<status status="PASS" starttime="20240229 11:03:00.486" endtime="20240229 11:03:00.486"/>
</kw>
<kw name="Evaluate" library="BuiltIn">
<var>${totalAmount}</var>
<arg>${totalAmount} + ${rowAmount}</arg>
<doc>Evaluates the given expression in Python and returns the result.</doc>
<msg timestamp="20240229 11:03:00.487" level="INFO">${totalAmount} = 0</msg>
<status status="PASS" starttime="20240229 11:03:00.486" endtime="20240229 11:03:00.487"/>
</kw>
<status status="PASS" starttime="20240229 11:03:00.485" endtime="20240229 11:03:00.487"/>
</iter>
<iter>
<var name="${row}">Keyboard Logitech;10;kpl;40;24;96;496;1543235;1</var>
<kw name="Split String" library="String">
<var>@{rowDetails}</var>
<arg>${row}</arg>
<arg>;</arg>
<doc>Splits the ``string`` using ``separator`` as a delimiter string.</doc>
<msg timestamp="20240229 11:03:00.487" level="INFO">@{rowDetails} = [ Keyboard Logitech | 10 | kpl | 40 | 24 | 96 | 496 | 1543235 | 1 ]</msg>
<status status="PASS" starttime="20240229 11:03:00.487" endtime="20240229 11:03:00.487"/>
</kw>
<kw name="Run Keyword If" library="BuiltIn">
<var>${rowAmount}</var>
<arg>'${rowDetails[7]}' == '${invoiceNumber}'</arg>
<arg>Convert To Number</arg>
<arg>${rowDetails[6]}</arg>
<arg>ELSE</arg>
<arg>Set Variable</arg>
<arg>0</arg>
<doc>Runs the given keyword with the given arguments, if ``condition`` is true.</doc>
<kw name="Set Variable" library="BuiltIn">
<arg>0</arg>
<doc>Returns the given values which can then be assigned to a variables.</doc>
<status status="PASS" starttime="20240229 11:03:00.488" endtime="20240229 11:03:00.488"/>
</kw>
<msg timestamp="20240229 11:03:00.488" level="INFO">${rowAmount} = 0</msg>
<status status="PASS" starttime="20240229 11:03:00.487" endtime="20240229 11:03:00.488"/>
</kw>
<kw name="Evaluate" library="BuiltIn">
<var>${totalAmount}</var>
<arg>${totalAmount} + ${rowAmount}</arg>
<doc>Evaluates the given expression in Python and returns the result.</doc>
<msg timestamp="20240229 11:03:00.488" level="INFO">${totalAmount} = 0</msg>
<status status="PASS" starttime="20240229 11:03:00.488" endtime="20240229 11:03:00.488"/>
</kw>
<status status="PASS" starttime="20240229 11:03:00.487" endtime="20240229 11:03:00.489"/>
</iter>
<iter>
<var name="${row}">Brother printer;1;kpl;65;24;15.6;80.6;1543235;2</var>
<kw name="Split String" library="String">
<var>@{rowDetails}</var>
<arg>${row}</arg>
<arg>;</arg>
<doc>Splits the ``string`` using ``separator`` as a delimiter string.</doc>
<msg timestamp="20240229 11:03:00.489" level="INFO">@{rowDetails} = [ Brother printer | 1 | kpl | 65 | 24 | 15.6 | 80.6 | 1543235 | 2 ]</msg>
<status status="PASS" starttime="20240229 11:03:00.489" endtime="20240229 11:03:00.490"/>
</kw>
<kw name="Run Keyword If" library="BuiltIn">
<var>${rowAmount}</var>
<arg>'${rowDetails[7]}' == '${invoiceNumber}'</arg>
<arg>Convert To Number</arg>
<arg>${rowDetails[6]}</arg>
<arg>ELSE</arg>
<arg>Set Variable</arg>
<arg>0</arg>
<doc>Runs the given keyword with the given arguments, if ``condition`` is true.</doc>
<kw name="Set Variable" library="BuiltIn">
<arg>0</arg>
<doc>Returns the given values which can then be assigned to a variables.</doc>
<status status="PASS" starttime="20240229 11:03:00.490" endtime="20240229 11:03:00.491"/>
</kw>
<msg timestamp="20240229 11:03:00.491" level="INFO">${rowAmount} = 0</msg>
<status status="PASS" starttime="20240229 11:03:00.490" endtime="20240229 11:03:00.491"/>
</kw>
<kw name="Evaluate" library="BuiltIn">
<var>${totalAmount}</var>
<arg>${totalAmount} + ${rowAmount}</arg>
<doc>Evaluates the given expression in Python and returns the result.</doc>
<msg timestamp="20240229 11:03:00.492" level="INFO">${totalAmount} = 0</msg>
<status status="PASS" starttime="20240229 11:03:00.491" endtime="20240229 11:03:00.492"/>
</kw>
<status status="PASS" starttime="20240229 11:03:00.489" endtime="20240229 11:03:00.492"/>
</iter>
<iter>
<var name="${row}">Installation Services;5;h;60;24;72;372;153143;1</var>
<kw name="Split String" library="String">
<var>@{rowDetails}</var>
<arg>${row}</arg>
<arg>;</arg>
<doc>Splits the ``string`` using ``separator`` as a delimiter string.</doc>
<msg timestamp="20240229 11:03:00.492" level="INFO">@{rowDetails} = [ Installation Services | 5 | h | 60 | 24 | 72 | 372 | 153143 | 1 ]</msg>
<status status="PASS" starttime="20240229 11:03:00.492" endtime="20240229 11:03:00.492"/>
</kw>
<kw name="Run Keyword If" library="BuiltIn">
<var>${rowAmount}</var>
<arg>'${rowDetails[7]}' == '${invoiceNumber}'</arg>
<arg>Convert To Number</arg>
<arg>${rowDetails[6]}</arg>
<arg>ELSE</arg>
<arg>Set Variable</arg>
<arg>0</arg>
<doc>Runs the given keyword with the given arguments, if ``condition`` is true.</doc>
<kw name="Set Variable" library="BuiltIn">
<arg>0</arg>
<doc>Returns the given values which can then be assigned to a variables.</doc>
<status status="PASS" starttime="20240229 11:03:00.493" endtime="20240229 11:03:00.493"/>
</kw>
<msg timestamp="20240229 11:03:00.493" level="INFO">${rowAmount} = 0</msg>
<status status="PASS" starttime="20240229 11:03:00.492" endtime="20240229 11:03:00.493"/>
</kw>
<kw name="Evaluate" library="BuiltIn">
<var>${totalAmount}</var>
<arg>${totalAmount} + ${rowAmount}</arg>
<doc>Evaluates the given expression in Python and returns the result.</doc>
<msg timestamp="20240229 11:03:00.493" level="INFO">${totalAmount} = 0</msg>
<status status="PASS" starttime="20240229 11:03:00.493" endtime="20240229 11:03:00.493"/>
</kw>
<status status="PASS" starttime="20240229 11:03:00.492" endtime="20240229 11:03:00.493"/>
</iter>
<iter>
<var name="${row}">Replacement Products;10;kpl;105;24;252;1302;153143;2</var>
<kw name="Split String" library="String">
<var>@{rowDetails}</var>
<arg>${row}</arg>
<arg>;</arg>
<doc>Splits the ``string`` using ``separator`` as a delimiter string.</doc>
<msg timestamp="20240229 11:03:00.494" level="INFO">@{rowDetails} = [ Replacement Products | 10 | kpl | 105 | 24 | 252 | 1302 | 153143 | 2 ]</msg>
<status status="PASS" starttime="20240229 11:03:00.494" endtime="20240229 11:03:00.494"/>
</kw>
<kw name="Run Keyword If" library="BuiltIn">
<var>${rowAmount}</var>
<arg>'${rowDetails[7]}' == '${invoiceNumber}'</arg>
<arg>Convert To Number</arg>
<arg>${rowDetails[6]}</arg>
<arg>ELSE</arg>
<arg>Set Variable</arg>
<arg>0</arg>
<doc>Runs the given keyword with the given arguments, if ``condition`` is true.</doc>
<kw name="Set Variable" library="BuiltIn">
<arg>0</arg>
<doc>Returns the given values which can then be assigned to a variables.</doc>
<status status="PASS" starttime="20240229 11:03:00.495" endtime="20240229 11:03:00.495"/>
</kw>
<msg timestamp="20240229 11:03:00.495" level="INFO">${rowAmount} = 0</msg>
<status status="PASS" starttime="20240229 11:03:00.494" endtime="20240229 11:03:00.495"/>
</kw>
<kw name="Evaluate" library="BuiltIn">
<var>${totalAmount}</var>
<arg>${totalAmount} + ${rowAmount}</arg>
<doc>Evaluates the given expression in Python and returns the result.</doc>
<msg timestamp="20240229 11:03:00.495" level="INFO">${totalAmount} = 0</msg>
<status status="PASS" starttime="20240229 11:03:00.495" endtime="20240229 11:03:00.495"/>
</kw>
<status status="PASS" starttime="20240229 11:03:00.494" endtime="20240229 11:03:00.495"/>
</iter>
<iter>
<var name="${row}">Cleaning Services;5;h;60;24;72;372;153143;3</var>
<kw name="Split String" library="String">
<var>@{rowDetails}</var>
<arg>${row}</arg>
<arg>;</arg>
<doc>Splits the ``string`` using ``separator`` as a delimiter string.</doc>
<msg timestamp="20240229 11:03:00.496" level="INFO">@{rowDetails} = [ Cleaning Services | 5 | h | 60 | 24 | 72 | 372 | 153143 | 3 ]</msg>
<status status="PASS" starttime="20240229 11:03:00.495" endtime="20240229 11:03:00.496"/>
</kw>
<kw name="Run Keyword If" library="BuiltIn">
<var>${rowAmount}</var>
<arg>'${rowDetails[7]}' == '${invoiceNumber}'</arg>
<arg>Convert To Number</arg>
<arg>${rowDetails[6]}</arg>
<arg>ELSE</arg>
<arg>Set Variable</arg>
<arg>0</arg>
<doc>Runs the given keyword with the given arguments, if ``condition`` is true.</doc>
<kw name="Set Variable" library="BuiltIn">
<arg>0</arg>
<doc>Returns the given values which can then be assigned to a variables.</doc>
<status status="PASS" starttime="20240229 11:03:00.496" endtime="20240229 11:03:00.497"/>
</kw>
<msg timestamp="20240229 11:03:00.497" level="INFO">${rowAmount} = 0</msg>
<status status="PASS" starttime="20240229 11:03:00.496" endtime="20240229 11:03:00.497"/>
</kw>
<kw name="Evaluate" library="BuiltIn">
<var>${totalAmount}</var>
<arg>${totalAmount} + ${rowAmount}</arg>
<doc>Evaluates the given expression in Python and returns the result.</doc>
<msg timestamp="20240229 11:03:00.497" level="INFO">${totalAmount} = 0</msg>
<status status="PASS" starttime="20240229 11:03:00.497" endtime="20240229 11:03:00.497"/>
</kw>
<status status="PASS" starttime="20240229 11:03:00.495" endtime="20240229 11:03:00.497"/>
</iter>
<iter>
<var name="${row}">Cleaning Wipes;10;kpl;105;24;252;1302;153143;4</var>
<kw name="Split String" library="String">
<var>@{rowDetails}</var>
<arg>${row}</arg>
<arg>;</arg>
<doc>Splits the ``string`` using ``separator`` as a delimiter string.</doc>
<msg timestamp="20240229 11:03:00.498" level="INFO">@{rowDetails} = [ Cleaning Wipes | 10 | kpl | 105 | 24 | 252 | 1302 | 153143 | 4 ]</msg>
<status status="PASS" starttime="20240229 11:03:00.497" endtime="20240229 11:03:00.498"/>
</kw>
<kw name="Run Keyword If" library="BuiltIn">
<var>${rowAmount}</var>
<arg>'${rowDetails[7]}' == '${invoiceNumber}'</arg>
<arg>Convert To Number</arg>
<arg>${rowDetails[6]}</arg>
<arg>ELSE</arg>
<arg>Set Variable</arg>
<arg>0</arg>
<doc>Runs the given keyword with the given arguments, if ``condition`` is true.</doc>
<kw name="Set Variable" library="BuiltIn">
<arg>0</arg>
<doc>Returns the given values which can then be assigned to a variables.</doc>
<status status="PASS" starttime="20240229 11:03:00.498" endtime="20240229 11:03:00.498"/>
</kw>
<msg timestamp="20240229 11:03:00.498" level="INFO">${rowAmount} = 0</msg>
<status status="PASS" starttime="20240229 11:03:00.498" endtime="20240229 11:03:00.498"/>
</kw>
<kw name="Evaluate" library="BuiltIn">
<var>${totalAmount}</var>
<arg>${totalAmount} + ${rowAmount}</arg>
<doc>Evaluates the given expression in Python and returns the result.</doc>
<msg timestamp="20240229 11:03:00.499" level="INFO">${totalAmount} = 0</msg>
<status status="PASS" starttime="20240229 11:03:00.499" endtime="20240229 11:03:00.499"/>
</kw>
<status status="PASS" starttime="20240229 11:03:00.497" endtime="20240229 11:03:00.499"/>
</iter>
<status status="PASS" starttime="20240229 11:03:00.483" endtime="20240229 11:03:00.499"/>
</for>
<msg timestamp="20240229 11:03:00.499" level="INFO">${calculatedTotal} = 0</msg>
<status status="PASS" starttime="20240229 11:03:00.481" endtime="20240229 11:03:00.499"/>
</kw>
<kw name="Insert Invoice Header To DB">
<arg>${header}</arg>
<arg>${calculatedTotal}</arg>
<kw name="Make Connection">
<kw name="Connect To Database" library="DatabaseLibrary">
<arg>pymysql</arg>
<arg>${dbname}</arg>
<arg>${dbuser}</arg>
<arg>${dbpass}</arg>
<arg>${dbhost}</arg>
<arg>${dbport}</arg>
<doc>Loads the DB API 2.0 module given `dbapiModuleName` then uses it to
connect to the database using `dbName`, `dbUsername`, and `dbPassword`.</doc>
<msg timestamp="20240229 11:03:00.501" level="INFO">Connecting using : pymysql.connect(db=rpa_db, user=robocop, passwd=RPA.Password, host=localhost, port=3306, charset=None) </msg>
<status status="PASS" starttime="20240229 11:03:00.500" endtime="20240229 11:03:00.512"/>
</kw>
<status status="PASS" starttime="20240229 11:03:00.500" endtime="20240229 11:03:00.512"/>
</kw>
<kw name="Split String" library="String">
<var>@{headerDetails}</var>
<arg>${header}</arg>
<arg>;</arg>
<doc>Splits the ``string`` using ``separator`` as a delimiter string.</doc>
<msg timestamp="20240229 11:03:00.513" level="INFO">@{headerDetails} = [ 1543235 | Component Oy | 15432359 | 01.10.2022 | 15.10.2022 | 1234567-9 | FI05 1234 5600 7891 01 | 465 | 111.6 | 576.6 ]</msg>
<status status="PASS" starttime="20240229 11:03:00.513" endtime="20240229 11:03:00.513"/>
</kw>
<kw name="Is Reference Number Correct">
<var>${refResult}</var>
<arg>${headerDetails[2]}</arg>
<kw name="Evaluate" library="BuiltIn">
<var>${correct}</var>
<arg>len("${refNumber}") == 7 and "${refNumber}".isdigit()</arg>
<doc>Evaluates the given expression in Python and returns the result.</doc>
<msg timestamp="20240229 11:03:00.514" level="INFO">${correct} = False</msg>
<status status="PASS" starttime="20240229 11:03:00.514" endtime="20240229 11:03:00.514"/>
</kw>
<msg timestamp="20240229 11:03:00.515" level="INFO">${refResult} = False</msg>
<status status="PASS" starttime="20240229 11:03:00.513" endtime="20240229 11:03:00.515"/>
</kw>
<kw name="Check IBAN">
<var>${ibanResult}</var>
<arg>${headerDetails[6]}</arg>
<kw name="Evaluate" library="BuiltIn">
<var>${correct}</var>
<arg>"${iban}"[:2].isalpha() and "${iban}"[:2].isupper() and len("${iban}") == 22</arg>
<doc>Evaluates the given expression in Python and returns the result.</doc>
<msg timestamp="20240229 11:03:00.516" level="INFO">${correct} = True</msg>
<status status="PASS" starttime="20240229 11:03:00.516" endtime="20240229 11:03:00.516"/>
</kw>
<msg timestamp="20240229 11:03:00.516" level="INFO">${ibanResult} = True</msg>
<status status="PASS" starttime="20240229 11:03:00.515" endtime="20240229 11:03:00.516"/>
</kw>
<kw name="Is Total Amount Valid">
<var>${amountValid}</var>
<arg>${headerDetails[0]}</arg>
<arg>${headerDetails[9]}</arg>
<kw name="Calculate Total Amount From Rows">
<var>${calculatedTotal}</var>
<arg>${invoiceNumber}</arg>
<kw name="Set Variable" library="BuiltIn">
<var>${totalAmount}</var>
<arg>${0}</arg>
<doc>Returns the given values which can then be assigned to a variables.</doc>
<msg timestamp="20240229 11:03:00.519" level="INFO">${totalAmount} = 0</msg>
<status status="PASS" starttime="20240229 11:03:00.518" endtime="20240229 11:03:00.519"/>
</kw>
<kw name="Read CSV File">
<var>@{rows}</var>
<arg>${row_csv}</arg>
<kw name="Get File" library="OperatingSystem">
<var>${file_path}</var>
<arg>${filename}</arg>
<doc>Returns the contents of a specified file.</doc>
<msg timestamp="20240229 11:03:00.520" level="INFO" html="true">Getting file '&lt;a href="file://C:\Users\immor\Documents\UiPath\Invoice-Automation\Robot Validation\InvoiceRowData.csv"&gt;C:\Users\immor\Documents\UiPath\Invoice-Automation\Robot Validation\InvoiceRowData.csv&lt;/a&gt;'.</msg>
<msg timestamp="20240229 11:03:00.520" level="INFO">${file_path} = ﻿Description;Quantity;Unit;UnitPrice;VATPercent;VAT;Total;InvoiceNumber;RowNumber
Installation Services;5;h;60;24;72;372;143143;1
Replacement Products;10;kpl;105;24;252;1302;143143;2
Keyboard Logitech...</msg>
<status status="PASS" starttime="20240229 11:03:00.519" endtime="20240229 11:03:00.520"/>
</kw>
<kw name="Split To Lines" library="String">
<var>@{lines}</var>
<arg>${file_path}</arg>
<doc>Splits the given string to lines.</doc>
<msg timestamp="20240229 11:03:00.521" level="INFO">9 lines returned</msg>
<msg timestamp="20240229 11:03:00.521" level="INFO">@{lines} = [ ﻿Description;Quantity;Unit;UnitPrice;VATPercent;VAT;Total;InvoiceNumber;RowNumber | Installation Services;5;h;60;24;72;372;143143;1 | Replacement Products;10;kpl;105;24;252;1302;143143;2 | Keyboard ...</msg>
<status status="PASS" starttime="20240229 11:03:00.520" endtime="20240229 11:03:00.521"/>
</kw>
<msg timestamp="20240229 11:03:00.521" level="INFO">@{rows} = [ ﻿Description;Quantity;Unit;UnitPrice;VATPercent;VAT;Total;InvoiceNumber;RowNumber | Installation Services;5;h;60;24;72;372;143143;1 | Replacement Products;10;kpl;105;24;252;1302;143143;2 | Keyboard ...</msg>
<status status="PASS" starttime="20240229 11:03:00.519" endtime="20240229 11:03:00.521"/>
</kw>
<for flavor="IN">
<var>${row}</var>
<value>@{rows}[1:]</value>
<iter>
<var name="${row}">Installation Services;5;h;60;24;72;372;143143;1</var>
<kw name="Split String" library="String">
<var>@{rowDetails}</var>
<arg>${row}</arg>
<arg>;</arg>
<doc>Splits the ``string`` using ``separator`` as a delimiter string.</doc>
<msg timestamp="20240229 11:03:00.521" level="INFO">@{rowDetails} = [ Installation Services | 5 | h | 60 | 24 | 72 | 372 | 143143 | 1 ]</msg>
<status status="PASS" starttime="20240229 11:03:00.521" endtime="20240229 11:03:00.521"/>
</kw>
<kw name="Run Keyword If" library="BuiltIn">
<var>${rowAmount}</var>
<arg>'${rowDetails[7]}' == '${invoiceNumber}'</arg>
<arg>Convert To Number</arg>
<arg>${rowDetails[6]}</arg>
<arg>ELSE</arg>
<arg>Set Variable</arg>
<arg>0</arg>
<doc>Runs the given keyword with the given arguments, if ``condition`` is true.</doc>
<kw name="Set Variable" library="BuiltIn">
<arg>0</arg>
<doc>Returns the given values which can then be assigned to a variables.</doc>
<status status="PASS" starttime="20240229 11:03:00.523" endtime="20240229 11:03:00.523"/>
</kw>
<msg timestamp="20240229 11:03:00.523" level="INFO">${rowAmount} = 0</msg>
<status status="PASS" starttime="20240229 11:03:00.522" endtime="20240229 11:03:00.523"/>
</kw>
<kw name="Evaluate" library="BuiltIn">
<var>${totalAmount}</var>
<arg>${totalAmount} + ${rowAmount}</arg>
<doc>Evaluates the given expression in Python and returns the result.</doc>
<msg timestamp="20240229 11:03:00.523" level="INFO">${totalAmount} = 0</msg>
<status status="PASS" starttime="20240229 11:03:00.523" endtime="20240229 11:03:00.523"/>
</kw>
<status status="PASS" starttime="20240229 11:03:00.521" endtime="20240229 11:03:00.523"/>
</iter>
<iter>
<var name="${row}">Replacement Products;10;kpl;105;24;252;1302;143143;2</var>
<kw name="Split String" library="String">
<var>@{rowDetails}</var>
<arg>${row}</arg>
<arg>;</arg>
<doc>Splits the ``string`` using ``separator`` as a delimiter string.</doc>
<msg timestamp="20240229 11:03:00.525" level="INFO">@{rowDetails} = [ Replacement Products | 10 | kpl | 105 | 24 | 252 | 1302 | 143143 | 2 ]</msg>
<status status="PASS" starttime="20240229 11:03:00.525" endtime="20240229 11:03:00.525"/>
</kw>
<kw name="Run Keyword If" library="BuiltIn">
<var>${rowAmount}</var>
<arg>'${rowDetails[7]}' == '${invoiceNumber}'</arg>
<arg>Convert To Number</arg>
<arg>${rowDetails[6]}</arg>
<arg>ELSE</arg>
<arg>Set Variable</arg>
<arg>0</arg>
<doc>Runs the given keyword with the given arguments, if ``condition`` is true.</doc>
<kw name="Set Variable" library="BuiltIn">
<arg>0</arg>
<doc>Returns the given values which can then be assigned to a variables.</doc>
<status status="PASS" starttime="20240229 11:03:00.526" endtime="20240229 11:03:00.527"/>
</kw>
<msg timestamp="20240229 11:03:00.527" level="INFO">${rowAmount} = 0</msg>
<status status="PASS" starttime="20240229 11:03:00.525" endtime="20240229 11:03:00.527"/>
</kw>
<kw name="Evaluate" library="BuiltIn">
<var>${totalAmount}</var>
<arg>${totalAmount} + ${rowAmount}</arg>
<doc>Evaluates the given expression in Python and returns the result.</doc>
<msg timestamp="20240229 11:03:00.528" level="INFO">${totalAmount} = 0</msg>
<status status="PASS" starttime="20240229 11:03:00.527" endtime="20240229 11:03:00.528"/>
</kw>
<status status="PASS" starttime="20240229 11:03:00.525" endtime="20240229 11:03:00.528"/>
</iter>
<iter>
<var name="${row}">Keyboard Logitech;10;kpl;40;24;96;496;1543235;1</var>
<kw name="Split String" library="String">
<var>@{rowDetails}</var>
<arg>${row}</arg>
<arg>;</arg>
<doc>Splits the ``string`` using ``separator`` as a delimiter string.</doc>
<msg timestamp="20240229 11:03:00.529" level="INFO">@{rowDetails} = [ Keyboard Logitech | 10 | kpl | 40 | 24 | 96 | 496 | 1543235 | 1 ]</msg>
<status status="PASS" starttime="20240229 11:03:00.528" endtime="20240229 11:03:00.529"/>
</kw>
<kw name="Run Keyword If" library="BuiltIn">
<var>${rowAmount}</var>
<arg>'${rowDetails[7]}' == '${invoiceNumber}'</arg>
<arg>Convert To Number</arg>
<arg>${rowDetails[6]}</arg>
<arg>ELSE</arg>
<arg>Set Variable</arg>
<arg>0</arg>
<doc>Runs the given keyword with the given arguments, if ``condition`` is true.</doc>
<kw name="Convert To Number" library="BuiltIn">
<arg>${rowDetails[6]}</arg>
<doc>Converts the given item to a floating point number.</doc>
<status status="PASS" starttime="20240229 11:03:00.530" endtime="20240229 11:03:00.531"/>
</kw>
<msg timestamp="20240229 11:03:00.531" level="INFO">${rowAmount} = 496.0</msg>
<status status="PASS" starttime="20240229 11:03:00.529" endtime="20240229 11:03:00.531"/>
</kw>
<kw name="Evaluate" library="BuiltIn">
<var>${totalAmount}</var>
<arg>${totalAmount} + ${rowAmount}</arg>
<doc>Evaluates the given expression in Python and returns the result.</doc>
<msg timestamp="20240229 11:03:00.531" level="INFO">${totalAmount} = 496.0</msg>
<status status="PASS" starttime="20240229 11:03:00.531" endtime="20240229 11:03:00.531"/>
</kw>
<status status="PASS" starttime="20240229 11:03:00.528" endtime="20240229 11:03:00.531"/>
</iter>
<iter>
<var name="${row}">Brother printer;1;kpl;65;24;15.6;80.6;1543235;2</var>
<kw name="Split String" library="String">
<var>@{rowDetails}</var>
<arg>${row}</arg>
<arg>;</arg>
<doc>Splits the ``string`` using ``separator`` as a delimiter string.</doc>
<msg timestamp="20240229 11:03:00.532" level="INFO">@{rowDetails} = [ Brother printer | 1 | kpl | 65 | 24 | 15.6 | 80.6 | 1543235 | 2 ]</msg>
<status status="PASS" starttime="20240229 11:03:00.531" endtime="20240229 11:03:00.532"/>
</kw>
<kw name="Run Keyword If" library="BuiltIn">
<var>${rowAmount}</var>
<arg>'${rowDetails[7]}' == '${invoiceNumber}'</arg>
<arg>Convert To Number</arg>
<arg>${rowDetails[6]}</arg>
<arg>ELSE</arg>
<arg>Set Variable</arg>
<arg>0</arg>
<doc>Runs the given keyword with the given arguments, if ``condition`` is true.</doc>
<kw name="Convert To Number" library="BuiltIn">
<arg>${rowDetails[6]}</arg>
<doc>Converts the given item to a floating point number.</doc>
<status status="PASS" starttime="20240229 11:03:00.532" endtime="20240229 11:03:00.533"/>
</kw>
<msg timestamp="20240229 11:03:00.533" level="INFO">${rowAmount} = 80.6</msg>
<status status="PASS" starttime="20240229 11:03:00.532" endtime="20240229 11:03:00.533"/>
</kw>
<kw name="Evaluate" library="BuiltIn">
<var>${totalAmount}</var>
<arg>${totalAmount} + ${rowAmount}</arg>
<doc>Evaluates the given expression in Python and returns the result.</doc>
<msg timestamp="20240229 11:03:00.534" level="INFO">${totalAmount} = 576.6</msg>
<status status="PASS" starttime="20240229 11:03:00.533" endtime="20240229 11:03:00.534"/>
</kw>
<status status="PASS" starttime="20240229 11:03:00.531" endtime="20240229 11:03:00.534"/>
</iter>
<iter>
<var name="${row}">Installation Services;5;h;60;24;72;372;153143;1</var>
<kw name="Split String" library="String">
<var>@{rowDetails}</var>
<arg>${row}</arg>
<arg>;</arg>
<doc>Splits the ``string`` using ``separator`` as a delimiter string.</doc>
<msg timestamp="20240229 11:03:00.534" level="INFO">@{rowDetails} = [ Installation Services | 5 | h | 60 | 24 | 72 | 372 | 153143 | 1 ]</msg>
<status status="PASS" starttime="20240229 11:03:00.534" endtime="20240229 11:03:00.534"/>
</kw>
<kw name="Run Keyword If" library="BuiltIn">
<var>${rowAmount}</var>
<arg>'${rowDetails[7]}' == '${invoiceNumber}'</arg>
<arg>Convert To Number</arg>
<arg>${rowDetails[6]}</arg>
<arg>ELSE</arg>
<arg>Set Variable</arg>
<arg>0</arg>
<doc>Runs the given keyword with the given arguments, if ``condition`` is true.</doc>
<kw name="Set Variable" library="BuiltIn">
<arg>0</arg>
<doc>Returns the given values which can then be assigned to a variables.</doc>
<status status="PASS" starttime="20240229 11:03:00.535" endtime="20240229 11:03:00.536"/>
</kw>
<msg timestamp="20240229 11:03:00.536" level="INFO">${rowAmount} = 0</msg>
<status status="PASS" starttime="20240229 11:03:00.535" endtime="20240229 11:03:00.536"/>
</kw>
<kw name="Evaluate" library="BuiltIn">
<var>${totalAmount}</var>
<arg>${totalAmount} + ${rowAmount}</arg>
<doc>Evaluates the given expression in Python and returns the result.</doc>
<msg timestamp="20240229 11:03:00.536" level="INFO">${totalAmount} = 576.6</msg>
<status status="PASS" starttime="20240229 11:03:00.536" endtime="20240229 11:03:00.536"/>
</kw>
<status status="PASS" starttime="20240229 11:03:00.534" endtime="20240229 11:03:00.536"/>
</iter>
<iter>
<var name="${row}">Replacement Products;10;kpl;105;24;252;1302;153143;2</var>
<kw name="Split String" library="String">
<var>@{rowDetails}</var>
<arg>${row}</arg>
<arg>;</arg>
<doc>Splits the ``string`` using ``separator`` as a delimiter string.</doc>
<msg timestamp="20240229 11:03:00.537" level="INFO">@{rowDetails} = [ Replacement Products | 10 | kpl | 105 | 24 | 252 | 1302 | 153143 | 2 ]</msg>
<status status="PASS" starttime="20240229 11:03:00.537" endtime="20240229 11:03:00.537"/>
</kw>
<kw name="Run Keyword If" library="BuiltIn">
<var>${rowAmount}</var>
<arg>'${rowDetails[7]}' == '${invoiceNumber}'</arg>
<arg>Convert To Number</arg>
<arg>${rowDetails[6]}</arg>
<arg>ELSE</arg>
<arg>Set Variable</arg>
<arg>0</arg>
<doc>Runs the given keyword with the given arguments, if ``condition`` is true.</doc>
<kw name="Set Variable" library="BuiltIn">
<arg>0</arg>
<doc>Returns the given values which can then be assigned to a variables.</doc>
<status status="PASS" starttime="20240229 11:03:00.538" endtime="20240229 11:03:00.539"/>
</kw>
<msg timestamp="20240229 11:03:00.539" level="INFO">${rowAmount} = 0</msg>
<status status="PASS" starttime="20240229 11:03:00.537" endtime="20240229 11:03:00.539"/>
</kw>
<kw name="Evaluate" library="BuiltIn">
<var>${totalAmount}</var>
<arg>${totalAmount} + ${rowAmount}</arg>
<doc>Evaluates the given expression in Python and returns the result.</doc>
<msg timestamp="20240229 11:03:00.539" level="INFO">${totalAmount} = 576.6</msg>
<status status="PASS" starttime="20240229 11:03:00.539" endtime="20240229 11:03:00.539"/>
</kw>
<status status="PASS" starttime="20240229 11:03:00.537" endtime="20240229 11:03:00.540"/>
</iter>
<iter>
<var name="${row}">Cleaning Services;5;h;60;24;72;372;153143;3</var>
<kw name="Split String" library="String">
<var>@{rowDetails}</var>
<arg>${row}</arg>
<arg>;</arg>
<doc>Splits the ``string`` using ``separator`` as a delimiter string.</doc>
[...]
</kw>
<kw name="Execute Sql String" library="DatabaseLibrary">
<arg>${query}</arg>
<doc>Executes the sqlString as SQL commands. Useful to pass arguments to your sql. Set optional input `sansTran` to
True to run command without an explicit transaction commit or rollback.</doc>
<msg timestamp="20240229 11:03:00.642" level="INFO">Executing : Execute SQL String  |  INSERT INTO invoiceheader (invoicenumber, companyname, referencenumber, invoicedate, duedate, companycode, bankaccountnumber, amountexclvat, vat, totalamount, comment, InvoiceStatus_id) VALUES ('153143', 'Service Provider Oy', '1531439', '15.12.2022', '01.04.2021', '1234567-8', 'FI12 3456 7890 1234 56', 2700, 648, 3348, 'All ok', '0') </msg>
<status status="PASS" starttime="20240229 11:03:00.642" endtime="20240229 11:03:00.643"/>
</kw>
<kw name="Close Connection">
<kw name="Disconnect From Database" library="DatabaseLibrary">
<doc>Disconnects from the database.</doc>
<msg timestamp="20240229 11:03:00.644" level="INFO">Executing : Disconnect From Database</msg>
<status status="PASS" starttime="20240229 11:03:00.644" endtime="20240229 11:03:00.644"/>
</kw>
<status status="PASS" starttime="20240229 11:03:00.643" endtime="20240229 11:03:00.644"/>
</kw>
<status status="PASS" starttime="20240229 11:03:00.589" endtime="20240229 11:03:00.644"/>
</kw>
<status status="PASS" starttime="20240229 11:03:00.563" endtime="20240229 11:03:00.645"/>
</iter>
<status status="PASS" starttime="20240229 11:03:00.387" endtime="20240229 11:03:00.645"/>
</for>
<kw name="Insert Invoice Rows To DB">
<arg>@{rows[1:]}</arg>
<kw name="Make Connection">
<kw name="Connect To Database" library="DatabaseLibrary">
<arg>pymysql</arg>
<arg>${dbname}</arg>
<arg>${dbuser}</arg>
<arg>${dbpass}</arg>
<arg>${dbhost}</arg>
<arg>${dbport}</arg>
<doc>Loads the DB API 2.0 module given `dbapiModuleName` then uses it to
connect to the database using `dbName`, `dbUsername`, and `dbPassword`.</doc>
<msg timestamp="20240229 11:03:00.646" level="INFO">Connecting using : pymysql.connect(db=rpa_db, user=robocop, passwd=RPA.Password, host=localhost, port=3306, charset=None) </msg>
<status status="PASS" starttime="20240229 11:03:00.646" endtime="20240229 11:03:00.647"/>
</kw>
<status status="PASS" starttime="20240229 11:03:00.645" endtime="20240229 11:03:00.647"/>
</kw>
<for flavor="IN">
<var>${row}</var>
<value>@{rows}</value>
<iter>
<var name="${row}">Installation Services;5;h;60;24;72;372;143143;1</var>
<kw name="Split String" library="String">
<var>@{rowDetails}</var>
<arg>${row}</arg>
<arg>;</arg>
<doc>Splits the ``string`` using ``separator`` as a delimiter string.</doc>
<msg timestamp="20240229 11:03:00.648" level="INFO">@{rowDetails} = [ Installation Services | 5 | h | 60 | 24 | 72 | 372 | 143143 | 1 ]</msg>
<status status="PASS" starttime="20240229 11:03:00.648" endtime="20240229 11:03:00.648"/>
</kw>
<kw name="Catenate" library="BuiltIn">
<var>${query}</var>
<arg>SEPARATOR=</arg>
<arg>INSERT INTO invoicerow (invoicenumber, rownumber, description, quantity, unit, unitprice, vatpercent, vat, total) VALUES ('${rowDetails[7]}', '${rowDetails[8]}', '${rowDetails[0]}', ${rowDetails[1]}, '${rowDetails[2]}', ${rowDetails[3]}, ${rowDetails[4]}, ${rowDetails[5]}, ${rowDetails[6]})</arg>
<doc>Catenates the given items together and returns the resulted string.</doc>
<msg timestamp="20240229 11:03:00.651" level="INFO">${query} = INSERT INTO invoicerow (invoicenumber, rownumber, description, quantity, unit, unitprice, vatpercent, vat, total) VALUES ('143143', '1', 'Installation Services', 5, 'h', 60, 24, 72, 372)</msg>
<status status="PASS" starttime="20240229 11:03:00.648" endtime="20240229 11:03:00.651"/>
</kw>
<kw name="Execute Sql String" library="DatabaseLibrary">
<arg>${query}</arg>
<doc>Executes the sqlString as SQL commands. Useful to pass arguments to your sql. Set optional input `sansTran` to
True to run command without an explicit transaction commit or rollback.</doc>
<msg timestamp="20240229 11:03:00.651" level="INFO">Executing : Execute SQL String  |  INSERT INTO invoicerow (invoicenumber, rownumber, description, quantity, unit, unitprice, vatpercent, vat, total) VALUES ('143143', '1', 'Installation Services', 5, 'h', 60, 24, 72, 372) </msg>
<status status="PASS" starttime="20240229 11:03:00.651" endtime="20240229 11:03:00.652"/>
</kw>
<status status="PASS" starttime="20240229 11:03:00.648" endtime="20240229 11:03:00.653"/>
</iter>
<iter>
<var name="${row}">Replacement Products;10;kpl;105;24;252;1302;143143;2</var>
<kw name="Split String" library="String">
<var>@{rowDetails}</var>
<arg>${row}</arg>
<arg>;</arg>
<doc>Splits the ``string`` using ``separator`` as a delimiter string.</doc>
<msg timestamp="20240229 11:03:00.653" level="INFO">@{rowDetails} = [ Replacement Products | 10 | kpl | 105 | 24 | 252 | 1302 | 143143 | 2 ]</msg>
<status status="PASS" starttime="20240229 11:03:00.653" endtime="20240229 11:03:00.653"/>
</kw>
<kw name="Catenate" library="BuiltIn">
<var>${query}</var>
<arg>SEPARATOR=</arg>
<arg>INSERT INTO invoicerow (invoicenumber, rownumber, description, quantity, unit, unitprice, vatpercent, vat, total) VALUES ('${rowDetails[7]}', '${rowDetails[8]}', '${rowDetails[0]}', ${rowDetails[1]}, '${rowDetails[2]}', ${rowDetails[3]}, ${rowDetails[4]}, ${rowDetails[5]}, ${rowDetails[6]})</arg>
<doc>Catenates the given items together and returns the resulted string.</doc>
<msg timestamp="20240229 11:03:00.655" level="INFO">${query} = INSERT INTO invoicerow (invoicenumber, rownumber, description, quantity, unit, unitprice, vatpercent, vat, total) VALUES ('143143', '2', 'Replacement Products', 10, 'kpl', 105, 24, 252, 1302)</msg>
<status status="PASS" starttime="20240229 11:03:00.653" endtime="20240229 11:03:00.656"/>
</kw>
<kw name="Execute Sql String" library="DatabaseLibrary">
<arg>${query}</arg>
<doc>Executes the sqlString as SQL commands. Useful to pass arguments to your sql. Set optional input `sansTran` to
True to run command without an explicit transaction commit or rollback.</doc>
<msg timestamp="20240229 11:03:00.656" level="INFO">Executing : Execute SQL String  |  INSERT INTO invoicerow (invoicenumber, rownumber, description, quantity, unit, unitprice, vatpercent, vat, total) VALUES ('143143', '2', 'Replacement Products', 10, 'kpl', 105, 24, 252, 1302) </msg>
<status status="PASS" starttime="20240229 11:03:00.656" endtime="20240229 11:03:00.657"/>
</kw>
<status status="PASS" starttime="20240229 11:03:00.653" endtime="20240229 11:03:00.657"/>
</iter>
<iter>
<var name="${row}">Keyboard Logitech;10;kpl;40;24;96;496;1543235;1</var>
<kw name="Split String" library="String">
<var>@{rowDetails}</var>
<arg>${row}</arg>
<arg>;</arg>
<doc>Splits the ``string`` using ``separator`` as a delimiter string.</doc>
<msg timestamp="20240229 11:03:00.658" level="INFO">@{rowDetails} = [ Keyboard Logitech | 10 | kpl | 40 | 24 | 96 | 496 | 1543235 | 1 ]</msg>
<status status="PASS" starttime="20240229 11:03:00.657" endtime="20240229 11:03:00.658"/>
</kw>
<kw name="Catenate" library="BuiltIn">
<var>${query}</var>
<arg>SEPARATOR=</arg>
<arg>INSERT INTO invoicerow (invoicenumber, rownumber, description, quantity, unit, unitprice, vatpercent, vat, total) VALUES ('${rowDetails[7]}', '${rowDetails[8]}', '${rowDetails[0]}', ${rowDetails[1]}, '${rowDetails[2]}', ${rowDetails[3]}, ${rowDetails[4]}, ${rowDetails[5]}, ${rowDetails[6]})</arg>
<doc>Catenates the given items together and returns the resulted string.</doc>
<msg timestamp="20240229 11:03:00.660" level="INFO">${query} = INSERT INTO invoicerow (invoicenumber, rownumber, description, quantity, unit, unitprice, vatpercent, vat, total) VALUES ('1543235', '1', 'Keyboard Logitech', 10, 'kpl', 40, 24, 96, 496)</msg>
<status status="PASS" starttime="20240229 11:03:00.658" endtime="20240229 11:03:00.660"/>
</kw>
<kw name="Execute Sql String" library="DatabaseLibrary">
<arg>${query}</arg>
<doc>Executes the sqlString as SQL commands. Useful to pass arguments to your sql. Set optional input `sansTran` to
True to run command without an explicit transaction commit or rollback.</doc>
<msg timestamp="20240229 11:03:00.661" level="INFO">Executing : Execute SQL String  |  INSERT INTO invoicerow (invoicenumber, rownumber, description, quantity, unit, unitprice, vatpercent, vat, total) VALUES ('1543235', '1', 'Keyboard Logitech', 10, 'kpl', 40, 24, 96, 496) </msg>
<status status="PASS" starttime="20240229 11:03:00.661" endtime="20240229 11:03:00.662"/>
</kw>
<status status="PASS" starttime="20240229 11:03:00.657" endtime="20240229 11:03:00.662"/>
</iter>
<iter>
<var name="${row}">Brother printer;1;kpl;65;24;15.6;80.6;1543235;2</var>
<kw name="Split String" library="String">
<var>@{rowDetails}</var>
<arg>${row}</arg>
<arg>;</arg>
<doc>Splits the ``string`` using ``separator`` as a delimiter string.</doc>
<msg timestamp="20240229 11:03:00.662" level="INFO">@{rowDetails} = [ Brother printer | 1 | kpl | 65 | 24 | 15.6 | 80.6 | 1543235 | 2 ]</msg>
<status status="PASS" starttime="20240229 11:03:00.662" endtime="20240229 11:03:00.663"/>
</kw>
<kw name="Catenate" library="BuiltIn">
<var>${query}</var>
<arg>SEPARATOR=</arg>
<arg>INSERT INTO invoicerow (invoicenumber, rownumber, description, quantity, unit, unitprice, vatpercent, vat, total) VALUES ('${rowDetails[7]}', '${rowDetails[8]}', '${rowDetails[0]}', ${rowDetails[1]}, '${rowDetails[2]}', ${rowDetails[3]}, ${rowDetails[4]}, ${rowDetails[5]}, ${rowDetails[6]})</arg>
<doc>Catenates the given items together and returns the resulted string.</doc>
<msg timestamp="20240229 11:03:00.666" level="INFO">${query} = INSERT INTO invoicerow (invoicenumber, rownumber, description, quantity, unit, unitprice, vatpercent, vat, total) VALUES ('1543235', '2', 'Brother printer', 1, 'kpl', 65, 24, 15.6, 80.6)</msg>
<status status="PASS" starttime="20240229 11:03:00.663" endtime="20240229 11:03:00.666"/>
</kw>
<kw name="Execute Sql String" library="DatabaseLibrary">
<arg>${query}</arg>
<doc>Executes the sqlString as SQL commands. Useful to pass arguments to your sql. Set optional input `sansTran` to
True to run command without an explicit transaction commit or rollback.</doc>
<msg timestamp="20240229 11:03:00.666" level="INFO">Executing : Execute SQL String  |  INSERT INTO invoicerow (invoicenumber, rownumber, description, quantity, unit, unitprice, vatpercent, vat, total) VALUES ('1543235', '2', 'Brother printer', 1, 'kpl', 65, 24, 15.6, 80.6) </msg>
<status status="PASS" starttime="20240229 11:03:00.666" endtime="20240229 11:03:00.668"/>
</kw>
<status status="PASS" starttime="20240229 11:03:00.662" endtime="20240229 11:03:00.668"/>
</iter>
<iter>
<var name="${row}">Installation Services;5;h;60;24;72;372;153143;1</var>
<kw name="Split String" library="String">
<var>@{rowDetails}</var>
<arg>${row}</arg>
<arg>;</arg>
<doc>Splits the ``string`` using ``separator`` as a delimiter string.</doc>
<msg timestamp="20240229 11:03:00.668" level="INFO">@{rowDetails} = [ Installation Services | 5 | h | 60 | 24 | 72 | 372 | 153143 | 1 ]</msg>
<status status="PASS" starttime="20240229 11:03:00.668" endtime="20240229 11:03:00.668"/>
</kw>
<kw name="Catenate" library="BuiltIn">
<var>${query}</var>
<arg>SEPARATOR=</arg>
<arg>INSERT INTO invoicerow (invoicenumber, rownumber, description, quantity, unit, unitprice, vatpercent, vat, total) VALUES ('${rowDetails[7]}', '${rowDetails[8]}', '${rowDetails[0]}', ${rowDetails[1]}, '${rowDetails[2]}', ${rowDetails[3]}, ${rowDetails[4]}, ${rowDetails[5]}, ${rowDetails[6]})</arg>
<doc>Catenates the given items together and returns the resulted string.</doc>
<msg timestamp="20240229 11:03:00.671" level="INFO">${query} = INSERT INTO invoicerow (invoicenumber, rownumber, description, quantity, unit, unitprice, vatpercent, vat, total) VALUES ('153143', '1', 'Installation Services', 5, 'h', 60, 24, 72, 372)</msg>
<status status="PASS" starttime="20240229 11:03:00.668" endtime="20240229 11:03:00.671"/>
</kw>
<kw name="Execute Sql String" library="DatabaseLibrary">
<arg>${query}</arg>
<doc>Executes the sqlString as SQL commands. Useful to pass arguments to your sql. Set optional input `sansTran` to
True to run command without an explicit transaction commit or rollback.</doc>
<msg timestamp="20240229 11:03:00.671" level="INFO">Executing : Execute SQL String  |  INSERT INTO invoicerow (invoicenumber, rownumber, description, quantity, unit, unitprice, vatpercent, vat, total) VALUES ('153143', '1', 'Installation Services', 5, 'h', 60, 24, 72, 372) </msg>
<status status="PASS" starttime="20240229 11:03:00.671" endtime="20240229 11:03:00.672"/>
</kw>
<status status="PASS" starttime="20240229 11:03:00.668" endtime="20240229 11:03:00.673"/>
</iter>
<iter>
<var name="${row}">Replacement Products;10;kpl;105;24;252;1302;153143;2</var>
<kw name="Split String" library="String">
<var>@{rowDetails}</var>
<arg>${row}</arg>
<arg>;</arg>
<doc>Splits the ``string`` using ``separator`` as a delimiter string.</doc>
<msg timestamp="20240229 11:03:00.673" level="INFO">@{rowDetails} = [ Replacement Products | 10 | kpl | 105 | 24 | 252 | 1302 | 153143 | 2 ]</msg>
<status status="PASS" starttime="20240229 11:03:00.673" endtime="20240229 11:03:00.673"/>
</kw>
<kw name="Catenate" library="BuiltIn">
<var>${query}</var>
<arg>SEPARATOR=</arg>
<arg>INSERT INTO invoicerow (invoicenumber, rownumber, description, quantity, unit, unitprice, vatpercent, vat, total) VALUES ('${rowDetails[7]}', '${rowDetails[8]}', '${rowDetails[0]}', ${rowDetails[1]}, '${rowDetails[2]}', ${rowDetails[3]}, ${rowDetails[4]}, ${rowDetails[5]}, ${rowDetails[6]})</arg>
<doc>Catenates the given items together and returns the resulted string.</doc>
<msg timestamp="20240229 11:03:00.676" level="INFO">${query} = INSERT INTO invoicerow (invoicenumber, rownumber, description, quantity, unit, unitprice, vatpercent, vat, total) VALUES ('153143', '2', 'Replacement Products', 10, 'kpl', 105, 24, 252, 1302)</msg>
<status status="PASS" starttime="20240229 11:03:00.673" endtime="20240229 11:03:00.676"/>
</kw>
<kw name="Execute Sql String" library="DatabaseLibrary">
<arg>${query}</arg>
<doc>Executes the sqlString as SQL commands. Useful to pass arguments to your sql. Set optional input `sansTran` to
True to run command without an explicit transaction commit or rollback.</doc>
<msg timestamp="20240229 11:03:00.676" level="INFO">Executing : Execute SQL String  |  INSERT INTO invoicerow (invoicenumber, rownumber, description, quantity, unit, unitprice, vatpercent, vat, total) VALUES ('153143', '2', 'Replacement Products', 10, 'kpl', 105, 24, 252, 1302) </msg>
<status status="PASS" starttime="20240229 11:03:00.676" endtime="20240229 11:03:00.677"/>
</kw>
<status status="PASS" starttime="20240229 11:03:00.673" endtime="20240229 11:03:00.677"/>
</iter>
<iter>
<var name="${row}">Cleaning Services;5;h;60;24;72;372;153143;3</var>
<kw name="Split String" library="String">
<var>@{rowDetails}</var>
<arg>${row}</arg>
<arg>;</arg>
<doc>Splits the ``string`` using ``separator`` as a delimiter string.</doc>
<msg timestamp="20240229 11:03:00.677" level="INFO">@{rowDetails} = [ Cleaning Services | 5 | h | 60 | 24 | 72 | 372 | 153143 | 3 ]</msg>
<status status="PASS" starttime="20240229 11:03:00.677" endtime="20240229 11:03:00.677"/>
</kw>
<kw name="Catenate" library="BuiltIn">
<var>${query}</var>
<arg>SEPARATOR=</arg>
<arg>INSERT INTO invoicerow (invoicenumber, rownumber, description, quantity, unit, unitprice, vatpercent, vat, total) VALUES ('${rowDetails[7]}', '${rowDetails[8]}', '${rowDetails[0]}', ${rowDetails[1]}, '${rowDetails[2]}', ${rowDetails[3]}, ${rowDetails[4]}, ${rowDetails[5]}, ${rowDetails[6]})</arg>
<doc>Catenates the given items together and returns the resulted string.</doc>
<msg timestamp="20240229 11:03:00.680" level="INFO">${query} = INSERT INTO invoicerow (invoicenumber, rownumber, description, quantity, unit, unitprice, vatpercent, vat, total) VALUES ('153143', '3', 'Cleaning Services', 5, 'h', 60, 24, 72, 372)</msg>
<status status="PASS" starttime="20240229 11:03:00.678" endtime="20240229 11:03:00.680"/>
</kw>
<kw name="Execute Sql String" library="DatabaseLibrary">
<arg>${query}</arg>
<doc>Executes the sqlString as SQL commands. Useful to pass arguments to your sql. Set optional input `sansTran` to
True to run command without an explicit transaction commit or rollback.</doc>
<msg timestamp="20240229 11:03:00.681" level="INFO">Executing : Execute SQL String  |  INSERT INTO invoicerow (invoicenumber, rownumber, description, quantity, unit, unitprice, vatpercent, vat, total) VALUES ('153143', '3', 'Cleaning Services', 5, 'h', 60, 24, 72, 372) </msg>
<status status="PASS" starttime="20240229 11:03:00.680" endtime="20240229 11:03:00.682"/>
</kw>
<status status="PASS" starttime="20240229 11:03:00.677" endtime="20240229 11:03:00.682"/>
</iter>
<iter>
<var name="${row}">Cleaning Wipes;10;kpl;105;24;252;1302;153143;4</var>
<kw name="Split String" library="String">
<var>@{rowDetails}</var>
<arg>${row}</arg>
<arg>;</arg>
<doc>Splits the ``string`` using ``separator`` as a delimiter string.</doc>
<msg timestamp="20240229 11:03:00.682" level="INFO">@{rowDetails} = [ Cleaning Wipes | 10 | kpl | 105 | 24 | 252 | 1302 | 153143 | 4 ]</msg>
<status status="PASS" starttime="20240229 11:03:00.682" endtime="20240229 11:03:00.682"/>
</kw>
<kw name="Catenate" library="BuiltIn">
<var>${query}</var>
<arg>SEPARATOR=</arg>
<arg>INSERT INTO invoicerow (invoicenumber, rownumber, description, quantity, unit, unitprice, vatpercent, vat, total) VALUES ('${rowDetails[7]}', '${rowDetails[8]}', '${rowDetails[0]}', ${rowDetails[1]}, '${rowDetails[2]}', ${rowDetails[3]}, ${rowDetails[4]}, ${rowDetails[5]}, ${rowDetails[6]})</arg>
<doc>Catenates the given items together and returns the resulted string.</doc>
<msg timestamp="20240229 11:03:00.687" level="INFO">${query} = INSERT INTO invoicerow (invoicenumber, rownumber, description, quantity, unit, unitprice, vatpercent, vat, total) VALUES ('153143', '4', 'Cleaning Wipes', 10, 'kpl', 105, 24, 252, 1302)</msg>
<status status="PASS" starttime="20240229 11:03:00.683" endtime="20240229 11:03:00.687"/>
</kw>
<kw name="Execute Sql String" library="DatabaseLibrary">
<arg>${query}</arg>
<doc>Executes the sqlString as SQL commands. Useful to pass arguments to your sql. Set optional input `sansTran` to
True to run command without an explicit transaction commit or rollback.</doc>
<msg timestamp="20240229 11:03:00.687" level="INFO">Executing : Execute SQL String  |  INSERT INTO invoicerow (invoicenumber, rownumber, description, quantity, unit, unitprice, vatpercent, vat, total) VALUES ('153143', '4', 'Cleaning Wipes', 10, 'kpl', 105, 24, 252, 1302) </msg>
<status status="PASS" starttime="20240229 11:03:00.687" endtime="20240229 11:03:00.688"/>
</kw>
<status status="PASS" starttime="20240229 11:03:00.682" endtime="20240229 11:03:00.688"/>
</iter>
<status status="PASS" starttime="20240229 11:03:00.648" endtime="20240229 11:03:00.689"/>
</for>
<kw name="Close Connection">
<kw name="Disconnect From Database" library="DatabaseLibrary">
<doc>Disconnects from the database.</doc>
<msg timestamp="20240229 11:03:00.689" level="INFO">Executing : Disconnect From Database</msg>
<status status="PASS" starttime="20240229 11:03:00.689" endtime="20240229 11:03:00.690"/>
</kw>
<status status="PASS" starttime="20240229 11:03:00.689" endtime="20240229 11:03:00.690"/>
</kw>
<status status="PASS" starttime="20240229 11:03:00.645" endtime="20240229 11:03:00.690"/>
</kw>
<doc>Process invoice data by inserting header and row information into the database</doc>
<status status="PASS" starttime="20240229 11:03:00.381" endtime="20240229 11:03:00.700"/>
</test>
<status status="PASS" starttime="20240229 11:03:00.263" endtime="20240229 11:03:00.709"/>
</suite>
<statistics>
<total>
<stat pass="2" fail="0" skip="0">All Tests</stat>
</total>
<tag>
</tag>
<suite>
<stat pass="2" fail="0" skip="0" id="s1" name="Rpa">Rpa</stat>
</suite>
</statistics>
<errors>
</errors>
</robot>
