<?xml version="1.0" encoding="UTF-8"?>
<robot generator="Robot 6.1.1 (Python 3.12.0 on win32)" generated="20240227 08:13:39.732" rpa="false" schemaversion="4">
<suite id="s1" name="Rpa Project3" source="c:\Users\ELSAMA\OneDrive\Desktop\Invoice-Automation\rpa_project3.robot">
<test id="s1-t1" name="Read CSV file to list" line="133">
<kw name="Get File" library="OperatingSystem">
<var>${outputHeader}</var>
<arg>InvoiceHeaderData.csv</arg>
<doc>Returns the contents of a specified file.</doc>
<msg timestamp="20240227 08:13:39.798" level="INFO" html="true">Getting file '&lt;a href="file://C:\Users\ELSAMA\OneDrive\Desktop\Invoice-Automation\InvoiceHeaderData.csv"&gt;C:\Users\ELSAMA\OneDrive\Desktop\Invoice-Automation\InvoiceHeaderData.csv&lt;/a&gt;'.</msg>
<msg timestamp="20240227 08:13:39.805" level="INFO">${outputHeader} = ﻿InvoiceNumber;CompanyName;ReferenceNumber;InvoiceDate;DueDate;CompanyCode;BankAccountNumber;AmountExclVAT;VATAmount;TotalAmount
143143;Service Provider Oy;1431432;15.12.2022;07.04.2021;1234567-8;FI12...</msg>
<status status="PASS" starttime="20240227 08:13:39.798" endtime="20240227 08:13:39.805"/>
</kw>
<kw name="Get File" library="OperatingSystem">
<var>${outputRows}</var>
<arg>InvoiceRowData.csv</arg>
<doc>Returns the contents of a specified file.</doc>
<msg timestamp="20240227 08:13:39.805" level="INFO" html="true">Getting file '&lt;a href="file://C:\Users\ELSAMA\OneDrive\Desktop\Invoice-Automation\InvoiceRowData.csv"&gt;C:\Users\ELSAMA\OneDrive\Desktop\Invoice-Automation\InvoiceRowData.csv&lt;/a&gt;'.</msg>
<msg timestamp="20240227 08:13:39.822" level="INFO">${outputRows} = ﻿Description;Quantity;Unit;UnitPrice;VATPercent;VAT;Total;InvoiceNumber;RowNumber
Installation Services;5;h;60;24;72;372;143143;1
Replacement Products;10;kpl;105;24;252;1302;143143;2
Keyboard Logitech...</msg>
<status status="PASS" starttime="20240227 08:13:39.805" endtime="20240227 08:13:39.822"/>
</kw>
<kw name="Log" library="BuiltIn">
<arg>${outputHeader}</arg>
<doc>Logs the given message with the given level.</doc>
<msg timestamp="20240227 08:13:39.825" level="INFO">﻿InvoiceNumber;CompanyName;ReferenceNumber;InvoiceDate;DueDate;CompanyCode;BankAccountNumber;AmountExclVAT;VATAmount;TotalAmount
143143;Service Provider Oy;1431432;15.12.2022;07.04.2021;1234567-8;FI12 3456 7890 1234 56;1350;324;1674
1543235;Component Oy;15432359;01.10.2022;15.10.2022;1234567-9;FI05 1234 5600 7891 01;465;111.6;576.6
153143;Service Provider Oy;1531439;15.12.2022;01.04.2021;1234567-8;FI12 3456 7890 1234 56;2700;648;3348
</msg>
<status status="PASS" starttime="20240227 08:13:39.825" endtime="20240227 08:13:39.826"/>
</kw>
<kw name="Log" library="BuiltIn">
<arg>${outputRows}</arg>
<doc>Logs the given message with the given level.</doc>
<msg timestamp="20240227 08:13:39.826" level="INFO">﻿Description;Quantity;Unit;UnitPrice;VATPercent;VAT;Total;InvoiceNumber;RowNumber
Installation Services;5;h;60;24;72;372;143143;1
Replacement Products;10;kpl;105;24;252;1302;143143;2
Keyboard Logitech;10;kpl;40;24;96;496;1543235;1
Brother printer;1;kpl;65;24;15.6;80.6;1543235;2
Installation Services;5;h;60;24;72;372;153143;1
Replacement Products;10;kpl;105;24;252;1302;153143;2
Cleaning Services;5;h;60;24;72;372;153143;3
Cleaning Wipes;10;kpl;105;24;252;1302;153143;4
</msg>
<status status="PASS" starttime="20240227 08:13:39.826" endtime="20240227 08:13:39.826"/>
</kw>
<kw name="Split String" library="String">
<var>@{headers}</var>
<arg>${outputHeader}</arg>
<arg>\n</arg>
<doc>Splits the ``string`` using ``separator`` as a delimiter string.</doc>
<msg timestamp="20240227 08:13:39.828" level="INFO">@{headers} = [ ﻿InvoiceNumber;CompanyName;ReferenceNumber;InvoiceDate;DueDate;CompanyCode;BankAccountNumber;AmountExclVAT;VATAmount;TotalAmount | 143143;Service Provider Oy;1431432;15.12.2022;07.04.2021;1234567-8;...</msg>
<status status="PASS" starttime="20240227 08:13:39.828" endtime="20240227 08:13:39.828"/>
</kw>
<kw name="Split String" library="String">
<var>@{rows}</var>
<arg>${outputRows}</arg>
<arg>\n</arg>
<doc>Splits the ``string`` using ``separator`` as a delimiter string.</doc>
<msg timestamp="20240227 08:13:39.828" level="INFO">@{rows} = [ ﻿Description;Quantity;Unit;UnitPrice;VATPercent;VAT;Total;InvoiceNumber;RowNumber | Installation Services;5;h;60;24;72;372;143143;1 | Replacement Products;10;kpl;105;24;252;1302;143143;2 | Keyboard ...</msg>
<status status="PASS" starttime="20240227 08:13:39.828" endtime="20240227 08:13:39.828"/>
</kw>
<kw name="Get Length" library="BuiltIn">
<var>${length}</var>
<arg>${headers}</arg>
<doc>Returns and logs the length of the given item as an integer.</doc>
<msg timestamp="20240227 08:13:39.830" level="INFO">Length is 5</msg>
<msg timestamp="20240227 08:13:39.831" level="INFO">${length} = 5</msg>
<status status="PASS" starttime="20240227 08:13:39.830" endtime="20240227 08:13:39.831"/>
</kw>
<kw name="Evaluate" library="BuiltIn">
<var>${length}</var>
<arg>${length}-1</arg>
<doc>Evaluates the given expression in Python and returns the result.</doc>
<msg timestamp="20240227 08:13:39.832" level="INFO">${length} = 4</msg>
<status status="PASS" starttime="20240227 08:13:39.832" endtime="20240227 08:13:39.832"/>
</kw>
<kw name="Convert To Integer" library="BuiltIn">
<var>${index}</var>
<arg>0</arg>
<doc>Converts the given item to an integer number.</doc>
<msg timestamp="20240227 08:13:39.834" level="INFO">${index} = 0</msg>
<status status="PASS" starttime="20240227 08:13:39.834" endtime="20240227 08:13:39.834"/>
</kw>
<kw name="Remove From List" library="Collections">
<arg>${headers}</arg>
<arg>${length}</arg>
<doc>Removes and returns the value specified with an ``index`` from ``list``.</doc>
<status status="PASS" starttime="20240227 08:13:39.835" endtime="20240227 08:13:39.835"/>
</kw>
<kw name="Remove From List" library="Collections">
<arg>${headers}</arg>
<arg>${index}</arg>
<doc>Removes and returns the value specified with an ``index`` from ``list``.</doc>
<status status="PASS" starttime="20240227 08:13:39.836" endtime="20240227 08:13:39.836"/>
</kw>
<kw name="Get Length" library="BuiltIn">
<var>${length}</var>
<arg>${rows}</arg>
<doc>Returns and logs the length of the given item as an integer.</doc>
<msg timestamp="20240227 08:13:39.837" level="INFO">Length is 10</msg>
<msg timestamp="20240227 08:13:39.837" level="INFO">${length} = 10</msg>
<status status="PASS" starttime="20240227 08:13:39.837" endtime="20240227 08:13:39.837"/>
</kw>
<kw name="Evaluate" library="BuiltIn">
<var>${length}</var>
<arg>${length}-1</arg>
<doc>Evaluates the given expression in Python and returns the result.</doc>
<msg timestamp="20240227 08:13:39.837" level="INFO">${length} = 9</msg>
<status status="PASS" starttime="20240227 08:13:39.837" endtime="20240227 08:13:39.837"/>
</kw>
<kw name="Remove From List" library="Collections">
<arg>${rows}</arg>
<arg>${length}</arg>
<doc>Removes and returns the value specified with an ``index`` from ``list``.</doc>
<status status="PASS" starttime="20240227 08:13:39.839" endtime="20240227 08:13:39.839"/>
</kw>
<kw name="Remove From List" library="Collections">
<arg>${rows}</arg>
<arg>${index}</arg>
<doc>Removes and returns the value specified with an ``index`` from ``list``.</doc>
<status status="PASS" starttime="20240227 08:13:39.840" endtime="20240227 08:13:39.840"/>
</kw>
<kw name="Set Global Variable" library="BuiltIn">
<arg>${headers}</arg>
<doc>Makes a variable available globally in all tests and suites.</doc>
<msg timestamp="20240227 08:13:39.841" level="INFO">${headers} = ['143143;Service Provider Oy;1431432;15.12.2022;07.04.2021;1234567-8;FI12 3456 7890 1234 56;1350;324;1674', '1543235;Component Oy;15432359;01.10.2022;15.10.2022;1234567-9;FI05 1234 5600 7891 01;465;11...</msg>
<status status="PASS" starttime="20240227 08:13:39.841" endtime="20240227 08:13:39.841"/>
</kw>
<kw name="Set Global Variable" library="BuiltIn">
<arg>${rows}</arg>
<doc>Makes a variable available globally in all tests and suites.</doc>
<msg timestamp="20240227 08:13:39.841" level="INFO">${rows} = ['Installation Services;5;h;60;24;72;372;143143;1', 'Replacement Products;10;kpl;105;24;252;1302;143143;2', 'Keyboard Logitech;10;kpl;40;24;96;496;1543235;1', 'Brother printer;1;kpl;65;24;15.6;80.6;15...</msg>
<status status="PASS" starttime="20240227 08:13:39.841" endtime="20240227 08:13:39.841"/>
</kw>
<status status="PASS" starttime="20240227 08:13:39.796" endtime="20240227 08:13:39.841"/>
</test>
<test id="s1-t2" name="Test Make Connection Keyword" line="163">
<kw name="Make Connection">
<arg>${dbname}</arg>
<kw name="Connect To Database">
<arg>pymysql</arg>
<arg>${dbname}</arg>
<arg>${dbuser}</arg>
<arg>${dbpass}</arg>
<arg>${dbhost}</arg>
<arg>${dbport}</arg>
<msg timestamp="20240227 08:13:39.841" level="FAIL">No keyword with name 'Connect To Database' found.</msg>
<status status="FAIL" starttime="20240227 08:13:39.841" endtime="20240227 08:13:39.847"/>
</kw>
<status status="FAIL" starttime="20240227 08:13:39.841" endtime="20240227 08:13:39.847"/>
</kw>
<kw name="Query">
<var>${query_result}</var>
<arg>SELECT VERSION()</arg>
<status status="NOT RUN" starttime="20240227 08:13:39.850" endtime="20240227 08:13:39.850"/>
</kw>
<kw name="Log To Console" library="BuiltIn">
<arg>Query executed. Result: ${query_result}</arg>
<doc>Logs the given message to the console.</doc>
<status status="NOT RUN" starttime="20240227 08:13:39.852" endtime="20240227 08:13:39.852"/>
</kw>
<kw name="Disconnect From Database">
<status status="NOT RUN" starttime="20240227 08:13:39.854" endtime="20240227 08:13:39.855"/>
</kw>
<status status="FAIL" starttime="20240227 08:13:39.841" endtime="20240227 08:13:39.856">No keyword with name 'Connect To Database' found.</status>
</test>
<test id="s1-t3" name="Loop all invoicerows" line="169">
<for flavor="IN">
<var>${element}</var>
<value>@{rows}</value>
<iter>
<var name="${element}">Installation Services;5;h;60;24;72;372;143143;1</var>
<kw name="Log" library="BuiltIn">
<arg>${element}</arg>
<doc>Logs the given message with the given level.</doc>
<msg timestamp="20240227 08:13:39.858" level="INFO">Installation Services;5;h;60;24;72;372;143143;1</msg>
<status status="PASS" starttime="20240227 08:13:39.858" endtime="20240227 08:13:39.858"/>
</kw>
<kw name="Split String" library="String">
<var>@{items}</var>
<arg>${element}</arg>
<arg>;</arg>
<doc>Splits the ``string`` using ``separator`` as a delimiter string.</doc>
<msg timestamp="20240227 08:13:39.858" level="INFO">@{items} = [ Installation Services | 5 | h | 60 | 24 | 72 | 372 | 143143 | 1 ]</msg>
<status status="PASS" starttime="20240227 08:13:39.858" endtime="20240227 08:13:39.858"/>
</kw>
<kw name="Set Variable" library="BuiltIn">
<var>${rowInvoiceNumber}</var>
<arg>${items}[7]</arg>
<doc>Returns the given values which can then be assigned to a variables.</doc>
<msg timestamp="20240227 08:13:39.858" level="INFO">${rowInvoiceNumber} = 143143</msg>
<status status="PASS" starttime="20240227 08:13:39.858" endtime="20240227 08:13:39.858"/>
</kw>
<kw name="Log" library="BuiltIn">
<arg>${rowInvoiceNumber}</arg>
<doc>Logs the given message with the given level.</doc>
<msg timestamp="20240227 08:13:39.858" level="INFO">143143</msg>
<status status="PASS" starttime="20240227 08:13:39.858" endtime="20240227 08:13:39.858"/>
</kw>
<kw name="Log" library="BuiltIn">
<arg>${InvoiceNumber}</arg>
<doc>Logs the given message with the given level.</doc>
<msg timestamp="20240227 08:13:39.858" level="INFO">empty</msg>
<status status="PASS" starttime="20240227 08:13:39.858" endtime="20240227 08:13:39.858"/>
</kw>
<if>
<branch type="IF" condition="'${rowInvoiceNumber}' == '${InvoiceNumber}'">
<kw name="Log" library="BuiltIn">
<arg>Lisätään rivejä laskulle</arg>
<doc>Logs the given message with the given level.</doc>
<status status="NOT RUN" starttime="20240227 08:13:39.858" endtime="20240227 08:13:39.858"/>
</kw>
<kw name="Add Row Data to List">
<arg>${items}</arg>
<status status="NOT RUN" starttime="20240227 08:13:39.858" endtime="20240227 08:13:39.858"/>
</kw>
<status status="NOT RUN" starttime="20240227 08:13:39.858" endtime="20240227 08:13:39.858"/>
</branch>
<branch type="ELSE">
<kw name="Log" library="BuiltIn">
<arg>Pitää tutkia onko tietokantalistassa jo rivejä</arg>
<doc>Logs the given message with the given level.</doc>
<msg timestamp="20240227 08:13:39.858" level="INFO">Pitää tutkia onko tietokantalistassa jo rivejä</msg>
<status status="PASS" starttime="20240227 08:13:39.858" endtime="20240227 08:13:39.858"/>
</kw>
<kw name="Get Length" library="BuiltIn">
<var>${length}</var>
<arg>${ListToDB}</arg>
<doc>Returns and logs the length of the given item as an integer.</doc>
<msg timestamp="20240227 08:13:39.863" level="INFO">Length is 0</msg>
<msg timestamp="20240227 08:13:39.863" level="INFO">${length} = 0</msg>
<status status="PASS" starttime="20240227 08:13:39.858" endtime="20240227 08:13:39.863"/>
</kw>
<if>
<branch type="IF" condition="${length} == ${0}">
<kw name="Log" library="BuiltIn">
<arg>Ensimmäisen laskun tapaus</arg>
<doc>Logs the given message with the given level.</doc>
<msg timestamp="20240227 08:13:39.863" level="INFO">Ensimmäisen laskun tapaus</msg>
<status status="PASS" starttime="20240227 08:13:39.863" endtime="20240227 08:13:39.863"/>
</kw>
<kw name="Set Variable" library="BuiltIn">
<var>${InvoiceNumber}</var>
<arg>${rowInvoiceNumber}</arg>
<doc>Returns the given values which can then be assigned to a variables.</doc>
<msg timestamp="20240227 08:13:39.864" level="INFO">${InvoiceNumber} = 143143</msg>
<status status="PASS" starttime="20240227 08:13:39.863" endtime="20240227 08:13:39.864"/>
</kw>
<kw name="Set Global Variable" library="BuiltIn">
<arg>${InvoiceNumber}</arg>
<doc>Makes a variable available globally in all tests and suites.</doc>
<msg timestamp="20240227 08:13:39.864" level="INFO">${InvoiceNumber} = 143143</msg>
<status status="PASS" starttime="20240227 08:13:39.864" endtime="20240227 08:13:39.864"/>
</kw>
<kw name="Add Row Data to List">
<arg>${items}</arg>
<kw name="Create List" library="BuiltIn">
<var>@{AddInvoiceRowData}</var>
<doc>Returns a list containing given items.</doc>
<msg timestamp="20240227 08:13:39.864" level="INFO">@{AddInvoiceRowData} = [ ]</msg>
<status status="PASS" starttime="20240227 08:13:39.864" endtime="20240227 08:13:39.864"/>
</kw>
<kw name="Append To List" library="Collections">
<arg>${AddInvoiceRowData}</arg>
<arg>${InvoiceNumber}</arg>
<doc>Adds ``values`` to the end of ``list``.</doc>
<status status="PASS" starttime="20240227 08:13:39.864" endtime="20240227 08:13:39.864"/>
</kw>
<kw name="Append To List" library="Collections">
<arg>${AddInvoiceRowData}</arg>
<arg>${items}[8]</arg>
<doc>Adds ``values`` to the end of ``list``.</doc>
<status status="PASS" starttime="20240227 08:13:39.864" endtime="20240227 08:13:39.864"/>
</kw>
<kw name="Append To List" library="Collections">
<arg>${AddInvoiceRowData}</arg>
<arg>${items}[0]</arg>
<doc>Adds ``values`` to the end of ``list``.</doc>
<status status="PASS" starttime="20240227 08:13:39.864" endtime="20240227 08:13:39.864"/>
</kw>
<kw name="Append To List" library="Collections">
<arg>${AddInvoiceRowData}</arg>
<arg>${items}[1]</arg>
<doc>Adds ``values`` to the end of ``list``.</doc>
<status status="PASS" starttime="20240227 08:13:39.864" endtime="20240227 08:13:39.864"/>
</kw>
<kw name="Append To List" library="Collections">
<arg>${AddInvoiceRowData}</arg>
<arg>${items}[2]</arg>
<doc>Adds ``values`` to the end of ``list``.</doc>
<status status="PASS" starttime="20240227 08:13:39.864" endtime="20240227 08:13:39.864"/>
</kw>
<kw name="Append To List" library="Collections">
<arg>${AddInvoiceRowData}</arg>
<arg>${items}[3]</arg>
<doc>Adds ``values`` to the end of ``list``.</doc>
<status status="PASS" starttime="20240227 08:13:39.864" endtime="20240227 08:13:39.868"/>
</kw>
<kw name="Append To List" library="Collections">
<arg>${AddInvoiceRowData}</arg>
<arg>${items}[4]</arg>
<doc>Adds ``values`` to the end of ``list``.</doc>
<status status="PASS" starttime="20240227 08:13:39.868" endtime="20240227 08:13:39.869"/>
</kw>
<kw name="Append To List" library="Collections">
<arg>${AddInvoiceRowData}</arg>
<arg>${items}[5]</arg>
<doc>Adds ``values`` to the end of ``list``.</doc>
<status status="PASS" starttime="20240227 08:13:39.869" endtime="20240227 08:13:39.869"/>
</kw>
<kw name="Append To List" library="Collections">
<arg>${AddInvoiceRowData}</arg>
<arg>${items}[6]</arg>
<doc>Adds ``values`` to the end of ``list``.</doc>
<status status="PASS" starttime="20240227 08:13:39.869" endtime="20240227 08:13:39.869"/>
</kw>
<kw name="Append To List" library="Collections">
<arg>${ListToDB}</arg>
<arg>${AddInvoiceRowData}</arg>
<doc>Adds ``values`` to the end of ``list``.</doc>
<status status="PASS" starttime="20240227 08:13:39.869" endtime="20240227 08:13:39.871"/>
</kw>
<status status="PASS" starttime="20240227 08:13:39.864" endtime="20240227 08:13:39.871"/>
</kw>
<status status="PASS" starttime="20240227 08:13:39.863" endtime="20240227 08:13:39.871"/>
</branch>
<branch type="ELSE">
<kw name="Log" library="BuiltIn">
<arg>Lasku vaihtuu, pitää käsitellä myös otsikkodata</arg>
<doc>Logs the given message with the given level.</doc>
<status status="NOT RUN" starttime="20240227 08:13:39.871" endtime="20240227 08:13:39.871"/>
</kw>
<for flavor="IN">
<var>${headerElement}</var>
<value>@{headers}</value>
<iter>
<var name="${headerElement}"/>
<kw name="Split String" library="String">
<var>${headerItems}</var>
<arg>${headerElement}</arg>
<arg>;</arg>
<doc>Splits the ``string`` using ``separator`` as a delimiter string.</doc>
<status status="NOT RUN" starttime="20240227 08:13:39.871" endtime="20240227 08:13:39.871"/>
</kw>
<if>
<branch type="IF" condition="'${headerItems}[0]' == '${InvoiceNumber}'">
<kw name="Log" library="BuiltIn">
<arg>Lasku löytyi</arg>
<doc>Logs the given message with the given level.</doc>
<status status="NOT RUN" starttime="20240227 08:13:39.871" endtime="20240227 08:13:39.872"/>
</kw>
<kw name="Add Invoice Header To DB">
<arg>${headerItems}</arg>
<arg>${ListToDB}</arg>
<status status="NOT RUN" starttime="20240227 08:13:39.872" endtime="20240227 08:13:39.872"/>
</kw>
<for flavor="IN">
<var>${rowElement}</var>
<value>@{ListToDB}</value>
<iter>
<var name="${rowElement}"/>
<kw name="Add Invoice Row To DB">
<arg>${rowElement}</arg>
<status status="NOT RUN" starttime="20240227 08:13:39.872" endtime="20240227 08:13:39.872"/>
</kw>
<status status="NOT RUN" starttime="20240227 08:13:39.872" endtime="20240227 08:13:39.872"/>
</iter>
<status status="NOT RUN" starttime="20240227 08:13:39.872" endtime="20240227 08:13:39.872"/>
</for>
<status status="NOT RUN" starttime="20240227 08:13:39.871" endtime="20240227 08:13:39.873"/>
</branch>
<status status="NOT RUN" starttime="20240227 08:13:39.871" endtime="20240227 08:13:39.873"/>
</if>
<status status="NOT RUN" starttime="20240227 08:13:39.871" endtime="20240227 08:13:39.873"/>
</iter>
<status status="NOT RUN" starttime="20240227 08:13:39.871" endtime="20240227 08:13:39.873"/>
</for>
<kw name="Create List" library="BuiltIn">
<var>@{ListToDB}</var>
<doc>Returns a list containing given items.</doc>
<status status="NOT RUN" starttime="20240227 08:13:39.873" endtime="20240227 08:13:39.873"/>
</kw>
<kw name="Set Global Variable" library="BuiltIn">
<arg>${ListToDB}</arg>
<doc>Makes a variable available globally in all tests and suites.</doc>
<status status="NOT RUN" starttime="20240227 08:13:39.873" endtime="20240227 08:13:39.873"/>
</kw>
<kw name="Set Variable" library="BuiltIn">
<var>${InvoiceNumber}</var>
<arg>${rowInvoiceNumber}</arg>
<doc>Returns the given values which can then be assigned to a variables.</doc>
<status status="NOT RUN" starttime="20240227 08:13:39.873" endtime="20240227 08:13:39.873"/>
</kw>
<kw name="Set Global Variable" library="BuiltIn">
<arg>${InvoiceNumber}</arg>
<doc>Makes a variable available globally in all tests and suites.</doc>
<status status="NOT RUN" starttime="20240227 08:13:39.873" endtime="20240227 08:13:39.873"/>
</kw>
<kw name="Add Row Data to List">
<arg>${items}</arg>
<status status="NOT RUN" starttime="20240227 08:13:39.873" endtime="20240227 08:13:39.873"/>
</kw>
<status status="NOT RUN" starttime="20240227 08:13:39.871" endtime="20240227 08:13:39.873"/>
</branch>
<status status="PASS" starttime="20240227 08:13:39.863" endtime="20240227 08:13:39.873"/>
</if>
<status status="PASS" starttime="20240227 08:13:39.858" endtime="20240227 08:13:39.873"/>
</branch>
<status status="PASS" starttime="20240227 08:13:39.858" endtime="20240227 08:13:39.873"/>
</if>
<status status="PASS" starttime="20240227 08:13:39.858" endtime="20240227 08:13:39.873"/>
</iter>
<iter>
<var name="${element}">Replacement Products;10;kpl;105;24;252;1302;143143;2</var>
<kw name="Log" library="BuiltIn">
<arg>${element}</arg>
<doc>Logs the given message with the given level.</doc>
<msg timestamp="20240227 08:13:39.875" level="INFO">Replacement Products;10;kpl;105;24;252;1302;143143;2</msg>
<status status="PASS" starttime="20240227 08:13:39.873" endtime="20240227 08:13:39.875"/>
</kw>
<kw name="Split String" library="String">
<var>@{items}</var>
<arg>${element}</arg>
<arg>;</arg>
<doc>Splits the ``string`` using ``separator`` as a delimiter string.</doc>
<msg timestamp="20240227 08:13:39.875" level="INFO">@{items} = [ Replacement Products | 10 | kpl | 105 | 24 | 252 | 1302 | 143143 | 2 ]</msg>
<status status="PASS" starttime="20240227 08:13:39.875" endtime="20240227 08:13:39.875"/>
</kw>
<kw name="Set Variable" library="BuiltIn">
<var>${rowInvoiceNumber}</var>
<arg>${items}[7]</arg>
<doc>Returns the given values which can then be assigned to a variables.</doc>
<msg timestamp="20240227 08:13:39.875" level="INFO">${rowInvoiceNumber} = 143143</msg>
<status status="PASS" starttime="20240227 08:13:39.875" endtime="20240227 08:13:39.875"/>
</kw>
<kw name="Log" library="BuiltIn">
<arg>${rowInvoiceNumber}</arg>
<doc>Logs the given message with the given level.</doc>
<msg timestamp="20240227 08:13:39.877" level="INFO">143143</msg>
<status status="PASS" starttime="20240227 08:13:39.875" endtime="20240227 08:13:39.877"/>
</kw>
<kw name="Log" library="BuiltIn">
<arg>${InvoiceNumber}</arg>
<doc>Logs the given message with the given level.</doc>
<msg timestamp="20240227 08:13:39.877" level="INFO">143143</msg>
<status status="PASS" starttime="20240227 08:13:39.877" endtime="20240227 08:13:39.877"/>
</kw>
<if>
<branch type="IF" condition="'${rowInvoiceNumber}' == '${InvoiceNumber}'">
<kw name="Log" library="BuiltIn">
<arg>Lisätään rivejä laskulle</arg>
<doc>Logs the given message with the given level.</doc>
<msg timestamp="20240227 08:13:39.877" level="INFO">Lisätään rivejä laskulle</msg>
<status status="PASS" starttime="20240227 08:13:39.877" endtime="20240227 08:13:39.877"/>
</kw>
<kw name="Add Row Data to List">
<arg>${items}</arg>
<kw name="Create List" library="BuiltIn">
<var>@{AddInvoiceRowData}</var>
<doc>Returns a list containing given items.</doc>
<msg timestamp="20240227 08:13:39.877" level="INFO">@{AddInvoiceRowData} = [ ]</msg>
<status status="PASS" starttime="20240227 08:13:39.877" endtime="20240227 08:13:39.877"/>
</kw>
<kw name="Append To List" library="Collections">
<arg>${AddInvoiceRowData}</arg>
<arg>${InvoiceNumber}</arg>
<doc>Adds ``values`` to the end of ``list``.</doc>
<status status="PASS" starttime="20240227 08:13:39.877" endtime="20240227 08:13:39.877"/>
</kw>
<kw name="Append To List" library="Collections">
<arg>${AddInvoiceRowData}</arg>
<arg>${items}[8]</arg>
<doc>Adds ``values`` to the end of ``list``.</doc>
<status status="PASS" starttime="20240227 08:13:39.877" endtime="20240227 08:13:39.877"/>
</kw>
<kw name="Append To List" library="Collections">
<arg>${AddInvoiceRowData}</arg>
<arg>${items}[0]</arg>
<doc>Adds ``values`` to the end of ``list``.</doc>
<status status="PASS" starttime="20240227 08:13:39.877" endtime="20240227 08:13:39.877"/>
</kw>
<kw name="Append To List" library="Collections">
<arg>${AddInvoiceRowData}</arg>
<arg>${items}[1]</arg>
<doc>Adds ``values`` to the end of ``list``.</doc>
<status status="PASS" starttime="20240227 08:13:39.877" endtime="20240227 08:13:39.877"/>
</kw>
<kw name="Append To List" library="Collections">
<arg>${AddInvoiceRowData}</arg>
<arg>${items}[2]</arg>
<doc>Adds ``values`` to the end of ``list``.</doc>
<status status="PASS" starttime="20240227 08:13:39.877" endtime="20240227 08:13:39.877"/>
</kw>
<kw name="Append To List" library="Collections">
<arg>${AddInvoiceRowData}</arg>
<arg>${items}[3]</arg>
<doc>Adds ``values`` to the end of ``list``.</doc>
<status status="PASS" starttime="20240227 08:13:39.877" endtime="20240227 08:13:39.877"/>
</kw>
<kw name="Append To List" library="Collections">
<arg>${AddInvoiceRowData}</arg>
<arg>${items}[4]</arg>
<doc>Adds ``values`` to the end of ``list``.</doc>
<status status="PASS" starttime="20240227 08:13:39.877" endtime="20240227 08:13:39.877"/>
</kw>
<kw name="Append To List" library="Collections">
<arg>${AddInvoiceRowData}</arg>
<arg>${items}[5]</arg>
<doc>Adds ``values`` to the end of ``list``.</doc>
<status status="PASS" starttime="20240227 08:13:39.877" endtime="20240227 08:13:39.877"/>
</kw>
<kw name="Append To List" library="Collections">
<arg>${AddInvoiceRowData}</arg>
<arg>${items}[6]</arg>
<doc>Adds ``values`` to the end of ``list``.</doc>
<status status="PASS" starttime="20240227 08:13:39.877" endtime="20240227 08:13:39.877"/>
</kw>
<kw name="Append To List" library="Collections">
<arg>${ListToDB}</arg>
<arg>${AddInvoiceRowData}</arg>
<doc>Adds ``values`` to the end of ``list``.</doc>
<status status="PASS" starttime="20240227 08:13:39.877" endtime="20240227 08:13:39.877"/>
</kw>
<status status="PASS" starttime="20240227 08:13:39.877" endtime="20240227 08:13:39.877"/>
</kw>
<status status="PASS" starttime="20240227 08:13:39.877" endtime="20240227 08:13:39.877"/>
</branch>
<branch type="ELSE">
<kw name="Log" library="BuiltIn">
<arg>Pitää tutkia onko tietokantalistassa jo rivejä</arg>
<doc>Logs the given message with the given level.</doc>
<status status="NOT RUN" starttime="20240227 08:13:39.877" endtime="20240227 08:13:39.877"/>
</kw>
<kw name="Get Length" library="BuiltIn">
<var>${length}</var>
<arg>${ListToDB}</arg>
<doc>Returns and logs the length of the given item as an integer.</doc>
<status status="NOT RUN" starttime="20240227 08:13:39.877" endtime="20240227 08:13:39.877"/>
</kw>
<if>
<branch type="IF" condition="${length} == ${0}">
<kw name="Log" library="BuiltIn">
<arg>Ensimmäisen laskun tapaus</arg>
<doc>Logs the given message with the given level.</doc>
<status status="NOT RUN" starttime="20240227 08:13:39.877" endtime="20240227 08:13:39.877"/>
</kw>
<kw name="Set Variable" library="BuiltIn">
<var>${InvoiceNumber}</var>
<arg>${rowInvoiceNumber}</arg>
<doc>Returns the given values which can then be assigned to a variables.</doc>
<status status="NOT RUN" starttime="20240227 08:13:39.877" endtime="20240227 08:13:39.877"/>
</kw>
<kw name="Set Global Variable" library="BuiltIn">
<arg>${InvoiceNumber}</arg>
<doc>Makes a variable available globally in all tests and suites.</doc>
<status status="NOT RUN" starttime="20240227 08:13:39.877" endtime="20240227 08:13:39.877"/>
</kw>
<kw name="Add Row Data to List">
<arg>${items}</arg>
<status status="NOT RUN" starttime="20240227 08:13:39.877" endtime="20240227 08:13:39.877"/>
</kw>
<status status="NOT RUN" starttime="20240227 08:13:39.877" endtime="20240227 08:13:39.877"/>
</branch>
<branch type="ELSE">
<kw name="Log" library="BuiltIn">
<arg>Lasku vaihtuu, pitää käsitellä myös otsikkodata</arg>
<doc>Logs the given message with the given level.</doc>
<status status="NOT RUN" starttime="20240227 08:13:39.877" endtime="20240227 08:13:39.877"/>
</kw>
<for flavor="IN">
<var>${headerElement}</var>
<value>@{headers}</value>
<iter>
<var name="${headerElement}"/>
<kw name="Split String" library="String">
<var>${headerItems}</var>
<arg>${headerElement}</arg>
<arg>;</arg>
<doc>Splits the ``string`` using ``separator`` as a delimiter string.</doc>
<status status="NOT RUN" starttime="20240227 08:13:39.877" endtime="20240227 08:13:39.877"/>
</kw>
<if>
<branch type="IF" condition="'${headerItems}[0]' == '${InvoiceNumber}'">
<kw name="Log" library="BuiltIn">
<arg>Lasku löytyi</arg>
<doc>Logs the given message with the given level.</doc>
<status status="NOT RUN" starttime="20240227 08:13:39.877" endtime="20240227 08:13:39.877"/>
</kw>
<kw name="Add Invoice Header To DB">
<arg>${headerItems}</arg>
<arg>${ListToDB}</arg>
<status status="NOT RUN" starttime="20240227 08:13:39.877" endtime="20240227 08:13:39.877"/>
</kw>
<for flavor="IN">
<var>${rowElement}</var>
<value>@{ListToDB}</value>
<iter>
<var name="${rowElement}"/>
<kw name="Add Invoice Row To DB">
<arg>${rowElement}</arg>
<status status="NOT RUN" starttime="20240227 08:13:39.877" endtime="20240227 08:13:39.877"/>
</kw>
<status status="NOT RUN" starttime="20240227 08:13:39.877" endtime="20240227 08:13:39.877"/>
</iter>
<status status="NOT RUN" starttime="20240227 08:13:39.877" endtime="20240227 08:13:39.877"/>
</for>
<status status="NOT RUN" starttime="20240227 08:13:39.877" endtime="20240227 08:13:39.877"/>
</branch>
<status status="NOT RUN" starttime="20240227 08:13:39.877" endtime="20240227 08:13:39.877"/>
</if>
<status status="NOT RUN" starttime="20240227 08:13:39.877" endtime="20240227 08:13:39.877"/>
</iter>
<status status="NOT RUN" starttime="20240227 08:13:39.877" endtime="20240227 08:13:39.877"/>
</for>
<kw name="Create List" library="BuiltIn">
<var>@{ListToDB}</var>
<doc>Returns a list containing given items.</doc>
<status status="NOT RUN" starttime="20240227 08:13:39.877" endtime="20240227 08:13:39.877"/>
</kw>
<kw name="Set Global Variable" library="BuiltIn">
<arg>${ListToDB}</arg>
<doc>Makes a variable available globally in all tests and suites.</doc>
<status status="NOT RUN" starttime="20240227 08:13:39.877" endtime="20240227 08:13:39.877"/>
</kw>
<kw name="Set Variable" library="BuiltIn">
<var>${InvoiceNumber}</var>
<arg>${rowInvoiceNumber}</arg>
<doc>Returns the given values which can then be assigned to a variables.</doc>
<status status="NOT RUN" starttime="20240227 08:13:39.877" endtime="20240227 08:13:39.877"/>
</kw>
<kw name="Set Global Variable" library="BuiltIn">
<arg>${InvoiceNumber}</arg>
<doc>Makes a variable available globally in all tests and suites.</doc>
<status status="NOT RUN" starttime="20240227 08:13:39.877" endtime="20240227 08:13:39.877"/>
</kw>
<kw name="Add Row Data to List">
<arg>${items}</arg>
<status status="NOT RUN" starttime="20240227 08:13:39.877" endtime="20240227 08:13:39.877"/>
</kw>
<status status="NOT RUN" starttime="20240227 08:13:39.877" endtime="20240227 08:13:39.877"/>
</branch>
<status status="NOT RUN" starttime="20240227 08:13:39.877" endtime="20240227 08:13:39.877"/>
</if>
<status status="NOT RUN" starttime="20240227 08:13:39.877" endtime="20240227 08:13:39.877"/>
</branch>
<status status="PASS" starttime="20240227 08:13:39.877" endtime="20240227 08:13:39.877"/>
</if>
<status status="PASS" starttime="20240227 08:13:39.873" endtime="20240227 08:13:39.877"/>
</iter>
<iter>
<var name="${element}">Keyboard Logitech;10;kpl;40;24;96;496;1543235;1</var>
<kw name="Log" library="BuiltIn">
<arg>${element}</arg>
<doc>Logs the given message with the given level.</doc>
<msg timestamp="20240227 08:13:39.877" level="INFO">Keyboard Logitech;10;kpl;40;24;96;496;1543235;1</msg>
<status status="PASS" starttime="20240227 08:13:39.877" endtime="20240227 08:13:39.877"/>
</kw>
<kw name="Split String" library="String">
<var>@{items}</var>
<arg>${element}</arg>
<arg>;</arg>
<doc>Splits the ``string`` using ``separator`` as a delimiter string.</doc>
<msg timestamp="20240227 08:13:39.877" level="INFO">@{items} = [ Keyboard Logitech | 10 | kpl | 40 | 24 | 96 | 496 | 1543235 | 1 ]</msg>
<status status="PASS" starttime="20240227 08:13:39.877" endtime="20240227 08:13:39.888"/>
</kw>
<kw name="Set Variable" library="BuiltIn">
<var>${rowInvoiceNumber}</var>
<arg>${items}[7]</arg>
<doc>Returns the given values which can then be assigned to a variables.</doc>
<msg timestamp="20240227 08:13:39.889" level="INFO">${rowInvoiceNumber} = 1543235</msg>
<status status="PASS" starttime="20240227 08:13:39.888" endtime="20240227 08:13:39.889"/>
</kw>
<kw name="Log" library="BuiltIn">
<arg>${rowInvoiceNumber}</arg>
<doc>Logs the given message with the given level.</doc>
<msg timestamp="20240227 08:13:39.889" level="INFO">1543235</msg>
<status status="PASS" starttime="20240227 08:13:39.889" endtime="20240227 08:13:39.889"/>
</kw>
<kw name="Log" library="BuiltIn">
<arg>${InvoiceNumber}</arg>
<doc>Logs the given message with the given level.</doc>
<msg timestamp="20240227 08:13:39.889" level="INFO">143143</msg>
<status status="PASS" starttime="20240227 08:13:39.889" endtime="20240227 08:13:39.889"/>
</kw>
<if>
<branch type="IF" condition="'${rowInvoiceNumber}' == '${InvoiceNumber}'">
<kw name="Log" library="BuiltIn">
<arg>Lisätään rivejä laskulle</arg>
<doc>Logs the given message with the given level.</doc>
<status status="NOT RUN" starttime="20240227 08:13:39.889" endtime="20240227 08:13:39.889"/>
</kw>
<kw name="Add Row Data to List">
<arg>${items}</arg>
<status status="NOT RUN" starttime="20240227 08:13:39.889" endtime="20240227 08:13:39.889"/>
</kw>
<status status="NOT RUN" starttime="20240227 08:13:39.889" endtime="20240227 08:13:39.889"/>
</branch>
<branch type="ELSE">
<kw name="Log" library="BuiltIn">
<arg>Pitää tutkia onko tietokantalistassa jo rivejä</arg>
<doc>Logs the given message with the given level.</doc>
<msg timestamp="20240227 08:13:39.889" level="INFO">Pitää tutkia onko tietokantalistassa jo rivejä</msg>
<status status="PASS" starttime="20240227 08:13:39.889" endtime="20240227 08:13:39.889"/>
</kw>
<kw name="Get Length" library="BuiltIn">
<var>${length}</var>
<arg>${ListToDB}</arg>
<doc>Returns and logs the length of the given item as an integer.</doc>
<msg timestamp="20240227 08:13:39.889" level="INFO">Length is 2</msg>
<msg timestamp="20240227 08:13:39.889" level="INFO">${length} = 2</msg>
<status status="PASS" starttime="20240227 08:13:39.889" endtime="20240227 08:13:39.889"/>
</kw>
<if>
<branch type="IF" condition="${length} == ${0}">
<kw name="Log" library="BuiltIn">
<arg>Ensimmäisen laskun tapaus</arg>
<doc>Logs the given message with the given level.</doc>
<status status="NOT RUN" starttime="20240227 08:13:39.889" endtime="20240227 08:13:39.889"/>
</kw>
<kw name="Set Variable" library="BuiltIn">
<var>${InvoiceNumber}</var>
<arg>${rowInvoiceNumber}</arg>
<doc>Returns the given values which can then be assigned to a variables.</doc>
<status status="NOT RUN" starttime="20240227 08:13:39.889" endtime="20240227 08:13:39.889"/>
</kw>
<kw name="Set Global Variable" library="BuiltIn">
<arg>${InvoiceNumber}</arg>
<doc>Makes a variable available globally in all tests and suites.</doc>
<status status="NOT RUN" starttime="20240227 08:13:39.889" endtime="20240227 08:13:39.889"/>
</kw>
<kw name="Add Row Data to List">
<arg>${items}</arg>
<status status="NOT RUN" starttime="20240227 08:13:39.889" endtime="20240227 08:13:39.889"/>
</kw>
<status status="NOT RUN" starttime="20240227 08:13:39.889" endtime="20240227 08:13:39.889"/>
</branch>
<branch type="ELSE">
<kw name="Log" library="BuiltIn">
<arg>Lasku vaihtuu, pitää käsitellä myös otsikkodata</arg>
<doc>Logs the given message with the given level.</doc>
<msg timestamp="20240227 08:13:39.889" level="INFO">Lasku vaihtuu, pitää käsitellä myös otsikkodata</msg>
<status status="PASS" starttime="20240227 08:13:39.889" endtime="20240227 08:13:39.889"/>
</kw>
<for flavor="IN">
<var>${headerElement}</var>
<value>@{headers}</value>
<iter>
<var name="${headerElement}">143143;Service Provider Oy;1431432;15.12.2022;07.04.2021;1234567-8;FI12 3456 7890 1234 56;1350;324;1674</var>
<kw name="Split String" library="String">
<var>${headerItems}</var>
<arg>${headerElement}</arg>
<arg>;</arg>
<doc>Splits the ``string`` using ``separator`` as a delimiter string.</doc>
<msg timestamp="20240227 08:13:39.895" level="INFO">${headerItems} = ['143143', 'Service Provider Oy', '1431432', '15.12.2022', '07.04.2021', '1234567-8', 'FI12 3456 7890 1234 56', '1350', '324', '1674']</msg>
<status status="PASS" starttime="20240227 08:13:39.889" endtime="20240227 08:13:39.895"/>
</kw>
<if>
<branch type="IF" condition="'${headerItems}[0]' == '${InvoiceNumber}'">
<kw name="Log" library="BuiltIn">
<arg>Lasku löytyi</arg>
<doc>Logs the given message with the given level.</doc>
<msg timestamp="20240227 08:13:39.895" level="INFO">Lasku löytyi</msg>
<status status="PASS" starttime="20240227 08:13:39.895" endtime="20240227 08:13:39.895"/>
</kw>
<kw name="Add Invoice Header To DB">
<arg>${headerItems}</arg>
<arg>${ListToDB}</arg>
<kw name="Make Connection">
<arg>${dbname}</arg>
<kw name="Connect To Database">
<arg>pymysql</arg>
<arg>${dbname}</arg>
<arg>${dbuser}</arg>
<arg>${dbpass}</arg>
<arg>${dbhost}</arg>
<arg>${dbport}</arg>
<msg timestamp="20240227 08:13:39.898" level="FAIL">No keyword with name 'Connect To Database' found.</msg>
<status status="FAIL" starttime="20240227 08:13:39.898" endtime="20240227 08:13:39.898"/>
</kw>
<status status="FAIL" starttime="20240227 08:13:39.895" endtime="20240227 08:13:39.898"/>
</kw>
<kw name="Convert Date" library="DateTime">
<var>${innvoiceDate}</var>
<arg>${items}[3]</arg>
<arg>date_format=%d.%m.%Y</arg>
<arg>result_format=%Y-%m-%d</arg>
<doc>Converts between supported `date formats`.</doc>
<status status="NOT RUN" starttime="20240227 08:13:39.898" endtime="20240227 08:13:39.898"/>
</kw>
<kw name="Convert Date" library="DateTime">
<var>${dueDate}</var>
<arg>${items}[4]</arg>
<arg>date_format=%d.%m.%Y</arg>
<arg>result_format=%Y-%m-%d</arg>
<doc>Converts between supported `date formats`.</doc>
<status status="NOT RUN" starttime="20240227 08:13:39.898" endtime="20240227 08:13:39.898"/>
</kw>
<kw name="Set Variable" library="BuiltIn">
<var>${statusOfInvoice}</var>
<arg>0</arg>
<doc>Returns the given values which can then be assigned to a variables.</doc>
<status status="NOT RUN" starttime="20240227 08:13:39.898" endtime="20240227 08:13:39.898"/>
</kw>
<kw name="Set Variable" library="BuiltIn">
<var>${commentOfInvoice}</var>
<arg>All ok</arg>
<doc>Returns the given values which can then be assigned to a variables.</doc>
<status status="NOT RUN" starttime="20240227 08:13:39.898" endtime="20240227 08:13:39.898"/>
</kw>
<kw name="Is Ref Correct" library="validate">
<var>${refResult}</var>
<arg>${items}[2]</arg>
<status status="NOT RUN" starttime="20240227 08:13:39.898" endtime="20240227 08:13:39.898"/>
</kw>
<if>
<branch type="IF" condition="not ${refResult}">
<kw name="Set Variable" library="BuiltIn">
<var>${statusOfInvoice}</var>
<arg>1</arg>
<doc>Returns the given values which can then be assigned to a variables.</doc>
<status status="NOT RUN" starttime="20240227 08:13:39.898" endtime="20240227 08:13:39.898"/>
</kw>
<kw name="Set Variable" library="BuiltIn">
<var>${commentOfInvoice}</var>
<arg>Reference number error</arg>
<doc>Returns the given values which can then be assigned to a variables.</doc>
<status status="NOT RUN" starttime="20240227 08:13:39.898" endtime="20240227 08:13:39.898"/>
</kw>
<status status="NOT RUN" starttime="20240227 08:13:39.898" endtime="20240227 08:13:39.898"/>
</branch>
<status status="NOT RUN" starttime="20240227 08:13:39.898" endtime="20240227 08:13:39.898"/>
</if>
<kw name="Check IBAN">
<var>${ibanResult}</var>
<arg>${items}[6]</arg>
<status status="NOT RUN" starttime="20240227 08:13:39.898" endtime="20240227 08:13:39.898"/>
</kw>
<if>
<branch type="IF" condition="not ${ibanResult}">
<kw name="Set Variable" library="BuiltIn">
<var>${statusOfInvoice}</var>
<arg>2</arg>
<doc>Returns the given values which can then be assigned to a variables.</doc>
<status status="NOT RUN" starttime="20240227 08:13:39.898" endtime="20240227 08:13:39.898"/>
</kw>
<kw name="Set Variable" library="BuiltIn">
<var>${commentOfInvoice}</var>
<arg>IBAN number error</arg>
<doc>Returns the given values which can then be assigned to a variables.</doc>
<status status="NOT RUN" starttime="20240227 08:13:39.898" endtime="20240227 08:13:39.898"/>
</kw>
<status status="NOT RUN" starttime="20240227 08:13:39.898" endtime="20240227 08:13:39.898"/>
</branch>
<status status="NOT RUN" starttime="20240227 08:13:39.898" endtime="20240227 08:13:39.898"/>
</if>
<kw name="Check Amounts From Invoice">
<var>${sumResult}</var>
<arg>${items}[9]</arg>
<arg>${rows}</arg>
<status status="NOT RUN" starttime="20240227 08:13:39.901" endtime="20240227 08:13:39.901"/>
</kw>
<if>
<branch type="IF" condition="not ${sumResult}">
<kw name="Set Variable" library="BuiltIn">
<var>${statusOfInvoice}</var>
<arg>3</arg>
<doc>Returns the given values which can then be assigned to a variables.</doc>
<status status="NOT RUN" starttime="20240227 08:13:39.901" endtime="20240227 08:13:39.901"/>
</kw>
<kw name="Set Variable" library="BuiltIn">
<var>${commentOfInvoice}</var>
<arg>Amount difference</arg>
<doc>Returns the given values which can then be assigned to a variables.</doc>
<status status="NOT RUN" starttime="20240227 08:13:39.901" endtime="20240227 08:13:39.901"/>
</kw>
<status status="NOT RUN" starttime="20240227 08:13:39.901" endtime="20240227 08:13:39.901"/>
</branch>
<status status="NOT RUN" starttime="20240227 08:13:39.901" endtime="20240227 08:13:39.901"/>
</if>
<kw name="Set Variable" library="BuiltIn">
<var>${insertStmt}</var>
<arg>insert into invoiceheader (invoicenumber, companyname, companycode, referencenumber, invoicedate, duedate, bankaccountnumber, amountexclvat, vat, totalamount, comments) values ('${items}[0]', '${items}[1]', '${items}[5]', '${items}[2]', '${innvoiceDate}', '${dueDate}', '${items}[6]', '${items}[7]', '${items}[8]', '${items}[9]', '${commentOfInvoice}');</arg>
<doc>Returns the given values which can then be assigned to a variables.</doc>
<status status="NOT RUN" starttime="20240227 08:13:39.901" endtime="20240227 08:13:39.901"/>
</kw>
<kw name="Execute Sql String">
<arg>${insertStmt}</arg>
<status status="NOT RUN" starttime="20240227 08:13:39.904" endtime="20240227 08:13:39.904"/>
</kw>
<status status="FAIL" starttime="20240227 08:13:39.895" endtime="20240227 08:13:39.904"/>
</kw>
<for flavor="IN">
<var>${rowElement}</var>
<value>@{ListToDB}</value>
<iter>
<var name="${rowElement}"/>
<kw name="Add Invoice Row To DB">
<arg>${rowElement}</arg>
<status status="NOT RUN" starttime="20240227 08:13:39.905" endtime="20240227 08:13:39.905"/>
</kw>
<status status="NOT RUN" starttime="20240227 08:13:39.905" endtime="20240227 08:13:39.905"/>
</iter>
<status status="NOT RUN" starttime="20240227 08:13:39.904" endtime="20240227 08:13:39.906"/>
</for>
<status status="FAIL" starttime="20240227 08:13:39.895" endtime="20240227 08:13:39.906"/>
</branch>
<status status="FAIL" starttime="20240227 08:13:39.895" endtime="20240227 08:13:39.906"/>
</if>
<status status="FAIL" starttime="20240227 08:13:39.889" endtime="20240227 08:13:39.906"/>
</iter>
<status status="FAIL" starttime="20240227 08:13:39.889" endtime="20240227 08:13:39.906"/>
</for>
<kw name="Create List" library="BuiltIn">
<var>@{ListToDB}</var>
<doc>Returns a list containing given items.</doc>
<status status="NOT RUN" starttime="20240227 08:13:39.906" endtime="20240227 08:13:39.906"/>
</kw>
<kw name="Set Global Variable" library="BuiltIn">
<arg>${ListToDB}</arg>
<doc>Makes a variable available globally in all tests and suites.</doc>
<status status="NOT RUN" starttime="20240227 08:13:39.906" endtime="20240227 08:13:39.906"/>
</kw>
<kw name="Set Variable" library="BuiltIn">
<var>${InvoiceNumber}</var>
<arg>${rowInvoiceNumber}</arg>
<doc>Returns the given values which can then be assigned to a variables.</doc>
<status status="NOT RUN" starttime="20240227 08:13:39.906" endtime="20240227 08:13:39.906"/>
</kw>
<kw name="Set Global Variable" library="BuiltIn">
<arg>${InvoiceNumber}</arg>
<doc>Makes a variable available globally in all tests and suites.</doc>
<status status="NOT RUN" starttime="20240227 08:13:39.907" endtime="20240227 08:13:39.907"/>
</kw>
<kw name="Add Row Data to List">
<arg>${items}</arg>
<status status="NOT RUN" starttime="20240227 08:13:39.907" endtime="20240227 08:13:39.907"/>
</kw>
<status status="FAIL" starttime="20240227 08:13:39.889" endtime="20240227 08:13:39.907"/>
</branch>
<status status="FAIL" starttime="20240227 08:13:39.889" endtime="20240227 08:13:39.907"/>
</if>
<status status="FAIL" starttime="20240227 08:13:39.889" endtime="20240227 08:13:39.907"/>
</branch>
<status status="FAIL" starttime="20240227 08:13:39.889" endtime="20240227 08:13:39.907"/>
</if>
<status status="FAIL" starttime="20240227 08:13:39.877" endtime="20240227 08:13:39.907"/>
</iter>
<status status="FAIL" starttime="20240227 08:13:39.856" endtime="20240227 08:13:39.907"/>
</for>
<kw name="Get Length" library="BuiltIn">
<var>${length}</var>
<arg>${ListToDB}</arg>
<doc>Returns and logs the length of the given item as an integer.</doc>
<status status="NOT RUN" starttime="20240227 08:13:39.907" endtime="20240227 08:13:39.907"/>
</kw>
<if>
<branch type="IF" condition="${length} &gt; ${0}">
<kw name="Log" library="BuiltIn">
<arg>Viimeisen laskun otsikkokäsittely</arg>
<doc>Logs the given message with the given level.</doc>
<status status="NOT RUN" starttime="20240227 08:13:39.909" endtime="20240227 08:13:39.909"/>
</kw>
<for flavor="IN">
<var>${headerElement}</var>
<value>@{headers}</value>
<iter>
<var name="${headerElement}"/>
<kw name="Split String" library="String">
<var>${headerItems}</var>
<arg>${headerElement}</arg>
<arg>;</arg>
<doc>Splits the ``string`` using ``separator`` as a delimiter string.</doc>
<status status="NOT RUN" starttime="20240227 08:13:39.909" endtime="20240227 08:13:39.909"/>
</kw>
<if>
<branch type="IF" condition="'${headerItems}[0]' == '${InvoiceNumber}'">
<kw name="Log" library="BuiltIn">
<arg>Lasku löytyi</arg>
<doc>Logs the given message with the given level.</doc>
<status status="NOT RUN" starttime="20240227 08:13:39.909" endtime="20240227 08:13:39.909"/>
</kw>
<kw name="Add Invoice Header To DB">
<arg>${headerItems}</arg>
<arg>${ListToDB}</arg>
<status status="NOT RUN" starttime="20240227 08:13:39.909" endtime="20240227 08:13:39.909"/>
</kw>
<for flavor="IN">
<var>${rowElement}</var>
<value>@{ListToDB}</value>
<iter>
<var name="${rowElement}"/>
<kw name="Add Invoice Row To DB">
<arg>${rowElement}</arg>
<status status="NOT RUN" starttime="20240227 08:13:39.911" endtime="20240227 08:13:39.911"/>
</kw>
<status status="NOT RUN" starttime="20240227 08:13:39.909" endtime="20240227 08:13:39.911"/>
</iter>
<status status="NOT RUN" starttime="20240227 08:13:39.909" endtime="20240227 08:13:39.911"/>
</for>
<status status="NOT RUN" starttime="20240227 08:13:39.909" endtime="20240227 08:13:39.911"/>
</branch>
<status status="NOT RUN" starttime="20240227 08:13:39.909" endtime="20240227 08:13:39.911"/>
</if>
<status status="NOT RUN" starttime="20240227 08:13:39.909" endtime="20240227 08:13:39.911"/>
</iter>
<status status="NOT RUN" starttime="20240227 08:13:39.909" endtime="20240227 08:13:39.911"/>
</for>
<status status="NOT RUN" starttime="20240227 08:13:39.909" endtime="20240227 08:13:39.911"/>
</branch>
<status status="NOT RUN" starttime="20240227 08:13:39.909" endtime="20240227 08:13:39.911"/>
</if>
<status status="FAIL" starttime="20240227 08:13:39.856" endtime="20240227 08:13:39.911">No keyword with name 'Connect To Database' found.</status>
</test>
<status status="FAIL" starttime="20240227 08:13:39.732" endtime="20240227 08:13:39.913"/>
</suite>
<statistics>
<total>
<stat pass="1" fail="2" skip="0">All Tests</stat>
</total>
<tag>
</tag>
<suite>
<stat pass="1" fail="2" skip="0" id="s1" name="Rpa Project3">Rpa Project3</stat>
</suite>
</statistics>
<errors>
<msg timestamp="20240227 08:13:39.780" level="ERROR">Error in file 'c:\Users\ELSAMA\OneDrive\Desktop\Invoice-Automation\rpa_project3.robot' on line 5: Importing library 'DatabaseLibrary' failed: ModuleNotFoundError: No module named 'DatabaseLibrary'
Traceback (most recent call last):
  None
PYTHONPATH:
  c:\Users\ELSAMA\.vscode\extensions\robocorp.robotframework-lsp-1.11.0\src\robotframework_debug_adapter
  C:\Users\ELSAMA\OneDrive\Desktop\Invoice-Automation
  c:\Users\ELSAMA\.vscode\extensions\robocorp.robotframework-lsp-1.11.0\src
  c:\Users\ELSAMA\.vscode\extensions\robocorp.robotframework-lsp-1.11.0\src\robotframework_ls\vendored
  C:\Users\ELSAMA\AppData\Local\Programs\Python\Python312\python312.zip
  C:\Users\ELSAMA\AppData\Local\Programs\Python\Python312\DLLs
  C:\Users\ELSAMA\AppData\Local\Programs\Python\Python312\Lib
  C:\Users\ELSAMA\AppData\Local\Programs\Python\Python312
  C:\Users\ELSAMA\AppData\Roaming\Python\Python312\site-packages
  C:\Users\ELSAMA\AppData\Roaming\Python\Python312\site-packages\win32
  C:\Users\ELSAMA\AppData\Roaming\Python\Python312\site-packages\win32\lib
  C:\Users\ELSAMA\AppData\Roaming\Python\Python312\site-packages\Pythonwin
  C:\Users\ELSAMA\AppData\Local\Programs\Python\Python312\Lib\site-packages</msg>
</errors>
</robot>
