<?xml version="1.0" encoding="UTF-8"?>
<robot generator="Robot 6.1.1 (Python 3.12.0 on win32)" generated="20240305 22:03:22.082" rpa="false" schemaversion="4">
<suite id="s1" name="Rpa" source="c:\Users\ELSAMA\OneDrive\Desktop\Invoice-Automation\Robot Validation\rpa.robot">
<test id="s1-t1" name="Test Database Connection Close and Clean" line="102">
<kw name="Make Connection">
<kw name="Connect To Database" library="DatabaseLibrary">
<arg>pymysql</arg>
<arg>${dbname}</arg>
<arg>${dbuser}</arg>
<arg>${dbpass}</arg>
<arg>${dbhost}</arg>
<arg>${dbport}</arg>
<doc>Loads the DB API 2.0 module given ``dbapiModuleName`` then uses it to
connect to the database using provided parameters such as ``dbName``, ``dbUsername``, and ``dbPassword``.</doc>
<msg timestamp="20240305 22:03:22.190" level="INFO">Connecting using : pymysql.connect(db=rpa_db, user=robocop, passwd=***, host=localhost, port=3306, charset=None)</msg>
<status status="PASS" starttime="20240305 22:03:22.142" endtime="20240305 22:03:22.198"/>
</kw>
<status status="PASS" starttime="20240305 22:03:22.142" endtime="20240305 22:03:22.198"/>
</kw>
<kw name="Clear Existing Data">
<doc>Clear existing data from the database for testing purposes</doc>
<kw name="Make Connection">
<kw name="Connect To Database" library="DatabaseLibrary">
<arg>pymysql</arg>
<arg>${dbname}</arg>
<arg>${dbuser}</arg>
<arg>${dbpass}</arg>
<arg>${dbhost}</arg>
<arg>${dbport}</arg>
<doc>Loads the DB API 2.0 module given ``dbapiModuleName`` then uses it to
connect to the database using provided parameters such as ``dbName``, ``dbUsername``, and ``dbPassword``.</doc>
<msg timestamp="20240305 22:03:22.198" level="INFO">Connecting using : pymysql.connect(db=rpa_db, user=robocop, passwd=***, host=localhost, port=3306, charset=None)</msg>
<msg timestamp="20240305 22:03:22.207" level="WARN">Overwriting not closed connection.</msg>
<status status="PASS" starttime="20240305 22:03:22.198" endtime="20240305 22:03:22.207"/>
</kw>
<status status="PASS" starttime="20240305 22:03:22.198" endtime="20240305 22:03:22.207"/>
</kw>
<kw name="Set Variable" library="BuiltIn">
<var>${delete_rows_query}</var>
<arg>DELETE FROM invoicerow</arg>
<doc>Returns the given values which can then be assigned to a variables.</doc>
<msg timestamp="20240305 22:03:22.207" level="INFO">${delete_rows_query} = DELETE FROM invoicerow</msg>
<status status="PASS" starttime="20240305 22:03:22.207" endtime="20240305 22:03:22.207"/>
</kw>
<kw name="Execute Sql String" library="DatabaseLibrary">
<arg>${delete_rows_query}</arg>
<doc>Executes the ``sqlString`` as a single SQL command.</doc>
<msg timestamp="20240305 22:03:22.209" level="INFO">Executing : Execute SQL String  |  DELETE FROM invoicerow</msg>
<status status="PASS" starttime="20240305 22:03:22.209" endtime="20240305 22:03:22.211"/>
</kw>
<kw name="Set Variable" library="BuiltIn">
<var>${delete_headers_query}</var>
<arg>DELETE FROM invoiceheader</arg>
<doc>Returns the given values which can then be assigned to a variables.</doc>
<msg timestamp="20240305 22:03:22.211" level="INFO">${delete_headers_query} = DELETE FROM invoiceheader</msg>
<status status="PASS" starttime="20240305 22:03:22.211" endtime="20240305 22:03:22.211"/>
</kw>
<kw name="Execute Sql String" library="DatabaseLibrary">
<arg>${delete_headers_query}</arg>
<doc>Executes the ``sqlString`` as a single SQL command.</doc>
<msg timestamp="20240305 22:03:22.211" level="INFO">Executing : Execute SQL String  |  DELETE FROM invoiceheader</msg>
<status status="PASS" starttime="20240305 22:03:22.211" endtime="20240305 22:03:22.211"/>
</kw>
<kw name="Close Connection">
<kw name="Disconnect From Database" library="DatabaseLibrary">
<doc>Disconnects from the database.</doc>
<msg timestamp="20240305 22:03:22.213" level="INFO">Executing : Disconnect From Database</msg>
<status status="PASS" starttime="20240305 22:03:22.213" endtime="20240305 22:03:22.213"/>
</kw>
<status status="PASS" starttime="20240305 22:03:22.211" endtime="20240305 22:03:22.213"/>
</kw>
<status status="PASS" starttime="20240305 22:03:22.198" endtime="20240305 22:03:22.213"/>
</kw>
<doc>Tests if the database connection can be closed and the data cleaned effectively.</doc>
<status status="PASS" starttime="20240305 22:03:22.141" endtime="20240305 22:03:22.213"/>
</test>
<test id="s1-t2" name="Process Invoice Data" line="106">
<kw name="Read CSV File">
<var>${headerLines}</var>
<arg>${header_csv}</arg>
<kw name="Get File" library="OperatingSystem">
<var>${file_path}</var>
<arg>${filename}</arg>
<doc>Returns the contents of a specified file.</doc>
<msg timestamp="20240305 22:03:22.215" level="INFO" html="true">Getting file '&lt;a href="file://C:\Users\ELSAMA\OneDrive\Desktop\Invoice-Automation\Robot Validation\InvoiceHeaderData.csv"&gt;C:\Users\ELSAMA\OneDrive\Desktop\Invoice-Automation\Robot Validation\InvoiceHeaderData.csv&lt;/a&gt;'.</msg>
<msg timestamp="20240305 22:03:22.215" level="INFO">${file_path} = ﻿InvoiceNumber;CompanyName;ReferenceNumber;InvoiceDate;DueDate;CompanyCode;BankAccountNumber;AmountExclVAT;VATAmount;TotalAmount
143143;Service Provider Oy;1431432;15.12.2022;07.04.2021;1234567-8;FI12...</msg>
<status status="PASS" starttime="20240305 22:03:22.215" endtime="20240305 22:03:22.215"/>
</kw>
<kw name="Split To Lines" library="String">
<var>@{lines}</var>
<arg>${file_path}</arg>
<doc>Splits the given string to lines.</doc>
<msg timestamp="20240305 22:03:22.219" level="INFO">4 lines returned</msg>
<msg timestamp="20240305 22:03:22.219" level="INFO">@{lines} = [ ﻿InvoiceNumber;CompanyName;ReferenceNumber;InvoiceDate;DueDate;CompanyCode;BankAccountNumber;AmountExclVAT;VATAmount;TotalAmount | 143143;Service Provider Oy;1431432;15.12.2022;07.04.2021;1234567-8;...</msg>
<status status="PASS" starttime="20240305 22:03:22.215" endtime="20240305 22:03:22.219"/>
</kw>
<msg timestamp="20240305 22:03:22.219" level="INFO">${headerLines} = ['\ufeffInvoiceNumber;CompanyName;ReferenceNumber;InvoiceDate;DueDate;CompanyCode;BankAccountNumber;AmountExclVAT;VATAmount;TotalAmount', '143143;Service Provider Oy;1431432;15.12.2022;07.04.2021;1234...</msg>
<status status="PASS" starttime="20240305 22:03:22.215" endtime="20240305 22:03:22.219"/>
</kw>
<kw name="Read CSV File">
<var>${rows}</var>
<arg>${row_csv}</arg>
<kw name="Get File" library="OperatingSystem">
<var>${file_path}</var>
<arg>${filename}</arg>
<doc>Returns the contents of a specified file.</doc>
<msg timestamp="20240305 22:03:22.219" level="INFO" html="true">Getting file '&lt;a href="file://C:\Users\ELSAMA\OneDrive\Desktop\Invoice-Automation\Robot Validation\InvoiceRowData.csv"&gt;C:\Users\ELSAMA\OneDrive\Desktop\Invoice-Automation\Robot Validation\InvoiceRowData.csv&lt;/a&gt;'.</msg>
<msg timestamp="20240305 22:03:22.221" level="INFO">${file_path} = ﻿Description;Quantity;Unit;UnitPrice;VATPercent;VAT;Total;InvoiceNumber;RowNumber
Installation Services;5;h;60;24;72;372;143143;1
Replacement Products;10;kpl;105;24;252;1302;143143;2
Keyboard Logitech...</msg>
<status status="PASS" starttime="20240305 22:03:22.219" endtime="20240305 22:03:22.221"/>
</kw>
<kw name="Split To Lines" library="String">
<var>@{lines}</var>
<arg>${file_path}</arg>
<doc>Splits the given string to lines.</doc>
<msg timestamp="20240305 22:03:22.223" level="INFO">9 lines returned</msg>
<msg timestamp="20240305 22:03:22.223" level="INFO">@{lines} = [ ﻿Description;Quantity;Unit;UnitPrice;VATPercent;VAT;Total;InvoiceNumber;RowNumber | Installation Services;5;h;60;24;72;372;143143;1 | Replacement Products;10;kpl;105;24;252;1302;143143;2 | Keyboard ...</msg>
<status status="PASS" starttime="20240305 22:03:22.221" endtime="20240305 22:03:22.223"/>
</kw>
<msg timestamp="20240305 22:03:22.224" level="INFO">${rows} = ['\ufeffDescription;Quantity;Unit;UnitPrice;VATPercent;VAT;Total;InvoiceNumber;RowNumber', 'Installation Services;5;h;60;24;72;372;143143;1', 'Replacement Products;10;kpl;105;24;252;1302;143143;2', 'K...</msg>
<status status="PASS" starttime="20240305 22:03:22.219" endtime="20240305 22:03:22.224"/>
</kw>
<for flavor="IN">
<var>${header}</var>
<value>@{headerLines}[1:]</value>
<iter>
<var name="${header}">143143;Service Provider Oy;1431432;15.12.2022;07.04.2021;1234567-8;FI12 3456 7890 1234 56;1350;324;1674</var>
<kw name="Calculate Total Amount From Rows">
<var>${calculatedTotal}</var>
<arg>${header[0]}</arg>
<kw name="Set Variable" library="BuiltIn">
<var>${totalAmount}</var>
<arg>${0}</arg>
<doc>Returns the given values which can then be assigned to a variables.</doc>
<msg timestamp="20240305 22:03:22.227" level="INFO">${totalAmount} = 0</msg>
<status status="PASS" starttime="20240305 22:03:22.226" endtime="20240305 22:03:22.227"/>
</kw>
<kw name="Read CSV File">
<var>@{rows}</var>
<arg>${row_csv}</arg>
<kw name="Get File" library="OperatingSystem">
<var>${file_path}</var>
<arg>${filename}</arg>
<doc>Returns the contents of a specified file.</doc>
<msg timestamp="20240305 22:03:22.227" level="INFO" html="true">Getting file '&lt;a href="file://C:\Users\ELSAMA\OneDrive\Desktop\Invoice-Automation\Robot Validation\InvoiceRowData.csv"&gt;C:\Users\ELSAMA\OneDrive\Desktop\Invoice-Automation\Robot Validation\InvoiceRowData.csv&lt;/a&gt;'.</msg>
<msg timestamp="20240305 22:03:22.227" level="INFO">${file_path} = ﻿Description;Quantity;Unit;UnitPrice;VATPercent;VAT;Total;InvoiceNumber;RowNumber
Installation Services;5;h;60;24;72;372;143143;1
Replacement Products;10;kpl;105;24;252;1302;143143;2
Keyboard Logitech...</msg>
<status status="PASS" starttime="20240305 22:03:22.227" endtime="20240305 22:03:22.227"/>
</kw>
<kw name="Split To Lines" library="String">
<var>@{lines}</var>
<arg>${file_path}</arg>
<doc>Splits the given string to lines.</doc>
<msg timestamp="20240305 22:03:22.229" level="INFO">9 lines returned</msg>
<msg timestamp="20240305 22:03:22.229" level="INFO">@{lines} = [ ﻿Description;Quantity;Unit;UnitPrice;VATPercent;VAT;Total;InvoiceNumber;RowNumber | Installation Services;5;h;60;24;72;372;143143;1 | Replacement Products;10;kpl;105;24;252;1302;143143;2 | Keyboard ...</msg>
<status status="PASS" starttime="20240305 22:03:22.229" endtime="20240305 22:03:22.229"/>
</kw>
<msg timestamp="20240305 22:03:22.230" level="INFO">@{rows} = [ ﻿Description;Quantity;Unit;UnitPrice;VATPercent;VAT;Total;InvoiceNumber;RowNumber | Installation Services;5;h;60;24;72;372;143143;1 | Replacement Products;10;kpl;105;24;252;1302;143143;2 | Keyboard ...</msg>
<status status="PASS" starttime="20240305 22:03:22.227" endtime="20240305 22:03:22.230"/>
</kw>
<for flavor="IN">
<var>${row}</var>
<value>@{rows}[1:]</value>
<iter>
<var name="${row}">Installation Services;5;h;60;24;72;372;143143;1</var>
<kw name="Split String" library="String">
<var>@{rowDetails}</var>
<arg>${row}</arg>
<arg>;</arg>
<doc>Splits the ``string`` using ``separator`` as a delimiter string.</doc>
<msg timestamp="20240305 22:03:22.232" level="INFO">@{rowDetails} = [ Installation Services | 5 | h | 60 | 24 | 72 | 372 | 143143 | 1 ]</msg>
<status status="PASS" starttime="20240305 22:03:22.230" endtime="20240305 22:03:22.232"/>
</kw>
<kw name="Run Keyword If" library="BuiltIn">
<var>${rowAmount}</var>
<arg>'${rowDetails[7]}' == '${invoiceNumber}'</arg>
<arg>Convert To Number</arg>
<arg>${rowDetails[6]}</arg>
<arg>ELSE</arg>
<arg>Set Variable</arg>
<arg>0</arg>
<doc>Runs the given keyword with the given arguments, if ``condition`` is true.</doc>
<kw name="Set Variable" library="BuiltIn">
<arg>0</arg>
<doc>Returns the given values which can then be assigned to a variables.</doc>
<status status="PASS" starttime="20240305 22:03:22.232" endtime="20240305 22:03:22.232"/>
</kw>
<msg timestamp="20240305 22:03:22.232" level="INFO">${rowAmount} = 0</msg>
<status status="PASS" starttime="20240305 22:03:22.232" endtime="20240305 22:03:22.232"/>
</kw>
<kw name="Evaluate" library="BuiltIn">
<var>${totalAmount}</var>
<arg>${totalAmount} + ${rowAmount}</arg>
<doc>Evaluates the given expression in Python and returns the result.</doc>
<msg timestamp="20240305 22:03:22.232" level="INFO">${totalAmount} = 0</msg>
<status status="PASS" starttime="20240305 22:03:22.232" endtime="20240305 22:03:22.232"/>
</kw>
<status status="PASS" starttime="20240305 22:03:22.230" endtime="20240305 22:03:22.232"/>
</iter>
<iter>
<var name="${row}">Replacement Products;10;kpl;105;24;252;1302;143143;2</var>
<kw name="Split String" library="String">
<var>@{rowDetails}</var>
<arg>${row}</arg>
<arg>;</arg>
<doc>Splits the ``string`` using ``separator`` as a delimiter string.</doc>
<msg timestamp="20240305 22:03:22.232" level="INFO">@{rowDetails} = [ Replacement Products | 10 | kpl | 105 | 24 | 252 | 1302 | 143143 | 2 ]</msg>
<status status="PASS" starttime="20240305 22:03:22.232" endtime="20240305 22:03:22.232"/>
</kw>
<kw name="Run Keyword If" library="BuiltIn">
<var>${rowAmount}</var>
<arg>'${rowDetails[7]}' == '${invoiceNumber}'</arg>
<arg>Convert To Number</arg>
<arg>${rowDetails[6]}</arg>
<arg>ELSE</arg>
<arg>Set Variable</arg>
<arg>0</arg>
<doc>Runs the given keyword with the given arguments, if ``condition`` is true.</doc>
<kw name="Set Variable" library="BuiltIn">
<arg>0</arg>
<doc>Returns the given values which can then be assigned to a variables.</doc>
<status status="PASS" starttime="20240305 22:03:22.232" endtime="20240305 22:03:22.232"/>
</kw>
<msg timestamp="20240305 22:03:22.232" level="INFO">${rowAmount} = 0</msg>
<status status="PASS" starttime="20240305 22:03:22.232" endtime="20240305 22:03:22.232"/>
</kw>
<kw name="Evaluate" library="BuiltIn">
<var>${totalAmount}</var>
<arg>${totalAmount} + ${rowAmount}</arg>
<doc>Evaluates the given expression in Python and returns the result.</doc>
<msg timestamp="20240305 22:03:22.232" level="INFO">${totalAmount} = 0</msg>
<status status="PASS" starttime="20240305 22:03:22.232" endtime="20240305 22:03:22.232"/>
</kw>
<status status="PASS" starttime="20240305 22:03:22.232" endtime="20240305 22:03:22.232"/>
</iter>
<iter>
<var name="${row}">Keyboard Logitech;10;kpl;40;24;96;496;1543235;1</var>
<kw name="Split String" library="String">
<var>@{rowDetails}</var>
<arg>${row}</arg>
<arg>;</arg>
<doc>Splits the ``string`` using ``separator`` as a delimiter string.</doc>
<msg timestamp="20240305 22:03:22.232" level="INFO">@{rowDetails} = [ Keyboard Logitech | 10 | kpl | 40 | 24 | 96 | 496 | 1543235 | 1 ]</msg>
<status status="PASS" starttime="20240305 22:03:22.232" endtime="20240305 22:03:22.232"/>
</kw>
<kw name="Run Keyword If" library="BuiltIn">
<var>${rowAmount}</var>
<arg>'${rowDetails[7]}' == '${invoiceNumber}'</arg>
<arg>Convert To Number</arg>
<arg>${rowDetails[6]}</arg>
<arg>ELSE</arg>
<arg>Set Variable</arg>
<arg>0</arg>
<doc>Runs the given keyword with the given arguments, if ``condition`` is true.</doc>
<kw name="Set Variable" library="BuiltIn">
<arg>0</arg>
<doc>Returns the given values which can then be assigned to a variables.</doc>
<status status="PASS" starttime="20240305 22:03:22.241" endtime="20240305 22:03:22.241"/>
</kw>
<msg timestamp="20240305 22:03:22.241" level="INFO">${rowAmount} = 0</msg>
<status status="PASS" starttime="20240305 22:03:22.240" endtime="20240305 22:03:22.241"/>
</kw>
<kw name="Evaluate" library="BuiltIn">
<var>${totalAmount}</var>
<arg>${totalAmount} + ${rowAmount}</arg>
<doc>Evaluates the given expression in Python and returns the result.</doc>
<msg timestamp="20240305 22:03:22.241" level="INFO">${totalAmount} = 0</msg>
<status status="PASS" starttime="20240305 22:03:22.241" endtime="20240305 22:03:22.241"/>
</kw>
<status status="PASS" starttime="20240305 22:03:22.232" endtime="20240305 22:03:22.241"/>
</iter>
<iter>
<var name="${row}">Brother printer;1;kpl;65;24;15.6;80.6;1543235;2</var>
<kw name="Split String" library="String">
<var>@{rowDetails}</var>
<arg>${row}</arg>
<arg>;</arg>
<doc>Splits the ``string`` using ``separator`` as a delimiter string.</doc>
<msg timestamp="20240305 22:03:22.243" level="INFO">@{rowDetails} = [ Brother printer | 1 | kpl | 65 | 24 | 15.6 | 80.6 | 1543235 | 2 ]</msg>
<status status="PASS" starttime="20240305 22:03:22.241" endtime="20240305 22:03:22.243"/>
</kw>
<kw name="Run Keyword If" library="BuiltIn">
<var>${rowAmount}</var>
<arg>'${rowDetails[7]}' == '${invoiceNumber}'</arg>
<arg>Convert To Number</arg>
<arg>${rowDetails[6]}</arg>
<arg>ELSE</arg>
<arg>Set Variable</arg>
<arg>0</arg>
<doc>Runs the given keyword with the given arguments, if ``condition`` is true.</doc>
<kw name="Set Variable" library="BuiltIn">
<arg>0</arg>
<doc>Returns the given values which can then be assigned to a variables.</doc>
<status status="PASS" starttime="20240305 22:03:22.244" endtime="20240305 22:03:22.244"/>
</kw>
<msg timestamp="20240305 22:03:22.244" level="INFO">${rowAmount} = 0</msg>
<status status="PASS" starttime="20240305 22:03:22.243" endtime="20240305 22:03:22.244"/>
</kw>
<kw name="Evaluate" library="BuiltIn">
<var>${totalAmount}</var>
<arg>${totalAmount} + ${rowAmount}</arg>
<doc>Evaluates the given expression in Python and returns the result.</doc>
<msg timestamp="20240305 22:03:22.245" level="INFO">${totalAmount} = 0</msg>
<status status="PASS" starttime="20240305 22:03:22.245" endtime="20240305 22:03:22.245"/>
</kw>
<status status="PASS" starttime="20240305 22:03:22.241" endtime="20240305 22:03:22.245"/>
</iter>
<iter>
<var name="${row}">Installation Services;5;h;60;24;72;372;153143;1</var>
<kw name="Split String" library="String">
<var>@{rowDetails}</var>
<arg>${row}</arg>
<arg>;</arg>
<doc>Splits the ``string`` using ``separator`` as a delimiter string.</doc>
<msg timestamp="20240305 22:03:22.246" level="INFO">@{rowDetails} = [ Installation Services | 5 | h | 60 | 24 | 72 | 372 | 153143 | 1 ]</msg>
<status status="PASS" starttime="20240305 22:03:22.246" endtime="20240305 22:03:22.246"/>
</kw>
<kw name="Run Keyword If" library="BuiltIn">
<var>${rowAmount}</var>
<arg>'${rowDetails[7]}' == '${invoiceNumber}'</arg>
<arg>Convert To Number</arg>
<arg>${rowDetails[6]}</arg>
<arg>ELSE</arg>
<arg>Set Variable</arg>
<arg>0</arg>
<doc>Runs the given keyword with the given arguments, if ``condition`` is true.</doc>
<kw name="Set Variable" library="BuiltIn">
<arg>0</arg>
<doc>Returns the given values which can then be assigned to a variables.</doc>
<status status="PASS" starttime="20240305 22:03:22.247" endtime="20240305 22:03:22.248"/>
</kw>
<msg timestamp="20240305 22:03:22.248" level="INFO">${rowAmount} = 0</msg>
<status status="PASS" starttime="20240305 22:03:22.246" endtime="20240305 22:03:22.248"/>
</kw>
<kw name="Evaluate" library="BuiltIn">
<var>${totalAmount}</var>
<arg>${totalAmount} + ${rowAmount}</arg>
<doc>Evaluates the given expression in Python and returns the result.</doc>
<msg timestamp="20240305 22:03:22.249" level="INFO">${totalAmount} = 0</msg>
<status status="PASS" starttime="20240305 22:03:22.248" endtime="20240305 22:03:22.249"/>
</kw>
<status status="PASS" starttime="20240305 22:03:22.245" endtime="20240305 22:03:22.249"/>
</iter>
<iter>
<var name="${row}">Replacement Products;10;kpl;105;24;252;1302;153143;2</var>
<kw name="Split String" library="String">
<var>@{rowDetails}</var>
<arg>${row}</arg>
<arg>;</arg>
<doc>Splits the ``string`` using ``separator`` as a delimiter string.</doc>
<msg timestamp="20240305 22:03:22.249" level="INFO">@{rowDetails} = [ Replacement Products | 10 | kpl | 105 | 24 | 252 | 1302 | 153143 | 2 ]</msg>
<status status="PASS" starttime="20240305 22:03:22.249" endtime="20240305 22:03:22.250"/>
</kw>
<kw name="Run Keyword If" library="BuiltIn">
<var>${rowAmount}</var>
<arg>'${rowDetails[7]}' == '${invoiceNumber}'</arg>
<arg>Convert To Number</arg>
<arg>${rowDetails[6]}</arg>
<arg>ELSE</arg>
<arg>Set Variable</arg>
<arg>0</arg>
<doc>Runs the given keyword with the given arguments, if ``condition`` is true.</doc>
<kw name="Set Variable" library="BuiltIn">
<arg>0</arg>
<doc>Returns the given values which can then be assigned to a variables.</doc>
<status status="PASS" starttime="20240305 22:03:22.250" endtime="20240305 22:03:22.250"/>
</kw>
<msg timestamp="20240305 22:03:22.250" level="INFO">${rowAmount} = 0</msg>
<status status="PASS" starttime="20240305 22:03:22.250" endtime="20240305 22:03:22.252"/>
</kw>
<kw name="Evaluate" library="BuiltIn">
<var>${totalAmount}</var>
<arg>${totalAmount} + ${rowAmount}</arg>
<doc>Evaluates the given expression in Python and returns the result.</doc>
<msg timestamp="20240305 22:03:22.252" level="INFO">${totalAmount} = 0</msg>
<status status="PASS" starttime="20240305 22:03:22.252" endtime="20240305 22:03:22.252"/>
</kw>
<status status="PASS" starttime="20240305 22:03:22.249" endtime="20240305 22:03:22.252"/>
</iter>
<iter>
<var name="${row}">Cleaning Services;5;h;60;24;72;372;153143;3</var>
<kw name="Split String" library="String">
<var>@{rowDetails}</var>
<arg>${row}</arg>
<arg>;</arg>
<doc>Splits the ``string`` using ``separator`` as a delimiter string.</doc>
<msg timestamp="20240305 22:03:22.252" level="INFO">@{rowDetails} = [ Cleaning Services | 5 | h | 60 | 24 | 72 | 372 | 153143 | 3 ]</msg>
<status status="PASS" starttime="20240305 22:03:22.252" endtime="20240305 22:03:22.252"/>
</kw>
<kw name="Run Keyword If" library="BuiltIn">
<var>${rowAmount}</var>
<arg>'${rowDetails[7]}' == '${invoiceNumber}'</arg>
<arg>Convert To Number</arg>
<arg>${rowDetails[6]}</arg>
<arg>ELSE</arg>
<arg>Set Variable</arg>
<arg>0</arg>
<doc>Runs the given keyword with the given arguments, if ``condition`` is true.</doc>
<kw name="Set Variable" library="BuiltIn">
<arg>0</arg>
<doc>Returns the given values which can then be assigned to a variables.</doc>
<status status="PASS" starttime="20240305 22:03:22.252" endtime="20240305 22:03:22.252"/>
</kw>
<msg timestamp="20240305 22:03:22.252" level="INFO">${rowAmount} = 0</msg>
<status status="PASS" starttime="20240305 22:03:22.252" endtime="20240305 22:03:22.252"/>
</kw>
<kw name="Evaluate" library="BuiltIn">
<var>${totalAmount}</var>
<arg>${totalAmount} + ${rowAmount}</arg>
<doc>Evaluates the given expression in Python and returns the result.</doc>
<msg timestamp="20240305 22:03:22.252" level="INFO">${totalAmount} = 0</msg>
<status status="PASS" starttime="20240305 22:03:22.252" endtime="20240305 22:03:22.252"/>
</kw>
<status status="PASS" starttime="20240305 22:03:22.252" endtime="20240305 22:03:22.252"/>
</iter>
<iter>
<var name="${row}">Cleaning Wipes;10;kpl;105;24;252;1302;153143;4</var>
<kw name="Split String" library="String">
<var>@{rowDetails}</var>
<arg>${row}</arg>
<arg>;</arg>
<doc>Splits the ``string`` using ``separator`` as a delimiter string.</doc>
<msg timestamp="20240305 22:03:22.252" level="INFO">@{rowDetails} = [ Cleaning Wipes | 10 | kpl | 105 | 24 | 252 | 1302 | 153143 | 4 ]</msg>
<status status="PASS" starttime="20240305 22:03:22.252" endtime="20240305 22:03:22.252"/>
</kw>
<kw name="Run Keyword If" library="BuiltIn">
<var>${rowAmount}</var>
<arg>'${rowDetails[7]}' == '${invoiceNumber}'</arg>
<arg>Convert To Number</arg>
<arg>${rowDetails[6]}</arg>
<arg>ELSE</arg>
<arg>Set Variable</arg>
<arg>0</arg>
<doc>Runs the given keyword with the given arguments, if ``condition`` is true.</doc>
<kw name="Set Variable" library="BuiltIn">
<arg>0</arg>
<doc>Returns the given values which can then be assigned to a variables.</doc>
<status status="PASS" starttime="20240305 22:03:22.257" endtime="20240305 22:03:22.257"/>
</kw>
<msg timestamp="20240305 22:03:22.257" level="INFO">${rowAmount} = 0</msg>
<status status="PASS" starttime="20240305 22:03:22.257" endtime="20240305 22:03:22.257"/>
</kw>
<kw name="Evaluate" library="BuiltIn">
<var>${totalAmount}</var>
<arg>${totalAmount} + ${rowAmount}</arg>
<doc>Evaluates the given expression in Python and returns the result.</doc>
<msg timestamp="20240305 22:03:22.257" level="INFO">${totalAmount} = 0</msg>
<status status="PASS" starttime="20240305 22:03:22.257" endtime="20240305 22:03:22.257"/>
</kw>
<status status="PASS" starttime="20240305 22:03:22.252" endtime="20240305 22:03:22.257"/>
</iter>
<status status="PASS" starttime="20240305 22:03:22.230" endtime="20240305 22:03:22.257"/>
</for>
<msg timestamp="20240305 22:03:22.259" level="INFO">${calculatedTotal} = 0</msg>
<status status="PASS" starttime="20240305 22:03:22.224" endtime="20240305 22:03:22.259"/>
</kw>
<kw name="Insert Invoice Header To DB">
<arg>${header}</arg>
<arg>${calculatedTotal}</arg>
<kw name="Make Connection">
<kw name="Connect To Database" library="DatabaseLibrary">
<arg>pymysql</arg>
<arg>${dbname}</arg>
<arg>${dbuser}</arg>
<arg>${dbpass}</arg>
<arg>${dbhost}</arg>
<arg>${dbport}</arg>
<doc>Loads the DB API 2.0 module given ``dbapiModuleName`` then uses it to
connect to the database using provided parameters such as ``dbName``, ``dbUsername``, and ``dbPassword``.</doc>
<msg timestamp="20240305 22:03:22.261" level="INFO">Connecting using : pymysql.connect(db=rpa_db, user=robocop, passwd=***, host=localhost, port=3306, charset=None)</msg>
<status status="PASS" starttime="20240305 22:03:22.260" endtime="20240305 22:03:22.264"/>
</kw>
<status status="PASS" starttime="20240305 22:03:22.260" endtime="20240305 22:03:22.264"/>
</kw>
<kw name="Split String" library="String">
<var>@{headerDetails}</var>
<arg>${header}</arg>
<arg>;</arg>
<doc>Splits the ``string`` using ``separator`` as a delimiter string.</doc>
<msg timestamp="20240305 22:03:22.264" level="INFO">@{headerDetails} = [ 143143 | Service Provider Oy | 1431432 | 15.12.2022 | 07.04.2021 | 1234567-8 | FI12 3456 7890 1234 56 | 1350 | 324 | 1674 ]</msg>
<status status="PASS" starttime="20240305 22:03:22.264" endtime="20240305 22:03:22.264"/>
</kw>
<kw name="Is Reference Number Correct">
<var>${refResult}</var>
<arg>${headerDetails[2]}</arg>
<kw name="Evaluate" library="BuiltIn">
<var>${correct}</var>
<arg>len("${refNumber}") == 7 and "${refNumber}".isdigit()</arg>
<doc>Evaluates the given expression in Python and returns the result.</doc>
<msg timestamp="20240305 22:03:22.265" level="INFO">${correct} = True</msg>
<status status="PASS" starttime="20240305 22:03:22.265" endtime="20240305 22:03:22.266"/>
</kw>
<msg timestamp="20240305 22:03:22.266" level="INFO">${refResult} = True</msg>
<status status="PASS" starttime="20240305 22:03:22.265" endtime="20240305 22:03:22.266"/>
</kw>
<kw name="Check IBAN">
<var>${ibanResult}</var>
<arg>${headerDetails[6]}</arg>
<kw name="Evaluate" library="BuiltIn">
<var>${correct}</var>
<arg>"${iban}"[:2].isalpha() and "${iban}"[:2].isupper() and len("${iban}") == 22</arg>
<doc>Evaluates the given expression in Python and returns the result.</doc>
<msg timestamp="20240305 22:03:22.267" level="INFO">${correct} = True</msg>
<status status="PASS" starttime="20240305 22:03:22.266" endtime="20240305 22:03:22.267"/>
</kw>
<msg timestamp="20240305 22:03:22.267" level="INFO">${ibanResult} = True</msg>
<status status="PASS" starttime="20240305 22:03:22.266" endtime="20240305 22:03:22.267"/>
</kw>
<kw name="Is Total Amount Valid">
<var>${amountValid}</var>
<arg>${headerDetails[0]}</arg>
<arg>${headerDetails[9]}</arg>
<kw name="Calculate Total Amount From Rows">
<var>${calculatedTotal}</var>
<arg>${invoiceNumber}</arg>
<kw name="Set Variable" library="BuiltIn">
<var>${totalAmount}</var>
<arg>${0}</arg>
<doc>Returns the given values which can then be assigned to a variables.</doc>
<msg timestamp="20240305 22:03:22.269" level="INFO">${totalAmount} = 0</msg>
<status status="PASS" starttime="20240305 22:03:22.268" endtime="20240305 22:03:22.269"/>
</kw>
<kw name="Read CSV File">
<var>@{rows}</var>
<arg>${row_csv}</arg>
<kw name="Get File" library="OperatingSystem">
<var>${file_path}</var>
<arg>${filename}</arg>
<doc>Returns the contents of a specified file.</doc>
<msg timestamp="20240305 22:03:22.269" level="INFO" html="true">Getting file '&lt;a href="file://C:\Users\ELSAMA\OneDrive\Desktop\Invoice-Automation\Robot Validation\InvoiceRowData.csv"&gt;C:\Users\ELSAMA\OneDrive\Desktop\Invoice-Automation\Robot Validation\InvoiceRowData.csv&lt;/a&gt;'.</msg>
<msg timestamp="20240305 22:03:22.271" level="INFO">${file_path} = ﻿Description;Quantity;Unit;UnitPrice;VATPercent;VAT;Total;InvoiceNumber;RowNumber
Installation Services;5;h;60;24;72;372;143143;1
Replacement Products;10;kpl;105;24;252;1302;143143;2
Keyboard Logitech...</msg>
<status status="PASS" starttime="20240305 22:03:22.269" endtime="20240305 22:03:22.271"/>
</kw>
<kw name="Split To Lines" library="String">
<var>@{lines}</var>
<arg>${file_path}</arg>
<doc>Splits the given string to lines.</doc>
<msg timestamp="20240305 22:03:22.271" level="INFO">9 lines returned</msg>
<msg timestamp="20240305 22:03:22.271" level="INFO">@{lines} = [ ﻿Description;Quantity;Unit;UnitPrice;VATPercent;VAT;Total;InvoiceNumber;RowNumber | Installation Services;5;h;60;24;72;372;143143;1 | Replacement Products;10;kpl;105;24;252;1302;143143;2 | Keyboard ...</msg>
<status status="PASS" starttime="20240305 22:03:22.271" endtime="20240305 22:03:22.271"/>
</kw>
<msg timestamp="20240305 22:03:22.272" level="INFO">@{rows} = [ ﻿Description;Quantity;Unit;UnitPrice;VATPercent;VAT;Total;InvoiceNumber;RowNumber | Installation Services;5;h;60;24;72;372;143143;1 | Replacement Products;10;kpl;105;24;252;1302;143143;2 | Keyboard ...</msg>
<status status="PASS" starttime="20240305 22:03:22.269" endtime="20240305 22:03:22.272"/>
</kw>
<for flavor="IN">
<var>${row}</var>
<value>@{rows}[1:]</value>
<iter>
<var name="${row}">Installation Services;5;h;60;24;72;372;143143;1</var>
<kw name="Split String" library="String">
<var>@{rowDetails}</var>
<arg>${row}</arg>
<arg>;</arg>
<doc>Splits the ``string`` using ``separator`` as a delimiter string.</doc>
<msg timestamp="20240305 22:03:22.272" level="INFO">@{rowDetails} = [ Installation Services | 5 | h | 60 | 24 | 72 | 372 | 143143 | 1 ]</msg>
<status status="PASS" starttime="20240305 22:03:22.272" endtime="20240305 22:03:22.272"/>
</kw>
<kw name="Run Keyword If" library="BuiltIn">
<var>${rowAmount}</var>
<arg>'${rowDetails[7]}' == '${invoiceNumber}'</arg>
<arg>Convert To Number</arg>
<arg>${rowDetails[6]}</arg>
<arg>ELSE</arg>
<arg>Set Variable</arg>
<arg>0</arg>
<doc>Runs the given keyword with the given arguments, if ``condition`` is true.</doc>
<kw name="Convert To Number" library="BuiltIn">
<arg>${rowDetails[6]}</arg>
<doc>Converts the given item to a floating point number.</doc>
<status status="PASS" starttime="20240305 22:03:22.273" endtime="20240305 22:03:22.274"/>
</kw>
<msg timestamp="20240305 22:03:22.274" level="INFO">${rowAmount} = 372.0</msg>
<status status="PASS" starttime="20240305 22:03:22.273" endtime="20240305 22:03:22.274"/>
</kw>
<kw name="Evaluate" library="BuiltIn">
<var>${totalAmount}</var>
<arg>${totalAmount} + ${rowAmount}</arg>
<doc>Evaluates the given expression in Python and returns the result.</doc>
<msg timestamp="20240305 22:03:22.274" level="INFO">${totalAmount} = 372.0</msg>
<status status="PASS" starttime="20240305 22:03:22.274" endtime="20240305 22:03:22.274"/>
</kw>
<status status="PASS" starttime="20240305 22:03:22.272" endtime="20240305 22:03:22.275"/>
</iter>
<iter>
<var name="${row}">Replacement Products;10;kpl;105;24;252;1302;143143;2</var>
<kw name="Split String" library="String">
<var>@{rowDetails}</var>
<arg>${row}</arg>
<arg>;</arg>
<doc>Splits the ``string`` using ``separator`` as a delimiter string.</doc>
<msg timestamp="20240305 22:03:22.275" level="INFO">@{rowDetails} = [ Replacement Products | 10 | kpl | 105 | 24 | 252 | 1302 | 143143 | 2 ]</msg>
<status status="PASS" starttime="20240305 22:03:22.275" endtime="20240305 22:03:22.275"/>
</kw>
<kw name="Run Keyword If" library="BuiltIn">
<var>${rowAmount}</var>
<arg>'${rowDetails[7]}' == '${invoiceNumber}'</arg>
<arg>Convert To Number</arg>
<arg>${rowDetails[6]}</arg>
<arg>ELSE</arg>
<arg>Set Variable</arg>
<arg>0</arg>
<doc>Runs the given keyword with the given arguments, if ``condition`` is true.</doc>
<kw name="Convert To Number" library="BuiltIn">
<arg>${rowDetails[6]}</arg>
<doc>Converts the given item to a floating point number.</doc>
<status status="PASS" starttime="20240305 22:03:22.275" endtime="20240305 22:03:22.277"/>
</kw>
<msg timestamp="20240305 22:03:22.277" level="INFO">${rowAmount} = 1302.0</msg>
<status status="PASS" starttime="20240305 22:03:22.275" endtime="20240305 22:03:22.277"/>
</kw>
<kw name="Evaluate" library="BuiltIn">
<var>${totalAmount}</var>
<arg>${totalAmount} + ${rowAmount}</arg>
<doc>Evaluates the given expression in Python and returns the result.</doc>
<msg timestamp="20240305 22:03:22.278" level="INFO">${totalAmount} = 1674.0</msg>
<status status="PASS" starttime="20240305 22:03:22.277" endtime="20240305 22:03:22.278"/>
</kw>
<status status="PASS" starttime="20240305 22:03:22.275" endtime="20240305 22:03:22.278"/>
</iter>
<iter>
<var name="${row}">Keyboard Logitech;10;kpl;40;24;96;496;1543235;1</var>
<kw name="Split String" library="String">
<var>@{rowDetails}</var>
<arg>${row}</arg>
<arg>;</arg>
<doc>Splits the ``string`` using ``separator`` as a delimiter string.</doc>
<msg timestamp="20240305 22:03:22.278" level="INFO">@{rowDetails} = [ Keyboard Logitech | 10 | kpl | 40 | 24 | 96 | 496 | 1543235 | 1 ]</msg>
<status status="PASS" starttime="20240305 22:03:22.278" endtime="20240305 22:03:22.278"/>
</kw>
<kw name="Run Keyword If" library="BuiltIn">
<var>${rowAmount}</var>
<arg>'${rowDetails[7]}' == '${invoiceNumber}'</arg>
<arg>Convert To Number</arg>
<arg>${rowDetails[6]}</arg>
<arg>ELSE</arg>
<arg>Set Variable</arg>
<arg>0</arg>
<doc>Runs the given keyword with the given arguments, if ``condition`` is true.</doc>
<kw name="Set Variable" library="BuiltIn">
<arg>0</arg>
<doc>Returns the given values which can then be assigned to a variables.</doc>
<status status="PASS" starttime="20240305 22:03:22.279" endtime="20240305 22:03:22.279"/>
</kw>
<msg timestamp="20240305 22:03:22.279" level="INFO">${rowAmount} = 0</msg>
<status status="PASS" starttime="20240305 22:03:22.278" endtime="20240305 22:03:22.279"/>
</kw>
<kw name="Evaluate" library="BuiltIn">
<var>${totalAmount}</var>
<arg>${totalAmount} + ${rowAmount}</arg>
<doc>Evaluates the given expression in Python and returns the result.</doc>
<msg timestamp="20240305 22:03:22.280" level="INFO">${totalAmount} = 1674.0</msg>
<status status="PASS" starttime="20240305 22:03:22.279" endtime="20240305 22:03:22.280"/>
</kw>
<status status="PASS" starttime="20240305 22:03:22.278" endtime="20240305 22:03:22.280"/>
</iter>
<iter>
<var name="${row}">Brother printer;1;kpl;65;24;15.6;80.6;1543235;2</var>
<kw name="Split String" library="String">
<var>@{rowDetails}</var>
<arg>${row}</arg>
<arg>;</arg>
<doc>Splits the ``string`` using ``separator`` as a delimiter string.</doc>
<msg timestamp="20240305 22:03:22.280" level="INFO">@{rowDetails} = [ Brother printer | 1 | kpl | 65 | 24 | 15.6 | 80.6 | 1543235 | 2 ]</msg>
<status status="PASS" starttime="20240305 22:03:22.280" endtime="20240305 22:03:22.280"/>
</kw>
<kw name="Run Keyword If" library="BuiltIn">
<var>${rowAmount}</var>
<arg>'${rowDetails[7]}' == '${invoiceNumber}'</arg>
<arg>Convert To Number</arg>
<arg>${rowDetails[6]}</arg>
<arg>ELSE</arg>
<arg>Set Variable</arg>
<arg>0</arg>
<doc>Runs the given keyword with the given arguments, if ``condition`` is true.</doc>
<kw name="Set Variable" library="BuiltIn">
<arg>0</arg>
<doc>Returns the given values which can then be assigned to a variables.</doc>
<status status="PASS" starttime="20240305 22:03:22.281" endtime="20240305 22:03:22.281"/>
</kw>
<msg timestamp="20240305 22:03:22.281" level="INFO">${rowAmount} = 0</msg>
<status status="PASS" starttime="20240305 22:03:22.280" endtime="20240305 22:03:22.282"/>
</kw>
<kw name="Evaluate" library="BuiltIn">
<var>${totalAmount}</var>
<arg>${totalAmount} + ${rowAmount}</arg>
<doc>Evaluates the given expression in Python and returns the result.</doc>
<msg timestamp="20240305 22:03:22.282" level="INFO">${totalAmount} = 1674.0</msg>
<status status="PASS" starttime="20240305 22:03:22.282" endtime="20240305 22:03:22.282"/>
</kw>
<status status="PASS" starttime="20240305 22:03:22.280" endtime="20240305 22:03:22.282"/>
</iter>
<iter>
<var name="${row}">Installation Services;5;h;60;24;72;372;153143;1</var>
<kw name="Split String" library="String">
<var>@{rowDetails}</var>
<arg>${row}</arg>
<arg>;</arg>
<doc>Splits the ``string`` using ``separator`` as a delimiter string.</doc>
<msg timestamp="20240305 22:03:22.282" level="INFO">@{rowDetails} = [ Installation Services | 5 | h | 60 | 24 | 72 | 372 | 153143 | 1 ]</msg>
<status status="PASS" starttime="20240305 22:03:22.282" endtime="20240305 22:03:22.283"/>
</kw>
<kw name="Run Keyword If" library="BuiltIn">
<var>${rowAmount}</var>
<arg>'${rowDetails[7]}' == '${invoiceNumber}'</arg>
<arg>Convert To Number</arg>
<arg>${rowDetails[6]}</arg>
<arg>ELSE</arg>
<arg>Set Variable</arg>
<arg>0</arg>
<doc>Runs the given keyword with the given arguments, if ``condition`` is true.</doc>
<kw name="Set Variable" library="BuiltIn">
<arg>0</arg>
<doc>Returns the given values which can then be assigned to a variables.</doc>
<status status="PASS" starttime="20240305 22:03:22.283" endtime="20240305 22:03:22.283"/>
</kw>
<msg timestamp="20240305 22:03:22.283" level="INFO">${rowAmount} = 0</msg>
<status status="PASS" starttime="20240305 22:03:22.283" endtime="20240305 22:03:22.283"/>
</kw>
<kw name="Evaluate" library="BuiltIn">
<var>${totalAmount}</var>
<arg>${totalAmount} + ${rowAmount}</arg>
<doc>Evaluates the given expression in Python and returns the result.</doc>
<msg timestamp="20240305 22:03:22.284" level="INFO">${totalAmount} = 1674.0</msg>
<status status="PASS" starttime="20240305 22:03:22.283" endtime="20240305 22:03:22.284"/>
</kw>
<status status="PASS" starttime="20240305 22:03:22.282" endtime="20240305 22:03:22.284"/>
</iter>
<iter>
<var name="${row}">Replacement Products;10;kpl;105;24;252;1302;153143;2</var>
<kw name="Split String" library="String">
<var>@{rowDetails}</var>
<arg>${row}</arg>
<arg>;</arg>
<doc>Splits the ``string`` using ``separator`` as a delimiter string.</doc>
<msg timestamp="20240305 22:03:22.284" level="INFO">@{rowDetails} = [ Replacement Products | 10 | kpl | 105 | 24 | 252 | 1302 | 153143 | 2 ]</msg>
<status status="PASS" starttime="20240305 22:03:22.284" endtime="20240305 22:03:22.284"/>
</kw>
<kw name="Run Keyword If" library="BuiltIn">
<var>${rowAmount}</var>
<arg>'${rowDetails[7]}' == '${invoiceNumber}'</arg>
<arg>Convert To Number</arg>
<arg>${rowDetails[6]}</arg>
<arg>ELSE</arg>
<arg>Set Variable</arg>
<arg>0</arg>
<doc>Runs the given keyword with the given arguments, if ``condition`` is true.</doc>
<kw name="Set Variable" library="BuiltIn">
<arg>0</arg>
<doc>Returns the given values which can then be assigned to a variables.</doc>
<status status="PASS" starttime="20240305 22:03:22.285" endtime="20240305 22:03:22.285"/>
</kw>
<msg timestamp="20240305 22:03:22.285" level="INFO">${rowAmount} = 0</msg>
<status status="PASS" starttime="20240305 22:03:22.284" endtime="20240305 22:03:22.285"/>
</kw>
<kw name="Evaluate" library="BuiltIn">
<var>${totalAmount}</var>
<arg>${totalAmount} + ${rowAmount}</arg>
<doc>Evaluates the given expression in Python and returns the result.</doc>
<msg timestamp="20240305 22:03:22.285" level="INFO">${totalAmount} = 1674.0</msg>
<status status="PASS" starttime="20240305 22:03:22.285" endtime="20240305 22:03:22.285"/>
</kw>
<status status="PASS" starttime="20240305 22:03:22.284" endtime="20240305 22:03:22.285"/>
</iter>
<iter>
<var name="${row}">Cleaning Services;5;h;60;24;72;372;153143;3</var>
<kw name="Split String" library="String">
<var>@{rowDetails}</var>
<arg>${row}</arg>
<arg>;</arg>
<doc>Splits the ``string`` using ``separator`` as a delimiter string.</doc>
<msg timestamp="20240305 22:03:22.286" level="INFO">@{rowDetails} = [ Cleaning Services | 5 | h | 60 | 24 | 72 | 372 | 153143 | 3 ]</msg>
<status status="PASS" starttime="20240305 22:03:22.286" endtime="20240305 22:03:22.286"/>
</kw>
<kw name="Run Keyword If" library="BuiltIn">
<var>${rowAmount}</var>
<arg>'${rowDetails[7]}' == '${invoiceNumber}'</arg>
<arg>Convert To Number</arg>
<arg>${rowDetails[6]}</arg>
<arg>ELSE</arg>
<arg>Set Variable</arg>
<arg>0</arg>
<doc>Runs the given keyword with the given arguments, if ``condition`` is true.</doc>
<kw name="Set Variable" library="BuiltIn">
<arg>0</arg>
<doc>Returns the given values which can then be assigned to a variables.</doc>
<status status="PASS" starttime="20240305 22:03:22.287" endtime="20240305 22:03:22.287"/>
</kw>
<msg timestamp="20240305 22:03:22.287" level="INFO">${rowAmount} = 0</msg>
<status status="PASS" starttime="20240305 22:03:22.286" endtime="20240305 22:03:22.287"/>
</kw>
<kw name="Evaluate" library="BuiltIn">
<var>${totalAmount}</var>
<arg>${totalAmount} + ${rowAmount}</arg>
<doc>Evaluates the given expression in Python and returns the result.</doc>
<msg timestamp="20240305 22:03:22.288" level="INFO">${totalAmount} = 1674.0</msg>
<status status="PASS" starttime="20240305 22:03:22.287" endtime="20240305 22:03:22.288"/>
</kw>
<status status="PASS" starttime="20240305 22:03:22.286" endtime="20240305 22:03:22.288"/>
</iter>
<iter>
<var name="${row}">Cleaning Wipes;10;kpl;105;24;252;1302;153143;4</var>
<kw name="Split String" library="String">
<var>@{rowDetails}</var>
<arg>${row}</arg>
<arg>;</arg>
<doc>Splits the ``string`` using ``separator`` as a delimiter string.</doc>
<msg timestamp="20240305 22:03:22.288" level="INFO">@{rowDetails} = [ Cleaning Wipes | 10 | kpl | 105 | 24 | 252 | 1302 | 153143 | 4 ]</msg>
<status status="PASS" starttime="20240305 22:03:22.288" endtime="20240305 22:03:22.288"/>
</kw>
<kw name="Run Keyword If" library="BuiltIn">
<var>${rowAmount}</var>
<arg>'${rowDetails[7]}' == '${invoiceNumber}'</arg>
<arg>Convert To Number</arg>
<arg>${rowDetails[6]}</arg>
<arg>ELSE</arg>
<arg>Set Variable</arg>
<arg>0</arg>
<doc>Runs the given keyword with the given arguments, if ``condition`` is true.</doc>
<kw name="Set Variable" library="BuiltIn">
<arg>0</arg>
<doc>Returns the given values which can then be assigned to a variables.</doc>
<status status="PASS" starttime="20240305 22:03:22.288" endtime="20240305 22:03:22.288"/>
</kw>
<msg timestamp="20240305 22:03:22.288" level="INFO">${rowAmount} = 0</msg>
<status status="PASS" starttime="20240305 22:03:22.288" endtime="20240305 22:03:22.288"/>
</kw>
<kw name="Evaluate" library="BuiltIn">
<var>${totalAmount}</var>
<arg>${totalAmount} + ${rowAmount}</arg>
<doc>Evaluates the given expression in Python and returns the result.</doc>
<msg timestamp="20240305 22:03:22.290" level="INFO">${totalAmount} = 1674.0</msg>
<status status="PASS" starttime="20240305 22:03:22.288" endtime="20240305 22:03:22.290"/>
</kw>
<status status="PASS" starttime="20240305 22:03:22.288" endtime="20240305 22:03:22.290"/>
</iter>
<status status="PASS" starttime="20240305 22:03:22.272" endtime="20240305 22:03:22.290"/>
</for>
<msg timestamp="20240305 22:03:22.290" level="INFO">${calculatedTotal} = 1674.0</msg>
<status status="PASS" starttime="20240305 22:03:22.268" endtime="20240305 22:03:22.290"/>
</kw>
<kw name="Evaluate" library="BuiltIn">
<var>${isValid}</var>
<arg>${calculatedTotal} == ${headerTotal}</arg>
<doc>Evaluates the given expression in Python and returns the result.</doc>
<msg timestamp="20240305 22:03:22.290" level="INFO">${isValid} = True</msg>
<status status="PASS" starttime="20240305 22:03:22.290" endtime="20240305 22:03:22.290"/>
</kw>
<msg timestamp="20240305 22:03:22.290" level="INFO">${amountValid} = True</msg>
<status status="PASS" starttime="20240305 22:03:22.267" endtime="20240305 22:03:22.290"/>
</kw>
<kw name="Set Variable If" library="BuiltIn">
<var>${statusOfInvoice}</var>
<arg>not ${refResult}</arg>
<arg>1</arg>
<arg>0</arg>
<doc>Sets variable based on the given condition.</doc>
<msg timestamp="20240305 22:03:22.290" level="INFO">${statusOfInvoice} = 0</msg>
<status status="PASS" starttime="20240305 22:03:22.290" endtime="20240305 22:03:22.290"/>
</kw>
<kw name="Set Variable If" library="BuiltIn">
<var>${statusOfInvoice}</var>
<arg>not ${ibanResult}</arg>
<arg>2</arg>
<arg>${statusOfInvoice}</arg>
<doc>Sets variable based on the given condition.</doc>
<msg timestamp="20240305 22:03:22.290" level="INFO">${statusOfInvoice} = 0</msg>
<status status="PASS" starttime="20240305 22:03:22.290" endtime="20240305 22:03:22.290"/>
</kw>
<kw name="Set Variable If" library="BuiltIn">
<var>${statusOfInvoice}</var>
<arg>not ${amountValid}</arg>
<arg>3</arg>
<arg>${statusOfInvoice}</arg>
<doc>Sets variable based on the given condition.</doc>
<msg timestamp="20240305 22:03:22.290" level="INFO">${statusOfInvoice} = 0</msg>
<status status="PASS" starttime="20240305 22:03:22.290" endtime="20240305 22:03:22.290"/>
</kw>
<kw name="Set Variable If" library="BuiltIn">
<var>${comment}</var>
<arg>${statusOfInvoice}==0</arg>
<arg>All ok</arg>
<doc>Sets variable based on the given condition.</doc>
<msg timestamp="20240305 22:03:22.290" level="INFO">${comment} = All ok</msg>
<status status="PASS" starttime="20240305 22:03:22.290" endtime="20240305 22:03:22.290"/>
</kw>
<kw name="Set Variable If" library="BuiltIn">
<var>${comment}</var>
<arg>${statusOfInvoice}==1</arg>
<arg>Reference number error</arg>
<arg>${comment}</arg>
<doc>Sets variable based on the given condition.</doc>
<msg timestamp="20240305 22:03:22.290" level="INFO">${comment} = All ok</msg>
<status status="PASS" starttime="20240305 22:03:22.290" endtime="20240305 22:03:22.290"/>
</kw>
<kw name="Set Variable If" library="BuiltIn">
<var>${comment}</var>
<arg>${statusOfInvoice}==2</arg>
<arg>+ IBAN number error</arg>
<arg>${comment}</arg>
<doc>Sets variable based on the given condition.</doc>
<msg timestamp="20240305 22:03:22.290" level="INFO">${comment} = All ok</msg>
<status status="PASS" starttime="20240305 22:03:22.290" endtime="20240305 22:03:22.290"/>
</kw>
<kw name="Set Variable If" library="BuiltIn">
<var>${comment}</var>
<arg>${statusOfInvoice}==3</arg>
<arg>+ Total amount mismatch:</arg>
<arg>Expected=${headerDetails[9]}, Calculated=${calculatedTotal}</arg>
<arg>${comment}</arg>
<doc>Sets variable based on the given condition.</doc>
<kw name="Set Variable If" library="BuiltIn">
<arg>Expected=${headerDetails[9]}, Calculated=${calculatedTotal}</arg>
<arg>${comment}</arg>
<doc>Sets variable based on the given condition.</doc>
<msg timestamp="20240305 22:03:22.293" level="FAIL">Evaluating expression 'Expected=1674, Calculated=0' failed: SyntaxError: invalid syntax (&lt;string&gt;, line 1)</msg>
<status status="FAIL" starttime="20240305 22:03:22.293" endtime="20240305 22:03:22.294"/>
</kw>
<status status="FAIL" starttime="20240305 22:03:22.293" endtime="20240305 22:03:22.295"/>
</kw>
<kw name="Catenate" library="BuiltIn">
<var>${query}</var>
<arg>SEPARATOR=</arg>
<arg>INSERT INTO invoiceheader (invoicenumber, companyname, referencenumber, invoicedate, duedate, companycode, bankaccountnumber, amountexclvat, vat, totalamount, comment, InvoiceStatus_id) VALUES ('${headerDetails[0]}', '${headerDetails[1]}', '${headerDetails[2]}', '${headerDetails[3]}', '${headerDetails[4]}', '${headerDetails[5]}', '${headerDetails[6]}', ${headerDetails[7]}, ${headerDetails[8]}, ${headerDetails[9]}, '${comment}', '${statusOfInvoice}')</arg>
<doc>Catenates the given items together and returns the resulted string.</doc>
<status status="NOT RUN" starttime="20240305 22:03:22.295" endtime="20240305 22:03:22.295"/>
</kw>
<kw name="Execute Sql String" library="DatabaseLibrary">
<arg>${query}</arg>
<doc>Executes the ``sqlString`` as a single SQL command.</doc>
<status status="NOT RUN" starttime="20240305 22:03:22.295" endtime="20240305 22:03:22.295"/>
</kw>
<kw name="Close Connection">
<status status="NOT RUN" starttime="20240305 22:03:22.295" endtime="20240305 22:03:22.295"/>
</kw>
<status status="FAIL" starttime="20240305 22:03:22.259" endtime="20240305 22:03:22.295"/>
</kw>
<status status="FAIL" starttime="20240305 22:03:22.224" endtime="20240305 22:03:22.295"/>
</iter>
<status status="FAIL" starttime="20240305 22:03:22.224" endtime="20240305 22:03:22.295"/>
</for>
<kw name="Insert Invoice Rows To DB">
<arg>@{rows[1:]}</arg>
<status status="NOT RUN" starttime="20240305 22:03:22.297" endtime="20240305 22:03:22.297"/>
</kw>
<doc>Process invoice data by inserting header and row information into the database</doc>
<status status="FAIL" starttime="20240305 22:03:22.215" endtime="20240305 22:03:22.297">Evaluating expression 'Expected=1674, Calculated=0' failed: SyntaxError: invalid syntax (&lt;string&gt;, line 1)</status>
</test>
<status status="FAIL" starttime="20240305 22:03:22.086" endtime="20240305 22:03:22.297"/>
</suite>
<statistics>
<total>
<stat pass="1" fail="1" skip="0">All Tests</stat>
</total>
<tag>
</tag>
<suite>
<stat pass="1" fail="1" skip="0" id="s1" name="Rpa">Rpa</stat>
</suite>
</statistics>
<errors>
<msg timestamp="20240305 22:03:22.207" level="WARN">Overwriting not closed connection.</msg>
</errors>
</robot>
